2020-01-14T03:03:02.303Z - error: uncaughtException: update is not defined date=Tue Jan 14 2020 11:03:02 GMT+0800 (GMT+08:00), pid=17740, uid=null, gid=null, cwd=E:\WebstormProjects\app-backend-test1, execPath=C:\Program Files\nodejs\node.exe, version=v12.13.1, argv=[C:\Program Files\nodejs\node.exe, E:\WebstormProjects\app-backend-test1\server.js], rss=97148928, heapTotal=72069120, heapUsed=52254440, external=2323241, loadavg=[0, 0, 0], uptime=868391, trace=[column=5, file=E:\WebstormProjects\app-backend-test1\server\controller\DepartmentController.js, function=null, line=35, method=null, native=false, column=30, file=internal/modules/cjs/loader.js, function=Module._compile, line=959, method=_compile, native=false, column=10, file=internal/modules/cjs/loader.js, function=Module._extensions..js, line=995, method=.js, native=false, column=32, file=internal/modules/cjs/loader.js, function=Module.load, line=815, method=load, native=false, column=14, file=internal/modules/cjs/loader.js, function=Module._load, line=727, method=_load, native=false, column=19, file=internal/modules/cjs/loader.js, function=Module.require, line=852, method=require, native=false, column=18, file=internal/modules/cjs/helpers.js, function=require, line=74, method=null, native=false, column=42, file=E:\WebstormProjects\app-backend-test1\server\routes\department.js, function=null, line=4, method=null, native=false, column=30, file=internal/modules/cjs/loader.js, function=Module._compile, line=959, method=_compile, native=false, column=10, file=internal/modules/cjs/loader.js, function=Module._extensions..js, line=995, method=.js, native=false, column=32, file=internal/modules/cjs/loader.js, function=Module.load, line=815, method=load, native=false, column=14, file=internal/modules/cjs/loader.js, function=Module._load, line=727, method=_load, native=false, column=19, file=internal/modules/cjs/loader.js, function=Module.require, line=852, method=require, native=false, column=18, file=internal/modules/cjs/helpers.js, function=require, line=74, method=null, native=false, column=32, file=E:\WebstormProjects\app-backend-test1\server\config\route-config.js, function=Object.routeConfig.init, line=7, method=init, native=false, column=17, file=E:\WebstormProjects\app-backend-test1\server\app.js, function=null, line=40, method=null, native=false], stack=[ReferenceError: update is not defined,     at Object.<anonymous> (E:\WebstormProjects\app-backend-test1\server\controller\DepartmentController.js:35:5),     at Module._compile (internal/modules/cjs/loader.js:959:30),     at Object.Module._extensions..js (internal/modules/cjs/loader.js:995:10),     at Module.load (internal/modules/cjs/loader.js:815:32),     at Function.Module._load (internal/modules/cjs/loader.js:727:14),     at Module.require (internal/modules/cjs/loader.js:852:19),     at require (internal/modules/cjs/helpers.js:74:18),     at Object.<anonymous> (E:\WebstormProjects\app-backend-test1\server\routes\department.js:4:42),     at Module._compile (internal/modules/cjs/loader.js:959:30),     at Object.Module._extensions..js (internal/modules/cjs/loader.js:995:10),     at Module.load (internal/modules/cjs/loader.js:815:32),     at Function.Module._load (internal/modules/cjs/loader.js:727:14),     at Module.require (internal/modules/cjs/loader.js:852:19),     at require (internal/modules/cjs/helpers.js:74:18),     at Object.routeConfig.init (E:\WebstormProjects\app-backend-test1\server\config\route-config.js:7:32),     at E:\WebstormProjects\app-backend-test1\server\app.js:40:17]
2020-01-14T03:03:21.092Z - error: uncaughtException: update is not defined date=Tue Jan 14 2020 11:03:21 GMT+0800 (GMT+08:00), pid=19316, uid=null, gid=null, cwd=E:\WebstormProjects\app-backend-test1, execPath=C:\Program Files\nodejs\node.exe, version=v12.13.1, argv=[C:\Program Files\nodejs\node.exe, E:\WebstormProjects\app-backend-test1\server.js], rss=98709504, heapTotal=73641984, heapUsed=48875296, external=2029069, loadavg=[0, 0, 0], uptime=868410, trace=[column=5, file=E:\WebstormProjects\app-backend-test1\server\controller\DepartmentController.js, function=null, line=35, method=null, native=false, column=30, file=internal/modules/cjs/loader.js, function=Module._compile, line=959, method=_compile, native=false, column=10, file=internal/modules/cjs/loader.js, function=Module._extensions..js, line=995, method=.js, native=false, column=32, file=internal/modules/cjs/loader.js, function=Module.load, line=815, method=load, native=false, column=14, file=internal/modules/cjs/loader.js, function=Module._load, line=727, method=_load, native=false, column=19, file=internal/modules/cjs/loader.js, function=Module.require, line=852, method=require, native=false, column=18, file=internal/modules/cjs/helpers.js, function=require, line=74, method=null, native=false, column=42, file=E:\WebstormProjects\app-backend-test1\server\routes\department.js, function=null, line=4, method=null, native=false, column=30, file=internal/modules/cjs/loader.js, function=Module._compile, line=959, method=_compile, native=false, column=10, file=internal/modules/cjs/loader.js, function=Module._extensions..js, line=995, method=.js, native=false, column=32, file=internal/modules/cjs/loader.js, function=Module.load, line=815, method=load, native=false, column=14, file=internal/modules/cjs/loader.js, function=Module._load, line=727, method=_load, native=false, column=19, file=internal/modules/cjs/loader.js, function=Module.require, line=852, method=require, native=false, column=18, file=internal/modules/cjs/helpers.js, function=require, line=74, method=null, native=false, column=32, file=E:\WebstormProjects\app-backend-test1\server\config\route-config.js, function=Object.routeConfig.init, line=7, method=init, native=false, column=17, file=E:\WebstormProjects\app-backend-test1\server\app.js, function=null, line=40, method=null, native=false], stack=[ReferenceError: update is not defined,     at Object.<anonymous> (E:\WebstormProjects\app-backend-test1\server\controller\DepartmentController.js:35:5),     at Module._compile (internal/modules/cjs/loader.js:959:30),     at Object.Module._extensions..js (internal/modules/cjs/loader.js:995:10),     at Module.load (internal/modules/cjs/loader.js:815:32),     at Function.Module._load (internal/modules/cjs/loader.js:727:14),     at Module.require (internal/modules/cjs/loader.js:852:19),     at require (internal/modules/cjs/helpers.js:74:18),     at Object.<anonymous> (E:\WebstormProjects\app-backend-test1\server\routes\department.js:4:42),     at Module._compile (internal/modules/cjs/loader.js:959:30),     at Object.Module._extensions..js (internal/modules/cjs/loader.js:995:10),     at Module.load (internal/modules/cjs/loader.js:815:32),     at Function.Module._load (internal/modules/cjs/loader.js:727:14),     at Module.require (internal/modules/cjs/loader.js:852:19),     at require (internal/modules/cjs/helpers.js:74:18),     at Object.routeConfig.init (E:\WebstormProjects\app-backend-test1\server\config\route-config.js:7:32),     at E:\WebstormProjects\app-backend-test1\server\app.js:40:17]
2020-01-14T03:03:43.957Z - error: uncaughtException: update is not defined date=Tue Jan 14 2020 11:03:43 GMT+0800 (GMT+08:00), pid=16860, uid=null, gid=null, cwd=E:\WebstormProjects\app-backend-test1, execPath=C:\Program Files\nodejs\node.exe, version=v12.13.1, argv=[C:\Program Files\nodejs\node.exe, E:\WebstormProjects\app-backend-test1\server.js], rss=98783232, heapTotal=73904128, heapUsed=48952584, external=2015601, loadavg=[0, 0, 0], uptime=868433, trace=[column=5, file=E:\WebstormProjects\app-backend-test1\server\controller\DepartmentController.js, function=null, line=35, method=null, native=false, column=30, file=internal/modules/cjs/loader.js, function=Module._compile, line=959, method=_compile, native=false, column=10, file=internal/modules/cjs/loader.js, function=Module._extensions..js, line=995, method=.js, native=false, column=32, file=internal/modules/cjs/loader.js, function=Module.load, line=815, method=load, native=false, column=14, file=internal/modules/cjs/loader.js, function=Module._load, line=727, method=_load, native=false, column=19, file=internal/modules/cjs/loader.js, function=Module.require, line=852, method=require, native=false, column=18, file=internal/modules/cjs/helpers.js, function=require, line=74, method=null, native=false, column=42, file=E:\WebstormProjects\app-backend-test1\server\routes\department.js, function=null, line=4, method=null, native=false, column=30, file=internal/modules/cjs/loader.js, function=Module._compile, line=959, method=_compile, native=false, column=10, file=internal/modules/cjs/loader.js, function=Module._extensions..js, line=995, method=.js, native=false, column=32, file=internal/modules/cjs/loader.js, function=Module.load, line=815, method=load, native=false, column=14, file=internal/modules/cjs/loader.js, function=Module._load, line=727, method=_load, native=false, column=19, file=internal/modules/cjs/loader.js, function=Module.require, line=852, method=require, native=false, column=18, file=internal/modules/cjs/helpers.js, function=require, line=74, method=null, native=false, column=32, file=E:\WebstormProjects\app-backend-test1\server\config\route-config.js, function=Object.routeConfig.init, line=7, method=init, native=false, column=17, file=E:\WebstormProjects\app-backend-test1\server\app.js, function=null, line=40, method=null, native=false], stack=[ReferenceError: update is not defined,     at Object.<anonymous> (E:\WebstormProjects\app-backend-test1\server\controller\DepartmentController.js:35:5),     at Module._compile (internal/modules/cjs/loader.js:959:30),     at Object.Module._extensions..js (internal/modules/cjs/loader.js:995:10),     at Module.load (internal/modules/cjs/loader.js:815:32),     at Function.Module._load (internal/modules/cjs/loader.js:727:14),     at Module.require (internal/modules/cjs/loader.js:852:19),     at require (internal/modules/cjs/helpers.js:74:18),     at Object.<anonymous> (E:\WebstormProjects\app-backend-test1\server\routes\department.js:4:42),     at Module._compile (internal/modules/cjs/loader.js:959:30),     at Object.Module._extensions..js (internal/modules/cjs/loader.js:995:10),     at Module.load (internal/modules/cjs/loader.js:815:32),     at Function.Module._load (internal/modules/cjs/loader.js:727:14),     at Module.require (internal/modules/cjs/loader.js:852:19),     at require (internal/modules/cjs/helpers.js:74:18),     at Object.routeConfig.init (E:\WebstormProjects\app-backend-test1\server\config\route-config.js:7:32),     at E:\WebstormProjects\app-backend-test1\server\app.js:40:17]
2020-01-14T03:03:51.046Z - error: uncaughtException: update is not defined date=Tue Jan 14 2020 11:03:51 GMT+0800 (GMT+08:00), pid=16316, uid=null, gid=null, cwd=E:\WebstormProjects\app-backend-test1, execPath=C:\Program Files\nodejs\node.exe, version=v12.13.1, argv=[C:\Program Files\nodejs\node.exe, E:\WebstormProjects\app-backend-test1\server.js], rss=97603584, heapTotal=72069120, heapUsed=52186000, external=2318675, loadavg=[0, 0, 0], uptime=868440, trace=[column=5, file=E:\WebstormProjects\app-backend-test1\server\controller\DepartmentController.js, function=null, line=35, method=null, native=false, column=30, file=internal/modules/cjs/loader.js, function=Module._compile, line=959, method=_compile, native=false, column=10, file=internal/modules/cjs/loader.js, function=Module._extensions..js, line=995, method=.js, native=false, column=32, file=internal/modules/cjs/loader.js, function=Module.load, line=815, method=load, native=false, column=14, file=internal/modules/cjs/loader.js, function=Module._load, line=727, method=_load, native=false, column=19, file=internal/modules/cjs/loader.js, function=Module.require, line=852, method=require, native=false, column=18, file=internal/modules/cjs/helpers.js, function=require, line=74, method=null, native=false, column=42, file=E:\WebstormProjects\app-backend-test1\server\routes\department.js, function=null, line=4, method=null, native=false, column=30, file=internal/modules/cjs/loader.js, function=Module._compile, line=959, method=_compile, native=false, column=10, file=internal/modules/cjs/loader.js, function=Module._extensions..js, line=995, method=.js, native=false, column=32, file=internal/modules/cjs/loader.js, function=Module.load, line=815, method=load, native=false, column=14, file=internal/modules/cjs/loader.js, function=Module._load, line=727, method=_load, native=false, column=19, file=internal/modules/cjs/loader.js, function=Module.require, line=852, method=require, native=false, column=18, file=internal/modules/cjs/helpers.js, function=require, line=74, method=null, native=false, column=32, file=E:\WebstormProjects\app-backend-test1\server\config\route-config.js, function=Object.routeConfig.init, line=7, method=init, native=false, column=17, file=E:\WebstormProjects\app-backend-test1\server\app.js, function=null, line=40, method=null, native=false], stack=[ReferenceError: update is not defined,     at Object.<anonymous> (E:\WebstormProjects\app-backend-test1\server\controller\DepartmentController.js:35:5),     at Module._compile (internal/modules/cjs/loader.js:959:30),     at Object.Module._extensions..js (internal/modules/cjs/loader.js:995:10),     at Module.load (internal/modules/cjs/loader.js:815:32),     at Function.Module._load (internal/modules/cjs/loader.js:727:14),     at Module.require (internal/modules/cjs/loader.js:852:19),     at require (internal/modules/cjs/helpers.js:74:18),     at Object.<anonymous> (E:\WebstormProjects\app-backend-test1\server\routes\department.js:4:42),     at Module._compile (internal/modules/cjs/loader.js:959:30),     at Object.Module._extensions..js (internal/modules/cjs/loader.js:995:10),     at Module.load (internal/modules/cjs/loader.js:815:32),     at Function.Module._load (internal/modules/cjs/loader.js:727:14),     at Module.require (internal/modules/cjs/loader.js:852:19),     at require (internal/modules/cjs/helpers.js:74:18),     at Object.routeConfig.init (E:\WebstormProjects\app-backend-test1\server\config\route-config.js:7:32),     at E:\WebstormProjects\app-backend-test1\server\app.js:40:17]
2020-01-14T03:04:06.174Z - error: uncaughtException: update is not defined date=Tue Jan 14 2020 11:04:06 GMT+0800 (GMT+08:00), pid=18716, uid=null, gid=null, cwd=E:\WebstormProjects\app-backend-test1, execPath=C:\Program Files\nodejs\node.exe, version=v12.13.1, argv=[C:\Program Files\nodejs\node.exe, E:\WebstormProjects\app-backend-test1\server.js], rss=98971648, heapTotal=73904128, heapUsed=48881072, external=2015601, loadavg=[0, 0, 0], uptime=868455, trace=[column=5, file=E:\WebstormProjects\app-backend-test1\server\controller\DepartmentController.js, function=null, line=35, method=null, native=false, column=30, file=internal/modules/cjs/loader.js, function=Module._compile, line=959, method=_compile, native=false, column=10, file=internal/modules/cjs/loader.js, function=Module._extensions..js, line=995, method=.js, native=false, column=32, file=internal/modules/cjs/loader.js, function=Module.load, line=815, method=load, native=false, column=14, file=internal/modules/cjs/loader.js, function=Module._load, line=727, method=_load, native=false, column=19, file=internal/modules/cjs/loader.js, function=Module.require, line=852, method=require, native=false, column=18, file=internal/modules/cjs/helpers.js, function=require, line=74, method=null, native=false, column=42, file=E:\WebstormProjects\app-backend-test1\server\routes\department.js, function=null, line=4, method=null, native=false, column=30, file=internal/modules/cjs/loader.js, function=Module._compile, line=959, method=_compile, native=false, column=10, file=internal/modules/cjs/loader.js, function=Module._extensions..js, line=995, method=.js, native=false, column=32, file=internal/modules/cjs/loader.js, function=Module.load, line=815, method=load, native=false, column=14, file=internal/modules/cjs/loader.js, function=Module._load, line=727, method=_load, native=false, column=19, file=internal/modules/cjs/loader.js, function=Module.require, line=852, method=require, native=false, column=18, file=internal/modules/cjs/helpers.js, function=require, line=74, method=null, native=false, column=32, file=E:\WebstormProjects\app-backend-test1\server\config\route-config.js, function=Object.routeConfig.init, line=7, method=init, native=false, column=17, file=E:\WebstormProjects\app-backend-test1\server\app.js, function=null, line=40, method=null, native=false], stack=[ReferenceError: update is not defined,     at Object.<anonymous> (E:\WebstormProjects\app-backend-test1\server\controller\DepartmentController.js:35:5),     at Module._compile (internal/modules/cjs/loader.js:959:30),     at Object.Module._extensions..js (internal/modules/cjs/loader.js:995:10),     at Module.load (internal/modules/cjs/loader.js:815:32),     at Function.Module._load (internal/modules/cjs/loader.js:727:14),     at Module.require (internal/modules/cjs/loader.js:852:19),     at require (internal/modules/cjs/helpers.js:74:18),     at Object.<anonymous> (E:\WebstormProjects\app-backend-test1\server\routes\department.js:4:42),     at Module._compile (internal/modules/cjs/loader.js:959:30),     at Object.Module._extensions..js (internal/modules/cjs/loader.js:995:10),     at Module.load (internal/modules/cjs/loader.js:815:32),     at Function.Module._load (internal/modules/cjs/loader.js:727:14),     at Module.require (internal/modules/cjs/loader.js:852:19),     at require (internal/modules/cjs/helpers.js:74:18),     at Object.routeConfig.init (E:\WebstormProjects\app-backend-test1\server\config\route-config.js:7:32),     at E:\WebstormProjects\app-backend-test1\server\app.js:40:17]
2020-01-14T03:06:39.874Z - error: uncaughtException: Identifier 'findLibrary' has already been declared date=Tue Jan 14 2020 11:06:39 GMT+0800 (GMT+08:00), pid=124, uid=null, gid=null, cwd=E:\WebstormProjects\app-backend-test1, execPath=C:\Program Files\nodejs\node.exe, version=v12.13.1, argv=[C:\Program Files\nodejs\node.exe, E:\WebstormProjects\app-backend-test1\server.js], rss=99069952, heapTotal=74166272, heapUsed=48946904, external=2015601, loadavg=[0, 0, 0], uptime=868609, trace=[column=18, file=internal/modules/cjs/loader.js, function=Module._compile, line=895, method=_compile, native=false, column=10, file=internal/modules/cjs/loader.js, function=Module._extensions..js, line=995, method=.js, native=false, column=32, file=internal/modules/cjs/loader.js, function=Module.load, line=815, method=load, native=false, column=14, file=internal/modules/cjs/loader.js, function=Module._load, line=727, method=_load, native=false, column=19, file=internal/modules/cjs/loader.js, function=Module.require, line=852, method=require, native=false, column=18, file=internal/modules/cjs/helpers.js, function=require, line=74, method=null, native=false, column=18, file=E:\WebstormProjects\app-backend-test1\server\routes\library.js, function=null, line=4, method=null, native=false, column=30, file=internal/modules/cjs/loader.js, function=Module._compile, line=959, method=_compile, native=false, column=10, file=internal/modules/cjs/loader.js, function=Module._extensions..js, line=995, method=.js, native=false, column=32, file=internal/modules/cjs/loader.js, function=Module.load, line=815, method=load, native=false, column=14, file=internal/modules/cjs/loader.js, function=Module._load, line=727, method=_load, native=false, column=19, file=internal/modules/cjs/loader.js, function=Module.require, line=852, method=require, native=false, column=18, file=internal/modules/cjs/helpers.js, function=require, line=74, method=null, native=false, column=29, file=E:\WebstormProjects\app-backend-test1\server\config\route-config.js, function=Object.routeConfig.init, line=8, method=init, native=false, column=17, file=E:\WebstormProjects\app-backend-test1\server\app.js, function=null, line=40, method=null, native=false, column=3, file=E:\WebstormProjects\app-backend-test1\server\app.js, function=null, line=45, method=null, native=false], stack=[E:\WebstormProjects\app-backend-test1\server\controller\LibraryController.js:3, const {findLibrary} = require("../model/LibraryModel");,        ^, , SyntaxError: Identifier 'findLibrary' has already been declared,     at Module._compile (internal/modules/cjs/loader.js:895:18),     at Object.Module._extensions..js (internal/modules/cjs/loader.js:995:10),     at Module.load (internal/modules/cjs/loader.js:815:32),     at Function.Module._load (internal/modules/cjs/loader.js:727:14),     at Module.require (internal/modules/cjs/loader.js:852:19),     at require (internal/modules/cjs/helpers.js:74:18),     at Object.<anonymous> (E:\WebstormProjects\app-backend-test1\server\routes\library.js:4:18),     at Module._compile (internal/modules/cjs/loader.js:959:30),     at Object.Module._extensions..js (internal/modules/cjs/loader.js:995:10),     at Module.load (internal/modules/cjs/loader.js:815:32),     at Function.Module._load (internal/modules/cjs/loader.js:727:14),     at Module.require (internal/modules/cjs/loader.js:852:19),     at require (internal/modules/cjs/helpers.js:74:18),     at Object.routeConfig.init (E:\WebstormProjects\app-backend-test1\server\config\route-config.js:8:29),     at E:\WebstormProjects\app-backend-test1\server\app.js:40:17,     at Object.<anonymous> (E:\WebstormProjects\app-backend-test1\server\app.js:45:3)]
2020-01-14T03:08:51.182Z - info: POST /api/library/list 200 69 - 76.925 ms
2020-01-14T03:17:12.004Z - error: uncaughtException: Invalid or unexpected token date=Tue Jan 14 2020 11:17:12 GMT+0800 (GMT+08:00), pid=13488, uid=null, gid=null, cwd=E:\WebstormProjects\app-backend-test1, execPath=C:\Program Files\nodejs\node.exe, version=v12.13.1, argv=[C:\Program Files\nodejs\node.exe, E:\WebstormProjects\app-backend-test1\server.js], rss=125706240, heapTotal=95854592, heapUsed=70455208, external=7128975, loadavg=[0, 0, 0], uptime=869241, trace=[column=18, file=internal/modules/cjs/loader.js, function=Module._compile, line=895, method=_compile, native=false, column=10, file=internal/modules/cjs/loader.js, function=Module._extensions..js, line=995, method=.js, native=false, column=32, file=internal/modules/cjs/loader.js, function=Module.load, line=815, method=load, native=false, column=14, file=internal/modules/cjs/loader.js, function=Module._load, line=727, method=_load, native=false, column=19, file=internal/modules/cjs/loader.js, function=Module.require, line=852, method=require, native=false, column=18, file=internal/modules/cjs/helpers.js, function=require, line=74, method=null, native=false, column=17, file=E:\WebstormProjects\app-backend-test1\server\controller\LibraryController.js, function=null, line=6, method=null, native=false, column=30, file=internal/modules/cjs/loader.js, function=Module._compile, line=959, method=_compile, native=false, column=10, file=internal/modules/cjs/loader.js, function=Module._extensions..js, line=995, method=.js, native=false, column=32, file=internal/modules/cjs/loader.js, function=Module.load, line=815, method=load, native=false, column=14, file=internal/modules/cjs/loader.js, function=Module._load, line=727, method=_load, native=false, column=19, file=internal/modules/cjs/loader.js, function=Module.require, line=852, method=require, native=false, column=18, file=internal/modules/cjs/helpers.js, function=require, line=74, method=null, native=false, column=26, file=E:\WebstormProjects\app-backend-test1\server\routes\library.js, function=null, line=4, method=null, native=false, column=30, file=internal/modules/cjs/loader.js, function=Module._compile, line=959, method=_compile, native=false, column=10, file=internal/modules/cjs/loader.js, function=Module._extensions..js, line=995, method=.js, native=false], stack=[E:\WebstormProjects\app-backend-test1\liebiao\内地女歌手.xlsx:1, PK,   ^, , SyntaxError: Invalid or unexpected token,     at Module._compile (internal/modules/cjs/loader.js:895:18),     at Object.Module._extensions..js (internal/modules/cjs/loader.js:995:10),     at Module.load (internal/modules/cjs/loader.js:815:32),     at Function.Module._load (internal/modules/cjs/loader.js:727:14),     at Module.require (internal/modules/cjs/loader.js:852:19),     at require (internal/modules/cjs/helpers.js:74:18),     at Object.<anonymous> (E:\WebstormProjects\app-backend-test1\server\controller\LibraryController.js:6:17),     at Module._compile (internal/modules/cjs/loader.js:959:30),     at Object.Module._extensions..js (internal/modules/cjs/loader.js:995:10),     at Module.load (internal/modules/cjs/loader.js:815:32),     at Function.Module._load (internal/modules/cjs/loader.js:727:14),     at Module.require (internal/modules/cjs/loader.js:852:19),     at require (internal/modules/cjs/helpers.js:74:18),     at Object.<anonymous> (E:\WebstormProjects\app-backend-test1\server\routes\library.js:4:26),     at Module._compile (internal/modules/cjs/loader.js:959:30),     at Object.Module._extensions..js (internal/modules/cjs/loader.js:995:10)]
2020-01-14T03:17:18.880Z - error: uncaughtException: Invalid or unexpected token date=Tue Jan 14 2020 11:17:18 GMT+0800 (GMT+08:00), pid=17000, uid=null, gid=null, cwd=E:\WebstormProjects\app-backend-test1, execPath=C:\Program Files\nodejs\node.exe, version=v12.13.1, argv=[C:\Program Files\nodejs\node.exe, E:\WebstormProjects\app-backend-test1\server.js], rss=123088896, heapTotal=93339648, heapUsed=65337768, external=7120783, loadavg=[0, 0, 0], uptime=869248, trace=[column=18, file=internal/modules/cjs/loader.js, function=Module._compile, line=895, method=_compile, native=false, column=10, file=internal/modules/cjs/loader.js, function=Module._extensions..js, line=995, method=.js, native=false, column=32, file=internal/modules/cjs/loader.js, function=Module.load, line=815, method=load, native=false, column=14, file=internal/modules/cjs/loader.js, function=Module._load, line=727, method=_load, native=false, column=19, file=internal/modules/cjs/loader.js, function=Module.require, line=852, method=require, native=false, column=18, file=internal/modules/cjs/helpers.js, function=require, line=74, method=null, native=false, column=17, file=E:\WebstormProjects\app-backend-test1\server\controller\LibraryController.js, function=null, line=6, method=null, native=false, column=30, file=internal/modules/cjs/loader.js, function=Module._compile, line=959, method=_compile, native=false, column=10, file=internal/modules/cjs/loader.js, function=Module._extensions..js, line=995, method=.js, native=false, column=32, file=internal/modules/cjs/loader.js, function=Module.load, line=815, method=load, native=false, column=14, file=internal/modules/cjs/loader.js, function=Module._load, line=727, method=_load, native=false, column=19, file=internal/modules/cjs/loader.js, function=Module.require, line=852, method=require, native=false, column=18, file=internal/modules/cjs/helpers.js, function=require, line=74, method=null, native=false, column=26, file=E:\WebstormProjects\app-backend-test1\server\routes\library.js, function=null, line=4, method=null, native=false, column=30, file=internal/modules/cjs/loader.js, function=Module._compile, line=959, method=_compile, native=false, column=10, file=internal/modules/cjs/loader.js, function=Module._extensions..js, line=995, method=.js, native=false], stack=[E:\WebstormProjects\app-backend-test1\liebiao\内地女歌手.xlsx:1, PK,   ^, , SyntaxError: Invalid or unexpected token,     at Module._compile (internal/modules/cjs/loader.js:895:18),     at Object.Module._extensions..js (internal/modules/cjs/loader.js:995:10),     at Module.load (internal/modules/cjs/loader.js:815:32),     at Function.Module._load (internal/modules/cjs/loader.js:727:14),     at Module.require (internal/modules/cjs/loader.js:852:19),     at require (internal/modules/cjs/helpers.js:74:18),     at Object.<anonymous> (E:\WebstormProjects\app-backend-test1\server\controller\LibraryController.js:6:17),     at Module._compile (internal/modules/cjs/loader.js:959:30),     at Object.Module._extensions..js (internal/modules/cjs/loader.js:995:10),     at Module.load (internal/modules/cjs/loader.js:815:32),     at Function.Module._load (internal/modules/cjs/loader.js:727:14),     at Module.require (internal/modules/cjs/loader.js:852:19),     at require (internal/modules/cjs/helpers.js:74:18),     at Object.<anonymous> (E:\WebstormProjects\app-backend-test1\server\routes\library.js:4:26),     at Module._compile (internal/modules/cjs/loader.js:959:30),     at Object.Module._extensions..js (internal/modules/cjs/loader.js:995:10)]
2020-01-14T03:17:59.554Z - error: uncaughtException: Invalid or unexpected token date=Tue Jan 14 2020 11:17:59 GMT+0800 (GMT+08:00), pid=19272, uid=null, gid=null, cwd=E:\WebstormProjects\app-backend-test1, execPath=C:\Program Files\nodejs\node.exe, version=v12.13.1, argv=[C:\Program Files\nodejs\node.exe, E:\WebstormProjects\app-backend-test1\server.js], rss=125620224, heapTotal=95854592, heapUsed=70610648, external=7128975, loadavg=[0, 0, 0], uptime=869289, trace=[column=18, file=internal/modules/cjs/loader.js, function=Module._compile, line=895, method=_compile, native=false, column=10, file=internal/modules/cjs/loader.js, function=Module._extensions..js, line=995, method=.js, native=false, column=32, file=internal/modules/cjs/loader.js, function=Module.load, line=815, method=load, native=false, column=14, file=internal/modules/cjs/loader.js, function=Module._load, line=727, method=_load, native=false, column=19, file=internal/modules/cjs/loader.js, function=Module.require, line=852, method=require, native=false, column=18, file=internal/modules/cjs/helpers.js, function=require, line=74, method=null, native=false, column=17, file=E:\WebstormProjects\app-backend-test1\server\controller\LibraryController.js, function=null, line=6, method=null, native=false, column=30, file=internal/modules/cjs/loader.js, function=Module._compile, line=959, method=_compile, native=false, column=10, file=internal/modules/cjs/loader.js, function=Module._extensions..js, line=995, method=.js, native=false, column=32, file=internal/modules/cjs/loader.js, function=Module.load, line=815, method=load, native=false, column=14, file=internal/modules/cjs/loader.js, function=Module._load, line=727, method=_load, native=false, column=19, file=internal/modules/cjs/loader.js, function=Module.require, line=852, method=require, native=false, column=18, file=internal/modules/cjs/helpers.js, function=require, line=74, method=null, native=false, column=26, file=E:\WebstormProjects\app-backend-test1\server\routes\library.js, function=null, line=4, method=null, native=false, column=30, file=internal/modules/cjs/loader.js, function=Module._compile, line=959, method=_compile, native=false, column=10, file=internal/modules/cjs/loader.js, function=Module._extensions..js, line=995, method=.js, native=false], stack=[E:\WebstormProjects\app-backend-test1\liebiao\内地女歌手.xlsx:1, PK,   ^, , SyntaxError: Invalid or unexpected token,     at Module._compile (internal/modules/cjs/loader.js:895:18),     at Object.Module._extensions..js (internal/modules/cjs/loader.js:995:10),     at Module.load (internal/modules/cjs/loader.js:815:32),     at Function.Module._load (internal/modules/cjs/loader.js:727:14),     at Module.require (internal/modules/cjs/loader.js:852:19),     at require (internal/modules/cjs/helpers.js:74:18),     at Object.<anonymous> (E:\WebstormProjects\app-backend-test1\server\controller\LibraryController.js:6:17),     at Module._compile (internal/modules/cjs/loader.js:959:30),     at Object.Module._extensions..js (internal/modules/cjs/loader.js:995:10),     at Module.load (internal/modules/cjs/loader.js:815:32),     at Function.Module._load (internal/modules/cjs/loader.js:727:14),     at Module.require (internal/modules/cjs/loader.js:852:19),     at require (internal/modules/cjs/helpers.js:74:18),     at Object.<anonymous> (E:\WebstormProjects\app-backend-test1\server\routes\library.js:4:26),     at Module._compile (internal/modules/cjs/loader.js:959:30),     at Object.Module._extensions..js (internal/modules/cjs/loader.js:995:10)]
2020-01-14T03:19:15.314Z - error: uncaughtException: Invalid or unexpected token date=Tue Jan 14 2020 11:19:15 GMT+0800 (GMT+08:00), pid=19392, uid=null, gid=null, cwd=E:\WebstormProjects\app-backend-test1, execPath=C:\Program Files\nodejs\node.exe, version=v12.13.1, argv=[C:\Program Files\nodejs\node.exe, E:\WebstormProjects\app-backend-test1\server.js], rss=125186048, heapTotal=95592448, heapUsed=70673904, external=7128975, loadavg=[0, 0, 0], uptime=869364, trace=[column=18, file=internal/modules/cjs/loader.js, function=Module._compile, line=895, method=_compile, native=false, column=10, file=internal/modules/cjs/loader.js, function=Module._extensions..js, line=995, method=.js, native=false, column=32, file=internal/modules/cjs/loader.js, function=Module.load, line=815, method=load, native=false, column=14, file=internal/modules/cjs/loader.js, function=Module._load, line=727, method=_load, native=false, column=19, file=internal/modules/cjs/loader.js, function=Module.require, line=852, method=require, native=false, column=18, file=internal/modules/cjs/helpers.js, function=require, line=74, method=null, native=false, column=17, file=E:\WebstormProjects\app-backend-test1\server\controller\LibraryController.js, function=null, line=6, method=null, native=false, column=30, file=internal/modules/cjs/loader.js, function=Module._compile, line=959, method=_compile, native=false, column=10, file=internal/modules/cjs/loader.js, function=Module._extensions..js, line=995, method=.js, native=false, column=32, file=internal/modules/cjs/loader.js, function=Module.load, line=815, method=load, native=false, column=14, file=internal/modules/cjs/loader.js, function=Module._load, line=727, method=_load, native=false, column=19, file=internal/modules/cjs/loader.js, function=Module.require, line=852, method=require, native=false, column=18, file=internal/modules/cjs/helpers.js, function=require, line=74, method=null, native=false, column=26, file=E:\WebstormProjects\app-backend-test1\server\routes\library.js, function=null, line=4, method=null, native=false, column=30, file=internal/modules/cjs/loader.js, function=Module._compile, line=959, method=_compile, native=false, column=10, file=internal/modules/cjs/loader.js, function=Module._extensions..js, line=995, method=.js, native=false], stack=[E:\WebstormProjects\app-backend-test1\liebiao\内地女歌手.xlsx:1, PK,   ^, , SyntaxError: Invalid or unexpected token,     at Module._compile (internal/modules/cjs/loader.js:895:18),     at Object.Module._extensions..js (internal/modules/cjs/loader.js:995:10),     at Module.load (internal/modules/cjs/loader.js:815:32),     at Function.Module._load (internal/modules/cjs/loader.js:727:14),     at Module.require (internal/modules/cjs/loader.js:852:19),     at require (internal/modules/cjs/helpers.js:74:18),     at Object.<anonymous> (E:\WebstormProjects\app-backend-test1\server\controller\LibraryController.js:6:17),     at Module._compile (internal/modules/cjs/loader.js:959:30),     at Object.Module._extensions..js (internal/modules/cjs/loader.js:995:10),     at Module.load (internal/modules/cjs/loader.js:815:32),     at Function.Module._load (internal/modules/cjs/loader.js:727:14),     at Module.require (internal/modules/cjs/loader.js:852:19),     at require (internal/modules/cjs/helpers.js:74:18),     at Object.<anonymous> (E:\WebstormProjects\app-backend-test1\server\routes\library.js:4:26),     at Module._compile (internal/modules/cjs/loader.js:959:30),     at Object.Module._extensions..js (internal/modules/cjs/loader.js:995:10)]
2020-01-14T03:19:53.810Z - error: uncaughtException: Invalid or unexpected token date=Tue Jan 14 2020 11:19:53 GMT+0800 (GMT+08:00), pid=19348, uid=null, gid=null, cwd=E:\WebstormProjects\app-backend-test1, execPath=C:\Program Files\nodejs\node.exe, version=v12.13.1, argv=[C:\Program Files\nodejs\node.exe, E:\WebstormProjects\app-backend-test1\server.js], rss=125272064, heapTotal=95854592, heapUsed=70593336, external=7128975, loadavg=[0, 0, 0], uptime=869403, trace=[column=18, file=internal/modules/cjs/loader.js, function=Module._compile, line=895, method=_compile, native=false, column=10, file=internal/modules/cjs/loader.js, function=Module._extensions..js, line=995, method=.js, native=false, column=32, file=internal/modules/cjs/loader.js, function=Module.load, line=815, method=load, native=false, column=14, file=internal/modules/cjs/loader.js, function=Module._load, line=727, method=_load, native=false, column=19, file=internal/modules/cjs/loader.js, function=Module.require, line=852, method=require, native=false, column=18, file=internal/modules/cjs/helpers.js, function=require, line=74, method=null, native=false, column=17, file=E:\WebstormProjects\app-backend-test1\server\controller\LibraryController.js, function=null, line=6, method=null, native=false, column=30, file=internal/modules/cjs/loader.js, function=Module._compile, line=959, method=_compile, native=false, column=10, file=internal/modules/cjs/loader.js, function=Module._extensions..js, line=995, method=.js, native=false, column=32, file=internal/modules/cjs/loader.js, function=Module.load, line=815, method=load, native=false, column=14, file=internal/modules/cjs/loader.js, function=Module._load, line=727, method=_load, native=false, column=19, file=internal/modules/cjs/loader.js, function=Module.require, line=852, method=require, native=false, column=18, file=internal/modules/cjs/helpers.js, function=require, line=74, method=null, native=false, column=26, file=E:\WebstormProjects\app-backend-test1\server\routes\library.js, function=null, line=4, method=null, native=false, column=30, file=internal/modules/cjs/loader.js, function=Module._compile, line=959, method=_compile, native=false, column=10, file=internal/modules/cjs/loader.js, function=Module._extensions..js, line=995, method=.js, native=false], stack=[E:\WebstormProjects\app-backend-test1\liebiao\内地女歌手.xlsx:1, PK,   ^, , SyntaxError: Invalid or unexpected token,     at Module._compile (internal/modules/cjs/loader.js:895:18),     at Object.Module._extensions..js (internal/modules/cjs/loader.js:995:10),     at Module.load (internal/modules/cjs/loader.js:815:32),     at Function.Module._load (internal/modules/cjs/loader.js:727:14),     at Module.require (internal/modules/cjs/loader.js:852:19),     at require (internal/modules/cjs/helpers.js:74:18),     at Object.<anonymous> (E:\WebstormProjects\app-backend-test1\server\controller\LibraryController.js:6:17),     at Module._compile (internal/modules/cjs/loader.js:959:30),     at Object.Module._extensions..js (internal/modules/cjs/loader.js:995:10),     at Module.load (internal/modules/cjs/loader.js:815:32),     at Function.Module._load (internal/modules/cjs/loader.js:727:14),     at Module.require (internal/modules/cjs/loader.js:852:19),     at require (internal/modules/cjs/helpers.js:74:18),     at Object.<anonymous> (E:\WebstormProjects\app-backend-test1\server\routes\library.js:4:26),     at Module._compile (internal/modules/cjs/loader.js:959:30),     at Object.Module._extensions..js (internal/modules/cjs/loader.js:995:10)]
2020-01-14T03:21:58.446Z - error: uncaughtException: Invalid or unexpected token date=Tue Jan 14 2020 11:21:58 GMT+0800 (GMT+08:00), pid=17652, uid=null, gid=null, cwd=E:\WebstormProjects\app-backend-test1, execPath=C:\Program Files\nodejs\node.exe, version=v12.13.1, argv=[C:\Program Files\nodejs\node.exe, E:\WebstormProjects\app-backend-test1\server.js], rss=118996992, heapTotal=91779072, heapUsed=53858352, external=4346078, loadavg=[0, 0, 0], uptime=869527, trace=[column=18, file=internal/modules/cjs/loader.js, function=Module._compile, line=895, method=_compile, native=false, column=10, file=internal/modules/cjs/loader.js, function=Module._extensions..js, line=995, method=.js, native=false, column=32, file=internal/modules/cjs/loader.js, function=Module.load, line=815, method=load, native=false, column=14, file=internal/modules/cjs/loader.js, function=Module._load, line=727, method=_load, native=false, column=19, file=internal/modules/cjs/loader.js, function=Module.require, line=852, method=require, native=false, column=18, file=internal/modules/cjs/helpers.js, function=require, line=74, method=null, native=false, column=17, file=E:\WebstormProjects\app-backend-test1\server\controller\LibraryController.js, function=null, line=6, method=null, native=false, column=30, file=internal/modules/cjs/loader.js, function=Module._compile, line=959, method=_compile, native=false, column=10, file=internal/modules/cjs/loader.js, function=Module._extensions..js, line=995, method=.js, native=false, column=32, file=internal/modules/cjs/loader.js, function=Module.load, line=815, method=load, native=false, column=14, file=internal/modules/cjs/loader.js, function=Module._load, line=727, method=_load, native=false, column=19, file=internal/modules/cjs/loader.js, function=Module.require, line=852, method=require, native=false, column=18, file=internal/modules/cjs/helpers.js, function=require, line=74, method=null, native=false, column=26, file=E:\WebstormProjects\app-backend-test1\server\routes\library.js, function=null, line=4, method=null, native=false, column=30, file=internal/modules/cjs/loader.js, function=Module._compile, line=959, method=_compile, native=false, column=10, file=internal/modules/cjs/loader.js, function=Module._extensions..js, line=995, method=.js, native=false], stack=[E:\WebstormProjects\app-backend-test1\liebiao\1.xlsx:1, PK,   ^, , SyntaxError: Invalid or unexpected token,     at Module._compile (internal/modules/cjs/loader.js:895:18),     at Object.Module._extensions..js (internal/modules/cjs/loader.js:995:10),     at Module.load (internal/modules/cjs/loader.js:815:32),     at Function.Module._load (internal/modules/cjs/loader.js:727:14),     at Module.require (internal/modules/cjs/loader.js:852:19),     at require (internal/modules/cjs/helpers.js:74:18),     at Object.<anonymous> (E:\WebstormProjects\app-backend-test1\server\controller\LibraryController.js:6:17),     at Module._compile (internal/modules/cjs/loader.js:959:30),     at Object.Module._extensions..js (internal/modules/cjs/loader.js:995:10),     at Module.load (internal/modules/cjs/loader.js:815:32),     at Function.Module._load (internal/modules/cjs/loader.js:727:14),     at Module.require (internal/modules/cjs/loader.js:852:19),     at require (internal/modules/cjs/helpers.js:74:18),     at Object.<anonymous> (E:\WebstormProjects\app-backend-test1\server\routes\library.js:4:26),     at Module._compile (internal/modules/cjs/loader.js:959:30),     at Object.Module._extensions..js (internal/modules/cjs/loader.js:995:10)]
2020-01-14T03:30:15.917Z - error: uncaughtException: Unexpected token ')' date=Tue Jan 14 2020 11:30:15 GMT+0800 (GMT+08:00), pid=15824, uid=null, gid=null, cwd=E:\WebstormProjects\app-backend-test1, execPath=C:\Program Files\nodejs\node.exe, version=v12.13.1, argv=[C:\Program Files\nodejs\node.exe, E:\WebstormProjects\app-backend-test1\server.js], rss=97378304, heapTotal=72331264, heapUsed=52141592, external=2318675, loadavg=[0, 0, 0], uptime=870025, trace=[column=18, file=internal/modules/cjs/loader.js, function=Module._compile, line=895, method=_compile, native=false, column=10, file=internal/modules/cjs/loader.js, function=Module._extensions..js, line=995, method=.js, native=false, column=32, file=internal/modules/cjs/loader.js, function=Module.load, line=815, method=load, native=false, column=14, file=internal/modules/cjs/loader.js, function=Module._load, line=727, method=_load, native=false, column=19, file=internal/modules/cjs/loader.js, function=Module.require, line=852, method=require, native=false, column=18, file=internal/modules/cjs/helpers.js, function=require, line=74, method=null, native=false, column=26, file=E:\WebstormProjects\app-backend-test1\server\routes\library.js, function=null, line=4, method=null, native=false, column=30, file=internal/modules/cjs/loader.js, function=Module._compile, line=959, method=_compile, native=false, column=10, file=internal/modules/cjs/loader.js, function=Module._extensions..js, line=995, method=.js, native=false, column=32, file=internal/modules/cjs/loader.js, function=Module.load, line=815, method=load, native=false, column=14, file=internal/modules/cjs/loader.js, function=Module._load, line=727, method=_load, native=false, column=19, file=internal/modules/cjs/loader.js, function=Module.require, line=852, method=require, native=false, column=18, file=internal/modules/cjs/helpers.js, function=require, line=74, method=null, native=false, column=29, file=E:\WebstormProjects\app-backend-test1\server\config\route-config.js, function=Object.routeConfig.init, line=8, method=init, native=false, column=17, file=E:\WebstormProjects\app-backend-test1\server\app.js, function=null, line=40, method=null, native=false, column=3, file=E:\WebstormProjects\app-backend-test1\server\app.js, function=null, line=45, method=null, native=false], stack=[E:\WebstormProjects\app-backend-test1\server\controller\LibraryController.js:40,     });,      ^, , SyntaxError: Unexpected token ')',     at Module._compile (internal/modules/cjs/loader.js:895:18),     at Object.Module._extensions..js (internal/modules/cjs/loader.js:995:10),     at Module.load (internal/modules/cjs/loader.js:815:32),     at Function.Module._load (internal/modules/cjs/loader.js:727:14),     at Module.require (internal/modules/cjs/loader.js:852:19),     at require (internal/modules/cjs/helpers.js:74:18),     at Object.<anonymous> (E:\WebstormProjects\app-backend-test1\server\routes\library.js:4:26),     at Module._compile (internal/modules/cjs/loader.js:959:30),     at Object.Module._extensions..js (internal/modules/cjs/loader.js:995:10),     at Module.load (internal/modules/cjs/loader.js:815:32),     at Function.Module._load (internal/modules/cjs/loader.js:727:14),     at Module.require (internal/modules/cjs/loader.js:852:19),     at require (internal/modules/cjs/helpers.js:74:18),     at Object.routeConfig.init (E:\WebstormProjects\app-backend-test1\server\config\route-config.js:8:29),     at E:\WebstormProjects\app-backend-test1\server\app.js:40:17,     at Object.<anonymous> (E:\WebstormProjects\app-backend-test1\server\app.js:45:3)]
2020-01-14T03:31:29.657Z - info: GET /api/library/create 500  - 3359.043 ms
2020-01-14T03:34:57.423Z - info: GET /api/library/create 500 170 - 2975.127 ms
2020-01-14T03:35:32.493Z - info: GET /api/library/create 500  - 3802.455 ms
2020-01-14T03:36:19.952Z - info: GET /api/library/create 500  - 2958.236 ms
2020-01-14T03:44:04.005Z - error: uncaughtException: Unexpected token '}' date=Tue Jan 14 2020 11:44:04 GMT+0800 (GMT+08:00), pid=2960, uid=null, gid=null, cwd=E:\WebstormProjects\app-backend-test1, execPath=C:\Program Files\nodejs\node.exe, version=v12.13.1, argv=[C:\Program Files\nodejs\node.exe, E:\WebstormProjects\app-backend-test1\server.js], rss=99074048, heapTotal=73904128, heapUsed=48975984, external=1915859, loadavg=[0, 0, 0], uptime=870853, trace=[column=18, file=internal/modules/cjs/loader.js, function=Module._compile, line=895, method=_compile, native=false, column=10, file=internal/modules/cjs/loader.js, function=Module._extensions..js, line=995, method=.js, native=false, column=32, file=internal/modules/cjs/loader.js, function=Module.load, line=815, method=load, native=false, column=14, file=internal/modules/cjs/loader.js, function=Module._load, line=727, method=_load, native=false, column=19, file=internal/modules/cjs/loader.js, function=Module.require, line=852, method=require, native=false, column=18, file=internal/modules/cjs/helpers.js, function=require, line=74, method=null, native=false, column=26, file=E:\WebstormProjects\app-backend-test1\server\routes\library.js, function=null, line=4, method=null, native=false, column=30, file=internal/modules/cjs/loader.js, function=Module._compile, line=959, method=_compile, native=false, column=10, file=internal/modules/cjs/loader.js, function=Module._extensions..js, line=995, method=.js, native=false, column=32, file=internal/modules/cjs/loader.js, function=Module.load, line=815, method=load, native=false, column=14, file=internal/modules/cjs/loader.js, function=Module._load, line=727, method=_load, native=false, column=19, file=internal/modules/cjs/loader.js, function=Module.require, line=852, method=require, native=false, column=18, file=internal/modules/cjs/helpers.js, function=require, line=74, method=null, native=false, column=29, file=E:\WebstormProjects\app-backend-test1\server\config\route-config.js, function=Object.routeConfig.init, line=8, method=init, native=false, column=17, file=E:\WebstormProjects\app-backend-test1\server\app.js, function=null, line=40, method=null, native=false, column=3, file=E:\WebstormProjects\app-backend-test1\server\app.js, function=null, line=45, method=null, native=false], stack=[E:\WebstormProjects\app-backend-test1\server\controller\LibraryController.js:48,         }),         ^, , SyntaxError: Unexpected token '}',     at Module._compile (internal/modules/cjs/loader.js:895:18),     at Object.Module._extensions..js (internal/modules/cjs/loader.js:995:10),     at Module.load (internal/modules/cjs/loader.js:815:32),     at Function.Module._load (internal/modules/cjs/loader.js:727:14),     at Module.require (internal/modules/cjs/loader.js:852:19),     at require (internal/modules/cjs/helpers.js:74:18),     at Object.<anonymous> (E:\WebstormProjects\app-backend-test1\server\routes\library.js:4:26),     at Module._compile (internal/modules/cjs/loader.js:959:30),     at Object.Module._extensions..js (internal/modules/cjs/loader.js:995:10),     at Module.load (internal/modules/cjs/loader.js:815:32),     at Function.Module._load (internal/modules/cjs/loader.js:727:14),     at Module.require (internal/modules/cjs/loader.js:852:19),     at require (internal/modules/cjs/helpers.js:74:18),     at Object.routeConfig.init (E:\WebstormProjects\app-backend-test1\server\config\route-config.js:8:29),     at E:\WebstormProjects\app-backend-test1\server\app.js:40:17,     at Object.<anonymous> (E:\WebstormProjects\app-backend-test1\server\app.js:45:3)]
2020-01-14T03:49:07.560Z - error: uncaughtException: Identifier 'score' has already been declared date=Tue Jan 14 2020 11:49:07 GMT+0800 (GMT+08:00), pid=17368, uid=null, gid=null, cwd=E:\WebstormProjects\app-backend-test1, execPath=C:\Program Files\nodejs\node.exe, version=v12.13.1, argv=[C:\Program Files\nodejs\node.exe, E:\WebstormProjects\app-backend-test1\server.js], rss=97943552, heapTotal=72593408, heapUsed=52368024, external=2323241, loadavg=[0, 0, 0], uptime=871157, trace=[column=18, file=internal/modules/cjs/loader.js, function=Module._compile, line=895, method=_compile, native=false, column=10, file=internal/modules/cjs/loader.js, function=Module._extensions..js, line=995, method=.js, native=false, column=32, file=internal/modules/cjs/loader.js, function=Module.load, line=815, method=load, native=false, column=14, file=internal/modules/cjs/loader.js, function=Module._load, line=727, method=_load, native=false, column=19, file=internal/modules/cjs/loader.js, function=Module.require, line=852, method=require, native=false, column=18, file=internal/modules/cjs/helpers.js, function=require, line=74, method=null, native=false, column=26, file=E:\WebstormProjects\app-backend-test1\server\routes\library.js, function=null, line=4, method=null, native=false, column=30, file=internal/modules/cjs/loader.js, function=Module._compile, line=959, method=_compile, native=false, column=10, file=internal/modules/cjs/loader.js, function=Module._extensions..js, line=995, method=.js, native=false, column=32, file=internal/modules/cjs/loader.js, function=Module.load, line=815, method=load, native=false, column=14, file=internal/modules/cjs/loader.js, function=Module._load, line=727, method=_load, native=false, column=19, file=internal/modules/cjs/loader.js, function=Module.require, line=852, method=require, native=false, column=18, file=internal/modules/cjs/helpers.js, function=require, line=74, method=null, native=false, column=29, file=E:\WebstormProjects\app-backend-test1\server\config\route-config.js, function=Object.routeConfig.init, line=8, method=init, native=false, column=17, file=E:\WebstormProjects\app-backend-test1\server\app.js, function=null, line=40, method=null, native=false, column=3, file=E:\WebstormProjects\app-backend-test1\server\app.js, function=null, line=45, method=null, native=false], stack=[E:\WebstormProjects\app-backend-test1\server\controller\LibraryController.js:46,         let score = list[i][2] === '有' ? 1 : 0,             ^, , SyntaxError: Identifier 'score' has already been declared,     at Module._compile (internal/modules/cjs/loader.js:895:18),     at Object.Module._extensions..js (internal/modules/cjs/loader.js:995:10),     at Module.load (internal/modules/cjs/loader.js:815:32),     at Function.Module._load (internal/modules/cjs/loader.js:727:14),     at Module.require (internal/modules/cjs/loader.js:852:19),     at require (internal/modules/cjs/helpers.js:74:18),     at Object.<anonymous> (E:\WebstormProjects\app-backend-test1\server\routes\library.js:4:26),     at Module._compile (internal/modules/cjs/loader.js:959:30),     at Object.Module._extensions..js (internal/modules/cjs/loader.js:995:10),     at Module.load (internal/modules/cjs/loader.js:815:32),     at Function.Module._load (internal/modules/cjs/loader.js:727:14),     at Module.require (internal/modules/cjs/loader.js:852:19),     at require (internal/modules/cjs/helpers.js:74:18),     at Object.routeConfig.init (E:\WebstormProjects\app-backend-test1\server\config\route-config.js:8:29),     at E:\WebstormProjects\app-backend-test1\server\app.js:40:17,     at Object.<anonymous> (E:\WebstormProjects\app-backend-test1\server\app.js:45:3)]
2020-01-14T03:49:20.871Z - error: uncaughtException: Identifier 'score' has already been declared date=Tue Jan 14 2020 11:49:20 GMT+0800 (GMT+08:00), pid=4960, uid=null, gid=null, cwd=E:\WebstormProjects\app-backend-test1, execPath=C:\Program Files\nodejs\node.exe, version=v12.13.1, argv=[C:\Program Files\nodejs\node.exe, E:\WebstormProjects\app-backend-test1\server.js], rss=99069952, heapTotal=73641984, heapUsed=49239144, external=2034272, loadavg=[0, 0, 0], uptime=871170, trace=[column=18, file=internal/modules/cjs/loader.js, function=Module._compile, line=895, method=_compile, native=false, column=10, file=internal/modules/cjs/loader.js, function=Module._extensions..js, line=995, method=.js, native=false, column=32, file=internal/modules/cjs/loader.js, function=Module.load, line=815, method=load, native=false, column=14, file=internal/modules/cjs/loader.js, function=Module._load, line=727, method=_load, native=false, column=19, file=internal/modules/cjs/loader.js, function=Module.require, line=852, method=require, native=false, column=18, file=internal/modules/cjs/helpers.js, function=require, line=74, method=null, native=false, column=26, file=E:\WebstormProjects\app-backend-test1\server\routes\library.js, function=null, line=4, method=null, native=false, column=30, file=internal/modules/cjs/loader.js, function=Module._compile, line=959, method=_compile, native=false, column=10, file=internal/modules/cjs/loader.js, function=Module._extensions..js, line=995, method=.js, native=false, column=32, file=internal/modules/cjs/loader.js, function=Module.load, line=815, method=load, native=false, column=14, file=internal/modules/cjs/loader.js, function=Module._load, line=727, method=_load, native=false, column=19, file=internal/modules/cjs/loader.js, function=Module.require, line=852, method=require, native=false, column=18, file=internal/modules/cjs/helpers.js, function=require, line=74, method=null, native=false, column=29, file=E:\WebstormProjects\app-backend-test1\server\config\route-config.js, function=Object.routeConfig.init, line=8, method=init, native=false, column=17, file=E:\WebstormProjects\app-backend-test1\server\app.js, function=null, line=40, method=null, native=false, column=3, file=E:\WebstormProjects\app-backend-test1\server\app.js, function=null, line=45, method=null, native=false], stack=[E:\WebstormProjects\app-backend-test1\server\controller\LibraryController.js:47,         let score = list[i][2] === '有' ? 1 : 0,             ^, , SyntaxError: Identifier 'score' has already been declared,     at Module._compile (internal/modules/cjs/loader.js:895:18),     at Object.Module._extensions..js (internal/modules/cjs/loader.js:995:10),     at Module.load (internal/modules/cjs/loader.js:815:32),     at Function.Module._load (internal/modules/cjs/loader.js:727:14),     at Module.require (internal/modules/cjs/loader.js:852:19),     at require (internal/modules/cjs/helpers.js:74:18),     at Object.<anonymous> (E:\WebstormProjects\app-backend-test1\server\routes\library.js:4:26),     at Module._compile (internal/modules/cjs/loader.js:959:30),     at Object.Module._extensions..js (internal/modules/cjs/loader.js:995:10),     at Module.load (internal/modules/cjs/loader.js:815:32),     at Function.Module._load (internal/modules/cjs/loader.js:727:14),     at Module.require (internal/modules/cjs/loader.js:852:19),     at require (internal/modules/cjs/helpers.js:74:18),     at Object.routeConfig.init (E:\WebstormProjects\app-backend-test1\server\config\route-config.js:8:29),     at E:\WebstormProjects\app-backend-test1\server\app.js:40:17,     at Object.<anonymous> (E:\WebstormProjects\app-backend-test1\server\app.js:45:3)]
2020-01-14T03:49:30.653Z - error: uncaughtException: Identifier 'score' has already been declared date=Tue Jan 14 2020 11:49:30 GMT+0800 (GMT+08:00), pid=6768, uid=null, gid=null, cwd=E:\WebstormProjects\app-backend-test1, execPath=C:\Program Files\nodejs\node.exe, version=v12.13.1, argv=[C:\Program Files\nodejs\node.exe, E:\WebstormProjects\app-backend-test1\server.js], rss=99041280, heapTotal=73904128, heapUsed=49015648, external=2015601, loadavg=[0, 0, 0], uptime=871180, trace=[column=18, file=internal/modules/cjs/loader.js, function=Module._compile, line=895, method=_compile, native=false, column=10, file=internal/modules/cjs/loader.js, function=Module._extensions..js, line=995, method=.js, native=false, column=32, file=internal/modules/cjs/loader.js, function=Module.load, line=815, method=load, native=false, column=14, file=internal/modules/cjs/loader.js, function=Module._load, line=727, method=_load, native=false, column=19, file=internal/modules/cjs/loader.js, function=Module.require, line=852, method=require, native=false, column=18, file=internal/modules/cjs/helpers.js, function=require, line=74, method=null, native=false, column=26, file=E:\WebstormProjects\app-backend-test1\server\routes\library.js, function=null, line=4, method=null, native=false, column=30, file=internal/modules/cjs/loader.js, function=Module._compile, line=959, method=_compile, native=false, column=10, file=internal/modules/cjs/loader.js, function=Module._extensions..js, line=995, method=.js, native=false, column=32, file=internal/modules/cjs/loader.js, function=Module.load, line=815, method=load, native=false, column=14, file=internal/modules/cjs/loader.js, function=Module._load, line=727, method=_load, native=false, column=19, file=internal/modules/cjs/loader.js, function=Module.require, line=852, method=require, native=false, column=18, file=internal/modules/cjs/helpers.js, function=require, line=74, method=null, native=false, column=29, file=E:\WebstormProjects\app-backend-test1\server\config\route-config.js, function=Object.routeConfig.init, line=8, method=init, native=false, column=17, file=E:\WebstormProjects\app-backend-test1\server\app.js, function=null, line=40, method=null, native=false, column=3, file=E:\WebstormProjects\app-backend-test1\server\app.js, function=null, line=45, method=null, native=false], stack=[E:\WebstormProjects\app-backend-test1\server\controller\LibraryController.js:47,         let score = list[i][2] === '有' ? 1 : 0,             ^, , SyntaxError: Identifier 'score' has already been declared,     at Module._compile (internal/modules/cjs/loader.js:895:18),     at Object.Module._extensions..js (internal/modules/cjs/loader.js:995:10),     at Module.load (internal/modules/cjs/loader.js:815:32),     at Function.Module._load (internal/modules/cjs/loader.js:727:14),     at Module.require (internal/modules/cjs/loader.js:852:19),     at require (internal/modules/cjs/helpers.js:74:18),     at Object.<anonymous> (E:\WebstormProjects\app-backend-test1\server\routes\library.js:4:26),     at Module._compile (internal/modules/cjs/loader.js:959:30),     at Object.Module._extensions..js (internal/modules/cjs/loader.js:995:10),     at Module.load (internal/modules/cjs/loader.js:815:32),     at Function.Module._load (internal/modules/cjs/loader.js:727:14),     at Module.require (internal/modules/cjs/loader.js:852:19),     at require (internal/modules/cjs/helpers.js:74:18),     at Object.routeConfig.init (E:\WebstormProjects\app-backend-test1\server\config\route-config.js:8:29),     at E:\WebstormProjects\app-backend-test1\server\app.js:40:17,     at Object.<anonymous> (E:\WebstormProjects\app-backend-test1\server\app.js:45:3)]
2020-01-14T03:49:39.538Z - error: uncaughtException: Identifier 'score' has already been declared date=Tue Jan 14 2020 11:49:39 GMT+0800 (GMT+08:00), pid=17128, uid=null, gid=null, cwd=E:\WebstormProjects\app-backend-test1, execPath=C:\Program Files\nodejs\node.exe, version=v12.13.1, argv=[C:\Program Files\nodejs\node.exe, E:\WebstormProjects\app-backend-test1\server.js], rss=98979840, heapTotal=73641984, heapUsed=49008968, external=2029069, loadavg=[0, 0, 0], uptime=871189, trace=[column=18, file=internal/modules/cjs/loader.js, function=Module._compile, line=895, method=_compile, native=false, column=10, file=internal/modules/cjs/loader.js, function=Module._extensions..js, line=995, method=.js, native=false, column=32, file=internal/modules/cjs/loader.js, function=Module.load, line=815, method=load, native=false, column=14, file=internal/modules/cjs/loader.js, function=Module._load, line=727, method=_load, native=false, column=19, file=internal/modules/cjs/loader.js, function=Module.require, line=852, method=require, native=false, column=18, file=internal/modules/cjs/helpers.js, function=require, line=74, method=null, native=false, column=26, file=E:\WebstormProjects\app-backend-test1\server\routes\library.js, function=null, line=4, method=null, native=false, column=30, file=internal/modules/cjs/loader.js, function=Module._compile, line=959, method=_compile, native=false, column=10, file=internal/modules/cjs/loader.js, function=Module._extensions..js, line=995, method=.js, native=false, column=32, file=internal/modules/cjs/loader.js, function=Module.load, line=815, method=load, native=false, column=14, file=internal/modules/cjs/loader.js, function=Module._load, line=727, method=_load, native=false, column=19, file=internal/modules/cjs/loader.js, function=Module.require, line=852, method=require, native=false, column=18, file=internal/modules/cjs/helpers.js, function=require, line=74, method=null, native=false, column=29, file=E:\WebstormProjects\app-backend-test1\server\config\route-config.js, function=Object.routeConfig.init, line=8, method=init, native=false, column=17, file=E:\WebstormProjects\app-backend-test1\server\app.js, function=null, line=40, method=null, native=false, column=3, file=E:\WebstormProjects\app-backend-test1\server\app.js, function=null, line=45, method=null, native=false], stack=[E:\WebstormProjects\app-backend-test1\server\controller\LibraryController.js:48,         let score = list[i][2] === '有' ? 1 : 0,             ^, , SyntaxError: Identifier 'score' has already been declared,     at Module._compile (internal/modules/cjs/loader.js:895:18),     at Object.Module._extensions..js (internal/modules/cjs/loader.js:995:10),     at Module.load (internal/modules/cjs/loader.js:815:32),     at Function.Module._load (internal/modules/cjs/loader.js:727:14),     at Module.require (internal/modules/cjs/loader.js:852:19),     at require (internal/modules/cjs/helpers.js:74:18),     at Object.<anonymous> (E:\WebstormProjects\app-backend-test1\server\routes\library.js:4:26),     at Module._compile (internal/modules/cjs/loader.js:959:30),     at Object.Module._extensions..js (internal/modules/cjs/loader.js:995:10),     at Module.load (internal/modules/cjs/loader.js:815:32),     at Function.Module._load (internal/modules/cjs/loader.js:727:14),     at Module.require (internal/modules/cjs/loader.js:852:19),     at require (internal/modules/cjs/helpers.js:74:18),     at Object.routeConfig.init (E:\WebstormProjects\app-backend-test1\server\config\route-config.js:8:29),     at E:\WebstormProjects\app-backend-test1\server\app.js:40:17,     at Object.<anonymous> (E:\WebstormProjects\app-backend-test1\server\app.js:45:3)]
2020-01-14T03:52:35.926Z - info: GET /api/library/create   -  ms
2020-01-14T03:52:50.680Z - info: GET /api/library/create   -  ms
2020-01-14T03:52:58.006Z - info: GET /api/library/list 404 55 - 10.288 ms
2020-01-14T03:53:00.295Z - info: GET /api/library/list 404 55 - 3.343 ms
2020-01-14T03:53:33.277Z - info: POST /api/library/list 200 69 - 111.492 ms
2020-01-14T03:53:35.076Z - info: POST /api/library/list 200 69 - 3.271 ms
2020-01-14T03:54:46.713Z - error: uncaughtException: Unexpected token ')' date=Tue Jan 14 2020 11:54:46 GMT+0800 (GMT+08:00), pid=18568, uid=null, gid=null, cwd=E:\WebstormProjects\app-backend-test1, execPath=C:\Program Files\nodejs\node.exe, version=v12.13.1, argv=[C:\Program Files\nodejs\node.exe, E:\WebstormProjects\app-backend-test1\server.js], rss=98979840, heapTotal=73641984, heapUsed=48922808, external=1915859, loadavg=[0, 0, 0], uptime=871496, trace=[column=18, file=internal/modules/cjs/loader.js, function=Module._compile, line=895, method=_compile, native=false, column=10, file=internal/modules/cjs/loader.js, function=Module._extensions..js, line=995, method=.js, native=false, column=32, file=internal/modules/cjs/loader.js, function=Module.load, line=815, method=load, native=false, column=14, file=internal/modules/cjs/loader.js, function=Module._load, line=727, method=_load, native=false, column=19, file=internal/modules/cjs/loader.js, function=Module.require, line=852, method=require, native=false, column=18, file=internal/modules/cjs/helpers.js, function=require, line=74, method=null, native=false, column=26, file=E:\WebstormProjects\app-backend-test1\server\routes\library.js, function=null, line=4, method=null, native=false, column=30, file=internal/modules/cjs/loader.js, function=Module._compile, line=959, method=_compile, native=false, column=10, file=internal/modules/cjs/loader.js, function=Module._extensions..js, line=995, method=.js, native=false, column=32, file=internal/modules/cjs/loader.js, function=Module.load, line=815, method=load, native=false, column=14, file=internal/modules/cjs/loader.js, function=Module._load, line=727, method=_load, native=false, column=19, file=internal/modules/cjs/loader.js, function=Module.require, line=852, method=require, native=false, column=18, file=internal/modules/cjs/helpers.js, function=require, line=74, method=null, native=false, column=29, file=E:\WebstormProjects\app-backend-test1\server\config\route-config.js, function=Object.routeConfig.init, line=8, method=init, native=false, column=17, file=E:\WebstormProjects\app-backend-test1\server\app.js, function=null, line=40, method=null, native=false, column=3, file=E:\WebstormProjects\app-backend-test1\server\app.js, function=null, line=45, method=null, native=false], stack=[E:\WebstormProjects\app-backend-test1\server\controller\LibraryController.js:64,         if(i === ){,                  ^, , SyntaxError: Unexpected token ')',     at Module._compile (internal/modules/cjs/loader.js:895:18),     at Object.Module._extensions..js (internal/modules/cjs/loader.js:995:10),     at Module.load (internal/modules/cjs/loader.js:815:32),     at Function.Module._load (internal/modules/cjs/loader.js:727:14),     at Module.require (internal/modules/cjs/loader.js:852:19),     at require (internal/modules/cjs/helpers.js:74:18),     at Object.<anonymous> (E:\WebstormProjects\app-backend-test1\server\routes\library.js:4:26),     at Module._compile (internal/modules/cjs/loader.js:959:30),     at Object.Module._extensions..js (internal/modules/cjs/loader.js:995:10),     at Module.load (internal/modules/cjs/loader.js:815:32),     at Function.Module._load (internal/modules/cjs/loader.js:727:14),     at Module.require (internal/modules/cjs/loader.js:852:19),     at require (internal/modules/cjs/helpers.js:74:18),     at Object.routeConfig.init (E:\WebstormProjects\app-backend-test1\server\config\route-config.js:8:29),     at E:\WebstormProjects\app-backend-test1\server\app.js:40:17,     at Object.<anonymous> (E:\WebstormProjects\app-backend-test1\server\app.js:45:3)]
2020-01-14T03:57:45.377Z - info: GET /api/library/create   -  ms
2020-01-14T03:57:54.325Z - info: POST /api/library/list 200 69 - 89.216 ms
2020-01-14T04:03:08.368Z - info: GET /api/library/create   -  ms
2020-01-14T06:06:16.274Z - info: GET /api/library/create   -  ms
2020-01-14T06:12:20.650Z - info: GET /api/library/create   -  ms
2020-01-14T06:20:42.548Z - info: GET /api/library/create   -  ms
2020-01-14T06:20:47.482Z - info: POST /api/library/list 200  - 10.508 ms
2020-01-14T06:25:33.908Z - info: GET /api/library/create   -  ms
2020-01-14T06:25:39.895Z - info: POST /api/library/list 200  - 14.103 ms
2020-01-14T06:28:55.443Z - info: GET /api/library/create   -  ms
2020-01-14T06:29:53.774Z - error: uncaughtException: Unexpected token '}' date=Tue Jan 14 2020 14:29:53 GMT+0800 (GMT+08:00), pid=9764, uid=null, gid=null, cwd=E:\WebstormProjects\app-backend-test1, execPath=C:\Program Files\nodejs\node.exe, version=v12.13.1, argv=[C:\Program Files\nodejs\node.exe, E:\WebstormProjects\app-backend-test1\server.js], rss=98676736, heapTotal=73641984, heapUsed=48990856, external=2015601, loadavg=[0, 0, 0], uptime=5815, trace=[column=18, file=internal/modules/cjs/loader.js, function=Module._compile, line=895, method=_compile, native=false, column=10, file=internal/modules/cjs/loader.js, function=Module._extensions..js, line=995, method=.js, native=false, column=32, file=internal/modules/cjs/loader.js, function=Module.load, line=815, method=load, native=false, column=14, file=internal/modules/cjs/loader.js, function=Module._load, line=727, method=_load, native=false, column=19, file=internal/modules/cjs/loader.js, function=Module.require, line=852, method=require, native=false, column=18, file=internal/modules/cjs/helpers.js, function=require, line=74, method=null, native=false, column=26, file=E:\WebstormProjects\app-backend-test1\server\routes\library.js, function=null, line=4, method=null, native=false, column=30, file=internal/modules/cjs/loader.js, function=Module._compile, line=959, method=_compile, native=false, column=10, file=internal/modules/cjs/loader.js, function=Module._extensions..js, line=995, method=.js, native=false, column=32, file=internal/modules/cjs/loader.js, function=Module.load, line=815, method=load, native=false, column=14, file=internal/modules/cjs/loader.js, function=Module._load, line=727, method=_load, native=false, column=19, file=internal/modules/cjs/loader.js, function=Module.require, line=852, method=require, native=false, column=18, file=internal/modules/cjs/helpers.js, function=require, line=74, method=null, native=false, column=29, file=E:\WebstormProjects\app-backend-test1\server\config\route-config.js, function=Object.routeConfig.init, line=8, method=init, native=false, column=17, file=E:\WebstormProjects\app-backend-test1\server\app.js, function=null, line=40, method=null, native=false, column=3, file=E:\WebstormProjects\app-backend-test1\server\app.js, function=null, line=45, method=null, native=false], stack=[E:\WebstormProjects\app-backend-test1\server\controller\LibraryController.js:74, }, ^, , SyntaxError: Unexpected token '}',     at Module._compile (internal/modules/cjs/loader.js:895:18),     at Object.Module._extensions..js (internal/modules/cjs/loader.js:995:10),     at Module.load (internal/modules/cjs/loader.js:815:32),     at Function.Module._load (internal/modules/cjs/loader.js:727:14),     at Module.require (internal/modules/cjs/loader.js:852:19),     at require (internal/modules/cjs/helpers.js:74:18),     at Object.<anonymous> (E:\WebstormProjects\app-backend-test1\server\routes\library.js:4:26),     at Module._compile (internal/modules/cjs/loader.js:959:30),     at Object.Module._extensions..js (internal/modules/cjs/loader.js:995:10),     at Module.load (internal/modules/cjs/loader.js:815:32),     at Function.Module._load (internal/modules/cjs/loader.js:727:14),     at Module.require (internal/modules/cjs/loader.js:852:19),     at require (internal/modules/cjs/helpers.js:74:18),     at Object.routeConfig.init (E:\WebstormProjects\app-backend-test1\server\config\route-config.js:8:29),     at E:\WebstormProjects\app-backend-test1\server\app.js:40:17,     at Object.<anonymous> (E:\WebstormProjects\app-backend-test1\server\app.js:45:3)]
2020-01-14T06:30:37.644Z - error: uncaughtException: Unexpected token '}' date=Tue Jan 14 2020 14:30:37 GMT+0800 (GMT+08:00), pid=1328, uid=null, gid=null, cwd=E:\WebstormProjects\app-backend-test1, execPath=C:\Program Files\nodejs\node.exe, version=v12.13.1, argv=[C:\Program Files\nodejs\node.exe, E:\WebstormProjects\app-backend-test1\server.js], rss=97828864, heapTotal=72593408, heapUsed=52332960, external=2318675, loadavg=[0, 0, 0], uptime=5859, trace=[column=18, file=internal/modules/cjs/loader.js, function=Module._compile, line=895, method=_compile, native=false, column=10, file=internal/modules/cjs/loader.js, function=Module._extensions..js, line=995, method=.js, native=false, column=32, file=internal/modules/cjs/loader.js, function=Module.load, line=815, method=load, native=false, column=14, file=internal/modules/cjs/loader.js, function=Module._load, line=727, method=_load, native=false, column=19, file=internal/modules/cjs/loader.js, function=Module.require, line=852, method=require, native=false, column=18, file=internal/modules/cjs/helpers.js, function=require, line=74, method=null, native=false, column=26, file=E:\WebstormProjects\app-backend-test1\server\routes\library.js, function=null, line=4, method=null, native=false, column=30, file=internal/modules/cjs/loader.js, function=Module._compile, line=959, method=_compile, native=false, column=10, file=internal/modules/cjs/loader.js, function=Module._extensions..js, line=995, method=.js, native=false, column=32, file=internal/modules/cjs/loader.js, function=Module.load, line=815, method=load, native=false, column=14, file=internal/modules/cjs/loader.js, function=Module._load, line=727, method=_load, native=false, column=19, file=internal/modules/cjs/loader.js, function=Module.require, line=852, method=require, native=false, column=18, file=internal/modules/cjs/helpers.js, function=require, line=74, method=null, native=false, column=29, file=E:\WebstormProjects\app-backend-test1\server\config\route-config.js, function=Object.routeConfig.init, line=8, method=init, native=false, column=17, file=E:\WebstormProjects\app-backend-test1\server\app.js, function=null, line=40, method=null, native=false, column=3, file=E:\WebstormProjects\app-backend-test1\server\app.js, function=null, line=45, method=null, native=false], stack=[E:\WebstormProjects\app-backend-test1\server\controller\LibraryController.js:73, }, ^, , SyntaxError: Unexpected token '}',     at Module._compile (internal/modules/cjs/loader.js:895:18),     at Object.Module._extensions..js (internal/modules/cjs/loader.js:995:10),     at Module.load (internal/modules/cjs/loader.js:815:32),     at Function.Module._load (internal/modules/cjs/loader.js:727:14),     at Module.require (internal/modules/cjs/loader.js:852:19),     at require (internal/modules/cjs/helpers.js:74:18),     at Object.<anonymous> (E:\WebstormProjects\app-backend-test1\server\routes\library.js:4:26),     at Module._compile (internal/modules/cjs/loader.js:959:30),     at Object.Module._extensions..js (internal/modules/cjs/loader.js:995:10),     at Module.load (internal/modules/cjs/loader.js:815:32),     at Function.Module._load (internal/modules/cjs/loader.js:727:14),     at Module.require (internal/modules/cjs/loader.js:852:19),     at require (internal/modules/cjs/helpers.js:74:18),     at Object.routeConfig.init (E:\WebstormProjects\app-backend-test1\server\config\route-config.js:8:29),     at E:\WebstormProjects\app-backend-test1\server\app.js:40:17,     at Object.<anonymous> (E:\WebstormProjects\app-backend-test1\server\app.js:45:3)]
2020-01-14T06:30:50.310Z - error: uncaughtException: Unexpected token '}' date=Tue Jan 14 2020 14:30:50 GMT+0800 (GMT+08:00), pid=3944, uid=null, gid=null, cwd=E:\WebstormProjects\app-backend-test1, execPath=C:\Program Files\nodejs\node.exe, version=v12.13.1, argv=[C:\Program Files\nodejs\node.exe, E:\WebstormProjects\app-backend-test1\server.js], rss=97665024, heapTotal=72331264, heapUsed=52339072, external=2323241, loadavg=[0, 0, 0], uptime=5871, trace=[column=18, file=internal/modules/cjs/loader.js, function=Module._compile, line=895, method=_compile, native=false, column=10, file=internal/modules/cjs/loader.js, function=Module._extensions..js, line=995, method=.js, native=false, column=32, file=internal/modules/cjs/loader.js, function=Module.load, line=815, method=load, native=false, column=14, file=internal/modules/cjs/loader.js, function=Module._load, line=727, method=_load, native=false, column=19, file=internal/modules/cjs/loader.js, function=Module.require, line=852, method=require, native=false, column=18, file=internal/modules/cjs/helpers.js, function=require, line=74, method=null, native=false, column=26, file=E:\WebstormProjects\app-backend-test1\server\routes\library.js, function=null, line=4, method=null, native=false, column=30, file=internal/modules/cjs/loader.js, function=Module._compile, line=959, method=_compile, native=false, column=10, file=internal/modules/cjs/loader.js, function=Module._extensions..js, line=995, method=.js, native=false, column=32, file=internal/modules/cjs/loader.js, function=Module.load, line=815, method=load, native=false, column=14, file=internal/modules/cjs/loader.js, function=Module._load, line=727, method=_load, native=false, column=19, file=internal/modules/cjs/loader.js, function=Module.require, line=852, method=require, native=false, column=18, file=internal/modules/cjs/helpers.js, function=require, line=74, method=null, native=false, column=29, file=E:\WebstormProjects\app-backend-test1\server\config\route-config.js, function=Object.routeConfig.init, line=8, method=init, native=false, column=17, file=E:\WebstormProjects\app-backend-test1\server\app.js, function=null, line=40, method=null, native=false, column=3, file=E:\WebstormProjects\app-backend-test1\server\app.js, function=null, line=45, method=null, native=false], stack=[E:\WebstormProjects\app-backend-test1\server\controller\LibraryController.js:73, }, ^, , SyntaxError: Unexpected token '}',     at Module._compile (internal/modules/cjs/loader.js:895:18),     at Object.Module._extensions..js (internal/modules/cjs/loader.js:995:10),     at Module.load (internal/modules/cjs/loader.js:815:32),     at Function.Module._load (internal/modules/cjs/loader.js:727:14),     at Module.require (internal/modules/cjs/loader.js:852:19),     at require (internal/modules/cjs/helpers.js:74:18),     at Object.<anonymous> (E:\WebstormProjects\app-backend-test1\server\routes\library.js:4:26),     at Module._compile (internal/modules/cjs/loader.js:959:30),     at Object.Module._extensions..js (internal/modules/cjs/loader.js:995:10),     at Module.load (internal/modules/cjs/loader.js:815:32),     at Function.Module._load (internal/modules/cjs/loader.js:727:14),     at Module.require (internal/modules/cjs/loader.js:852:19),     at require (internal/modules/cjs/helpers.js:74:18),     at Object.routeConfig.init (E:\WebstormProjects\app-backend-test1\server\config\route-config.js:8:29),     at E:\WebstormProjects\app-backend-test1\server\app.js:40:17,     at Object.<anonymous> (E:\WebstormProjects\app-backend-test1\server\app.js:45:3)]
2020-01-14T06:31:07.187Z - error: uncaughtException: Unexpected token '}' date=Tue Jan 14 2020 14:31:07 GMT+0800 (GMT+08:00), pid=2360, uid=null, gid=null, cwd=E:\WebstormProjects\app-backend-test1, execPath=C:\Program Files\nodejs\node.exe, version=v12.13.1, argv=[C:\Program Files\nodejs\node.exe, E:\WebstormProjects\app-backend-test1\server.js], rss=97935360, heapTotal=72593408, heapUsed=52287176, external=2331433, loadavg=[0, 0, 0], uptime=5888, trace=[column=18, file=internal/modules/cjs/loader.js, function=Module._compile, line=895, method=_compile, native=false, column=10, file=internal/modules/cjs/loader.js, function=Module._extensions..js, line=995, method=.js, native=false, column=32, file=internal/modules/cjs/loader.js, function=Module.load, line=815, method=load, native=false, column=14, file=internal/modules/cjs/loader.js, function=Module._load, line=727, method=_load, native=false, column=19, file=internal/modules/cjs/loader.js, function=Module.require, line=852, method=require, native=false, column=18, file=internal/modules/cjs/helpers.js, function=require, line=74, method=null, native=false, column=26, file=E:\WebstormProjects\app-backend-test1\server\routes\library.js, function=null, line=4, method=null, native=false, column=30, file=internal/modules/cjs/loader.js, function=Module._compile, line=959, method=_compile, native=false, column=10, file=internal/modules/cjs/loader.js, function=Module._extensions..js, line=995, method=.js, native=false, column=32, file=internal/modules/cjs/loader.js, function=Module.load, line=815, method=load, native=false, column=14, file=internal/modules/cjs/loader.js, function=Module._load, line=727, method=_load, native=false, column=19, file=internal/modules/cjs/loader.js, function=Module.require, line=852, method=require, native=false, column=18, file=internal/modules/cjs/helpers.js, function=require, line=74, method=null, native=false, column=29, file=E:\WebstormProjects\app-backend-test1\server\config\route-config.js, function=Object.routeConfig.init, line=8, method=init, native=false, column=17, file=E:\WebstormProjects\app-backend-test1\server\app.js, function=null, line=40, method=null, native=false, column=3, file=E:\WebstormProjects\app-backend-test1\server\app.js, function=null, line=45, method=null, native=false], stack=[E:\WebstormProjects\app-backend-test1\server\controller\LibraryController.js:73, }, ^, , SyntaxError: Unexpected token '}',     at Module._compile (internal/modules/cjs/loader.js:895:18),     at Object.Module._extensions..js (internal/modules/cjs/loader.js:995:10),     at Module.load (internal/modules/cjs/loader.js:815:32),     at Function.Module._load (internal/modules/cjs/loader.js:727:14),     at Module.require (internal/modules/cjs/loader.js:852:19),     at require (internal/modules/cjs/helpers.js:74:18),     at Object.<anonymous> (E:\WebstormProjects\app-backend-test1\server\routes\library.js:4:26),     at Module._compile (internal/modules/cjs/loader.js:959:30),     at Object.Module._extensions..js (internal/modules/cjs/loader.js:995:10),     at Module.load (internal/modules/cjs/loader.js:815:32),     at Function.Module._load (internal/modules/cjs/loader.js:727:14),     at Module.require (internal/modules/cjs/loader.js:852:19),     at require (internal/modules/cjs/helpers.js:74:18),     at Object.routeConfig.init (E:\WebstormProjects\app-backend-test1\server\config\route-config.js:8:29),     at E:\WebstormProjects\app-backend-test1\server\app.js:40:17,     at Object.<anonymous> (E:\WebstormProjects\app-backend-test1\server\app.js:45:3)]
2020-01-14T06:34:08.647Z - info: GET /api/library/create   -  ms
2020-01-14T06:37:30.270Z - info: GET /api/library/create   -  ms
2020-01-14T06:43:19.066Z - info: POST /api/library/list 200  - 275.058 ms
2020-01-14T06:44:08.581Z - error: uncaughtException: Unexpected token '}' date=Tue Jan 14 2020 14:44:08 GMT+0800 (GMT+08:00), pid=4144, uid=null, gid=null, cwd=E:\WebstormProjects\app-backend-test1, execPath=C:\Program Files\nodejs\node.exe, version=v12.13.1, argv=[C:\Program Files\nodejs\node.exe, E:\WebstormProjects\app-backend-test1\server.js], rss=97783808, heapTotal=72593408, heapUsed=52346104, external=2331433, loadavg=[0, 0, 0], uptime=6670, trace=[column=18, file=internal/modules/cjs/loader.js, function=Module._compile, line=895, method=_compile, native=false, column=10, file=internal/modules/cjs/loader.js, function=Module._extensions..js, line=995, method=.js, native=false, column=32, file=internal/modules/cjs/loader.js, function=Module.load, line=815, method=load, native=false, column=14, file=internal/modules/cjs/loader.js, function=Module._load, line=727, method=_load, native=false, column=19, file=internal/modules/cjs/loader.js, function=Module.require, line=852, method=require, native=false, column=18, file=internal/modules/cjs/helpers.js, function=require, line=74, method=null, native=false, column=26, file=E:\WebstormProjects\app-backend-test1\server\routes\library.js, function=null, line=4, method=null, native=false, column=30, file=internal/modules/cjs/loader.js, function=Module._compile, line=959, method=_compile, native=false, column=10, file=internal/modules/cjs/loader.js, function=Module._extensions..js, line=995, method=.js, native=false, column=32, file=internal/modules/cjs/loader.js, function=Module.load, line=815, method=load, native=false, column=14, file=internal/modules/cjs/loader.js, function=Module._load, line=727, method=_load, native=false, column=19, file=internal/modules/cjs/loader.js, function=Module.require, line=852, method=require, native=false, column=18, file=internal/modules/cjs/helpers.js, function=require, line=74, method=null, native=false, column=29, file=E:\WebstormProjects\app-backend-test1\server\config\route-config.js, function=Object.routeConfig.init, line=8, method=init, native=false, column=17, file=E:\WebstormProjects\app-backend-test1\server\app.js, function=null, line=40, method=null, native=false, column=3, file=E:\WebstormProjects\app-backend-test1\server\app.js, function=null, line=45, method=null, native=false], stack=[E:\WebstormProjects\app-backend-test1\server\controller\LibraryController.js:65, }, ^, , SyntaxError: Unexpected token '}',     at Module._compile (internal/modules/cjs/loader.js:895:18),     at Object.Module._extensions..js (internal/modules/cjs/loader.js:995:10),     at Module.load (internal/modules/cjs/loader.js:815:32),     at Function.Module._load (internal/modules/cjs/loader.js:727:14),     at Module.require (internal/modules/cjs/loader.js:852:19),     at require (internal/modules/cjs/helpers.js:74:18),     at Object.<anonymous> (E:\WebstormProjects\app-backend-test1\server\routes\library.js:4:26),     at Module._compile (internal/modules/cjs/loader.js:959:30),     at Object.Module._extensions..js (internal/modules/cjs/loader.js:995:10),     at Module.load (internal/modules/cjs/loader.js:815:32),     at Function.Module._load (internal/modules/cjs/loader.js:727:14),     at Module.require (internal/modules/cjs/loader.js:852:19),     at require (internal/modules/cjs/helpers.js:74:18),     at Object.routeConfig.init (E:\WebstormProjects\app-backend-test1\server\config\route-config.js:8:29),     at E:\WebstormProjects\app-backend-test1\server\app.js:40:17,     at Object.<anonymous> (E:\WebstormProjects\app-backend-test1\server\app.js:45:3)]
2020-01-14T06:46:17.452Z - error: uncaughtException: missing ) after argument list date=Tue Jan 14 2020 14:46:17 GMT+0800 (GMT+08:00), pid=9400, uid=null, gid=null, cwd=E:\WebstormProjects\app-backend-test1, execPath=C:\Program Files\nodejs\node.exe, version=v12.13.1, argv=[C:\Program Files\nodejs\node.exe, E:\WebstormProjects\app-backend-test1\server.js], rss=97140736, heapTotal=72069120, heapUsed=52318024, external=2323241, loadavg=[0, 0, 0], uptime=6798, trace=[column=18, file=internal/modules/cjs/loader.js, function=Module._compile, line=895, method=_compile, native=false, column=10, file=internal/modules/cjs/loader.js, function=Module._extensions..js, line=995, method=.js, native=false, column=32, file=internal/modules/cjs/loader.js, function=Module.load, line=815, method=load, native=false, column=14, file=internal/modules/cjs/loader.js, function=Module._load, line=727, method=_load, native=false, column=19, file=internal/modules/cjs/loader.js, function=Module.require, line=852, method=require, native=false, column=18, file=internal/modules/cjs/helpers.js, function=require, line=74, method=null, native=false, column=26, file=E:\WebstormProjects\app-backend-test1\server\routes\library.js, function=null, line=4, method=null, native=false, column=30, file=internal/modules/cjs/loader.js, function=Module._compile, line=959, method=_compile, native=false, column=10, file=internal/modules/cjs/loader.js, function=Module._extensions..js, line=995, method=.js, native=false, column=32, file=internal/modules/cjs/loader.js, function=Module.load, line=815, method=load, native=false, column=14, file=internal/modules/cjs/loader.js, function=Module._load, line=727, method=_load, native=false, column=19, file=internal/modules/cjs/loader.js, function=Module.require, line=852, method=require, native=false, column=18, file=internal/modules/cjs/helpers.js, function=require, line=74, method=null, native=false, column=29, file=E:\WebstormProjects\app-backend-test1\server\config\route-config.js, function=Object.routeConfig.init, line=8, method=init, native=false, column=17, file=E:\WebstormProjects\app-backend-test1\server\app.js, function=null, line=40, method=null, native=false, column=3, file=E:\WebstormProjects\app-backend-test1\server\app.js, function=null, line=45, method=null, native=false], stack=[E:\WebstormProjects\app-backend-test1\server\controller\LibraryController.js:41,     });,      ^, , SyntaxError: missing ) after argument list,     at Module._compile (internal/modules/cjs/loader.js:895:18),     at Object.Module._extensions..js (internal/modules/cjs/loader.js:995:10),     at Module.load (internal/modules/cjs/loader.js:815:32),     at Function.Module._load (internal/modules/cjs/loader.js:727:14),     at Module.require (internal/modules/cjs/loader.js:852:19),     at require (internal/modules/cjs/helpers.js:74:18),     at Object.<anonymous> (E:\WebstormProjects\app-backend-test1\server\routes\library.js:4:26),     at Module._compile (internal/modules/cjs/loader.js:959:30),     at Object.Module._extensions..js (internal/modules/cjs/loader.js:995:10),     at Module.load (internal/modules/cjs/loader.js:815:32),     at Function.Module._load (internal/modules/cjs/loader.js:727:14),     at Module.require (internal/modules/cjs/loader.js:852:19),     at require (internal/modules/cjs/helpers.js:74:18),     at Object.routeConfig.init (E:\WebstormProjects\app-backend-test1\server\config\route-config.js:8:29),     at E:\WebstormProjects\app-backend-test1\server\app.js:40:17,     at Object.<anonymous> (E:\WebstormProjects\app-backend-test1\server\app.js:45:3)]
2020-01-14T06:48:19.132Z - info: GET /api/library/create   -  ms
2020-01-14T06:53:22.445Z - error: uncaughtException: missing ) after argument list date=Tue Jan 14 2020 14:53:22 GMT+0800 (GMT+08:00), pid=1564, uid=null, gid=null, cwd=E:\WebstormProjects\app-backend-test1, execPath=C:\Program Files\nodejs\node.exe, version=v12.13.1, argv=[C:\Program Files\nodejs\node.exe, E:\WebstormProjects\app-backend-test1\server.js], rss=98619392, heapTotal=73904128, heapUsed=48973680, external=1915859, loadavg=[0, 0, 0], uptime=7223, trace=[column=18, file=internal/modules/cjs/loader.js, function=Module._compile, line=895, method=_compile, native=false, column=10, file=internal/modules/cjs/loader.js, function=Module._extensions..js, line=995, method=.js, native=false, column=32, file=internal/modules/cjs/loader.js, function=Module.load, line=815, method=load, native=false, column=14, file=internal/modules/cjs/loader.js, function=Module._load, line=727, method=_load, native=false, column=19, file=internal/modules/cjs/loader.js, function=Module.require, line=852, method=require, native=false, column=18, file=internal/modules/cjs/helpers.js, function=require, line=74, method=null, native=false, column=26, file=E:\WebstormProjects\app-backend-test1\server\routes\library.js, function=null, line=4, method=null, native=false, column=30, file=internal/modules/cjs/loader.js, function=Module._compile, line=959, method=_compile, native=false, column=10, file=internal/modules/cjs/loader.js, function=Module._extensions..js, line=995, method=.js, native=false, column=32, file=internal/modules/cjs/loader.js, function=Module.load, line=815, method=load, native=false, column=14, file=internal/modules/cjs/loader.js, function=Module._load, line=727, method=_load, native=false, column=19, file=internal/modules/cjs/loader.js, function=Module.require, line=852, method=require, native=false, column=18, file=internal/modules/cjs/helpers.js, function=require, line=74, method=null, native=false, column=29, file=E:\WebstormProjects\app-backend-test1\server\config\route-config.js, function=Object.routeConfig.init, line=8, method=init, native=false, column=17, file=E:\WebstormProjects\app-backend-test1\server\app.js, function=null, line=40, method=null, native=false, column=3, file=E:\WebstormProjects\app-backend-test1\server\app.js, function=null, line=45, method=null, native=false], stack=[E:\WebstormProjects\app-backend-test1\server\controller\LibraryController.js:36,     fs.readdirSync(path.join(__dirname, `../../LibraryFile/`),                                                             ^, , SyntaxError: missing ) after argument list,     at Module._compile (internal/modules/cjs/loader.js:895:18),     at Object.Module._extensions..js (internal/modules/cjs/loader.js:995:10),     at Module.load (internal/modules/cjs/loader.js:815:32),     at Function.Module._load (internal/modules/cjs/loader.js:727:14),     at Module.require (internal/modules/cjs/loader.js:852:19),     at require (internal/modules/cjs/helpers.js:74:18),     at Object.<anonymous> (E:\WebstormProjects\app-backend-test1\server\routes\library.js:4:26),     at Module._compile (internal/modules/cjs/loader.js:959:30),     at Object.Module._extensions..js (internal/modules/cjs/loader.js:995:10),     at Module.load (internal/modules/cjs/loader.js:815:32),     at Function.Module._load (internal/modules/cjs/loader.js:727:14),     at Module.require (internal/modules/cjs/loader.js:852:19),     at require (internal/modules/cjs/helpers.js:74:18),     at Object.routeConfig.init (E:\WebstormProjects\app-backend-test1\server\config\route-config.js:8:29),     at E:\WebstormProjects\app-backend-test1\server\app.js:40:17,     at Object.<anonymous> (E:\WebstormProjects\app-backend-test1\server\app.js:45:3)]
2020-01-14T06:53:34.639Z - error: uncaughtException: missing ) after argument list date=Tue Jan 14 2020 14:53:34 GMT+0800 (GMT+08:00), pid=7804, uid=null, gid=null, cwd=E:\WebstormProjects\app-backend-test1, execPath=C:\Program Files\nodejs\node.exe, version=v12.13.1, argv=[C:\Program Files\nodejs\node.exe, E:\WebstormProjects\app-backend-test1\server.js], rss=98750464, heapTotal=73641984, heapUsed=48976800, external=2015601, loadavg=[0, 0, 0], uptime=7236, trace=[column=18, file=internal/modules/cjs/loader.js, function=Module._compile, line=895, method=_compile, native=false, column=10, file=internal/modules/cjs/loader.js, function=Module._extensions..js, line=995, method=.js, native=false, column=32, file=internal/modules/cjs/loader.js, function=Module.load, line=815, method=load, native=false, column=14, file=internal/modules/cjs/loader.js, function=Module._load, line=727, method=_load, native=false, column=19, file=internal/modules/cjs/loader.js, function=Module.require, line=852, method=require, native=false, column=18, file=internal/modules/cjs/helpers.js, function=require, line=74, method=null, native=false, column=26, file=E:\WebstormProjects\app-backend-test1\server\routes\library.js, function=null, line=4, method=null, native=false, column=30, file=internal/modules/cjs/loader.js, function=Module._compile, line=959, method=_compile, native=false, column=10, file=internal/modules/cjs/loader.js, function=Module._extensions..js, line=995, method=.js, native=false, column=32, file=internal/modules/cjs/loader.js, function=Module.load, line=815, method=load, native=false, column=14, file=internal/modules/cjs/loader.js, function=Module._load, line=727, method=_load, native=false, column=19, file=internal/modules/cjs/loader.js, function=Module.require, line=852, method=require, native=false, column=18, file=internal/modules/cjs/helpers.js, function=require, line=74, method=null, native=false, column=29, file=E:\WebstormProjects\app-backend-test1\server\config\route-config.js, function=Object.routeConfig.init, line=8, method=init, native=false, column=17, file=E:\WebstormProjects\app-backend-test1\server\app.js, function=null, line=40, method=null, native=false, column=3, file=E:\WebstormProjects\app-backend-test1\server\app.js, function=null, line=45, method=null, native=false], stack=[E:\WebstormProjects\app-backend-test1\server\controller\LibraryController.js:36,     var files = fs.readdirSync(path.join(__dirname, `../../LibraryFile/`),                                                                         ^, , SyntaxError: missing ) after argument list,     at Module._compile (internal/modules/cjs/loader.js:895:18),     at Object.Module._extensions..js (internal/modules/cjs/loader.js:995:10),     at Module.load (internal/modules/cjs/loader.js:815:32),     at Function.Module._load (internal/modules/cjs/loader.js:727:14),     at Module.require (internal/modules/cjs/loader.js:852:19),     at require (internal/modules/cjs/helpers.js:74:18),     at Object.<anonymous> (E:\WebstormProjects\app-backend-test1\server\routes\library.js:4:26),     at Module._compile (internal/modules/cjs/loader.js:959:30),     at Object.Module._extensions..js (internal/modules/cjs/loader.js:995:10),     at Module.load (internal/modules/cjs/loader.js:815:32),     at Function.Module._load (internal/modules/cjs/loader.js:727:14),     at Module.require (internal/modules/cjs/loader.js:852:19),     at require (internal/modules/cjs/helpers.js:74:18),     at Object.routeConfig.init (E:\WebstormProjects\app-backend-test1\server\config\route-config.js:8:29),     at E:\WebstormProjects\app-backend-test1\server\app.js:40:17,     at Object.<anonymous> (E:\WebstormProjects\app-backend-test1\server\app.js:45:3)]
2020-01-14T06:53:40.985Z - error: uncaughtException: missing ) after argument list date=Tue Jan 14 2020 14:53:40 GMT+0800 (GMT+08:00), pid=2312, uid=null, gid=null, cwd=E:\WebstormProjects\app-backend-test1, execPath=C:\Program Files\nodejs\node.exe, version=v12.13.1, argv=[C:\Program Files\nodejs\node.exe, E:\WebstormProjects\app-backend-test1\server.js], rss=97333248, heapTotal=72069120, heapUsed=52536800, external=2350161, loadavg=[0, 0, 0], uptime=7242, trace=[column=18, file=internal/modules/cjs/loader.js, function=Module._compile, line=895, method=_compile, native=false, column=10, file=internal/modules/cjs/loader.js, function=Module._extensions..js, line=995, method=.js, native=false, column=32, file=internal/modules/cjs/loader.js, function=Module.load, line=815, method=load, native=false, column=14, file=internal/modules/cjs/loader.js, function=Module._load, line=727, method=_load, native=false, column=19, file=internal/modules/cjs/loader.js, function=Module.require, line=852, method=require, native=false, column=18, file=internal/modules/cjs/helpers.js, function=require, line=74, method=null, native=false, column=26, file=E:\WebstormProjects\app-backend-test1\server\routes\library.js, function=null, line=4, method=null, native=false, column=30, file=internal/modules/cjs/loader.js, function=Module._compile, line=959, method=_compile, native=false, column=10, file=internal/modules/cjs/loader.js, function=Module._extensions..js, line=995, method=.js, native=false, column=32, file=internal/modules/cjs/loader.js, function=Module.load, line=815, method=load, native=false, column=14, file=internal/modules/cjs/loader.js, function=Module._load, line=727, method=_load, native=false, column=19, file=internal/modules/cjs/loader.js, function=Module.require, line=852, method=require, native=false, column=18, file=internal/modules/cjs/helpers.js, function=require, line=74, method=null, native=false, column=29, file=E:\WebstormProjects\app-backend-test1\server\config\route-config.js, function=Object.routeConfig.init, line=8, method=init, native=false, column=17, file=E:\WebstormProjects\app-backend-test1\server\app.js, function=null, line=40, method=null, native=false, column=3, file=E:\WebstormProjects\app-backend-test1\server\app.js, function=null, line=45, method=null, native=false], stack=[E:\WebstormProjects\app-backend-test1\server\controller\LibraryController.js:36,     var files = fs.readdirSync(path.join(__dirname, `../../LibraryFile`),                                                                        ^, , SyntaxError: missing ) after argument list,     at Module._compile (internal/modules/cjs/loader.js:895:18),     at Object.Module._extensions..js (internal/modules/cjs/loader.js:995:10),     at Module.load (internal/modules/cjs/loader.js:815:32),     at Function.Module._load (internal/modules/cjs/loader.js:727:14),     at Module.require (internal/modules/cjs/loader.js:852:19),     at require (internal/modules/cjs/helpers.js:74:18),     at Object.<anonymous> (E:\WebstormProjects\app-backend-test1\server\routes\library.js:4:26),     at Module._compile (internal/modules/cjs/loader.js:959:30),     at Object.Module._extensions..js (internal/modules/cjs/loader.js:995:10),     at Module.load (internal/modules/cjs/loader.js:815:32),     at Function.Module._load (internal/modules/cjs/loader.js:727:14),     at Module.require (internal/modules/cjs/loader.js:852:19),     at require (internal/modules/cjs/helpers.js:74:18),     at Object.routeConfig.init (E:\WebstormProjects\app-backend-test1\server\config\route-config.js:8:29),     at E:\WebstormProjects\app-backend-test1\server\app.js:40:17,     at Object.<anonymous> (E:\WebstormProjects\app-backend-test1\server\app.js:45:3)]
2020-01-14T06:53:47.047Z - error: uncaughtException: missing ) after argument list date=Tue Jan 14 2020 14:53:47 GMT+0800 (GMT+08:00), pid=8140, uid=null, gid=null, cwd=E:\WebstormProjects\app-backend-test1, execPath=C:\Program Files\nodejs\node.exe, version=v12.13.1, argv=[C:\Program Files\nodejs\node.exe, E:\WebstormProjects\app-backend-test1\server.js], rss=97943552, heapTotal=72593408, heapUsed=52334400, external=2323241, loadavg=[0, 0, 0], uptime=7248, trace=[column=18, file=internal/modules/cjs/loader.js, function=Module._compile, line=895, method=_compile, native=false, column=10, file=internal/modules/cjs/loader.js, function=Module._extensions..js, line=995, method=.js, native=false, column=32, file=internal/modules/cjs/loader.js, function=Module.load, line=815, method=load, native=false, column=14, file=internal/modules/cjs/loader.js, function=Module._load, line=727, method=_load, native=false, column=19, file=internal/modules/cjs/loader.js, function=Module.require, line=852, method=require, native=false, column=18, file=internal/modules/cjs/helpers.js, function=require, line=74, method=null, native=false, column=26, file=E:\WebstormProjects\app-backend-test1\server\routes\library.js, function=null, line=4, method=null, native=false, column=30, file=internal/modules/cjs/loader.js, function=Module._compile, line=959, method=_compile, native=false, column=10, file=internal/modules/cjs/loader.js, function=Module._extensions..js, line=995, method=.js, native=false, column=32, file=internal/modules/cjs/loader.js, function=Module.load, line=815, method=load, native=false, column=14, file=internal/modules/cjs/loader.js, function=Module._load, line=727, method=_load, native=false, column=19, file=internal/modules/cjs/loader.js, function=Module.require, line=852, method=require, native=false, column=18, file=internal/modules/cjs/helpers.js, function=require, line=74, method=null, native=false, column=29, file=E:\WebstormProjects\app-backend-test1\server\config\route-config.js, function=Object.routeConfig.init, line=8, method=init, native=false, column=17, file=E:\WebstormProjects\app-backend-test1\server\app.js, function=null, line=40, method=null, native=false, column=3, file=E:\WebstormProjects\app-backend-test1\server\app.js, function=null, line=45, method=null, native=false], stack=[E:\WebstormProjects\app-backend-test1\server\controller\LibraryController.js:36,     var files = fs.readdirSync(path.join(__dirname, `../../LibraryFile/`),                                                                         ^, , SyntaxError: missing ) after argument list,     at Module._compile (internal/modules/cjs/loader.js:895:18),     at Object.Module._extensions..js (internal/modules/cjs/loader.js:995:10),     at Module.load (internal/modules/cjs/loader.js:815:32),     at Function.Module._load (internal/modules/cjs/loader.js:727:14),     at Module.require (internal/modules/cjs/loader.js:852:19),     at require (internal/modules/cjs/helpers.js:74:18),     at Object.<anonymous> (E:\WebstormProjects\app-backend-test1\server\routes\library.js:4:26),     at Module._compile (internal/modules/cjs/loader.js:959:30),     at Object.Module._extensions..js (internal/modules/cjs/loader.js:995:10),     at Module.load (internal/modules/cjs/loader.js:815:32),     at Function.Module._load (internal/modules/cjs/loader.js:727:14),     at Module.require (internal/modules/cjs/loader.js:852:19),     at require (internal/modules/cjs/helpers.js:74:18),     at Object.routeConfig.init (E:\WebstormProjects\app-backend-test1\server\config\route-config.js:8:29),     at E:\WebstormProjects\app-backend-test1\server\app.js:40:17,     at Object.<anonymous> (E:\WebstormProjects\app-backend-test1\server\app.js:45:3)]
2020-01-14T07:00:59.296Z - info: GET /api/library/create   -  ms
2020-01-14T07:02:57.596Z - info: GET /api/library/create   -  ms
2020-01-14T07:13:46.332Z - info: POST /api/library/list 200  - 163.393 ms
