2019-12-30T01:55:47.326Z - error: uncaughtException: Cannot find module '../routes/member'
Require stack:
- E:\WebstormProjects\app-backend-test\server\config\route-config.js
- E:\WebstormProjects\app-backend-test\server\app.js
- E:\WebstormProjects\app-backend-test\server.js date=Mon Dec 30 2019 09:55:47 GMT+0800 (GMT+08:00), pid=1152, uid=null, gid=null, cwd=E:\WebstormProjects\app-backend-test, execPath=C:\Program Files\nodejs\node.exe, version=v12.13.1, argv=[C:\Program Files\nodejs\node.exe, E:\WebstormProjects\app-backend-test\server.js, PROT=3000, NODE_ENV=production], rss=77135872, heapTotal=59461632, heapUsed=34984088, external=1388933, loadavg=[0, 0, 0], uptime=1599, trace=[column=15, file=internal/modules/cjs/loader.js, function=Module._resolveFilename, line=797, method=_resolveFilename, native=false, column=27, file=internal/modules/cjs/loader.js, function=Module._load, line=690, method=_load, native=false, column=19, file=internal/modules/cjs/loader.js, function=Module.require, line=852, method=require, native=false, column=18, file=internal/modules/cjs/helpers.js, function=require, line=74, method=null, native=false, column=22, file=E:\WebstormProjects\app-backend-test\server\config\route-config.js, function=Object.routeConfig.init, line=6, method=init, native=false, column=17, file=E:\WebstormProjects\app-backend-test\server\app.js, function=null, line=40, method=null, native=false, column=3, file=E:\WebstormProjects\app-backend-test\server\app.js, function=null, line=45, method=null, native=false, column=30, file=internal/modules/cjs/loader.js, function=Module._compile, line=959, method=_compile, native=false, column=10, file=internal/modules/cjs/loader.js, function=Module._extensions..js, line=995, method=.js, native=false, column=32, file=internal/modules/cjs/loader.js, function=Module.load, line=815, method=load, native=false], stack=[Error: Cannot find module '../routes/member', Require stack:, - E:\WebstormProjects\app-backend-test\server\config\route-config.js, - E:\WebstormProjects\app-backend-test\server\app.js, - E:\WebstormProjects\app-backend-test\server.js,     at Function.Module._resolveFilename (internal/modules/cjs/loader.js:797:15),     at Function.Module._load (internal/modules/cjs/loader.js:690:27),     at Module.require (internal/modules/cjs/loader.js:852:19),     at require (internal/modules/cjs/helpers.js:74:18),     at Object.routeConfig.init (E:\WebstormProjects\app-backend-test\server\config\route-config.js:6:22),     at E:\WebstormProjects\app-backend-test\server\app.js:40:17,     at Object.<anonymous> (E:\WebstormProjects\app-backend-test\server\app.js:45:3),     at Module._compile (internal/modules/cjs/loader.js:959:30),     at Object.Module._extensions..js (internal/modules/cjs/loader.js:995:10),     at Module.load (internal/modules/cjs/loader.js:815:32)]
2019-12-30T01:56:45.948Z - error: uncaughtException: Cannot find module '../routes/member'
Require stack:
- E:\WebstormProjects\app-backend-test\server\config\route-config.js
- E:\WebstormProjects\app-backend-test\server\app.js
- E:\WebstormProjects\app-backend-test\server.js date=Mon Dec 30 2019 09:56:45 GMT+0800 (GMT+08:00), pid=4232, uid=null, gid=null, cwd=E:\WebstormProjects\app-backend-test, execPath=C:\Program Files\nodejs\node.exe, version=v12.13.1, argv=[C:\Program Files\nodejs\node.exe, E:\WebstormProjects\app-backend-test\server.js, PROT=3000, NODE_ENV=production], rss=77029376, heapTotal=59199488, heapUsed=35236336, external=1422152, loadavg=[0, 0, 0], uptime=1658, trace=[column=15, file=internal/modules/cjs/loader.js, function=Module._resolveFilename, line=797, method=_resolveFilename, native=false, column=27, file=internal/modules/cjs/loader.js, function=Module._load, line=690, method=_load, native=false, column=19, file=internal/modules/cjs/loader.js, function=Module.require, line=852, method=require, native=false, column=18, file=internal/modules/cjs/helpers.js, function=require, line=74, method=null, native=false, column=24, file=E:\WebstormProjects\app-backend-test\server\config\route-config.js, function=Object.routeConfig.init, line=7, method=init, native=false, column=17, file=E:\WebstormProjects\app-backend-test\server\app.js, function=null, line=40, method=null, native=false, column=3, file=E:\WebstormProjects\app-backend-test\server\app.js, function=null, line=45, method=null, native=false, column=30, file=internal/modules/cjs/loader.js, function=Module._compile, line=959, method=_compile, native=false, column=10, file=internal/modules/cjs/loader.js, function=Module._extensions..js, line=995, method=.js, native=false, column=32, file=internal/modules/cjs/loader.js, function=Module.load, line=815, method=load, native=false], stack=[Error: Cannot find module '../routes/member', Require stack:, - E:\WebstormProjects\app-backend-test\server\config\route-config.js, - E:\WebstormProjects\app-backend-test\server\app.js, - E:\WebstormProjects\app-backend-test\server.js,     at Function.Module._resolveFilename (internal/modules/cjs/loader.js:797:15),     at Function.Module._load (internal/modules/cjs/loader.js:690:27),     at Module.require (internal/modules/cjs/loader.js:852:19),     at require (internal/modules/cjs/helpers.js:74:18),     at Object.routeConfig.init (E:\WebstormProjects\app-backend-test\server\config\route-config.js:7:24),     at E:\WebstormProjects\app-backend-test\server\app.js:40:17,     at Object.<anonymous> (E:\WebstormProjects\app-backend-test\server\app.js:45:3),     at Module._compile (internal/modules/cjs/loader.js:959:30),     at Object.Module._extensions..js (internal/modules/cjs/loader.js:995:10),     at Module.load (internal/modules/cjs/loader.js:815:32)]
2019-12-30T01:59:11.184Z - error: uncaughtException: Cannot find module '../routes/member'
Require stack:
- E:\WebstormProjects\app-backend-test\server\config\route-config.js
- E:\WebstormProjects\app-backend-test\server\app.js
- E:\WebstormProjects\app-backend-test\server.js date=Mon Dec 30 2019 09:59:11 GMT+0800 (GMT+08:00), pid=852, uid=null, gid=null, cwd=E:\WebstormProjects\app-backend-test, execPath=C:\Program Files\nodejs\node.exe, version=v12.13.1, argv=[C:\Program Files\nodejs\node.exe, E:\WebstormProjects\app-backend-test\server.js], rss=76673024, heapTotal=59461632, heapUsed=34929912, external=1388933, loadavg=[0, 0, 0], uptime=1803, trace=[column=15, file=internal/modules/cjs/loader.js, function=Module._resolveFilename, line=797, method=_resolveFilename, native=false, column=27, file=internal/modules/cjs/loader.js, function=Module._load, line=690, method=_load, native=false, column=19, file=internal/modules/cjs/loader.js, function=Module.require, line=852, method=require, native=false, column=18, file=internal/modules/cjs/helpers.js, function=require, line=74, method=null, native=false, column=28, file=E:\WebstormProjects\app-backend-test\server\config\route-config.js, function=Object.routeConfig.init, line=6, method=init, native=false, column=17, file=E:\WebstormProjects\app-backend-test\server\app.js, function=null, line=40, method=null, native=false, column=3, file=E:\WebstormProjects\app-backend-test\server\app.js, function=null, line=45, method=null, native=false, column=30, file=internal/modules/cjs/loader.js, function=Module._compile, line=959, method=_compile, native=false, column=10, file=internal/modules/cjs/loader.js, function=Module._extensions..js, line=995, method=.js, native=false, column=32, file=internal/modules/cjs/loader.js, function=Module.load, line=815, method=load, native=false], stack=[Error: Cannot find module '../routes/member', Require stack:, - E:\WebstormProjects\app-backend-test\server\config\route-config.js, - E:\WebstormProjects\app-backend-test\server\app.js, - E:\WebstormProjects\app-backend-test\server.js,     at Function.Module._resolveFilename (internal/modules/cjs/loader.js:797:15),     at Function.Module._load (internal/modules/cjs/loader.js:690:27),     at Module.require (internal/modules/cjs/loader.js:852:19),     at require (internal/modules/cjs/helpers.js:74:18),     at Object.routeConfig.init (E:\WebstormProjects\app-backend-test\server\config\route-config.js:6:28),     at E:\WebstormProjects\app-backend-test\server\app.js:40:17,     at Object.<anonymous> (E:\WebstormProjects\app-backend-test\server\app.js:45:3),     at Module._compile (internal/modules/cjs/loader.js:959:30),     at Object.Module._extensions..js (internal/modules/cjs/loader.js:995:10),     at Module.load (internal/modules/cjs/loader.js:815:32)]
2019-12-30T02:01:09.620Z - error: uncaughtException: Cannot find module '../routes/index'
Require stack:
- E:\WebstormProjects\app-backend-test\server\config\route-config.js
- E:\WebstormProjects\app-backend-test\server\app.js
- E:\WebstormProjects\app-backend-test\server.js date=Mon Dec 30 2019 10:01:09 GMT+0800 (GMT+08:00), pid=3348, uid=null, gid=null, cwd=E:\WebstormProjects\app-backend-test, execPath=C:\Program Files\nodejs\node.exe, version=v12.13.1, argv=[C:\Program Files\nodejs\node.exe, E:\WebstormProjects\app-backend-test\server.js], rss=76726272, heapTotal=59199488, heapUsed=35017720, external=1388933, loadavg=[0, 0, 0], uptime=1922, trace=[column=15, file=internal/modules/cjs/loader.js, function=Module._resolveFilename, line=797, method=_resolveFilename, native=false, column=27, file=internal/modules/cjs/loader.js, function=Module._load, line=690, method=_load, native=false, column=19, file=internal/modules/cjs/loader.js, function=Module.require, line=852, method=require, native=false, column=18, file=internal/modules/cjs/helpers.js, function=require, line=74, method=null, native=false, column=22, file=E:\WebstormProjects\app-backend-test\server\config\route-config.js, function=Object.routeConfig.init, line=5, method=init, native=false, column=17, file=E:\WebstormProjects\app-backend-test\server\app.js, function=null, line=40, method=null, native=false, column=3, file=E:\WebstormProjects\app-backend-test\server\app.js, function=null, line=45, method=null, native=false, column=30, file=internal/modules/cjs/loader.js, function=Module._compile, line=959, method=_compile, native=false, column=10, file=internal/modules/cjs/loader.js, function=Module._extensions..js, line=995, method=.js, native=false, column=32, file=internal/modules/cjs/loader.js, function=Module.load, line=815, method=load, native=false], stack=[Error: Cannot find module '../routes/index', Require stack:, - E:\WebstormProjects\app-backend-test\server\config\route-config.js, - E:\WebstormProjects\app-backend-test\server\app.js, - E:\WebstormProjects\app-backend-test\server.js,     at Function.Module._resolveFilename (internal/modules/cjs/loader.js:797:15),     at Function.Module._load (internal/modules/cjs/loader.js:690:27),     at Module.require (internal/modules/cjs/loader.js:852:19),     at require (internal/modules/cjs/helpers.js:74:18),     at Object.routeConfig.init (E:\WebstormProjects\app-backend-test\server\config\route-config.js:5:22),     at E:\WebstormProjects\app-backend-test\server\app.js:40:17,     at Object.<anonymous> (E:\WebstormProjects\app-backend-test\server\app.js:45:3),     at Module._compile (internal/modules/cjs/loader.js:959:30),     at Object.Module._extensions..js (internal/modules/cjs/loader.js:995:10),     at Module.load (internal/modules/cjs/loader.js:815:32)]
2019-12-30T02:03:22.594Z - error: uncaughtException: Cannot find module '../routes/index'
Require stack:
- E:\WebstormProjects\app-backend-test\server\config\route-config.js
- E:\WebstormProjects\app-backend-test\server\app.js
- E:\WebstormProjects\app-backend-test\server.js date=Mon Dec 30 2019 10:03:22 GMT+0800 (GMT+08:00), pid=988, uid=null, gid=null, cwd=E:\WebstormProjects\app-backend-test, execPath=C:\Program Files\nodejs\node.exe, version=v12.13.1, argv=[C:\Program Files\nodejs\node.exe, E:\WebstormProjects\app-backend-test\server.js], rss=71331840, heapTotal=58675200, heapUsed=37333096, external=2027293, loadavg=[0, 0, 0], uptime=2055, trace=[column=15, file=internal/modules/cjs/loader.js, function=Module._resolveFilename, line=797, method=_resolveFilename, native=false, column=27, file=internal/modules/cjs/loader.js, function=Module._load, line=690, method=_load, native=false, column=19, file=internal/modules/cjs/loader.js, function=Module.require, line=852, method=require, native=false, column=18, file=internal/modules/cjs/helpers.js, function=require, line=74, method=null, native=false, column=22, file=E:\WebstormProjects\app-backend-test\server\config\route-config.js, function=Object.routeConfig.init, line=5, method=init, native=false, column=17, file=E:\WebstormProjects\app-backend-test\server\app.js, function=null, line=40, method=null, native=false, column=3, file=E:\WebstormProjects\app-backend-test\server\app.js, function=null, line=45, method=null, native=false, column=30, file=internal/modules/cjs/loader.js, function=Module._compile, line=959, method=_compile, native=false, column=10, file=internal/modules/cjs/loader.js, function=Module._extensions..js, line=995, method=.js, native=false, column=32, file=internal/modules/cjs/loader.js, function=Module.load, line=815, method=load, native=false], stack=[Error: Cannot find module '../routes/index', Require stack:, - E:\WebstormProjects\app-backend-test\server\config\route-config.js, - E:\WebstormProjects\app-backend-test\server\app.js, - E:\WebstormProjects\app-backend-test\server.js,     at Function.Module._resolveFilename (internal/modules/cjs/loader.js:797:15),     at Function.Module._load (internal/modules/cjs/loader.js:690:27),     at Module.require (internal/modules/cjs/loader.js:852:19),     at require (internal/modules/cjs/helpers.js:74:18),     at Object.routeConfig.init (E:\WebstormProjects\app-backend-test\server\config\route-config.js:5:22),     at E:\WebstormProjects\app-backend-test\server\app.js:40:17,     at Object.<anonymous> (E:\WebstormProjects\app-backend-test\server\app.js:45:3),     at Module._compile (internal/modules/cjs/loader.js:959:30),     at Object.Module._extensions..js (internal/modules/cjs/loader.js:995:10),     at Module.load (internal/modules/cjs/loader.js:815:32)]
2019-12-30T02:03:24.460Z - error: uncaughtException: Cannot find module '../routes/index'
Require stack:
- E:\WebstormProjects\app-backend-test\server\config\route-config.js
- E:\WebstormProjects\app-backend-test\server\app.js
- E:\WebstormProjects\app-backend-test\server.js date=Mon Dec 30 2019 10:03:24 GMT+0800 (GMT+08:00), pid=6772, uid=null, gid=null, cwd=E:\WebstormProjects\app-backend-test, execPath=C:\Program Files\nodejs\node.exe, version=v12.13.1, argv=[C:\Program Files\nodejs\node.exe, E:\WebstormProjects\app-backend-test\server.js], rss=76636160, heapTotal=59723776, heapUsed=35016712, external=1388933, loadavg=[0, 0, 0], uptime=2056, trace=[column=15, file=internal/modules/cjs/loader.js, function=Module._resolveFilename, line=797, method=_resolveFilename, native=false, column=27, file=internal/modules/cjs/loader.js, function=Module._load, line=690, method=_load, native=false, column=19, file=internal/modules/cjs/loader.js, function=Module.require, line=852, method=require, native=false, column=18, file=internal/modules/cjs/helpers.js, function=require, line=74, method=null, native=false, column=22, file=E:\WebstormProjects\app-backend-test\server\config\route-config.js, function=Object.routeConfig.init, line=5, method=init, native=false, column=17, file=E:\WebstormProjects\app-backend-test\server\app.js, function=null, line=40, method=null, native=false, column=3, file=E:\WebstormProjects\app-backend-test\server\app.js, function=null, line=45, method=null, native=false, column=30, file=internal/modules/cjs/loader.js, function=Module._compile, line=959, method=_compile, native=false, column=10, file=internal/modules/cjs/loader.js, function=Module._extensions..js, line=995, method=.js, native=false, column=32, file=internal/modules/cjs/loader.js, function=Module.load, line=815, method=load, native=false], stack=[Error: Cannot find module '../routes/index', Require stack:, - E:\WebstormProjects\app-backend-test\server\config\route-config.js, - E:\WebstormProjects\app-backend-test\server\app.js, - E:\WebstormProjects\app-backend-test\server.js,     at Function.Module._resolveFilename (internal/modules/cjs/loader.js:797:15),     at Function.Module._load (internal/modules/cjs/loader.js:690:27),     at Module.require (internal/modules/cjs/loader.js:852:19),     at require (internal/modules/cjs/helpers.js:74:18),     at Object.routeConfig.init (E:\WebstormProjects\app-backend-test\server\config\route-config.js:5:22),     at E:\WebstormProjects\app-backend-test\server\app.js:40:17,     at Object.<anonymous> (E:\WebstormProjects\app-backend-test\server\app.js:45:3),     at Module._compile (internal/modules/cjs/loader.js:959:30),     at Object.Module._extensions..js (internal/modules/cjs/loader.js:995:10),     at Module.load (internal/modules/cjs/loader.js:815:32)]
2019-12-30T02:04:23.232Z - error: uncaughtException: Cannot find module '../routes/index'
Require stack:
- E:\WebstormProjects\app-backend-test\server\config\route-config.js
- E:\WebstormProjects\app-backend-test\server\app.js
- E:\WebstormProjects\app-backend-test\server.js date=Mon Dec 30 2019 10:04:23 GMT+0800 (GMT+08:00), pid=5036, uid=null, gid=null, cwd=E:\WebstormProjects\app-backend-test, execPath=C:\Program Files\nodejs\node.exe, version=v12.13.1, argv=[C:\Program Files\nodejs\node.exe, E:\WebstormProjects\app-backend-test\server.js], rss=76849152, heapTotal=59199488, heapUsed=34939424, external=1388933, loadavg=[0, 0, 0], uptime=2115, trace=[column=15, file=internal/modules/cjs/loader.js, function=Module._resolveFilename, line=797, method=_resolveFilename, native=false, column=27, file=internal/modules/cjs/loader.js, function=Module._load, line=690, method=_load, native=false, column=19, file=internal/modules/cjs/loader.js, function=Module.require, line=852, method=require, native=false, column=18, file=internal/modules/cjs/helpers.js, function=require, line=74, method=null, native=false, column=22, file=E:\WebstormProjects\app-backend-test\server\config\route-config.js, function=Object.routeConfig.init, line=5, method=init, native=false, column=17, file=E:\WebstormProjects\app-backend-test\server\app.js, function=null, line=40, method=null, native=false, column=3, file=E:\WebstormProjects\app-backend-test\server\app.js, function=null, line=45, method=null, native=false, column=30, file=internal/modules/cjs/loader.js, function=Module._compile, line=959, method=_compile, native=false, column=10, file=internal/modules/cjs/loader.js, function=Module._extensions..js, line=995, method=.js, native=false, column=32, file=internal/modules/cjs/loader.js, function=Module.load, line=815, method=load, native=false], stack=[Error: Cannot find module '../routes/index', Require stack:, - E:\WebstormProjects\app-backend-test\server\config\route-config.js, - E:\WebstormProjects\app-backend-test\server\app.js, - E:\WebstormProjects\app-backend-test\server.js,     at Function.Module._resolveFilename (internal/modules/cjs/loader.js:797:15),     at Function.Module._load (internal/modules/cjs/loader.js:690:27),     at Module.require (internal/modules/cjs/loader.js:852:19),     at require (internal/modules/cjs/helpers.js:74:18),     at Object.routeConfig.init (E:\WebstormProjects\app-backend-test\server\config\route-config.js:5:22),     at E:\WebstormProjects\app-backend-test\server\app.js:40:17,     at Object.<anonymous> (E:\WebstormProjects\app-backend-test\server\app.js:45:3),     at Module._compile (internal/modules/cjs/loader.js:959:30),     at Object.Module._extensions..js (internal/modules/cjs/loader.js:995:10),     at Module.load (internal/modules/cjs/loader.js:815:32)]
2019-12-30T02:06:48.420Z - error: uncaughtException: Cannot find module '../model/UserModel'
Require stack:
- E:\WebstormProjects\app-backend-test\server\middleware\AuthenticatedMiddleware.js
- E:\WebstormProjects\app-backend-test\server\routes\member.js
- E:\WebstormProjects\app-backend-test\server\config\route-config.js
- E:\WebstormProjects\app-backend-test\server\app.js
- E:\WebstormProjects\app-backend-test\server.js date=Mon Dec 30 2019 10:06:48 GMT+0800 (GMT+08:00), pid=2376, uid=null, gid=null, cwd=E:\WebstormProjects\app-backend-test, execPath=C:\Program Files\nodejs\node.exe, version=v12.13.1, argv=[C:\Program Files\nodejs\node.exe, E:\WebstormProjects\app-backend-test\server.js], rss=76390400, heapTotal=59461632, heapUsed=34791392, external=1359070, loadavg=[0, 0, 0], uptime=2260, trace=[column=15, file=internal/modules/cjs/loader.js, function=Module._resolveFilename, line=797, method=_resolveFilename, native=false, column=27, file=internal/modules/cjs/loader.js, function=Module._load, line=690, method=_load, native=false, column=19, file=internal/modules/cjs/loader.js, function=Module.require, line=852, method=require, native=false, column=18, file=internal/modules/cjs/helpers.js, function=require, line=74, method=null, native=false, column=19, file=E:\WebstormProjects\app-backend-test\server\middleware\AuthenticatedMiddleware.js, function=null, line=1, method=null, native=false, column=30, file=internal/modules/cjs/loader.js, function=Module._compile, line=959, method=_compile, native=false, column=10, file=internal/modules/cjs/loader.js, function=Module._extensions..js, line=995, method=.js, native=false, column=32, file=internal/modules/cjs/loader.js, function=Module.load, line=815, method=load, native=false, column=14, file=internal/modules/cjs/loader.js, function=Module._load, line=727, method=_load, native=false, column=19, file=internal/modules/cjs/loader.js, function=Module.require, line=852, method=require, native=false], stack=[Error: Cannot find module '../model/UserModel', Require stack:, - E:\WebstormProjects\app-backend-test\server\middleware\AuthenticatedMiddleware.js, - E:\WebstormProjects\app-backend-test\server\routes\member.js, - E:\WebstormProjects\app-backend-test\server\config\route-config.js, - E:\WebstormProjects\app-backend-test\server\app.js, - E:\WebstormProjects\app-backend-test\server.js,     at Function.Module._resolveFilename (internal/modules/cjs/loader.js:797:15),     at Function.Module._load (internal/modules/cjs/loader.js:690:27),     at Module.require (internal/modules/cjs/loader.js:852:19),     at require (internal/modules/cjs/helpers.js:74:18),     at Object.<anonymous> (E:\WebstormProjects\app-backend-test\server\middleware\AuthenticatedMiddleware.js:1:19),     at Module._compile (internal/modules/cjs/loader.js:959:30),     at Object.Module._extensions..js (internal/modules/cjs/loader.js:995:10),     at Module.load (internal/modules/cjs/loader.js:815:32),     at Function.Module._load (internal/modules/cjs/loader.js:727:14),     at Module.require (internal/modules/cjs/loader.js:852:19)]
2019-12-30T02:06:50.722Z - error: uncaughtException: Cannot find module '../model/UserModel'
Require stack:
- E:\WebstormProjects\app-backend-test\server\middleware\AuthenticatedMiddleware.js
- E:\WebstormProjects\app-backend-test\server\routes\member.js
- E:\WebstormProjects\app-backend-test\server\config\route-config.js
- E:\WebstormProjects\app-backend-test\server\app.js
- E:\WebstormProjects\app-backend-test\server.js date=Mon Dec 30 2019 10:06:50 GMT+0800 (GMT+08:00), pid=4780, uid=null, gid=null, cwd=E:\WebstormProjects\app-backend-test, execPath=C:\Program Files\nodejs\node.exe, version=v12.13.1, argv=[C:\Program Files\nodejs\node.exe, E:\WebstormProjects\app-backend-test\server.js], rss=76910592, heapTotal=59461632, heapUsed=34979912, external=1383646, loadavg=[0, 0, 0], uptime=2263, trace=[column=15, file=internal/modules/cjs/loader.js, function=Module._resolveFilename, line=797, method=_resolveFilename, native=false, column=27, file=internal/modules/cjs/loader.js, function=Module._load, line=690, method=_load, native=false, column=19, file=internal/modules/cjs/loader.js, function=Module.require, line=852, method=require, native=false, column=18, file=internal/modules/cjs/helpers.js, function=require, line=74, method=null, native=false, column=19, file=E:\WebstormProjects\app-backend-test\server\middleware\AuthenticatedMiddleware.js, function=null, line=1, method=null, native=false, column=30, file=internal/modules/cjs/loader.js, function=Module._compile, line=959, method=_compile, native=false, column=10, file=internal/modules/cjs/loader.js, function=Module._extensions..js, line=995, method=.js, native=false, column=32, file=internal/modules/cjs/loader.js, function=Module.load, line=815, method=load, native=false, column=14, file=internal/modules/cjs/loader.js, function=Module._load, line=727, method=_load, native=false, column=19, file=internal/modules/cjs/loader.js, function=Module.require, line=852, method=require, native=false], stack=[Error: Cannot find module '../model/UserModel', Require stack:, - E:\WebstormProjects\app-backend-test\server\middleware\AuthenticatedMiddleware.js, - E:\WebstormProjects\app-backend-test\server\routes\member.js, - E:\WebstormProjects\app-backend-test\server\config\route-config.js, - E:\WebstormProjects\app-backend-test\server\app.js, - E:\WebstormProjects\app-backend-test\server.js,     at Function.Module._resolveFilename (internal/modules/cjs/loader.js:797:15),     at Function.Module._load (internal/modules/cjs/loader.js:690:27),     at Module.require (internal/modules/cjs/loader.js:852:19),     at require (internal/modules/cjs/helpers.js:74:18),     at Object.<anonymous> (E:\WebstormProjects\app-backend-test\server\middleware\AuthenticatedMiddleware.js:1:19),     at Module._compile (internal/modules/cjs/loader.js:959:30),     at Object.Module._extensions..js (internal/modules/cjs/loader.js:995:10),     at Module.load (internal/modules/cjs/loader.js:815:32),     at Function.Module._load (internal/modules/cjs/loader.js:727:14),     at Module.require (internal/modules/cjs/loader.js:852:19)]
2019-12-30T02:07:38.231Z - error: uncaughtException: Cannot find module '../model/UserModel'
Require stack:
- E:\WebstormProjects\app-backend-test\server\controller\MemberController.js
- E:\WebstormProjects\app-backend-test\server\routes\member.js
- E:\WebstormProjects\app-backend-test\server\config\route-config.js
- E:\WebstormProjects\app-backend-test\server\app.js
- E:\WebstormProjects\app-backend-test\server.js date=Mon Dec 30 2019 10:07:38 GMT+0800 (GMT+08:00), pid=7328, uid=null, gid=null, cwd=E:\WebstormProjects\app-backend-test, execPath=C:\Program Files\nodejs\node.exe, version=v12.13.1, argv=[C:\Program Files\nodejs\node.exe, E:\WebstormProjects\app-backend-test\server.js], rss=94486528, heapTotal=69685248, heapUsed=43514112, external=1853806, loadavg=[0, 0, 0], uptime=2310, trace=[column=15, file=internal/modules/cjs/loader.js, function=Module._resolveFilename, line=797, method=_resolveFilename, native=false, column=27, file=internal/modules/cjs/loader.js, function=Module._load, line=690, method=_load, native=false, column=19, file=internal/modules/cjs/loader.js, function=Module.require, line=852, method=require, native=false, column=18, file=internal/modules/cjs/helpers.js, function=require, line=74, method=null, native=false, column=19, file=E:\WebstormProjects\app-backend-test\server\controller\MemberController.js, function=null, line=10, method=null, native=false, column=30, file=internal/modules/cjs/loader.js, function=Module._compile, line=959, method=_compile, native=false, column=10, file=internal/modules/cjs/loader.js, function=Module._extensions..js, line=995, method=.js, native=false, column=32, file=internal/modules/cjs/loader.js, function=Module.load, line=815, method=load, native=false, column=14, file=internal/modules/cjs/loader.js, function=Module._load, line=727, method=_load, native=false, column=19, file=internal/modules/cjs/loader.js, function=Module.require, line=852, method=require, native=false], stack=[Error: Cannot find module '../model/UserModel', Require stack:, - E:\WebstormProjects\app-backend-test\server\controller\MemberController.js, - E:\WebstormProjects\app-backend-test\server\routes\member.js, - E:\WebstormProjects\app-backend-test\server\config\route-config.js, - E:\WebstormProjects\app-backend-test\server\app.js, - E:\WebstormProjects\app-backend-test\server.js,     at Function.Module._resolveFilename (internal/modules/cjs/loader.js:797:15),     at Function.Module._load (internal/modules/cjs/loader.js:690:27),     at Module.require (internal/modules/cjs/loader.js:852:19),     at require (internal/modules/cjs/helpers.js:74:18),     at Object.<anonymous> (E:\WebstormProjects\app-backend-test\server\controller\MemberController.js:10:19),     at Module._compile (internal/modules/cjs/loader.js:959:30),     at Object.Module._extensions..js (internal/modules/cjs/loader.js:995:10),     at Module.load (internal/modules/cjs/loader.js:815:32),     at Function.Module._load (internal/modules/cjs/loader.js:727:14),     at Module.require (internal/modules/cjs/loader.js:852:19)]
2019-12-30T02:08:00.069Z - error: uncaughtException: Cannot find module '../model/UserModel'
Require stack:
- E:\WebstormProjects\app-backend-test\server\controller\MemberController.js
- E:\WebstormProjects\app-backend-test\server\routes\member.js
- E:\WebstormProjects\app-backend-test\server\config\route-config.js
- E:\WebstormProjects\app-backend-test\server\app.js
- E:\WebstormProjects\app-backend-test\server.js date=Mon Dec 30 2019 10:08:00 GMT+0800 (GMT+08:00), pid=4076, uid=null, gid=null, cwd=E:\WebstormProjects\app-backend-test, execPath=C:\Program Files\nodejs\node.exe, version=v12.13.1, argv=[C:\Program Files\nodejs\node.exe, E:\WebstormProjects\app-backend-test\server.js], rss=94736384, heapTotal=69947392, heapUsed=43562016, external=1853806, loadavg=[0, 0, 0], uptime=2332, trace=[column=15, file=internal/modules/cjs/loader.js, function=Module._resolveFilename, line=797, method=_resolveFilename, native=false, column=27, file=internal/modules/cjs/loader.js, function=Module._load, line=690, method=_load, native=false, column=19, file=internal/modules/cjs/loader.js, function=Module.require, line=852, method=require, native=false, column=18, file=internal/modules/cjs/helpers.js, function=require, line=74, method=null, native=false, column=19, file=E:\WebstormProjects\app-backend-test\server\controller\MemberController.js, function=null, line=10, method=null, native=false, column=30, file=internal/modules/cjs/loader.js, function=Module._compile, line=959, method=_compile, native=false, column=10, file=internal/modules/cjs/loader.js, function=Module._extensions..js, line=995, method=.js, native=false, column=32, file=internal/modules/cjs/loader.js, function=Module.load, line=815, method=load, native=false, column=14, file=internal/modules/cjs/loader.js, function=Module._load, line=727, method=_load, native=false, column=19, file=internal/modules/cjs/loader.js, function=Module.require, line=852, method=require, native=false], stack=[Error: Cannot find module '../model/UserModel', Require stack:, - E:\WebstormProjects\app-backend-test\server\controller\MemberController.js, - E:\WebstormProjects\app-backend-test\server\routes\member.js, - E:\WebstormProjects\app-backend-test\server\config\route-config.js, - E:\WebstormProjects\app-backend-test\server\app.js, - E:\WebstormProjects\app-backend-test\server.js,     at Function.Module._resolveFilename (internal/modules/cjs/loader.js:797:15),     at Function.Module._load (internal/modules/cjs/loader.js:690:27),     at Module.require (internal/modules/cjs/loader.js:852:19),     at require (internal/modules/cjs/helpers.js:74:18),     at Object.<anonymous> (E:\WebstormProjects\app-backend-test\server\controller\MemberController.js:10:19),     at Module._compile (internal/modules/cjs/loader.js:959:30),     at Object.Module._extensions..js (internal/modules/cjs/loader.js:995:10),     at Module.load (internal/modules/cjs/loader.js:815:32),     at Function.Module._load (internal/modules/cjs/loader.js:727:14),     at Module.require (internal/modules/cjs/loader.js:852:19)]
2019-12-30T02:09:44.783Z - error: uncaughtException: Cannot find module '../model/UserModel'
Require stack:
- E:\WebstormProjects\app-backend-test\server\controller\MemberController.js
- E:\WebstormProjects\app-backend-test\server\routes\member.js
- E:\WebstormProjects\app-backend-test\server\config\route-config.js
- E:\WebstormProjects\app-backend-test\server\app.js
- E:\WebstormProjects\app-backend-test\server.js date=Mon Dec 30 2019 10:09:44 GMT+0800 (GMT+08:00), pid=7492, uid=null, gid=null, cwd=E:\WebstormProjects\app-backend-test, execPath=C:\Program Files\nodejs\node.exe, version=v12.13.1, argv=[C:\Program Files\nodejs\node.exe, E:\WebstormProjects\app-backend-test\server.js], rss=94277632, heapTotal=69685248, heapUsed=43699824, external=1883987, loadavg=[0, 0, 0], uptime=2437, trace=[column=15, file=internal/modules/cjs/loader.js, function=Module._resolveFilename, line=797, method=_resolveFilename, native=false, column=27, file=internal/modules/cjs/loader.js, function=Module._load, line=690, method=_load, native=false, column=19, file=internal/modules/cjs/loader.js, function=Module.require, line=852, method=require, native=false, column=18, file=internal/modules/cjs/helpers.js, function=require, line=74, method=null, native=false, column=19, file=E:\WebstormProjects\app-backend-test\server\controller\MemberController.js, function=null, line=10, method=null, native=false, column=30, file=internal/modules/cjs/loader.js, function=Module._compile, line=959, method=_compile, native=false, column=10, file=internal/modules/cjs/loader.js, function=Module._extensions..js, line=995, method=.js, native=false, column=32, file=internal/modules/cjs/loader.js, function=Module.load, line=815, method=load, native=false, column=14, file=internal/modules/cjs/loader.js, function=Module._load, line=727, method=_load, native=false, column=19, file=internal/modules/cjs/loader.js, function=Module.require, line=852, method=require, native=false], stack=[Error: Cannot find module '../model/UserModel', Require stack:, - E:\WebstormProjects\app-backend-test\server\controller\MemberController.js, - E:\WebstormProjects\app-backend-test\server\routes\member.js, - E:\WebstormProjects\app-backend-test\server\config\route-config.js, - E:\WebstormProjects\app-backend-test\server\app.js, - E:\WebstormProjects\app-backend-test\server.js,     at Function.Module._resolveFilename (internal/modules/cjs/loader.js:797:15),     at Function.Module._load (internal/modules/cjs/loader.js:690:27),     at Module.require (internal/modules/cjs/loader.js:852:19),     at require (internal/modules/cjs/helpers.js:74:18),     at Object.<anonymous> (E:\WebstormProjects\app-backend-test\server\controller\MemberController.js:10:19),     at Module._compile (internal/modules/cjs/loader.js:959:30),     at Object.Module._extensions..js (internal/modules/cjs/loader.js:995:10),     at Module.load (internal/modules/cjs/loader.js:815:32),     at Function.Module._load (internal/modules/cjs/loader.js:727:14),     at Module.require (internal/modules/cjs/loader.js:852:19)]
2019-12-30T02:13:00.568Z - error: uncaughtException: Cannot find module '../model/UserModel'
Require stack:
- E:\WebstormProjects\app-backend-test\server\controller\MemberController.js
- E:\WebstormProjects\app-backend-test\server\routes\member.js
- E:\WebstormProjects\app-backend-test\server\config\route-config.js
- E:\WebstormProjects\app-backend-test\server\app.js
- E:\WebstormProjects\app-backend-test\server.js date=Mon Dec 30 2019 10:13:00 GMT+0800 (GMT+08:00), pid=7500, uid=null, gid=null, cwd=E:\WebstormProjects\app-backend-test, execPath=C:\Program Files\nodejs\node.exe, version=v12.13.1, argv=[C:\Program Files\nodejs\node.exe, E:\WebstormProjects\app-backend-test\server.js], rss=94875648, heapTotal=70733824, heapUsed=40658912, external=1448645, loadavg=[0, 0, 0], uptime=2633, trace=[column=15, file=internal/modules/cjs/loader.js, function=Module._resolveFilename, line=797, method=_resolveFilename, native=false, column=27, file=internal/modules/cjs/loader.js, function=Module._load, line=690, method=_load, native=false, column=19, file=internal/modules/cjs/loader.js, function=Module.require, line=852, method=require, native=false, column=18, file=internal/modules/cjs/helpers.js, function=require, line=74, method=null, native=false, column=19, file=E:\WebstormProjects\app-backend-test\server\controller\MemberController.js, function=null, line=10, method=null, native=false, column=30, file=internal/modules/cjs/loader.js, function=Module._compile, line=959, method=_compile, native=false, column=10, file=internal/modules/cjs/loader.js, function=Module._extensions..js, line=995, method=.js, native=false, column=32, file=internal/modules/cjs/loader.js, function=Module.load, line=815, method=load, native=false, column=14, file=internal/modules/cjs/loader.js, function=Module._load, line=727, method=_load, native=false, column=19, file=internal/modules/cjs/loader.js, function=Module.require, line=852, method=require, native=false], stack=[Error: Cannot find module '../model/UserModel', Require stack:, - E:\WebstormProjects\app-backend-test\server\controller\MemberController.js, - E:\WebstormProjects\app-backend-test\server\routes\member.js, - E:\WebstormProjects\app-backend-test\server\config\route-config.js, - E:\WebstormProjects\app-backend-test\server\app.js, - E:\WebstormProjects\app-backend-test\server.js,     at Function.Module._resolveFilename (internal/modules/cjs/loader.js:797:15),     at Function.Module._load (internal/modules/cjs/loader.js:690:27),     at Module.require (internal/modules/cjs/loader.js:852:19),     at require (internal/modules/cjs/helpers.js:74:18),     at Object.<anonymous> (E:\WebstormProjects\app-backend-test\server\controller\MemberController.js:10:19),     at Module._compile (internal/modules/cjs/loader.js:959:30),     at Object.Module._extensions..js (internal/modules/cjs/loader.js:995:10),     at Module.load (internal/modules/cjs/loader.js:815:32),     at Function.Module._load (internal/modules/cjs/loader.js:727:14),     at Module.require (internal/modules/cjs/loader.js:852:19)]
2019-12-30T02:15:09.401Z - error: uncaughtException: Cannot find module '../model/UserModel'
Require stack:
- E:\WebstormProjects\app-backend-test\server\controller\MemberController.js
- E:\WebstormProjects\app-backend-test\server\routes\member.js
- E:\WebstormProjects\app-backend-test\server\config\route-config.js
- E:\WebstormProjects\app-backend-test\server\app.js
- E:\WebstormProjects\app-backend-test\server.js date=Mon Dec 30 2019 10:15:09 GMT+0800 (GMT+08:00), pid=2444, uid=null, gid=null, cwd=E:\WebstormProjects\app-backend-test, execPath=C:\Program Files\nodejs\node.exe, version=v12.13.1, argv=[C:\Program Files\nodejs\node.exe, E:\WebstormProjects\app-backend-test\server.js], rss=95264768, heapTotal=70733824, heapUsed=40745240, external=1448645, loadavg=[0, 0, 0], uptime=2761, trace=[column=15, file=internal/modules/cjs/loader.js, function=Module._resolveFilename, line=797, method=_resolveFilename, native=false, column=27, file=internal/modules/cjs/loader.js, function=Module._load, line=690, method=_load, native=false, column=19, file=internal/modules/cjs/loader.js, function=Module.require, line=852, method=require, native=false, column=18, file=internal/modules/cjs/helpers.js, function=require, line=74, method=null, native=false, column=19, file=E:\WebstormProjects\app-backend-test\server\controller\MemberController.js, function=null, line=10, method=null, native=false, column=30, file=internal/modules/cjs/loader.js, function=Module._compile, line=959, method=_compile, native=false, column=10, file=internal/modules/cjs/loader.js, function=Module._extensions..js, line=995, method=.js, native=false, column=32, file=internal/modules/cjs/loader.js, function=Module.load, line=815, method=load, native=false, column=14, file=internal/modules/cjs/loader.js, function=Module._load, line=727, method=_load, native=false, column=19, file=internal/modules/cjs/loader.js, function=Module.require, line=852, method=require, native=false], stack=[Error: Cannot find module '../model/UserModel', Require stack:, - E:\WebstormProjects\app-backend-test\server\controller\MemberController.js, - E:\WebstormProjects\app-backend-test\server\routes\member.js, - E:\WebstormProjects\app-backend-test\server\config\route-config.js, - E:\WebstormProjects\app-backend-test\server\app.js, - E:\WebstormProjects\app-backend-test\server.js,     at Function.Module._resolveFilename (internal/modules/cjs/loader.js:797:15),     at Function.Module._load (internal/modules/cjs/loader.js:690:27),     at Module.require (internal/modules/cjs/loader.js:852:19),     at require (internal/modules/cjs/helpers.js:74:18),     at Object.<anonymous> (E:\WebstormProjects\app-backend-test\server\controller\MemberController.js:10:19),     at Module._compile (internal/modules/cjs/loader.js:959:30),     at Object.Module._extensions..js (internal/modules/cjs/loader.js:995:10),     at Module.load (internal/modules/cjs/loader.js:815:32),     at Function.Module._load (internal/modules/cjs/loader.js:727:14),     at Module.require (internal/modules/cjs/loader.js:852:19)]
2019-12-30T02:15:36.697Z - error: uncaughtException: Cannot find module '../model/UserModel'
Require stack:
- E:\WebstormProjects\app-backend-test\server\controller\MemberController.js
- E:\WebstormProjects\app-backend-test\server\routes\member.js
- E:\WebstormProjects\app-backend-test\server\config\route-config.js
- E:\WebstormProjects\app-backend-test\server\app.js
- E:\WebstormProjects\app-backend-test\server.js date=Mon Dec 30 2019 10:15:36 GMT+0800 (GMT+08:00), pid=3516, uid=null, gid=null, cwd=E:\WebstormProjects\app-backend-test, execPath=C:\Program Files\nodejs\node.exe, version=v12.13.1, argv=[C:\Program Files\nodejs\node.exe, E:\WebstormProjects\app-backend-test\server.js], rss=95141888, heapTotal=71258112, heapUsed=40678944, external=1448645, loadavg=[0, 0, 0], uptime=2789, trace=[column=15, file=internal/modules/cjs/loader.js, function=Module._resolveFilename, line=797, method=_resolveFilename, native=false, column=27, file=internal/modules/cjs/loader.js, function=Module._load, line=690, method=_load, native=false, column=19, file=internal/modules/cjs/loader.js, function=Module.require, line=852, method=require, native=false, column=18, file=internal/modules/cjs/helpers.js, function=require, line=74, method=null, native=false, column=19, file=E:\WebstormProjects\app-backend-test\server\controller\MemberController.js, function=null, line=10, method=null, native=false, column=30, file=internal/modules/cjs/loader.js, function=Module._compile, line=959, method=_compile, native=false, column=10, file=internal/modules/cjs/loader.js, function=Module._extensions..js, line=995, method=.js, native=false, column=32, file=internal/modules/cjs/loader.js, function=Module.load, line=815, method=load, native=false, column=14, file=internal/modules/cjs/loader.js, function=Module._load, line=727, method=_load, native=false, column=19, file=internal/modules/cjs/loader.js, function=Module.require, line=852, method=require, native=false], stack=[Error: Cannot find module '../model/UserModel', Require stack:, - E:\WebstormProjects\app-backend-test\server\controller\MemberController.js, - E:\WebstormProjects\app-backend-test\server\routes\member.js, - E:\WebstormProjects\app-backend-test\server\config\route-config.js, - E:\WebstormProjects\app-backend-test\server\app.js, - E:\WebstormProjects\app-backend-test\server.js,     at Function.Module._resolveFilename (internal/modules/cjs/loader.js:797:15),     at Function.Module._load (internal/modules/cjs/loader.js:690:27),     at Module.require (internal/modules/cjs/loader.js:852:19),     at require (internal/modules/cjs/helpers.js:74:18),     at Object.<anonymous> (E:\WebstormProjects\app-backend-test\server\controller\MemberController.js:10:19),     at Module._compile (internal/modules/cjs/loader.js:959:30),     at Object.Module._extensions..js (internal/modules/cjs/loader.js:995:10),     at Module.load (internal/modules/cjs/loader.js:815:32),     at Function.Module._load (internal/modules/cjs/loader.js:727:14),     at Module.require (internal/modules/cjs/loader.js:852:19)]
2019-12-30T02:18:39.017Z - error: uncaughtException: Cannot find module '../model/UserModel'
Require stack:
- E:\WebstormProjects\app-backend-test\server\controller\MemberController.js
- E:\WebstormProjects\app-backend-test\server\routes\member.js
- E:\WebstormProjects\app-backend-test\server\config\route-config.js
- E:\WebstormProjects\app-backend-test\server\app.js
- E:\WebstormProjects\app-backend-test\server.js date=Mon Dec 30 2019 10:18:39 GMT+0800 (GMT+08:00), pid=3956, uid=null, gid=null, cwd=E:\WebstormProjects\app-backend-test, execPath=C:\Program Files\nodejs\node.exe, version=v12.13.1, argv=[C:\Program Files\nodejs\node.exe, E:\WebstormProjects\app-backend-test\server.js], rss=94613504, heapTotal=69685248, heapUsed=43565360, external=1861998, loadavg=[0, 0, 0], uptime=2971, trace=[column=15, file=internal/modules/cjs/loader.js, function=Module._resolveFilename, line=797, method=_resolveFilename, native=false, column=27, file=internal/modules/cjs/loader.js, function=Module._load, line=690, method=_load, native=false, column=19, file=internal/modules/cjs/loader.js, function=Module.require, line=852, method=require, native=false, column=18, file=internal/modules/cjs/helpers.js, function=require, line=74, method=null, native=false, column=19, file=E:\WebstormProjects\app-backend-test\server\controller\MemberController.js, function=null, line=10, method=null, native=false, column=30, file=internal/modules/cjs/loader.js, function=Module._compile, line=959, method=_compile, native=false, column=10, file=internal/modules/cjs/loader.js, function=Module._extensions..js, line=995, method=.js, native=false, column=32, file=internal/modules/cjs/loader.js, function=Module.load, line=815, method=load, native=false, column=14, file=internal/modules/cjs/loader.js, function=Module._load, line=727, method=_load, native=false, column=19, file=internal/modules/cjs/loader.js, function=Module.require, line=852, method=require, native=false], stack=[Error: Cannot find module '../model/UserModel', Require stack:, - E:\WebstormProjects\app-backend-test\server\controller\MemberController.js, - E:\WebstormProjects\app-backend-test\server\routes\member.js, - E:\WebstormProjects\app-backend-test\server\config\route-config.js, - E:\WebstormProjects\app-backend-test\server\app.js, - E:\WebstormProjects\app-backend-test\server.js,     at Function.Module._resolveFilename (internal/modules/cjs/loader.js:797:15),     at Function.Module._load (internal/modules/cjs/loader.js:690:27),     at Module.require (internal/modules/cjs/loader.js:852:19),     at require (internal/modules/cjs/helpers.js:74:18),     at Object.<anonymous> (E:\WebstormProjects\app-backend-test\server\controller\MemberController.js:10:19),     at Module._compile (internal/modules/cjs/loader.js:959:30),     at Object.Module._extensions..js (internal/modules/cjs/loader.js:995:10),     at Module.load (internal/modules/cjs/loader.js:815:32),     at Function.Module._load (internal/modules/cjs/loader.js:727:14),     at Module.require (internal/modules/cjs/loader.js:852:19)]
2019-12-30T02:19:03.552Z - error: uncaughtException: Cannot find module '../model/UserModel'
Require stack:
- E:\WebstormProjects\app-backend-test\server\controller\MemberController.js
- E:\WebstormProjects\app-backend-test\server\routes\member.js
- E:\WebstormProjects\app-backend-test\server\config\route-config.js
- E:\WebstormProjects\app-backend-test\server\app.js
- E:\WebstormProjects\app-backend-test\server.js date=Mon Dec 30 2019 10:19:03 GMT+0800 (GMT+08:00), pid=4220, uid=null, gid=null, cwd=E:\WebstormProjects\app-backend-test, execPath=C:\Program Files\nodejs\node.exe, version=v12.13.1, argv=[C:\Program Files\nodejs\node.exe, E:\WebstormProjects\app-backend-test\server.js], rss=95125504, heapTotal=70733824, heapUsed=40817264, external=1448645, loadavg=[0, 0, 0], uptime=2996, trace=[column=15, file=internal/modules/cjs/loader.js, function=Module._resolveFilename, line=797, method=_resolveFilename, native=false, column=27, file=internal/modules/cjs/loader.js, function=Module._load, line=690, method=_load, native=false, column=19, file=internal/modules/cjs/loader.js, function=Module.require, line=852, method=require, native=false, column=18, file=internal/modules/cjs/helpers.js, function=require, line=74, method=null, native=false, column=19, file=E:\WebstormProjects\app-backend-test\server\controller\MemberController.js, function=null, line=10, method=null, native=false, column=30, file=internal/modules/cjs/loader.js, function=Module._compile, line=959, method=_compile, native=false, column=10, file=internal/modules/cjs/loader.js, function=Module._extensions..js, line=995, method=.js, native=false, column=32, file=internal/modules/cjs/loader.js, function=Module.load, line=815, method=load, native=false, column=14, file=internal/modules/cjs/loader.js, function=Module._load, line=727, method=_load, native=false, column=19, file=internal/modules/cjs/loader.js, function=Module.require, line=852, method=require, native=false], stack=[Error: Cannot find module '../model/UserModel', Require stack:, - E:\WebstormProjects\app-backend-test\server\controller\MemberController.js, - E:\WebstormProjects\app-backend-test\server\routes\member.js, - E:\WebstormProjects\app-backend-test\server\config\route-config.js, - E:\WebstormProjects\app-backend-test\server\app.js, - E:\WebstormProjects\app-backend-test\server.js,     at Function.Module._resolveFilename (internal/modules/cjs/loader.js:797:15),     at Function.Module._load (internal/modules/cjs/loader.js:690:27),     at Module.require (internal/modules/cjs/loader.js:852:19),     at require (internal/modules/cjs/helpers.js:74:18),     at Object.<anonymous> (E:\WebstormProjects\app-backend-test\server\controller\MemberController.js:10:19),     at Module._compile (internal/modules/cjs/loader.js:959:30),     at Object.Module._extensions..js (internal/modules/cjs/loader.js:995:10),     at Module.load (internal/modules/cjs/loader.js:815:32),     at Function.Module._load (internal/modules/cjs/loader.js:727:14),     at Module.require (internal/modules/cjs/loader.js:852:19)]
2019-12-30T02:19:51.184Z - error: uncaughtException: Cannot find module '../model/UserModel'
Require stack:
- E:\WebstormProjects\app-backend-test\server\controller\MemberController.js
- E:\WebstormProjects\app-backend-test\server\routes\member.js
- E:\WebstormProjects\app-backend-test\server\config\route-config.js
- E:\WebstormProjects\app-backend-test\server\app.js
- E:\WebstormProjects\app-backend-test\server.js date=Mon Dec 30 2019 10:19:51 GMT+0800 (GMT+08:00), pid=1856, uid=null, gid=null, cwd=E:\WebstormProjects\app-backend-test, execPath=C:\Program Files\nodejs\node.exe, version=v12.13.1, argv=[C:\Program Files\nodejs\node.exe, E:\WebstormProjects\app-backend-test\server.js], rss=94695424, heapTotal=69947392, heapUsed=43639064, external=1861998, loadavg=[0, 0, 0], uptime=3043, trace=[column=15, file=internal/modules/cjs/loader.js, function=Module._resolveFilename, line=797, method=_resolveFilename, native=false, column=27, file=internal/modules/cjs/loader.js, function=Module._load, line=690, method=_load, native=false, column=19, file=internal/modules/cjs/loader.js, function=Module.require, line=852, method=require, native=false, column=18, file=internal/modules/cjs/helpers.js, function=require, line=74, method=null, native=false, column=19, file=E:\WebstormProjects\app-backend-test\server\controller\MemberController.js, function=null, line=10, method=null, native=false, column=30, file=internal/modules/cjs/loader.js, function=Module._compile, line=959, method=_compile, native=false, column=10, file=internal/modules/cjs/loader.js, function=Module._extensions..js, line=995, method=.js, native=false, column=32, file=internal/modules/cjs/loader.js, function=Module.load, line=815, method=load, native=false, column=14, file=internal/modules/cjs/loader.js, function=Module._load, line=727, method=_load, native=false, column=19, file=internal/modules/cjs/loader.js, function=Module.require, line=852, method=require, native=false], stack=[Error: Cannot find module '../model/UserModel', Require stack:, - E:\WebstormProjects\app-backend-test\server\controller\MemberController.js, - E:\WebstormProjects\app-backend-test\server\routes\member.js, - E:\WebstormProjects\app-backend-test\server\config\route-config.js, - E:\WebstormProjects\app-backend-test\server\app.js, - E:\WebstormProjects\app-backend-test\server.js,     at Function.Module._resolveFilename (internal/modules/cjs/loader.js:797:15),     at Function.Module._load (internal/modules/cjs/loader.js:690:27),     at Module.require (internal/modules/cjs/loader.js:852:19),     at require (internal/modules/cjs/helpers.js:74:18),     at Object.<anonymous> (E:\WebstormProjects\app-backend-test\server\controller\MemberController.js:10:19),     at Module._compile (internal/modules/cjs/loader.js:959:30),     at Object.Module._extensions..js (internal/modules/cjs/loader.js:995:10),     at Module.load (internal/modules/cjs/loader.js:815:32),     at Function.Module._load (internal/modules/cjs/loader.js:727:14),     at Module.require (internal/modules/cjs/loader.js:852:19)]
2019-12-30T02:20:10.903Z - error: uncaughtException: Cannot find module '../model/UserModel'
Require stack:
- E:\WebstormProjects\app-backend-test\server\controller\MemberController.js
- E:\WebstormProjects\app-backend-test\server\routes\member.js
- E:\WebstormProjects\app-backend-test\server\config\route-config.js
- E:\WebstormProjects\app-backend-test\server\app.js
- E:\WebstormProjects\app-backend-test\server.js date=Mon Dec 30 2019 10:20:10 GMT+0800 (GMT+08:00), pid=7316, uid=null, gid=null, cwd=E:\WebstormProjects\app-backend-test, execPath=C:\Program Files\nodejs\node.exe, version=v12.13.1, argv=[C:\Program Files\nodejs\node.exe, E:\WebstormProjects\app-backend-test\server.js], rss=94396416, heapTotal=69685248, heapUsed=43464000, external=1844265, loadavg=[0, 0, 0], uptime=3063, trace=[column=15, file=internal/modules/cjs/loader.js, function=Module._resolveFilename, line=797, method=_resolveFilename, native=false, column=27, file=internal/modules/cjs/loader.js, function=Module._load, line=690, method=_load, native=false, column=19, file=internal/modules/cjs/loader.js, function=Module.require, line=852, method=require, native=false, column=18, file=internal/modules/cjs/helpers.js, function=require, line=74, method=null, native=false, column=19, file=E:\WebstormProjects\app-backend-test\server\controller\MemberController.js, function=null, line=10, method=null, native=false, column=30, file=internal/modules/cjs/loader.js, function=Module._compile, line=959, method=_compile, native=false, column=10, file=internal/modules/cjs/loader.js, function=Module._extensions..js, line=995, method=.js, native=false, column=32, file=internal/modules/cjs/loader.js, function=Module.load, line=815, method=load, native=false, column=14, file=internal/modules/cjs/loader.js, function=Module._load, line=727, method=_load, native=false, column=19, file=internal/modules/cjs/loader.js, function=Module.require, line=852, method=require, native=false], stack=[Error: Cannot find module '../model/UserModel', Require stack:, - E:\WebstormProjects\app-backend-test\server\controller\MemberController.js, - E:\WebstormProjects\app-backend-test\server\routes\member.js, - E:\WebstormProjects\app-backend-test\server\config\route-config.js, - E:\WebstormProjects\app-backend-test\server\app.js, - E:\WebstormProjects\app-backend-test\server.js,     at Function.Module._resolveFilename (internal/modules/cjs/loader.js:797:15),     at Function.Module._load (internal/modules/cjs/loader.js:690:27),     at Module.require (internal/modules/cjs/loader.js:852:19),     at require (internal/modules/cjs/helpers.js:74:18),     at Object.<anonymous> (E:\WebstormProjects\app-backend-test\server\controller\MemberController.js:10:19),     at Module._compile (internal/modules/cjs/loader.js:959:30),     at Object.Module._extensions..js (internal/modules/cjs/loader.js:995:10),     at Module.load (internal/modules/cjs/loader.js:815:32),     at Function.Module._load (internal/modules/cjs/loader.js:727:14),     at Module.require (internal/modules/cjs/loader.js:852:19)]
2019-12-30T02:22:55.197Z - error: uncaughtException: Cannot find module '../model/UserModel'
Require stack:
- E:\WebstormProjects\app-backend-test\server\controller\MemberController.js
- E:\WebstormProjects\app-backend-test\server\routes\member.js
- E:\WebstormProjects\app-backend-test\server\config\route-config.js
- E:\WebstormProjects\app-backend-test\server\app.js
- E:\WebstormProjects\app-backend-test\server.js date=Mon Dec 30 2019 10:22:55 GMT+0800 (GMT+08:00), pid=5788, uid=null, gid=null, cwd=E:\WebstormProjects\app-backend-test, execPath=C:\Program Files\nodejs\node.exe, version=v12.13.1, argv=[C:\Program Files\nodejs\node.exe, E:\WebstormProjects\app-backend-test\server.js], rss=93929472, heapTotal=69423104, heapUsed=43562152, external=1883987, loadavg=[0, 0, 0], uptime=3227, trace=[column=15, file=internal/modules/cjs/loader.js, function=Module._resolveFilename, line=797, method=_resolveFilename, native=false, column=27, file=internal/modules/cjs/loader.js, function=Module._load, line=690, method=_load, native=false, column=19, file=internal/modules/cjs/loader.js, function=Module.require, line=852, method=require, native=false, column=18, file=internal/modules/cjs/helpers.js, function=require, line=74, method=null, native=false, column=19, file=E:\WebstormProjects\app-backend-test\server\controller\MemberController.js, function=null, line=10, method=null, native=false, column=30, file=internal/modules/cjs/loader.js, function=Module._compile, line=959, method=_compile, native=false, column=10, file=internal/modules/cjs/loader.js, function=Module._extensions..js, line=995, method=.js, native=false, column=32, file=internal/modules/cjs/loader.js, function=Module.load, line=815, method=load, native=false, column=14, file=internal/modules/cjs/loader.js, function=Module._load, line=727, method=_load, native=false, column=19, file=internal/modules/cjs/loader.js, function=Module.require, line=852, method=require, native=false], stack=[Error: Cannot find module '../model/UserModel', Require stack:, - E:\WebstormProjects\app-backend-test\server\controller\MemberController.js, - E:\WebstormProjects\app-backend-test\server\routes\member.js, - E:\WebstormProjects\app-backend-test\server\config\route-config.js, - E:\WebstormProjects\app-backend-test\server\app.js, - E:\WebstormProjects\app-backend-test\server.js,     at Function.Module._resolveFilename (internal/modules/cjs/loader.js:797:15),     at Function.Module._load (internal/modules/cjs/loader.js:690:27),     at Module.require (internal/modules/cjs/loader.js:852:19),     at require (internal/modules/cjs/helpers.js:74:18),     at Object.<anonymous> (E:\WebstormProjects\app-backend-test\server\controller\MemberController.js:10:19),     at Module._compile (internal/modules/cjs/loader.js:959:30),     at Object.Module._extensions..js (internal/modules/cjs/loader.js:995:10),     at Module.load (internal/modules/cjs/loader.js:815:32),     at Function.Module._load (internal/modules/cjs/loader.js:727:14),     at Module.require (internal/modules/cjs/loader.js:852:19)]
2019-12-30T02:23:35.332Z - error: uncaughtException: Cannot find module '../model/UserModel'
Require stack:
- E:\WebstormProjects\app-backend-test\server\controller\MemberController.js
- E:\WebstormProjects\app-backend-test\server\routes\member.js
- E:\WebstormProjects\app-backend-test\server\config\route-config.js
- E:\WebstormProjects\app-backend-test\server\app.js
- E:\WebstormProjects\app-backend-test\server.js date=Mon Dec 30 2019 10:23:35 GMT+0800 (GMT+08:00), pid=8708, uid=null, gid=null, cwd=E:\WebstormProjects\app-backend-test, execPath=C:\Program Files\nodejs\node.exe, version=v12.13.1, argv=[C:\Program Files\nodejs\node.exe, E:\WebstormProjects\app-backend-test\server.js], rss=94195712, heapTotal=69685248, heapUsed=43521912, external=1853806, loadavg=[0, 0, 0], uptime=3267, trace=[column=15, file=internal/modules/cjs/loader.js, function=Module._resolveFilename, line=797, method=_resolveFilename, native=false, column=27, file=internal/modules/cjs/loader.js, function=Module._load, line=690, method=_load, native=false, column=19, file=internal/modules/cjs/loader.js, function=Module.require, line=852, method=require, native=false, column=18, file=internal/modules/cjs/helpers.js, function=require, line=74, method=null, native=false, column=19, file=E:\WebstormProjects\app-backend-test\server\controller\MemberController.js, function=null, line=10, method=null, native=false, column=30, file=internal/modules/cjs/loader.js, function=Module._compile, line=959, method=_compile, native=false, column=10, file=internal/modules/cjs/loader.js, function=Module._extensions..js, line=995, method=.js, native=false, column=32, file=internal/modules/cjs/loader.js, function=Module.load, line=815, method=load, native=false, column=14, file=internal/modules/cjs/loader.js, function=Module._load, line=727, method=_load, native=false, column=19, file=internal/modules/cjs/loader.js, function=Module.require, line=852, method=require, native=false], stack=[Error: Cannot find module '../model/UserModel', Require stack:, - E:\WebstormProjects\app-backend-test\server\controller\MemberController.js, - E:\WebstormProjects\app-backend-test\server\routes\member.js, - E:\WebstormProjects\app-backend-test\server\config\route-config.js, - E:\WebstormProjects\app-backend-test\server\app.js, - E:\WebstormProjects\app-backend-test\server.js,     at Function.Module._resolveFilename (internal/modules/cjs/loader.js:797:15),     at Function.Module._load (internal/modules/cjs/loader.js:690:27),     at Module.require (internal/modules/cjs/loader.js:852:19),     at require (internal/modules/cjs/helpers.js:74:18),     at Object.<anonymous> (E:\WebstormProjects\app-backend-test\server\controller\MemberController.js:10:19),     at Module._compile (internal/modules/cjs/loader.js:959:30),     at Object.Module._extensions..js (internal/modules/cjs/loader.js:995:10),     at Module.load (internal/modules/cjs/loader.js:815:32),     at Function.Module._load (internal/modules/cjs/loader.js:727:14),     at Module.require (internal/modules/cjs/loader.js:852:19)]
2019-12-30T02:24:06.019Z - error: uncaughtException: Cannot find module '../model/UserModel'
Require stack:
- E:\WebstormProjects\app-backend-test\server\controller\MemberController.js
- E:\WebstormProjects\app-backend-test\server\routes\member.js
- E:\WebstormProjects\app-backend-test\server\config\route-config.js
- E:\WebstormProjects\app-backend-test\server\app.js
- E:\WebstormProjects\app-backend-test\server.js date=Mon Dec 30 2019 10:24:06 GMT+0800 (GMT+08:00), pid=2108, uid=null, gid=null, cwd=E:\WebstormProjects\app-backend-test, execPath=C:\Program Files\nodejs\node.exe, version=v12.13.1, argv=[C:\Program Files\nodejs\node.exe, E:\WebstormProjects\app-backend-test\server.js], rss=93990912, heapTotal=69423104, heapUsed=43567832, external=1861998, loadavg=[0, 0, 0], uptime=3298, trace=[column=15, file=internal/modules/cjs/loader.js, function=Module._resolveFilename, line=797, method=_resolveFilename, native=false, column=27, file=internal/modules/cjs/loader.js, function=Module._load, line=690, method=_load, native=false, column=19, file=internal/modules/cjs/loader.js, function=Module.require, line=852, method=require, native=false, column=18, file=internal/modules/cjs/helpers.js, function=require, line=74, method=null, native=false, column=19, file=E:\WebstormProjects\app-backend-test\server\controller\MemberController.js, function=null, line=10, method=null, native=false, column=30, file=internal/modules/cjs/loader.js, function=Module._compile, line=959, method=_compile, native=false, column=10, file=internal/modules/cjs/loader.js, function=Module._extensions..js, line=995, method=.js, native=false, column=32, file=internal/modules/cjs/loader.js, function=Module.load, line=815, method=load, native=false, column=14, file=internal/modules/cjs/loader.js, function=Module._load, line=727, method=_load, native=false, column=19, file=internal/modules/cjs/loader.js, function=Module.require, line=852, method=require, native=false], stack=[Error: Cannot find module '../model/UserModel', Require stack:, - E:\WebstormProjects\app-backend-test\server\controller\MemberController.js, - E:\WebstormProjects\app-backend-test\server\routes\member.js, - E:\WebstormProjects\app-backend-test\server\config\route-config.js, - E:\WebstormProjects\app-backend-test\server\app.js, - E:\WebstormProjects\app-backend-test\server.js,     at Function.Module._resolveFilename (internal/modules/cjs/loader.js:797:15),     at Function.Module._load (internal/modules/cjs/loader.js:690:27),     at Module.require (internal/modules/cjs/loader.js:852:19),     at require (internal/modules/cjs/helpers.js:74:18),     at Object.<anonymous> (E:\WebstormProjects\app-backend-test\server\controller\MemberController.js:10:19),     at Module._compile (internal/modules/cjs/loader.js:959:30),     at Object.Module._extensions..js (internal/modules/cjs/loader.js:995:10),     at Module.load (internal/modules/cjs/loader.js:815:32),     at Function.Module._load (internal/modules/cjs/loader.js:727:14),     at Module.require (internal/modules/cjs/loader.js:852:19)]
2019-12-30T02:26:32.862Z - error: uncaughtException: Cannot find module '../model/UserModel'
Require stack:
- E:\WebstormProjects\app-backend-test\server\controller\MemberController.js
- E:\WebstormProjects\app-backend-test\server\routes\member.js
- E:\WebstormProjects\app-backend-test\server\config\route-config.js
- E:\WebstormProjects\app-backend-test\server\app.js
- E:\WebstormProjects\app-backend-test\server.js date=Mon Dec 30 2019 10:26:32 GMT+0800 (GMT+08:00), pid=3660, uid=null, gid=null, cwd=E:\WebstormProjects\app-backend-test, execPath=C:\Program Files\nodejs\node.exe, version=v12.13.1, argv=[C:\Program Files\nodejs\node.exe, E:\WebstormProjects\app-backend-test\server.js], rss=94621696, heapTotal=69947392, heapUsed=43565040, external=1853806, loadavg=[0, 0, 0], uptime=3445, trace=[column=15, file=internal/modules/cjs/loader.js, function=Module._resolveFilename, line=797, method=_resolveFilename, native=false, column=27, file=internal/modules/cjs/loader.js, function=Module._load, line=690, method=_load, native=false, column=19, file=internal/modules/cjs/loader.js, function=Module.require, line=852, method=require, native=false, column=18, file=internal/modules/cjs/helpers.js, function=require, line=74, method=null, native=false, column=19, file=E:\WebstormProjects\app-backend-test\server\controller\MemberController.js, function=null, line=10, method=null, native=false, column=30, file=internal/modules/cjs/loader.js, function=Module._compile, line=959, method=_compile, native=false, column=10, file=internal/modules/cjs/loader.js, function=Module._extensions..js, line=995, method=.js, native=false, column=32, file=internal/modules/cjs/loader.js, function=Module.load, line=815, method=load, native=false, column=14, file=internal/modules/cjs/loader.js, function=Module._load, line=727, method=_load, native=false, column=19, file=internal/modules/cjs/loader.js, function=Module.require, line=852, method=require, native=false], stack=[Error: Cannot find module '../model/UserModel', Require stack:, - E:\WebstormProjects\app-backend-test\server\controller\MemberController.js, - E:\WebstormProjects\app-backend-test\server\routes\member.js, - E:\WebstormProjects\app-backend-test\server\config\route-config.js, - E:\WebstormProjects\app-backend-test\server\app.js, - E:\WebstormProjects\app-backend-test\server.js,     at Function.Module._resolveFilename (internal/modules/cjs/loader.js:797:15),     at Function.Module._load (internal/modules/cjs/loader.js:690:27),     at Module.require (internal/modules/cjs/loader.js:852:19),     at require (internal/modules/cjs/helpers.js:74:18),     at Object.<anonymous> (E:\WebstormProjects\app-backend-test\server\controller\MemberController.js:10:19),     at Module._compile (internal/modules/cjs/loader.js:959:30),     at Object.Module._extensions..js (internal/modules/cjs/loader.js:995:10),     at Module.load (internal/modules/cjs/loader.js:815:32),     at Function.Module._load (internal/modules/cjs/loader.js:727:14),     at Module.require (internal/modules/cjs/loader.js:852:19)]
2019-12-30T02:30:02.219Z - error: uncaughtException: Cannot find module '../model/UserModel'
Require stack:
- E:\WebstormProjects\app-backend-test\server\controller\MemberController.js
- E:\WebstormProjects\app-backend-test\server\routes\member.js
- E:\WebstormProjects\app-backend-test\server\config\route-config.js
- E:\WebstormProjects\app-backend-test\server\app.js
- E:\WebstormProjects\app-backend-test\server.js date=Mon Dec 30 2019 10:30:02 GMT+0800 (GMT+08:00), pid=3920, uid=null, gid=null, cwd=E:\WebstormProjects\app-backend-test, execPath=C:\Program Files\nodejs\node.exe, version=v12.13.1, argv=[C:\Program Files\nodejs\node.exe, E:\WebstormProjects\app-backend-test\server.js], rss=94330880, heapTotal=69947392, heapUsed=43451992, external=1861998, loadavg=[0, 0, 0], uptime=3654, trace=[column=15, file=internal/modules/cjs/loader.js, function=Module._resolveFilename, line=797, method=_resolveFilename, native=false, column=27, file=internal/modules/cjs/loader.js, function=Module._load, line=690, method=_load, native=false, column=19, file=internal/modules/cjs/loader.js, function=Module.require, line=852, method=require, native=false, column=18, file=internal/modules/cjs/helpers.js, function=require, line=74, method=null, native=false, column=19, file=E:\WebstormProjects\app-backend-test\server\controller\MemberController.js, function=null, line=10, method=null, native=false, column=30, file=internal/modules/cjs/loader.js, function=Module._compile, line=959, method=_compile, native=false, column=10, file=internal/modules/cjs/loader.js, function=Module._extensions..js, line=995, method=.js, native=false, column=32, file=internal/modules/cjs/loader.js, function=Module.load, line=815, method=load, native=false, column=14, file=internal/modules/cjs/loader.js, function=Module._load, line=727, method=_load, native=false, column=19, file=internal/modules/cjs/loader.js, function=Module.require, line=852, method=require, native=false], stack=[Error: Cannot find module '../model/UserModel', Require stack:, - E:\WebstormProjects\app-backend-test\server\controller\MemberController.js, - E:\WebstormProjects\app-backend-test\server\routes\member.js, - E:\WebstormProjects\app-backend-test\server\config\route-config.js, - E:\WebstormProjects\app-backend-test\server\app.js, - E:\WebstormProjects\app-backend-test\server.js,     at Function.Module._resolveFilename (internal/modules/cjs/loader.js:797:15),     at Function.Module._load (internal/modules/cjs/loader.js:690:27),     at Module.require (internal/modules/cjs/loader.js:852:19),     at require (internal/modules/cjs/helpers.js:74:18),     at Object.<anonymous> (E:\WebstormProjects\app-backend-test\server\controller\MemberController.js:10:19),     at Module._compile (internal/modules/cjs/loader.js:959:30),     at Object.Module._extensions..js (internal/modules/cjs/loader.js:995:10),     at Module.load (internal/modules/cjs/loader.js:815:32),     at Function.Module._load (internal/modules/cjs/loader.js:727:14),     at Module.require (internal/modules/cjs/loader.js:852:19)]
2019-12-30T02:30:05.232Z - error: uncaughtException: Cannot find module '../model/UserModel'
Require stack:
- E:\WebstormProjects\app-backend-test\server\controller\MemberController.js
- E:\WebstormProjects\app-backend-test\server\routes\member.js
- E:\WebstormProjects\app-backend-test\server\config\route-config.js
- E:\WebstormProjects\app-backend-test\server\app.js
- E:\WebstormProjects\app-backend-test\server.js date=Mon Dec 30 2019 10:30:05 GMT+0800 (GMT+08:00), pid=3212, uid=null, gid=null, cwd=E:\WebstormProjects\app-backend-test, execPath=C:\Program Files\nodejs\node.exe, version=v12.13.1, argv=[C:\Program Files\nodejs\node.exe, E:\WebstormProjects\app-backend-test\server.js], rss=94355456, heapTotal=69685248, heapUsed=43551880, external=1861998, loadavg=[0, 0, 0], uptime=3657, trace=[column=15, file=internal/modules/cjs/loader.js, function=Module._resolveFilename, line=797, method=_resolveFilename, native=false, column=27, file=internal/modules/cjs/loader.js, function=Module._load, line=690, method=_load, native=false, column=19, file=internal/modules/cjs/loader.js, function=Module.require, line=852, method=require, native=false, column=18, file=internal/modules/cjs/helpers.js, function=require, line=74, method=null, native=false, column=19, file=E:\WebstormProjects\app-backend-test\server\controller\MemberController.js, function=null, line=10, method=null, native=false, column=30, file=internal/modules/cjs/loader.js, function=Module._compile, line=959, method=_compile, native=false, column=10, file=internal/modules/cjs/loader.js, function=Module._extensions..js, line=995, method=.js, native=false, column=32, file=internal/modules/cjs/loader.js, function=Module.load, line=815, method=load, native=false, column=14, file=internal/modules/cjs/loader.js, function=Module._load, line=727, method=_load, native=false, column=19, file=internal/modules/cjs/loader.js, function=Module.require, line=852, method=require, native=false], stack=[Error: Cannot find module '../model/UserModel', Require stack:, - E:\WebstormProjects\app-backend-test\server\controller\MemberController.js, - E:\WebstormProjects\app-backend-test\server\routes\member.js, - E:\WebstormProjects\app-backend-test\server\config\route-config.js, - E:\WebstormProjects\app-backend-test\server\app.js, - E:\WebstormProjects\app-backend-test\server.js,     at Function.Module._resolveFilename (internal/modules/cjs/loader.js:797:15),     at Function.Module._load (internal/modules/cjs/loader.js:690:27),     at Module.require (internal/modules/cjs/loader.js:852:19),     at require (internal/modules/cjs/helpers.js:74:18),     at Object.<anonymous> (E:\WebstormProjects\app-backend-test\server\controller\MemberController.js:10:19),     at Module._compile (internal/modules/cjs/loader.js:959:30),     at Object.Module._extensions..js (internal/modules/cjs/loader.js:995:10),     at Module.load (internal/modules/cjs/loader.js:815:32),     at Function.Module._load (internal/modules/cjs/loader.js:727:14),     at Module.require (internal/modules/cjs/loader.js:852:19)]
2019-12-30T02:33:28.159Z - error: uncaughtException: Identifier 'createMember' has already been declared date=Mon Dec 30 2019 10:33:28 GMT+0800 (GMT+08:00), pid=8276, uid=null, gid=null, cwd=E:\WebstormProjects\app-backend-test, execPath=C:\Program Files\nodejs\node.exe, version=v12.13.1, argv=[C:\Program Files\nodejs\node.exe, E:\WebstormProjects\app-backend-test\server.js], rss=71987200, heapTotal=58675200, heapUsed=37662464, external=2043008, loadavg=[0, 0, 0], uptime=3860, trace=[column=18, file=internal/modules/cjs/loader.js, function=Module._compile, line=895, method=_compile, native=false, column=10, file=internal/modules/cjs/loader.js, function=Module._extensions..js, line=995, method=.js, native=false, column=32, file=internal/modules/cjs/loader.js, function=Module.load, line=815, method=load, native=false, column=14, file=internal/modules/cjs/loader.js, function=Module._load, line=727, method=_load, native=false, column=19, file=internal/modules/cjs/loader.js, function=Module.require, line=852, method=require, native=false, column=18, file=internal/modules/cjs/helpers.js, function=require, line=74, method=null, native=false, column=24, file=E:\WebstormProjects\app-backend-test\server\routes\member.js, function=null, line=5, method=null, native=false, column=30, file=internal/modules/cjs/loader.js, function=Module._compile, line=959, method=_compile, native=false, column=10, file=internal/modules/cjs/loader.js, function=Module._extensions..js, line=995, method=.js, native=false, column=32, file=internal/modules/cjs/loader.js, function=Module.load, line=815, method=load, native=false], stack=[E:\WebstormProjects\app-backend-test\server\controller\MemberController.js:403, async function createMember(req, res) {, ^, , SyntaxError: Identifier 'createMember' has already been declared,     at Module._compile (internal/modules/cjs/loader.js:895:18),     at Object.Module._extensions..js (internal/modules/cjs/loader.js:995:10),     at Module.load (internal/modules/cjs/loader.js:815:32),     at Function.Module._load (internal/modules/cjs/loader.js:727:14),     at Module.require (internal/modules/cjs/loader.js:852:19),     at require (internal/modules/cjs/helpers.js:74:18),     at Object.<anonymous> (E:\WebstormProjects\app-backend-test\server\routes\member.js:5:24),     at Module._compile (internal/modules/cjs/loader.js:959:30),     at Object.Module._extensions..js (internal/modules/cjs/loader.js:995:10),     at Module.load (internal/modules/cjs/loader.js:815:32)]
2019-12-30T02:34:50.255Z - error: uncaughtException: Identifier 'createMember' has already been declared date=Mon Dec 30 2019 10:34:50 GMT+0800 (GMT+08:00), pid=8648, uid=null, gid=null, cwd=E:\WebstormProjects\app-backend-test, execPath=C:\Program Files\nodejs\node.exe, version=v12.13.1, argv=[C:\Program Files\nodejs\node.exe, E:\WebstormProjects\app-backend-test\server.js], rss=77144064, heapTotal=59199488, heapUsed=35011880, external=1404638, loadavg=[0, 0, 0], uptime=3942, trace=[column=18, file=internal/modules/cjs/loader.js, function=Module._compile, line=895, method=_compile, native=false, column=10, file=internal/modules/cjs/loader.js, function=Module._extensions..js, line=995, method=.js, native=false, column=32, file=internal/modules/cjs/loader.js, function=Module.load, line=815, method=load, native=false, column=14, file=internal/modules/cjs/loader.js, function=Module._load, line=727, method=_load, native=false, column=19, file=internal/modules/cjs/loader.js, function=Module.require, line=852, method=require, native=false, column=18, file=internal/modules/cjs/helpers.js, function=require, line=74, method=null, native=false, column=24, file=E:\WebstormProjects\app-backend-test\server\routes\member.js, function=null, line=5, method=null, native=false, column=30, file=internal/modules/cjs/loader.js, function=Module._compile, line=959, method=_compile, native=false, column=10, file=internal/modules/cjs/loader.js, function=Module._extensions..js, line=995, method=.js, native=false, column=32, file=internal/modules/cjs/loader.js, function=Module.load, line=815, method=load, native=false], stack=[E:\WebstormProjects\app-backend-test\server\controller\MemberController.js:399, async function createMember(req, res) {, ^, , SyntaxError: Identifier 'createMember' has already been declared,     at Module._compile (internal/modules/cjs/loader.js:895:18),     at Object.Module._extensions..js (internal/modules/cjs/loader.js:995:10),     at Module.load (internal/modules/cjs/loader.js:815:32),     at Function.Module._load (internal/modules/cjs/loader.js:727:14),     at Module.require (internal/modules/cjs/loader.js:852:19),     at require (internal/modules/cjs/helpers.js:74:18),     at Object.<anonymous> (E:\WebstormProjects\app-backend-test\server\routes\member.js:5:24),     at Module._compile (internal/modules/cjs/loader.js:959:30),     at Object.Module._extensions..js (internal/modules/cjs/loader.js:995:10),     at Module.load (internal/modules/cjs/loader.js:815:32)]
2019-12-30T02:37:55.213Z - error: uncaughtException: Identifier 'createMember' has already been declared date=Mon Dec 30 2019 10:37:55 GMT+0800 (GMT+08:00), pid=6484, uid=null, gid=null, cwd=E:\WebstormProjects\app-backend-test, execPath=C:\Program Files\nodejs\node.exe, version=v12.13.1, argv=[C:\Program Files\nodejs\node.exe, E:\WebstormProjects\app-backend-test\server.js], rss=76812288, heapTotal=59199488, heapUsed=35100272, external=1399583, loadavg=[0, 0, 0], uptime=4127, trace=[column=18, file=internal/modules/cjs/loader.js, function=Module._compile, line=895, method=_compile, native=false, column=10, file=internal/modules/cjs/loader.js, function=Module._extensions..js, line=995, method=.js, native=false, column=32, file=internal/modules/cjs/loader.js, function=Module.load, line=815, method=load, native=false, column=14, file=internal/modules/cjs/loader.js, function=Module._load, line=727, method=_load, native=false, column=19, file=internal/modules/cjs/loader.js, function=Module.require, line=852, method=require, native=false, column=18, file=internal/modules/cjs/helpers.js, function=require, line=74, method=null, native=false, column=24, file=E:\WebstormProjects\app-backend-test\server\routes\member.js, function=null, line=5, method=null, native=false, column=30, file=internal/modules/cjs/loader.js, function=Module._compile, line=959, method=_compile, native=false, column=10, file=internal/modules/cjs/loader.js, function=Module._extensions..js, line=995, method=.js, native=false, column=32, file=internal/modules/cjs/loader.js, function=Module.load, line=815, method=load, native=false], stack=[E:\WebstormProjects\app-backend-test\server\controller\MemberController.js:215, async function createMember(req, res) {, ^, , SyntaxError: Identifier 'createMember' has already been declared,     at Module._compile (internal/modules/cjs/loader.js:895:18),     at Object.Module._extensions..js (internal/modules/cjs/loader.js:995:10),     at Module.load (internal/modules/cjs/loader.js:815:32),     at Function.Module._load (internal/modules/cjs/loader.js:727:14),     at Module.require (internal/modules/cjs/loader.js:852:19),     at require (internal/modules/cjs/helpers.js:74:18),     at Object.<anonymous> (E:\WebstormProjects\app-backend-test\server\routes\member.js:5:24),     at Module._compile (internal/modules/cjs/loader.js:959:30),     at Object.Module._extensions..js (internal/modules/cjs/loader.js:995:10),     at Module.load (internal/modules/cjs/loader.js:815:32)]
2019-12-30T02:37:59.520Z - error: uncaughtException: Identifier 'createMember' has already been declared date=Mon Dec 30 2019 10:37:59 GMT+0800 (GMT+08:00), pid=4076, uid=null, gid=null, cwd=E:\WebstormProjects\app-backend-test, execPath=C:\Program Files\nodejs\node.exe, version=v12.13.1, argv=[C:\Program Files\nodejs\node.exe, E:\WebstormProjects\app-backend-test\server.js], rss=71450624, heapTotal=58675200, heapUsed=37462736, external=2037939, loadavg=[0, 0, 0], uptime=4132, trace=[column=18, file=internal/modules/cjs/loader.js, function=Module._compile, line=895, method=_compile, native=false, column=10, file=internal/modules/cjs/loader.js, function=Module._extensions..js, line=995, method=.js, native=false, column=32, file=internal/modules/cjs/loader.js, function=Module.load, line=815, method=load, native=false, column=14, file=internal/modules/cjs/loader.js, function=Module._load, line=727, method=_load, native=false, column=19, file=internal/modules/cjs/loader.js, function=Module.require, line=852, method=require, native=false, column=18, file=internal/modules/cjs/helpers.js, function=require, line=74, method=null, native=false, column=24, file=E:\WebstormProjects\app-backend-test\server\routes\member.js, function=null, line=5, method=null, native=false, column=30, file=internal/modules/cjs/loader.js, function=Module._compile, line=959, method=_compile, native=false, column=10, file=internal/modules/cjs/loader.js, function=Module._extensions..js, line=995, method=.js, native=false, column=32, file=internal/modules/cjs/loader.js, function=Module.load, line=815, method=load, native=false], stack=[E:\WebstormProjects\app-backend-test\server\controller\MemberController.js:215, async function createMember(req, res) {, ^, , SyntaxError: Identifier 'createMember' has already been declared,     at Module._compile (internal/modules/cjs/loader.js:895:18),     at Object.Module._extensions..js (internal/modules/cjs/loader.js:995:10),     at Module.load (internal/modules/cjs/loader.js:815:32),     at Function.Module._load (internal/modules/cjs/loader.js:727:14),     at Module.require (internal/modules/cjs/loader.js:852:19),     at require (internal/modules/cjs/helpers.js:74:18),     at Object.<anonymous> (E:\WebstormProjects\app-backend-test\server\routes\member.js:5:24),     at Module._compile (internal/modules/cjs/loader.js:959:30),     at Object.Module._extensions..js (internal/modules/cjs/loader.js:995:10),     at Module.load (internal/modules/cjs/loader.js:815:32)]
2019-12-30T02:38:22.770Z - error: uncaughtException: Identifier 'createMember' has already been declared date=Mon Dec 30 2019 10:38:22 GMT+0800 (GMT+08:00), pid=6404, uid=null, gid=null, cwd=E:\WebstormProjects\app-backend-test, execPath=C:\Program Files\nodejs\node.exe, version=v12.13.1, argv=[C:\Program Files\nodejs\node.exe, E:\WebstormProjects\app-backend-test\server.js], rss=71438336, heapTotal=58675200, heapUsed=37511304, external=2037949, loadavg=[0, 0, 0], uptime=4155, trace=[column=18, file=internal/modules/cjs/loader.js, function=Module._compile, line=895, method=_compile, native=false, column=10, file=internal/modules/cjs/loader.js, function=Module._extensions..js, line=995, method=.js, native=false, column=32, file=internal/modules/cjs/loader.js, function=Module.load, line=815, method=load, native=false, column=14, file=internal/modules/cjs/loader.js, function=Module._load, line=727, method=_load, native=false, column=19, file=internal/modules/cjs/loader.js, function=Module.require, line=852, method=require, native=false, column=18, file=internal/modules/cjs/helpers.js, function=require, line=74, method=null, native=false, column=24, file=E:\WebstormProjects\app-backend-test\server\routes\member.js, function=null, line=5, method=null, native=false, column=30, file=internal/modules/cjs/loader.js, function=Module._compile, line=959, method=_compile, native=false, column=10, file=internal/modules/cjs/loader.js, function=Module._extensions..js, line=995, method=.js, native=false, column=32, file=internal/modules/cjs/loader.js, function=Module.load, line=815, method=load, native=false], stack=[E:\WebstormProjects\app-backend-test\server\controller\MemberController.js:216, async function createMember(req, res) {, ^, , SyntaxError: Identifier 'createMember' has already been declared,     at Module._compile (internal/modules/cjs/loader.js:895:18),     at Object.Module._extensions..js (internal/modules/cjs/loader.js:995:10),     at Module.load (internal/modules/cjs/loader.js:815:32),     at Function.Module._load (internal/modules/cjs/loader.js:727:14),     at Module.require (internal/modules/cjs/loader.js:852:19),     at require (internal/modules/cjs/helpers.js:74:18),     at Object.<anonymous> (E:\WebstormProjects\app-backend-test\server\routes\member.js:5:24),     at Module._compile (internal/modules/cjs/loader.js:959:30),     at Object.Module._extensions..js (internal/modules/cjs/loader.js:995:10),     at Module.load (internal/modules/cjs/loader.js:815:32)]
2019-12-30T02:39:19.072Z - error: uncaughtException: Identifier 'createMember' has already been declared date=Mon Dec 30 2019 10:39:19 GMT+0800 (GMT+08:00), pid=6820, uid=null, gid=null, cwd=E:\WebstormProjects\app-backend-test, execPath=C:\Program Files\nodejs\node.exe, version=v12.13.1, argv=[C:\Program Files\nodejs\node.exe, E:\WebstormProjects\app-backend-test\server.js], rss=76943360, heapTotal=59199488, heapUsed=35106992, external=1399589, loadavg=[0, 0, 0], uptime=4211, trace=[column=18, file=internal/modules/cjs/loader.js, function=Module._compile, line=895, method=_compile, native=false, column=10, file=internal/modules/cjs/loader.js, function=Module._extensions..js, line=995, method=.js, native=false, column=32, file=internal/modules/cjs/loader.js, function=Module.load, line=815, method=load, native=false, column=14, file=internal/modules/cjs/loader.js, function=Module._load, line=727, method=_load, native=false, column=19, file=internal/modules/cjs/loader.js, function=Module.require, line=852, method=require, native=false, column=18, file=internal/modules/cjs/helpers.js, function=require, line=74, method=null, native=false, column=24, file=E:\WebstormProjects\app-backend-test\server\routes\member.js, function=null, line=5, method=null, native=false, column=30, file=internal/modules/cjs/loader.js, function=Module._compile, line=959, method=_compile, native=false, column=10, file=internal/modules/cjs/loader.js, function=Module._extensions..js, line=995, method=.js, native=false, column=32, file=internal/modules/cjs/loader.js, function=Module.load, line=815, method=load, native=false], stack=[E:\WebstormProjects\app-backend-test\server\controller\MemberController.js:216, async function createMember(req, res) {, ^, , SyntaxError: Identifier 'createMember' has already been declared,     at Module._compile (internal/modules/cjs/loader.js:895:18),     at Object.Module._extensions..js (internal/modules/cjs/loader.js:995:10),     at Module.load (internal/modules/cjs/loader.js:815:32),     at Function.Module._load (internal/modules/cjs/loader.js:727:14),     at Module.require (internal/modules/cjs/loader.js:852:19),     at require (internal/modules/cjs/helpers.js:74:18),     at Object.<anonymous> (E:\WebstormProjects\app-backend-test\server\routes\member.js:5:24),     at Module._compile (internal/modules/cjs/loader.js:959:30),     at Object.Module._extensions..js (internal/modules/cjs/loader.js:995:10),     at Module.load (internal/modules/cjs/loader.js:815:32)]
2019-12-30T02:40:05.841Z - error: uncaughtException: Identifier 'createMember' has already been declared date=Mon Dec 30 2019 10:40:05 GMT+0800 (GMT+08:00), pid=4120, uid=null, gid=null, cwd=E:\WebstormProjects\app-backend-test, execPath=C:\Program Files\nodejs\node.exe, version=v12.13.1, argv=[C:\Program Files\nodejs\node.exe, E:\WebstormProjects\app-backend-test\server.js], rss=71770112, heapTotal=58675200, heapUsed=37638168, external=2037909, loadavg=[0, 0, 0], uptime=4258, trace=[column=18, file=internal/modules/cjs/loader.js, function=Module._compile, line=895, method=_compile, native=false, column=10, file=internal/modules/cjs/loader.js, function=Module._extensions..js, line=995, method=.js, native=false, column=32, file=internal/modules/cjs/loader.js, function=Module.load, line=815, method=load, native=false, column=14, file=internal/modules/cjs/loader.js, function=Module._load, line=727, method=_load, native=false, column=19, file=internal/modules/cjs/loader.js, function=Module.require, line=852, method=require, native=false, column=18, file=internal/modules/cjs/helpers.js, function=require, line=74, method=null, native=false, column=24, file=E:\WebstormProjects\app-backend-test\server\routes\member.js, function=null, line=5, method=null, native=false, column=30, file=internal/modules/cjs/loader.js, function=Module._compile, line=959, method=_compile, native=false, column=10, file=internal/modules/cjs/loader.js, function=Module._extensions..js, line=995, method=.js, native=false, column=32, file=internal/modules/cjs/loader.js, function=Module.load, line=815, method=load, native=false], stack=[E:\WebstormProjects\app-backend-test\server\controller\MemberController.js:214, async function createMember(req, res) {, ^, , SyntaxError: Identifier 'createMember' has already been declared,     at Module._compile (internal/modules/cjs/loader.js:895:18),     at Object.Module._extensions..js (internal/modules/cjs/loader.js:995:10),     at Module.load (internal/modules/cjs/loader.js:815:32),     at Function.Module._load (internal/modules/cjs/loader.js:727:14),     at Module.require (internal/modules/cjs/loader.js:852:19),     at require (internal/modules/cjs/helpers.js:74:18),     at Object.<anonymous> (E:\WebstormProjects\app-backend-test\server\routes\member.js:5:24),     at Module._compile (internal/modules/cjs/loader.js:959:30),     at Object.Module._extensions..js (internal/modules/cjs/loader.js:995:10),     at Module.load (internal/modules/cjs/loader.js:815:32)]
2019-12-30T02:40:35.208Z - error: uncaughtException: Identifier 'createMember' has already been declared date=Mon Dec 30 2019 10:40:35 GMT+0800 (GMT+08:00), pid=1752, uid=null, gid=null, cwd=E:\WebstormProjects\app-backend-test, execPath=C:\Program Files\nodejs\node.exe, version=v12.13.1, argv=[C:\Program Files\nodejs\node.exe, E:\WebstormProjects\app-backend-test\server.js], rss=76935168, heapTotal=59461632, heapUsed=35053560, external=1399542, loadavg=[0, 0, 0], uptime=4287, trace=[column=18, file=internal/modules/cjs/loader.js, function=Module._compile, line=895, method=_compile, native=false, column=10, file=internal/modules/cjs/loader.js, function=Module._extensions..js, line=995, method=.js, native=false, column=32, file=internal/modules/cjs/loader.js, function=Module.load, line=815, method=load, native=false, column=14, file=internal/modules/cjs/loader.js, function=Module._load, line=727, method=_load, native=false, column=19, file=internal/modules/cjs/loader.js, function=Module.require, line=852, method=require, native=false, column=18, file=internal/modules/cjs/helpers.js, function=require, line=74, method=null, native=false, column=24, file=E:\WebstormProjects\app-backend-test\server\routes\member.js, function=null, line=5, method=null, native=false, column=30, file=internal/modules/cjs/loader.js, function=Module._compile, line=959, method=_compile, native=false, column=10, file=internal/modules/cjs/loader.js, function=Module._extensions..js, line=995, method=.js, native=false, column=32, file=internal/modules/cjs/loader.js, function=Module.load, line=815, method=load, native=false], stack=[E:\WebstormProjects\app-backend-test\server\controller\MemberController.js:214, async function createMember(req, res) {, ^, , SyntaxError: Identifier 'createMember' has already been declared,     at Module._compile (internal/modules/cjs/loader.js:895:18),     at Object.Module._extensions..js (internal/modules/cjs/loader.js:995:10),     at Module.load (internal/modules/cjs/loader.js:815:32),     at Function.Module._load (internal/modules/cjs/loader.js:727:14),     at Module.require (internal/modules/cjs/loader.js:852:19),     at require (internal/modules/cjs/helpers.js:74:18),     at Object.<anonymous> (E:\WebstormProjects\app-backend-test\server\routes\member.js:5:24),     at Module._compile (internal/modules/cjs/loader.js:959:30),     at Object.Module._extensions..js (internal/modules/cjs/loader.js:995:10),     at Module.load (internal/modules/cjs/loader.js:815:32)]
2019-12-30T02:45:51.251Z - error: uncaughtException: Identifier 'createMember' has already been declared date=Mon Dec 30 2019 10:45:51 GMT+0800 (GMT+08:00), pid=6820, uid=null, gid=null, cwd=E:\WebstormProjects\app-backend-test, execPath=C:\Program Files\nodejs\node.exe, version=v12.13.1, argv=[C:\Program Files\nodejs\node.exe, E:\WebstormProjects\app-backend-test\server.js], rss=77094912, heapTotal=59199488, heapUsed=34989032, external=1399473, loadavg=[0, 0, 0], uptime=4603, trace=[column=18, file=internal/modules/cjs/loader.js, function=Module._compile, line=895, method=_compile, native=false, column=10, file=internal/modules/cjs/loader.js, function=Module._extensions..js, line=995, method=.js, native=false, column=32, file=internal/modules/cjs/loader.js, function=Module.load, line=815, method=load, native=false, column=14, file=internal/modules/cjs/loader.js, function=Module._load, line=727, method=_load, native=false, column=19, file=internal/modules/cjs/loader.js, function=Module.require, line=852, method=require, native=false, column=18, file=internal/modules/cjs/helpers.js, function=require, line=74, method=null, native=false, column=24, file=E:\WebstormProjects\app-backend-test\server\routes\member.js, function=null, line=5, method=null, native=false, column=30, file=internal/modules/cjs/loader.js, function=Module._compile, line=959, method=_compile, native=false, column=10, file=internal/modules/cjs/loader.js, function=Module._extensions..js, line=995, method=.js, native=false, column=32, file=internal/modules/cjs/loader.js, function=Module.load, line=815, method=load, native=false], stack=[E:\WebstormProjects\app-backend-test\server\controller\MemberController.js:211, async function createMember(req, res) {, ^, , SyntaxError: Identifier 'createMember' has already been declared,     at Module._compile (internal/modules/cjs/loader.js:895:18),     at Object.Module._extensions..js (internal/modules/cjs/loader.js:995:10),     at Module.load (internal/modules/cjs/loader.js:815:32),     at Function.Module._load (internal/modules/cjs/loader.js:727:14),     at Module.require (internal/modules/cjs/loader.js:852:19),     at require (internal/modules/cjs/helpers.js:74:18),     at Object.<anonymous> (E:\WebstormProjects\app-backend-test\server\routes\member.js:5:24),     at Module._compile (internal/modules/cjs/loader.js:959:30),     at Object.Module._extensions..js (internal/modules/cjs/loader.js:995:10),     at Module.load (internal/modules/cjs/loader.js:815:32)]
2019-12-30T02:48:59.430Z - error: uncaughtException: Identifier 'createMember' has already been declared date=Mon Dec 30 2019 10:48:59 GMT+0800 (GMT+08:00), pid=3252, uid=null, gid=null, cwd=E:\WebstormProjects\app-backend-test, execPath=C:\Program Files\nodejs\node.exe, version=v12.13.1, argv=[C:\Program Files\nodejs\node.exe, E:\WebstormProjects\app-backend-test\server.js], rss=76787712, heapTotal=59199488, heapUsed=35144256, external=1399119, loadavg=[0, 0, 0], uptime=4791, trace=[column=18, file=internal/modules/cjs/loader.js, function=Module._compile, line=895, method=_compile, native=false, column=10, file=internal/modules/cjs/loader.js, function=Module._extensions..js, line=995, method=.js, native=false, column=32, file=internal/modules/cjs/loader.js, function=Module.load, line=815, method=load, native=false, column=14, file=internal/modules/cjs/loader.js, function=Module._load, line=727, method=_load, native=false, column=19, file=internal/modules/cjs/loader.js, function=Module.require, line=852, method=require, native=false, column=18, file=internal/modules/cjs/helpers.js, function=require, line=74, method=null, native=false, column=24, file=E:\WebstormProjects\app-backend-test\server\routes\member.js, function=null, line=5, method=null, native=false, column=30, file=internal/modules/cjs/loader.js, function=Module._compile, line=959, method=_compile, native=false, column=10, file=internal/modules/cjs/loader.js, function=Module._extensions..js, line=995, method=.js, native=false, column=32, file=internal/modules/cjs/loader.js, function=Module.load, line=815, method=load, native=false], stack=[E:\WebstormProjects\app-backend-test\server\controller\MemberController.js:198, async function createMember(req, res) {, ^, , SyntaxError: Identifier 'createMember' has already been declared,     at Module._compile (internal/modules/cjs/loader.js:895:18),     at Object.Module._extensions..js (internal/modules/cjs/loader.js:995:10),     at Module.load (internal/modules/cjs/loader.js:815:32),     at Function.Module._load (internal/modules/cjs/loader.js:727:14),     at Module.require (internal/modules/cjs/loader.js:852:19),     at require (internal/modules/cjs/helpers.js:74:18),     at Object.<anonymous> (E:\WebstormProjects\app-backend-test\server\routes\member.js:5:24),     at Module._compile (internal/modules/cjs/loader.js:959:30),     at Object.Module._extensions..js (internal/modules/cjs/loader.js:995:10),     at Module.load (internal/modules/cjs/loader.js:815:32)]
2019-12-30T02:50:11.782Z - error: uncaughtException: Identifier 'createMember' has already been declared date=Mon Dec 30 2019 10:50:11 GMT+0800 (GMT+08:00), pid=4496, uid=null, gid=null, cwd=E:\WebstormProjects\app-backend-test, execPath=C:\Program Files\nodejs\node.exe, version=v12.13.1, argv=[C:\Program Files\nodejs\node.exe, E:\WebstormProjects\app-backend-test\server.js], rss=77180928, heapTotal=59461632, heapUsed=35094152, external=1399147, loadavg=[0, 0, 0], uptime=4864, trace=[column=18, file=internal/modules/cjs/loader.js, function=Module._compile, line=895, method=_compile, native=false, column=10, file=internal/modules/cjs/loader.js, function=Module._extensions..js, line=995, method=.js, native=false, column=32, file=internal/modules/cjs/loader.js, function=Module.load, line=815, method=load, native=false, column=14, file=internal/modules/cjs/loader.js, function=Module._load, line=727, method=_load, native=false, column=19, file=internal/modules/cjs/loader.js, function=Module.require, line=852, method=require, native=false, column=18, file=internal/modules/cjs/helpers.js, function=require, line=74, method=null, native=false, column=24, file=E:\WebstormProjects\app-backend-test\server\routes\member.js, function=null, line=5, method=null, native=false, column=30, file=internal/modules/cjs/loader.js, function=Module._compile, line=959, method=_compile, native=false, column=10, file=internal/modules/cjs/loader.js, function=Module._extensions..js, line=995, method=.js, native=false, column=32, file=internal/modules/cjs/loader.js, function=Module.load, line=815, method=load, native=false], stack=[E:\WebstormProjects\app-backend-test\server\controller\MemberController.js:198, async function createMember(req, res) {, ^, , SyntaxError: Identifier 'createMember' has already been declared,     at Module._compile (internal/modules/cjs/loader.js:895:18),     at Object.Module._extensions..js (internal/modules/cjs/loader.js:995:10),     at Module.load (internal/modules/cjs/loader.js:815:32),     at Function.Module._load (internal/modules/cjs/loader.js:727:14),     at Module.require (internal/modules/cjs/loader.js:852:19),     at require (internal/modules/cjs/helpers.js:74:18),     at Object.<anonymous> (E:\WebstormProjects\app-backend-test\server\routes\member.js:5:24),     at Module._compile (internal/modules/cjs/loader.js:959:30),     at Object.Module._extensions..js (internal/modules/cjs/loader.js:995:10),     at Module.load (internal/modules/cjs/loader.js:815:32)]
2019-12-30T02:52:50.966Z - error: uncaughtException: Identifier 'createMember' has already been declared date=Mon Dec 30 2019 10:52:50 GMT+0800 (GMT+08:00), pid=3104, uid=null, gid=null, cwd=E:\WebstormProjects\app-backend-test, execPath=C:\Program Files\nodejs\node.exe, version=v12.13.1, argv=[C:\Program Files\nodejs\node.exe, E:\WebstormProjects\app-backend-test\server.js], rss=77082624, heapTotal=59985920, heapUsed=34933600, external=1398641, loadavg=[0, 0, 0], uptime=5023, trace=[column=18, file=internal/modules/cjs/loader.js, function=Module._compile, line=895, method=_compile, native=false, column=10, file=internal/modules/cjs/loader.js, function=Module._extensions..js, line=995, method=.js, native=false, column=32, file=internal/modules/cjs/loader.js, function=Module.load, line=815, method=load, native=false, column=14, file=internal/modules/cjs/loader.js, function=Module._load, line=727, method=_load, native=false, column=19, file=internal/modules/cjs/loader.js, function=Module.require, line=852, method=require, native=false, column=18, file=internal/modules/cjs/helpers.js, function=require, line=74, method=null, native=false, column=24, file=E:\WebstormProjects\app-backend-test\server\routes\member.js, function=null, line=5, method=null, native=false, column=30, file=internal/modules/cjs/loader.js, function=Module._compile, line=959, method=_compile, native=false, column=10, file=internal/modules/cjs/loader.js, function=Module._extensions..js, line=995, method=.js, native=false, column=32, file=internal/modules/cjs/loader.js, function=Module.load, line=815, method=load, native=false], stack=[E:\WebstormProjects\app-backend-test\server\controller\MemberController.js:190, async function createMember(req, res) {, ^, , SyntaxError: Identifier 'createMember' has already been declared,     at Module._compile (internal/modules/cjs/loader.js:895:18),     at Object.Module._extensions..js (internal/modules/cjs/loader.js:995:10),     at Module.load (internal/modules/cjs/loader.js:815:32),     at Function.Module._load (internal/modules/cjs/loader.js:727:14),     at Module.require (internal/modules/cjs/loader.js:852:19),     at require (internal/modules/cjs/helpers.js:74:18),     at Object.<anonymous> (E:\WebstormProjects\app-backend-test\server\routes\member.js:5:24),     at Module._compile (internal/modules/cjs/loader.js:959:30),     at Object.Module._extensions..js (internal/modules/cjs/loader.js:995:10),     at Module.load (internal/modules/cjs/loader.js:815:32)]
2019-12-30T02:54:38.581Z - error: uncaughtException: Identifier 'createMember' has already been declared date=Mon Dec 30 2019 10:54:38 GMT+0800 (GMT+08:00), pid=6820, uid=null, gid=null, cwd=E:\WebstormProjects\app-backend-test, execPath=C:\Program Files\nodejs\node.exe, version=v12.13.1, argv=[C:\Program Files\nodejs\node.exe, E:\WebstormProjects\app-backend-test\server.js], rss=76816384, heapTotal=59461632, heapUsed=35017712, external=1390481, loadavg=[0, 0, 0], uptime=5131, trace=[column=18, file=internal/modules/cjs/loader.js, function=Module._compile, line=895, method=_compile, native=false, column=10, file=internal/modules/cjs/loader.js, function=Module._extensions..js, line=995, method=.js, native=false, column=32, file=internal/modules/cjs/loader.js, function=Module.load, line=815, method=load, native=false, column=14, file=internal/modules/cjs/loader.js, function=Module._load, line=727, method=_load, native=false, column=19, file=internal/modules/cjs/loader.js, function=Module.require, line=852, method=require, native=false, column=18, file=internal/modules/cjs/helpers.js, function=require, line=74, method=null, native=false, column=24, file=E:\WebstormProjects\app-backend-test\server\routes\member.js, function=null, line=5, method=null, native=false, column=30, file=internal/modules/cjs/loader.js, function=Module._compile, line=959, method=_compile, native=false, column=10, file=internal/modules/cjs/loader.js, function=Module._extensions..js, line=995, method=.js, native=false, column=32, file=internal/modules/cjs/loader.js, function=Module.load, line=815, method=load, native=false], stack=[E:\WebstormProjects\app-backend-test\server\controller\MemberController.js:190, async function createMember(req, res) {, ^, , SyntaxError: Identifier 'createMember' has already been declared,     at Module._compile (internal/modules/cjs/loader.js:895:18),     at Object.Module._extensions..js (internal/modules/cjs/loader.js:995:10),     at Module.load (internal/modules/cjs/loader.js:815:32),     at Function.Module._load (internal/modules/cjs/loader.js:727:14),     at Module.require (internal/modules/cjs/loader.js:852:19),     at require (internal/modules/cjs/helpers.js:74:18),     at Object.<anonymous> (E:\WebstormProjects\app-backend-test\server\routes\member.js:5:24),     at Module._compile (internal/modules/cjs/loader.js:959:30),     at Object.Module._extensions..js (internal/modules/cjs/loader.js:995:10),     at Module.load (internal/modules/cjs/loader.js:815:32)]
2019-12-30T02:56:37.981Z - error: uncaughtException: Identifier 'createMember' has already been declared date=Mon Dec 30 2019 10:56:37 GMT+0800 (GMT+08:00), pid=1924, uid=null, gid=null, cwd=E:\WebstormProjects\app-backend-test, execPath=C:\Program Files\nodejs\node.exe, version=v12.13.1, argv=[C:\Program Files\nodejs\node.exe, E:\WebstormProjects\app-backend-test\server.js], rss=76742656, heapTotal=58937344, heapUsed=35113128, external=1398364, loadavg=[0, 0, 0], uptime=5250, trace=[column=18, file=internal/modules/cjs/loader.js, function=Module._compile, line=895, method=_compile, native=false, column=10, file=internal/modules/cjs/loader.js, function=Module._extensions..js, line=995, method=.js, native=false, column=32, file=internal/modules/cjs/loader.js, function=Module.load, line=815, method=load, native=false, column=14, file=internal/modules/cjs/loader.js, function=Module._load, line=727, method=_load, native=false, column=19, file=internal/modules/cjs/loader.js, function=Module.require, line=852, method=require, native=false, column=18, file=internal/modules/cjs/helpers.js, function=require, line=74, method=null, native=false, column=24, file=E:\WebstormProjects\app-backend-test\server\routes\member.js, function=null, line=5, method=null, native=false, column=30, file=internal/modules/cjs/loader.js, function=Module._compile, line=959, method=_compile, native=false, column=10, file=internal/modules/cjs/loader.js, function=Module._extensions..js, line=995, method=.js, native=false, column=32, file=internal/modules/cjs/loader.js, function=Module.load, line=815, method=load, native=false], stack=[E:\WebstormProjects\app-backend-test\server\controller\MemberController.js:175, async function createMember(req, res) {, ^, , SyntaxError: Identifier 'createMember' has already been declared,     at Module._compile (internal/modules/cjs/loader.js:895:18),     at Object.Module._extensions..js (internal/modules/cjs/loader.js:995:10),     at Module.load (internal/modules/cjs/loader.js:815:32),     at Function.Module._load (internal/modules/cjs/loader.js:727:14),     at Module.require (internal/modules/cjs/loader.js:852:19),     at require (internal/modules/cjs/helpers.js:74:18),     at Object.<anonymous> (E:\WebstormProjects\app-backend-test\server\routes\member.js:5:24),     at Module._compile (internal/modules/cjs/loader.js:959:30),     at Object.Module._extensions..js (internal/modules/cjs/loader.js:995:10),     at Module.load (internal/modules/cjs/loader.js:815:32)]
2019-12-30T02:57:01.900Z - error: uncaughtException: Identifier 'createMember' has already been declared date=Mon Dec 30 2019 10:57:01 GMT+0800 (GMT+08:00), pid=8820, uid=null, gid=null, cwd=E:\WebstormProjects\app-backend-test, execPath=C:\Program Files\nodejs\node.exe, version=v12.13.1, argv=[C:\Program Files\nodejs\node.exe, E:\WebstormProjects\app-backend-test\server.js], rss=77045760, heapTotal=59199488, heapUsed=35180264, external=1398208, loadavg=[0, 0, 0], uptime=5274, trace=[column=18, file=internal/modules/cjs/loader.js, function=Module._compile, line=895, method=_compile, native=false, column=10, file=internal/modules/cjs/loader.js, function=Module._extensions..js, line=995, method=.js, native=false, column=32, file=internal/modules/cjs/loader.js, function=Module.load, line=815, method=load, native=false, column=14, file=internal/modules/cjs/loader.js, function=Module._load, line=727, method=_load, native=false, column=19, file=internal/modules/cjs/loader.js, function=Module.require, line=852, method=require, native=false, column=18, file=internal/modules/cjs/helpers.js, function=require, line=74, method=null, native=false, column=24, file=E:\WebstormProjects\app-backend-test\server\routes\member.js, function=null, line=5, method=null, native=false, column=30, file=internal/modules/cjs/loader.js, function=Module._compile, line=959, method=_compile, native=false, column=10, file=internal/modules/cjs/loader.js, function=Module._extensions..js, line=995, method=.js, native=false, column=32, file=internal/modules/cjs/loader.js, function=Module.load, line=815, method=load, native=false], stack=[E:\WebstormProjects\app-backend-test\server\controller\MemberController.js:172, async function createMember(req, res) {, ^, , SyntaxError: Identifier 'createMember' has already been declared,     at Module._compile (internal/modules/cjs/loader.js:895:18),     at Object.Module._extensions..js (internal/modules/cjs/loader.js:995:10),     at Module.load (internal/modules/cjs/loader.js:815:32),     at Function.Module._load (internal/modules/cjs/loader.js:727:14),     at Module.require (internal/modules/cjs/loader.js:852:19),     at require (internal/modules/cjs/helpers.js:74:18),     at Object.<anonymous> (E:\WebstormProjects\app-backend-test\server\routes\member.js:5:24),     at Module._compile (internal/modules/cjs/loader.js:959:30),     at Object.Module._extensions..js (internal/modules/cjs/loader.js:995:10),     at Module.load (internal/modules/cjs/loader.js:815:32)]
2019-12-30T02:59:47.364Z - error: uncaughtException: Identifier 'createMember' has already been declared date=Mon Dec 30 2019 10:59:47 GMT+0800 (GMT+08:00), pid=5980, uid=null, gid=null, cwd=E:\WebstormProjects\app-backend-test, execPath=C:\Program Files\nodejs\node.exe, version=v12.13.1, argv=[C:\Program Files\nodejs\node.exe, E:\WebstormProjects\app-backend-test\server.js], rss=76750848, heapTotal=59199488, heapUsed=35033568, external=1398208, loadavg=[0, 0, 0], uptime=5439, trace=[column=18, file=internal/modules/cjs/loader.js, function=Module._compile, line=895, method=_compile, native=false, column=10, file=internal/modules/cjs/loader.js, function=Module._extensions..js, line=995, method=.js, native=false, column=32, file=internal/modules/cjs/loader.js, function=Module.load, line=815, method=load, native=false, column=14, file=internal/modules/cjs/loader.js, function=Module._load, line=727, method=_load, native=false, column=19, file=internal/modules/cjs/loader.js, function=Module.require, line=852, method=require, native=false, column=18, file=internal/modules/cjs/helpers.js, function=require, line=74, method=null, native=false, column=24, file=E:\WebstormProjects\app-backend-test\server\routes\member.js, function=null, line=5, method=null, native=false, column=30, file=internal/modules/cjs/loader.js, function=Module._compile, line=959, method=_compile, native=false, column=10, file=internal/modules/cjs/loader.js, function=Module._extensions..js, line=995, method=.js, native=false, column=32, file=internal/modules/cjs/loader.js, function=Module.load, line=815, method=load, native=false], stack=[E:\WebstormProjects\app-backend-test\server\controller\MemberController.js:172, async function createMember(req, res) {, ^, , SyntaxError: Identifier 'createMember' has already been declared,     at Module._compile (internal/modules/cjs/loader.js:895:18),     at Object.Module._extensions..js (internal/modules/cjs/loader.js:995:10),     at Module.load (internal/modules/cjs/loader.js:815:32),     at Function.Module._load (internal/modules/cjs/loader.js:727:14),     at Module.require (internal/modules/cjs/loader.js:852:19),     at require (internal/modules/cjs/helpers.js:74:18),     at Object.<anonymous> (E:\WebstormProjects\app-backend-test\server\routes\member.js:5:24),     at Module._compile (internal/modules/cjs/loader.js:959:30),     at Object.Module._extensions..js (internal/modules/cjs/loader.js:995:10),     at Module.load (internal/modules/cjs/loader.js:815:32)]
2019-12-30T03:01:12.234Z - error: uncaughtException: Identifier 'createMember' has already been declared date=Mon Dec 30 2019 11:01:12 GMT+0800 (GMT+08:00), pid=5344, uid=null, gid=null, cwd=E:\WebstormProjects\app-backend-test, execPath=C:\Program Files\nodejs\node.exe, version=v12.13.1, argv=[C:\Program Files\nodejs\node.exe, E:\WebstormProjects\app-backend-test\server.js], rss=76775424, heapTotal=59461632, heapUsed=35062192, external=1398199, loadavg=[0, 0, 0], uptime=5524, trace=[column=18, file=internal/modules/cjs/loader.js, function=Module._compile, line=895, method=_compile, native=false, column=10, file=internal/modules/cjs/loader.js, function=Module._extensions..js, line=995, method=.js, native=false, column=32, file=internal/modules/cjs/loader.js, function=Module.load, line=815, method=load, native=false, column=14, file=internal/modules/cjs/loader.js, function=Module._load, line=727, method=_load, native=false, column=19, file=internal/modules/cjs/loader.js, function=Module.require, line=852, method=require, native=false, column=18, file=internal/modules/cjs/helpers.js, function=require, line=74, method=null, native=false, column=24, file=E:\WebstormProjects\app-backend-test\server\routes\member.js, function=null, line=5, method=null, native=false, column=30, file=internal/modules/cjs/loader.js, function=Module._compile, line=959, method=_compile, native=false, column=10, file=internal/modules/cjs/loader.js, function=Module._extensions..js, line=995, method=.js, native=false, column=32, file=internal/modules/cjs/loader.js, function=Module.load, line=815, method=load, native=false], stack=[E:\WebstormProjects\app-backend-test\server\controller\MemberController.js:172, async function createMember(req, res) {, ^, , SyntaxError: Identifier 'createMember' has already been declared,     at Module._compile (internal/modules/cjs/loader.js:895:18),     at Object.Module._extensions..js (internal/modules/cjs/loader.js:995:10),     at Module.load (internal/modules/cjs/loader.js:815:32),     at Function.Module._load (internal/modules/cjs/loader.js:727:14),     at Module.require (internal/modules/cjs/loader.js:852:19),     at require (internal/modules/cjs/helpers.js:74:18),     at Object.<anonymous> (E:\WebstormProjects\app-backend-test\server\routes\member.js:5:24),     at Module._compile (internal/modules/cjs/loader.js:959:30),     at Object.Module._extensions..js (internal/modules/cjs/loader.js:995:10),     at Module.load (internal/modules/cjs/loader.js:815:32)]
2019-12-30T03:01:22.751Z - error: uncaughtException: Identifier 'createMember' has already been declared date=Mon Dec 30 2019 11:01:22 GMT+0800 (GMT+08:00), pid=2572, uid=null, gid=null, cwd=E:\WebstormProjects\app-backend-test, execPath=C:\Program Files\nodejs\node.exe, version=v12.13.1, argv=[C:\Program Files\nodejs\node.exe, E:\WebstormProjects\app-backend-test\server.js], rss=76791808, heapTotal=59199488, heapUsed=34957728, external=1390007, loadavg=[0, 0, 0], uptime=5535, trace=[column=18, file=internal/modules/cjs/loader.js, function=Module._compile, line=895, method=_compile, native=false, column=10, file=internal/modules/cjs/loader.js, function=Module._extensions..js, line=995, method=.js, native=false, column=32, file=internal/modules/cjs/loader.js, function=Module.load, line=815, method=load, native=false, column=14, file=internal/modules/cjs/loader.js, function=Module._load, line=727, method=_load, native=false, column=19, file=internal/modules/cjs/loader.js, function=Module.require, line=852, method=require, native=false, column=18, file=internal/modules/cjs/helpers.js, function=require, line=74, method=null, native=false, column=24, file=E:\WebstormProjects\app-backend-test\server\routes\member.js, function=null, line=5, method=null, native=false, column=30, file=internal/modules/cjs/loader.js, function=Module._compile, line=959, method=_compile, native=false, column=10, file=internal/modules/cjs/loader.js, function=Module._extensions..js, line=995, method=.js, native=false, column=32, file=internal/modules/cjs/loader.js, function=Module.load, line=815, method=load, native=false], stack=[E:\WebstormProjects\app-backend-test\server\controller\MemberController.js:172, async function createMember(req, res) {, ^, , SyntaxError: Identifier 'createMember' has already been declared,     at Module._compile (internal/modules/cjs/loader.js:895:18),     at Object.Module._extensions..js (internal/modules/cjs/loader.js:995:10),     at Module.load (internal/modules/cjs/loader.js:815:32),     at Function.Module._load (internal/modules/cjs/loader.js:727:14),     at Module.require (internal/modules/cjs/loader.js:852:19),     at require (internal/modules/cjs/helpers.js:74:18),     at Object.<anonymous> (E:\WebstormProjects\app-backend-test\server\routes\member.js:5:24),     at Module._compile (internal/modules/cjs/loader.js:959:30),     at Object.Module._extensions..js (internal/modules/cjs/loader.js:995:10),     at Module.load (internal/modules/cjs/loader.js:815:32)]
2019-12-30T03:01:38.833Z - error: uncaughtException: Identifier 'createMember' has already been declared date=Mon Dec 30 2019 11:01:38 GMT+0800 (GMT+08:00), pid=6676, uid=null, gid=null, cwd=E:\WebstormProjects\app-backend-test, execPath=C:\Program Files\nodejs\node.exe, version=v12.13.1, argv=[C:\Program Files\nodejs\node.exe, E:\WebstormProjects\app-backend-test\server.js], rss=76791808, heapTotal=59199488, heapUsed=35062432, external=1398199, loadavg=[0, 0, 0], uptime=5551, trace=[column=18, file=internal/modules/cjs/loader.js, function=Module._compile, line=895, method=_compile, native=false, column=10, file=internal/modules/cjs/loader.js, function=Module._extensions..js, line=995, method=.js, native=false, column=32, file=internal/modules/cjs/loader.js, function=Module.load, line=815, method=load, native=false, column=14, file=internal/modules/cjs/loader.js, function=Module._load, line=727, method=_load, native=false, column=19, file=internal/modules/cjs/loader.js, function=Module.require, line=852, method=require, native=false, column=18, file=internal/modules/cjs/helpers.js, function=require, line=74, method=null, native=false, column=24, file=E:\WebstormProjects\app-backend-test\server\routes\member.js, function=null, line=5, method=null, native=false, column=30, file=internal/modules/cjs/loader.js, function=Module._compile, line=959, method=_compile, native=false, column=10, file=internal/modules/cjs/loader.js, function=Module._extensions..js, line=995, method=.js, native=false, column=32, file=internal/modules/cjs/loader.js, function=Module.load, line=815, method=load, native=false], stack=[E:\WebstormProjects\app-backend-test\server\controller\MemberController.js:172, async function createMember(req, res) {, ^, , SyntaxError: Identifier 'createMember' has already been declared,     at Module._compile (internal/modules/cjs/loader.js:895:18),     at Object.Module._extensions..js (internal/modules/cjs/loader.js:995:10),     at Module.load (internal/modules/cjs/loader.js:815:32),     at Function.Module._load (internal/modules/cjs/loader.js:727:14),     at Module.require (internal/modules/cjs/loader.js:852:19),     at require (internal/modules/cjs/helpers.js:74:18),     at Object.<anonymous> (E:\WebstormProjects\app-backend-test\server\routes\member.js:5:24),     at Module._compile (internal/modules/cjs/loader.js:959:30),     at Object.Module._extensions..js (internal/modules/cjs/loader.js:995:10),     at Module.load (internal/modules/cjs/loader.js:815:32)]
2019-12-30T03:01:49.183Z - error: uncaughtException: Identifier 'createMember' has already been declared date=Mon Dec 30 2019 11:01:49 GMT+0800 (GMT+08:00), pid=972, uid=null, gid=null, cwd=E:\WebstormProjects\app-backend-test, execPath=C:\Program Files\nodejs\node.exe, version=v12.13.1, argv=[C:\Program Files\nodejs\node.exe, E:\WebstormProjects\app-backend-test\server.js], rss=71532544, heapTotal=58413056, heapUsed=37631064, external=2036559, loadavg=[0, 0, 0], uptime=5561, trace=[column=18, file=internal/modules/cjs/loader.js, function=Module._compile, line=895, method=_compile, native=false, column=10, file=internal/modules/cjs/loader.js, function=Module._extensions..js, line=995, method=.js, native=false, column=32, file=internal/modules/cjs/loader.js, function=Module.load, line=815, method=load, native=false, column=14, file=internal/modules/cjs/loader.js, function=Module._load, line=727, method=_load, native=false, column=19, file=internal/modules/cjs/loader.js, function=Module.require, line=852, method=require, native=false, column=18, file=internal/modules/cjs/helpers.js, function=require, line=74, method=null, native=false, column=24, file=E:\WebstormProjects\app-backend-test\server\routes\member.js, function=null, line=5, method=null, native=false, column=30, file=internal/modules/cjs/loader.js, function=Module._compile, line=959, method=_compile, native=false, column=10, file=internal/modules/cjs/loader.js, function=Module._extensions..js, line=995, method=.js, native=false, column=32, file=internal/modules/cjs/loader.js, function=Module.load, line=815, method=load, native=false], stack=[E:\WebstormProjects\app-backend-test\server\controller\MemberController.js:172, async function createMember(req, res) {, ^, , SyntaxError: Identifier 'createMember' has already been declared,     at Module._compile (internal/modules/cjs/loader.js:895:18),     at Object.Module._extensions..js (internal/modules/cjs/loader.js:995:10),     at Module.load (internal/modules/cjs/loader.js:815:32),     at Function.Module._load (internal/modules/cjs/loader.js:727:14),     at Module.require (internal/modules/cjs/loader.js:852:19),     at require (internal/modules/cjs/helpers.js:74:18),     at Object.<anonymous> (E:\WebstormProjects\app-backend-test\server\routes\member.js:5:24),     at Module._compile (internal/modules/cjs/loader.js:959:30),     at Object.Module._extensions..js (internal/modules/cjs/loader.js:995:10),     at Module.load (internal/modules/cjs/loader.js:815:32)]
2019-12-30T03:02:54.252Z - error: uncaughtException: Identifier 'createMember' has already been declared date=Mon Dec 30 2019 11:02:54 GMT+0800 (GMT+08:00), pid=3252, uid=null, gid=null, cwd=E:\WebstormProjects\app-backend-test, execPath=C:\Program Files\nodejs\node.exe, version=v12.13.1, argv=[C:\Program Files\nodejs\node.exe, E:\WebstormProjects\app-backend-test\server.js], rss=76787712, heapTotal=59461632, heapUsed=34846720, external=1384720, loadavg=[0, 0, 0], uptime=5626, trace=[column=18, file=internal/modules/cjs/loader.js, function=Module._compile, line=895, method=_compile, native=false, column=10, file=internal/modules/cjs/loader.js, function=Module._extensions..js, line=995, method=.js, native=false, column=32, file=internal/modules/cjs/loader.js, function=Module.load, line=815, method=load, native=false, column=14, file=internal/modules/cjs/loader.js, function=Module._load, line=727, method=_load, native=false, column=19, file=internal/modules/cjs/loader.js, function=Module.require, line=852, method=require, native=false, column=18, file=internal/modules/cjs/helpers.js, function=require, line=74, method=null, native=false, column=24, file=E:\WebstormProjects\app-backend-test\server\routes\member.js, function=null, line=5, method=null, native=false, column=30, file=internal/modules/cjs/loader.js, function=Module._compile, line=959, method=_compile, native=false, column=10, file=internal/modules/cjs/loader.js, function=Module._extensions..js, line=995, method=.js, native=false, column=32, file=internal/modules/cjs/loader.js, function=Module.load, line=815, method=load, native=false], stack=[E:\WebstormProjects\app-backend-test\server\controller\MemberController.js:172, async function createMember(req, res) {, ^, , SyntaxError: Identifier 'createMember' has already been declared,     at Module._compile (internal/modules/cjs/loader.js:895:18),     at Object.Module._extensions..js (internal/modules/cjs/loader.js:995:10),     at Module.load (internal/modules/cjs/loader.js:815:32),     at Function.Module._load (internal/modules/cjs/loader.js:727:14),     at Module.require (internal/modules/cjs/loader.js:852:19),     at require (internal/modules/cjs/helpers.js:74:18),     at Object.<anonymous> (E:\WebstormProjects\app-backend-test\server\routes\member.js:5:24),     at Module._compile (internal/modules/cjs/loader.js:959:30),     at Object.Module._extensions..js (internal/modules/cjs/loader.js:995:10),     at Module.load (internal/modules/cjs/loader.js:815:32)]
2019-12-30T03:06:59.487Z - error: uncaughtException: Identifier 'createMember' has already been declared date=Mon Dec 30 2019 11:06:59 GMT+0800 (GMT+08:00), pid=1184, uid=null, gid=null, cwd=E:\WebstormProjects\app-backend-test, execPath=C:\Program Files\nodejs\node.exe, version=v12.13.1, argv=[C:\Program Files\nodejs\node.exe, E:\WebstormProjects\app-backend-test\server.js], rss=76509184, heapTotal=59199488, heapUsed=35025232, external=1398199, loadavg=[0, 0, 0], uptime=5871, trace=[column=18, file=internal/modules/cjs/loader.js, function=Module._compile, line=895, method=_compile, native=false, column=10, file=internal/modules/cjs/loader.js, function=Module._extensions..js, line=995, method=.js, native=false, column=32, file=internal/modules/cjs/loader.js, function=Module.load, line=815, method=load, native=false, column=14, file=internal/modules/cjs/loader.js, function=Module._load, line=727, method=_load, native=false, column=19, file=internal/modules/cjs/loader.js, function=Module.require, line=852, method=require, native=false, column=18, file=internal/modules/cjs/helpers.js, function=require, line=74, method=null, native=false, column=24, file=E:\WebstormProjects\app-backend-test\server\routes\member.js, function=null, line=5, method=null, native=false, column=30, file=internal/modules/cjs/loader.js, function=Module._compile, line=959, method=_compile, native=false, column=10, file=internal/modules/cjs/loader.js, function=Module._extensions..js, line=995, method=.js, native=false, column=32, file=internal/modules/cjs/loader.js, function=Module.load, line=815, method=load, native=false], stack=[E:\WebstormProjects\app-backend-test\server\controller\MemberController.js:172, async function createMember(req, res) {, ^, , SyntaxError: Identifier 'createMember' has already been declared,     at Module._compile (internal/modules/cjs/loader.js:895:18),     at Object.Module._extensions..js (internal/modules/cjs/loader.js:995:10),     at Module.load (internal/modules/cjs/loader.js:815:32),     at Function.Module._load (internal/modules/cjs/loader.js:727:14),     at Module.require (internal/modules/cjs/loader.js:852:19),     at require (internal/modules/cjs/helpers.js:74:18),     at Object.<anonymous> (E:\WebstormProjects\app-backend-test\server\routes\member.js:5:24),     at Module._compile (internal/modules/cjs/loader.js:959:30),     at Object.Module._extensions..js (internal/modules/cjs/loader.js:995:10),     at Module.load (internal/modules/cjs/loader.js:815:32)]
2019-12-30T03:08:36.863Z - error: uncaughtException: Identifier 'createMember' has already been declared date=Mon Dec 30 2019 11:08:36 GMT+0800 (GMT+08:00), pid=4756, uid=null, gid=null, cwd=E:\WebstormProjects\app-backend-test, execPath=C:\Program Files\nodejs\node.exe, version=v12.13.1, argv=[C:\Program Files\nodejs\node.exe, E:\WebstormProjects\app-backend-test\server.js], rss=71651328, heapTotal=58413056, heapUsed=37467848, external=2036559, loadavg=[0, 0, 0], uptime=5969, trace=[column=18, file=internal/modules/cjs/loader.js, function=Module._compile, line=895, method=_compile, native=false, column=10, file=internal/modules/cjs/loader.js, function=Module._extensions..js, line=995, method=.js, native=false, column=32, file=internal/modules/cjs/loader.js, function=Module.load, line=815, method=load, native=false, column=14, file=internal/modules/cjs/loader.js, function=Module._load, line=727, method=_load, native=false, column=19, file=internal/modules/cjs/loader.js, function=Module.require, line=852, method=require, native=false, column=18, file=internal/modules/cjs/helpers.js, function=require, line=74, method=null, native=false, column=24, file=E:\WebstormProjects\app-backend-test\server\routes\member.js, function=null, line=5, method=null, native=false, column=30, file=internal/modules/cjs/loader.js, function=Module._compile, line=959, method=_compile, native=false, column=10, file=internal/modules/cjs/loader.js, function=Module._extensions..js, line=995, method=.js, native=false, column=32, file=internal/modules/cjs/loader.js, function=Module.load, line=815, method=load, native=false], stack=[E:\WebstormProjects\app-backend-test\server\controller\MemberController.js:172, async function createMember(req, res) {, ^, , SyntaxError: Identifier 'createMember' has already been declared,     at Module._compile (internal/modules/cjs/loader.js:895:18),     at Object.Module._extensions..js (internal/modules/cjs/loader.js:995:10),     at Module.load (internal/modules/cjs/loader.js:815:32),     at Function.Module._load (internal/modules/cjs/loader.js:727:14),     at Module.require (internal/modules/cjs/loader.js:852:19),     at require (internal/modules/cjs/helpers.js:74:18),     at Object.<anonymous> (E:\WebstormProjects\app-backend-test\server\routes\member.js:5:24),     at Module._compile (internal/modules/cjs/loader.js:959:30),     at Object.Module._extensions..js (internal/modules/cjs/loader.js:995:10),     at Module.load (internal/modules/cjs/loader.js:815:32)]
2019-12-30T03:10:55.422Z - error: uncaughtException: Identifier 'createMember' has already been declared date=Mon Dec 30 2019 11:10:55 GMT+0800 (GMT+08:00), pid=6904, uid=null, gid=null, cwd=E:\WebstormProjects\app-backend-test, execPath=C:\Program Files\nodejs\node.exe, version=v12.13.1, argv=[C:\Program Files\nodejs\node.exe, E:\WebstormProjects\app-backend-test\server.js], rss=71401472, heapTotal=58413056, heapUsed=37628600, external=2036550, loadavg=[0, 0, 0], uptime=6107, trace=[column=18, file=internal/modules/cjs/loader.js, function=Module._compile, line=895, method=_compile, native=false, column=10, file=internal/modules/cjs/loader.js, function=Module._extensions..js, line=995, method=.js, native=false, column=32, file=internal/modules/cjs/loader.js, function=Module.load, line=815, method=load, native=false, column=14, file=internal/modules/cjs/loader.js, function=Module._load, line=727, method=_load, native=false, column=19, file=internal/modules/cjs/loader.js, function=Module.require, line=852, method=require, native=false, column=18, file=internal/modules/cjs/helpers.js, function=require, line=74, method=null, native=false, column=24, file=E:\WebstormProjects\app-backend-test\server\routes\member.js, function=null, line=5, method=null, native=false, column=30, file=internal/modules/cjs/loader.js, function=Module._compile, line=959, method=_compile, native=false, column=10, file=internal/modules/cjs/loader.js, function=Module._extensions..js, line=995, method=.js, native=false, column=32, file=internal/modules/cjs/loader.js, function=Module.load, line=815, method=load, native=false], stack=[E:\WebstormProjects\app-backend-test\server\controller\MemberController.js:172, async function createMember(req, res) {, ^, , SyntaxError: Identifier 'createMember' has already been declared,     at Module._compile (internal/modules/cjs/loader.js:895:18),     at Object.Module._extensions..js (internal/modules/cjs/loader.js:995:10),     at Module.load (internal/modules/cjs/loader.js:815:32),     at Function.Module._load (internal/modules/cjs/loader.js:727:14),     at Module.require (internal/modules/cjs/loader.js:852:19),     at require (internal/modules/cjs/helpers.js:74:18),     at Object.<anonymous> (E:\WebstormProjects\app-backend-test\server\routes\member.js:5:24),     at Module._compile (internal/modules/cjs/loader.js:959:30),     at Object.Module._extensions..js (internal/modules/cjs/loader.js:995:10),     at Module.load (internal/modules/cjs/loader.js:815:32)]
2019-12-30T03:11:16.358Z - error: uncaughtException: Identifier 'createMember' has already been declared date=Mon Dec 30 2019 11:11:16 GMT+0800 (GMT+08:00), pid=7620, uid=null, gid=null, cwd=E:\WebstormProjects\app-backend-test, execPath=C:\Program Files\nodejs\node.exe, version=v12.13.1, argv=[C:\Program Files\nodejs\node.exe, E:\WebstormProjects\app-backend-test\server.js], rss=76931072, heapTotal=59199488, heapUsed=35049144, external=1398197, loadavg=[0, 0, 0], uptime=6128, trace=[column=18, file=internal/modules/cjs/loader.js, function=Module._compile, line=895, method=_compile, native=false, column=10, file=internal/modules/cjs/loader.js, function=Module._extensions..js, line=995, method=.js, native=false, column=32, file=internal/modules/cjs/loader.js, function=Module.load, line=815, method=load, native=false, column=14, file=internal/modules/cjs/loader.js, function=Module._load, line=727, method=_load, native=false, column=19, file=internal/modules/cjs/loader.js, function=Module.require, line=852, method=require, native=false, column=18, file=internal/modules/cjs/helpers.js, function=require, line=74, method=null, native=false, column=24, file=E:\WebstormProjects\app-backend-test\server\routes\member.js, function=null, line=5, method=null, native=false, column=30, file=internal/modules/cjs/loader.js, function=Module._compile, line=959, method=_compile, native=false, column=10, file=internal/modules/cjs/loader.js, function=Module._extensions..js, line=995, method=.js, native=false, column=32, file=internal/modules/cjs/loader.js, function=Module.load, line=815, method=load, native=false], stack=[E:\WebstormProjects\app-backend-test\server\controller\MemberController.js:172, async function createMember(req, res) {, ^, , SyntaxError: Identifier 'createMember' has already been declared,     at Module._compile (internal/modules/cjs/loader.js:895:18),     at Object.Module._extensions..js (internal/modules/cjs/loader.js:995:10),     at Module.load (internal/modules/cjs/loader.js:815:32),     at Function.Module._load (internal/modules/cjs/loader.js:727:14),     at Module.require (internal/modules/cjs/loader.js:852:19),     at require (internal/modules/cjs/helpers.js:74:18),     at Object.<anonymous> (E:\WebstormProjects\app-backend-test\server\routes\member.js:5:24),     at Module._compile (internal/modules/cjs/loader.js:959:30),     at Object.Module._extensions..js (internal/modules/cjs/loader.js:995:10),     at Module.load (internal/modules/cjs/loader.js:815:32)]
2019-12-30T03:11:40.395Z - error: uncaughtException: Identifier 'createMember' has already been declared date=Mon Dec 30 2019 11:11:40 GMT+0800 (GMT+08:00), pid=2572, uid=null, gid=null, cwd=E:\WebstormProjects\app-backend-test, execPath=C:\Program Files\nodejs\node.exe, version=v12.13.1, argv=[C:\Program Files\nodejs\node.exe, E:\WebstormProjects\app-backend-test\server.js], rss=76939264, heapTotal=59199488, heapUsed=35055480, external=1398179, loadavg=[0, 0, 0], uptime=6152, trace=[column=18, file=internal/modules/cjs/loader.js, function=Module._compile, line=895, method=_compile, native=false, column=10, file=internal/modules/cjs/loader.js, function=Module._extensions..js, line=995, method=.js, native=false, column=32, file=internal/modules/cjs/loader.js, function=Module.load, line=815, method=load, native=false, column=14, file=internal/modules/cjs/loader.js, function=Module._load, line=727, method=_load, native=false, column=19, file=internal/modules/cjs/loader.js, function=Module.require, line=852, method=require, native=false, column=18, file=internal/modules/cjs/helpers.js, function=require, line=74, method=null, native=false, column=24, file=E:\WebstormProjects\app-backend-test\server\routes\member.js, function=null, line=5, method=null, native=false, column=30, file=internal/modules/cjs/loader.js, function=Module._compile, line=959, method=_compile, native=false, column=10, file=internal/modules/cjs/loader.js, function=Module._extensions..js, line=995, method=.js, native=false, column=32, file=internal/modules/cjs/loader.js, function=Module.load, line=815, method=load, native=false], stack=[E:\WebstormProjects\app-backend-test\server\controller\MemberController.js:171, async function createMember(req, res) {, ^, , SyntaxError: Identifier 'createMember' has already been declared,     at Module._compile (internal/modules/cjs/loader.js:895:18),     at Object.Module._extensions..js (internal/modules/cjs/loader.js:995:10),     at Module.load (internal/modules/cjs/loader.js:815:32),     at Function.Module._load (internal/modules/cjs/loader.js:727:14),     at Module.require (internal/modules/cjs/loader.js:852:19),     at require (internal/modules/cjs/helpers.js:74:18),     at Object.<anonymous> (E:\WebstormProjects\app-backend-test\server\routes\member.js:5:24),     at Module._compile (internal/modules/cjs/loader.js:959:30),     at Object.Module._extensions..js (internal/modules/cjs/loader.js:995:10),     at Module.load (internal/modules/cjs/loader.js:815:32)]
2019-12-30T03:17:35.046Z - error: uncaughtException: Identifier 'createMember' has already been declared date=Mon Dec 30 2019 11:17:35 GMT+0800 (GMT+08:00), pid=5856, uid=null, gid=null, cwd=E:\WebstormProjects\app-backend-test, execPath=C:\Program Files\nodejs\node.exe, version=v12.13.1, argv=[C:\Program Files\nodejs\node.exe, E:\WebstormProjects\app-backend-test\server.js], rss=76673024, heapTotal=59199488, heapUsed=35166064, external=1393313, loadavg=[0, 0, 0], uptime=6507, trace=[column=18, file=internal/modules/cjs/loader.js, function=Module._compile, line=895, method=_compile, native=false, column=10, file=internal/modules/cjs/loader.js, function=Module._extensions..js, line=995, method=.js, native=false, column=32, file=internal/modules/cjs/loader.js, function=Module.load, line=815, method=load, native=false, column=14, file=internal/modules/cjs/loader.js, function=Module._load, line=727, method=_load, native=false, column=19, file=internal/modules/cjs/loader.js, function=Module.require, line=852, method=require, native=false, column=18, file=internal/modules/cjs/helpers.js, function=require, line=74, method=null, native=false, column=24, file=E:\WebstormProjects\app-backend-test\server\routes\member.js, function=null, line=5, method=null, native=false, column=30, file=internal/modules/cjs/loader.js, function=Module._compile, line=959, method=_compile, native=false, column=10, file=internal/modules/cjs/loader.js, function=Module._extensions..js, line=995, method=.js, native=false, column=32, file=internal/modules/cjs/loader.js, function=Module.load, line=815, method=load, native=false], stack=[E:\WebstormProjects\app-backend-test\server\controller\MemberController.js:20, const createMember = async (req, res) => {,       ^, , SyntaxError: Identifier 'createMember' has already been declared,     at Module._compile (internal/modules/cjs/loader.js:895:18),     at Object.Module._extensions..js (internal/modules/cjs/loader.js:995:10),     at Module.load (internal/modules/cjs/loader.js:815:32),     at Function.Module._load (internal/modules/cjs/loader.js:727:14),     at Module.require (internal/modules/cjs/loader.js:852:19),     at require (internal/modules/cjs/helpers.js:74:18),     at Object.<anonymous> (E:\WebstormProjects\app-backend-test\server\routes\member.js:5:24),     at Module._compile (internal/modules/cjs/loader.js:959:30),     at Object.Module._extensions..js (internal/modules/cjs/loader.js:995:10),     at Module.load (internal/modules/cjs/loader.js:815:32)]
2019-12-30T03:19:07.962Z - error: uncaughtException: Identifier 'createMember' has already been declared date=Mon Dec 30 2019 11:19:07 GMT+0800 (GMT+08:00), pid=7056, uid=null, gid=null, cwd=E:\WebstormProjects\app-backend-test, execPath=C:\Program Files\nodejs\node.exe, version=v12.13.1, argv=[C:\Program Files\nodejs\node.exe, E:\WebstormProjects\app-backend-test\server.js], rss=76582912, heapTotal=59723776, heapUsed=35000728, external=1393321, loadavg=[0, 0, 0], uptime=6600, trace=[column=18, file=internal/modules/cjs/loader.js, function=Module._compile, line=895, method=_compile, native=false, column=10, file=internal/modules/cjs/loader.js, function=Module._extensions..js, line=995, method=.js, native=false, column=32, file=internal/modules/cjs/loader.js, function=Module.load, line=815, method=load, native=false, column=14, file=internal/modules/cjs/loader.js, function=Module._load, line=727, method=_load, native=false, column=19, file=internal/modules/cjs/loader.js, function=Module.require, line=852, method=require, native=false, column=18, file=internal/modules/cjs/helpers.js, function=require, line=74, method=null, native=false, column=24, file=E:\WebstormProjects\app-backend-test\server\routes\member.js, function=null, line=5, method=null, native=false, column=30, file=internal/modules/cjs/loader.js, function=Module._compile, line=959, method=_compile, native=false, column=10, file=internal/modules/cjs/loader.js, function=Module._extensions..js, line=995, method=.js, native=false, column=32, file=internal/modules/cjs/loader.js, function=Module.load, line=815, method=load, native=false], stack=[E:\WebstormProjects\app-backend-test\server\controller\MemberController.js:20, const createMember = async (req, res) => {,       ^, , SyntaxError: Identifier 'createMember' has already been declared,     at Module._compile (internal/modules/cjs/loader.js:895:18),     at Object.Module._extensions..js (internal/modules/cjs/loader.js:995:10),     at Module.load (internal/modules/cjs/loader.js:815:32),     at Function.Module._load (internal/modules/cjs/loader.js:727:14),     at Module.require (internal/modules/cjs/loader.js:852:19),     at require (internal/modules/cjs/helpers.js:74:18),     at Object.<anonymous> (E:\WebstormProjects\app-backend-test\server\routes\member.js:5:24),     at Module._compile (internal/modules/cjs/loader.js:959:30),     at Object.Module._extensions..js (internal/modules/cjs/loader.js:995:10),     at Module.load (internal/modules/cjs/loader.js:815:32)]
2019-12-30T03:24:04.369Z - error: uncaughtException: sendSMSCode is not defined date=Mon Dec 30 2019 11:24:04 GMT+0800 (GMT+08:00), pid=4632, uid=null, gid=null, cwd=E:\WebstormProjects\app-backend-test, execPath=C:\Program Files\nodejs\node.exe, version=v12.13.1, argv=[C:\Program Files\nodejs\node.exe, E:\WebstormProjects\app-backend-test\server.js], rss=97595392, heapTotal=72069120, heapUsed=51298344, external=2687265, loadavg=[0, 0, 0], uptime=6896, trace=[column=5, file=E:\WebstormProjects\app-backend-test\server\controller\MemberController.js, function=null, line=167, method=null, native=false, column=30, file=internal/modules/cjs/loader.js, function=Module._compile, line=959, method=_compile, native=false, column=10, file=internal/modules/cjs/loader.js, function=Module._extensions..js, line=995, method=.js, native=false, column=32, file=internal/modules/cjs/loader.js, function=Module.load, line=815, method=load, native=false, column=14, file=internal/modules/cjs/loader.js, function=Module._load, line=727, method=_load, native=false, column=19, file=internal/modules/cjs/loader.js, function=Module.require, line=852, method=require, native=false, column=18, file=internal/modules/cjs/helpers.js, function=require, line=74, method=null, native=false, column=24, file=E:\WebstormProjects\app-backend-test\server\routes\member.js, function=null, line=5, method=null, native=false, column=30, file=internal/modules/cjs/loader.js, function=Module._compile, line=959, method=_compile, native=false, column=10, file=internal/modules/cjs/loader.js, function=Module._extensions..js, line=995, method=.js, native=false, column=32, file=internal/modules/cjs/loader.js, function=Module.load, line=815, method=load, native=false, column=14, file=internal/modules/cjs/loader.js, function=Module._load, line=727, method=_load, native=false, column=19, file=internal/modules/cjs/loader.js, function=Module.require, line=852, method=require, native=false, column=18, file=internal/modules/cjs/helpers.js, function=require, line=74, method=null, native=false, column=28, file=E:\WebstormProjects\app-backend-test\server\config\route-config.js, function=Object.routeConfig.init, line=6, method=init, native=false, column=17, file=E:\WebstormProjects\app-backend-test\server\app.js, function=null, line=40, method=null, native=false], stack=[ReferenceError: sendSMSCode is not defined,     at Object.<anonymous> (E:\WebstormProjects\app-backend-test\server\controller\MemberController.js:167:5),     at Module._compile (internal/modules/cjs/loader.js:959:30),     at Object.Module._extensions..js (internal/modules/cjs/loader.js:995:10),     at Module.load (internal/modules/cjs/loader.js:815:32),     at Function.Module._load (internal/modules/cjs/loader.js:727:14),     at Module.require (internal/modules/cjs/loader.js:852:19),     at require (internal/modules/cjs/helpers.js:74:18),     at Object.<anonymous> (E:\WebstormProjects\app-backend-test\server\routes\member.js:5:24),     at Module._compile (internal/modules/cjs/loader.js:959:30),     at Object.Module._extensions..js (internal/modules/cjs/loader.js:995:10),     at Module.load (internal/modules/cjs/loader.js:815:32),     at Function.Module._load (internal/modules/cjs/loader.js:727:14),     at Module.require (internal/modules/cjs/loader.js:852:19),     at require (internal/modules/cjs/helpers.js:74:18),     at Object.routeConfig.init (E:\WebstormProjects\app-backend-test\server\config\route-config.js:6:28),     at E:\WebstormProjects\app-backend-test\server\app.js:40:17]
2019-12-30T03:24:23.720Z - error: uncaughtException: sendSMSCode is not defined date=Mon Dec 30 2019 11:24:23 GMT+0800 (GMT+08:00), pid=8380, uid=null, gid=null, cwd=E:\WebstormProjects\app-backend-test, execPath=C:\Program Files\nodejs\node.exe, version=v12.13.1, argv=[C:\Program Files\nodejs\node.exe, E:\WebstormProjects\app-backend-test\server.js], rss=98013184, heapTotal=72593408, heapUsed=49231736, external=2489809, loadavg=[0, 0, 0], uptime=6916, trace=[column=5, file=E:\WebstormProjects\app-backend-test\server\controller\MemberController.js, function=null, line=168, method=null, native=false, column=30, file=internal/modules/cjs/loader.js, function=Module._compile, line=959, method=_compile, native=false, column=10, file=internal/modules/cjs/loader.js, function=Module._extensions..js, line=995, method=.js, native=false, column=32, file=internal/modules/cjs/loader.js, function=Module.load, line=815, method=load, native=false, column=14, file=internal/modules/cjs/loader.js, function=Module._load, line=727, method=_load, native=false, column=19, file=internal/modules/cjs/loader.js, function=Module.require, line=852, method=require, native=false, column=18, file=internal/modules/cjs/helpers.js, function=require, line=74, method=null, native=false, column=24, file=E:\WebstormProjects\app-backend-test\server\routes\member.js, function=null, line=5, method=null, native=false, column=30, file=internal/modules/cjs/loader.js, function=Module._compile, line=959, method=_compile, native=false, column=10, file=internal/modules/cjs/loader.js, function=Module._extensions..js, line=995, method=.js, native=false, column=32, file=internal/modules/cjs/loader.js, function=Module.load, line=815, method=load, native=false, column=14, file=internal/modules/cjs/loader.js, function=Module._load, line=727, method=_load, native=false, column=19, file=internal/modules/cjs/loader.js, function=Module.require, line=852, method=require, native=false, column=18, file=internal/modules/cjs/helpers.js, function=require, line=74, method=null, native=false, column=28, file=E:\WebstormProjects\app-backend-test\server\config\route-config.js, function=Object.routeConfig.init, line=6, method=init, native=false, column=17, file=E:\WebstormProjects\app-backend-test\server\app.js, function=null, line=40, method=null, native=false], stack=[ReferenceError: sendSMSCode is not defined,     at Object.<anonymous> (E:\WebstormProjects\app-backend-test\server\controller\MemberController.js:168:5),     at Module._compile (internal/modules/cjs/loader.js:959:30),     at Object.Module._extensions..js (internal/modules/cjs/loader.js:995:10),     at Module.load (internal/modules/cjs/loader.js:815:32),     at Function.Module._load (internal/modules/cjs/loader.js:727:14),     at Module.require (internal/modules/cjs/loader.js:852:19),     at require (internal/modules/cjs/helpers.js:74:18),     at Object.<anonymous> (E:\WebstormProjects\app-backend-test\server\routes\member.js:5:24),     at Module._compile (internal/modules/cjs/loader.js:959:30),     at Object.Module._extensions..js (internal/modules/cjs/loader.js:995:10),     at Module.load (internal/modules/cjs/loader.js:815:32),     at Function.Module._load (internal/modules/cjs/loader.js:727:14),     at Module.require (internal/modules/cjs/loader.js:852:19),     at require (internal/modules/cjs/helpers.js:74:18),     at Object.routeConfig.init (E:\WebstormProjects\app-backend-test\server\config\route-config.js:6:28),     at E:\WebstormProjects\app-backend-test\server\app.js:40:17]
2019-12-30T03:24:29.004Z - error: uncaughtException: sendSMSCode is not defined date=Mon Dec 30 2019 11:24:29 GMT+0800 (GMT+08:00), pid=6576, uid=null, gid=null, cwd=E:\WebstormProjects\app-backend-test, execPath=C:\Program Files\nodejs\node.exe, version=v12.13.1, argv=[C:\Program Files\nodejs\node.exe, E:\WebstormProjects\app-backend-test\server.js], rss=97779712, heapTotal=72331264, heapUsed=51408024, external=2687265, loadavg=[0, 0, 0], uptime=6921, trace=[column=5, file=E:\WebstormProjects\app-backend-test\server\controller\MemberController.js, function=null, line=168, method=null, native=false, column=30, file=internal/modules/cjs/loader.js, function=Module._compile, line=959, method=_compile, native=false, column=10, file=internal/modules/cjs/loader.js, function=Module._extensions..js, line=995, method=.js, native=false, column=32, file=internal/modules/cjs/loader.js, function=Module.load, line=815, method=load, native=false, column=14, file=internal/modules/cjs/loader.js, function=Module._load, line=727, method=_load, native=false, column=19, file=internal/modules/cjs/loader.js, function=Module.require, line=852, method=require, native=false, column=18, file=internal/modules/cjs/helpers.js, function=require, line=74, method=null, native=false, column=24, file=E:\WebstormProjects\app-backend-test\server\routes\member.js, function=null, line=5, method=null, native=false, column=30, file=internal/modules/cjs/loader.js, function=Module._compile, line=959, method=_compile, native=false, column=10, file=internal/modules/cjs/loader.js, function=Module._extensions..js, line=995, method=.js, native=false, column=32, file=internal/modules/cjs/loader.js, function=Module.load, line=815, method=load, native=false, column=14, file=internal/modules/cjs/loader.js, function=Module._load, line=727, method=_load, native=false, column=19, file=internal/modules/cjs/loader.js, function=Module.require, line=852, method=require, native=false, column=18, file=internal/modules/cjs/helpers.js, function=require, line=74, method=null, native=false, column=28, file=E:\WebstormProjects\app-backend-test\server\config\route-config.js, function=Object.routeConfig.init, line=6, method=init, native=false, column=17, file=E:\WebstormProjects\app-backend-test\server\app.js, function=null, line=40, method=null, native=false], stack=[ReferenceError: sendSMSCode is not defined,     at Object.<anonymous> (E:\WebstormProjects\app-backend-test\server\controller\MemberController.js:168:5),     at Module._compile (internal/modules/cjs/loader.js:959:30),     at Object.Module._extensions..js (internal/modules/cjs/loader.js:995:10),     at Module.load (internal/modules/cjs/loader.js:815:32),     at Function.Module._load (internal/modules/cjs/loader.js:727:14),     at Module.require (internal/modules/cjs/loader.js:852:19),     at require (internal/modules/cjs/helpers.js:74:18),     at Object.<anonymous> (E:\WebstormProjects\app-backend-test\server\routes\member.js:5:24),     at Module._compile (internal/modules/cjs/loader.js:959:30),     at Object.Module._extensions..js (internal/modules/cjs/loader.js:995:10),     at Module.load (internal/modules/cjs/loader.js:815:32),     at Function.Module._load (internal/modules/cjs/loader.js:727:14),     at Module.require (internal/modules/cjs/loader.js:852:19),     at require (internal/modules/cjs/helpers.js:74:18),     at Object.routeConfig.init (E:\WebstormProjects\app-backend-test\server\config\route-config.js:6:28),     at E:\WebstormProjects\app-backend-test\server\app.js:40:17]
2019-12-30T03:28:08.320Z - error: uncaughtException: Route.get() requires a callback function but got a [object Undefined] date=Mon Dec 30 2019 11:28:08 GMT+0800 (GMT+08:00), pid=2544, uid=null, gid=null, cwd=E:\WebstormProjects\app-backend-test, execPath=C:\Program Files\nodejs\node.exe, version=v12.13.1, argv=[C:\Program Files\nodejs\node.exe, E:\WebstormProjects\app-backend-test\server.js], rss=94420992, heapTotal=70492160, heapUsed=39736192, external=1520325, loadavg=[0, 0, 0], uptime=7140, trace=[column=15, file=E:\WebstormProjects\app-backend-test\node_modules\express\lib\router\route.js, function=Route.<computed> [as get], line=202, method=<computed> [as get], native=false, column=19, file=E:\WebstormProjects\app-backend-test\node_modules\express\lib\router\index.js, function=Function.proto.<computed> [as get], line=510, method=<computed> [as get], native=false, column=8, file=E:\WebstormProjects\app-backend-test\server\routes\member.js, function=null, line=7, method=null, native=false, column=30, file=internal/modules/cjs/loader.js, function=Module._compile, line=959, method=_compile, native=false, column=10, file=internal/modules/cjs/loader.js, function=Module._extensions..js, line=995, method=.js, native=false, column=32, file=internal/modules/cjs/loader.js, function=Module.load, line=815, method=load, native=false, column=14, file=internal/modules/cjs/loader.js, function=Module._load, line=727, method=_load, native=false, column=19, file=internal/modules/cjs/loader.js, function=Module.require, line=852, method=require, native=false, column=18, file=internal/modules/cjs/helpers.js, function=require, line=74, method=null, native=false, column=28, file=E:\WebstormProjects\app-backend-test\server\config\route-config.js, function=Object.routeConfig.init, line=6, method=init, native=false, column=17, file=E:\WebstormProjects\app-backend-test\server\app.js, function=null, line=40, method=null, native=false, column=3, file=E:\WebstormProjects\app-backend-test\server\app.js, function=null, line=45, method=null, native=false, column=30, file=internal/modules/cjs/loader.js, function=Module._compile, line=959, method=_compile, native=false, column=10, file=internal/modules/cjs/loader.js, function=Module._extensions..js, line=995, method=.js, native=false, column=32, file=internal/modules/cjs/loader.js, function=Module.load, line=815, method=load, native=false, column=14, file=internal/modules/cjs/loader.js, function=Module._load, line=727, method=_load, native=false], stack=[Error: Route.get() requires a callback function but got a [object Undefined],     at Route.<computed> [as get] (E:\WebstormProjects\app-backend-test\node_modules\express\lib\router\route.js:202:15),     at Function.proto.<computed> [as get] (E:\WebstormProjects\app-backend-test\node_modules\express\lib\router\index.js:510:19),     at Object.<anonymous> (E:\WebstormProjects\app-backend-test\server\routes\member.js:7:8),     at Module._compile (internal/modules/cjs/loader.js:959:30),     at Object.Module._extensions..js (internal/modules/cjs/loader.js:995:10),     at Module.load (internal/modules/cjs/loader.js:815:32),     at Function.Module._load (internal/modules/cjs/loader.js:727:14),     at Module.require (internal/modules/cjs/loader.js:852:19),     at require (internal/modules/cjs/helpers.js:74:18),     at Object.routeConfig.init (E:\WebstormProjects\app-backend-test\server\config\route-config.js:6:28),     at E:\WebstormProjects\app-backend-test\server\app.js:40:17,     at Object.<anonymous> (E:\WebstormProjects\app-backend-test\server\app.js:45:3),     at Module._compile (internal/modules/cjs/loader.js:959:30),     at Object.Module._extensions..js (internal/modules/cjs/loader.js:995:10),     at Module.load (internal/modules/cjs/loader.js:815:32),     at Function.Module._load (internal/modules/cjs/loader.js:727:14)]
2019-12-30T03:51:22.678Z - info: GET /api/member/sms/send?phone=18277305020 200 54 - 654.963 ms
2019-12-30T03:52:59.643Z - error: uncaughtException: Missing initializer in const declaration date=Mon Dec 30 2019 11:52:59 GMT+0800 (GMT+08:00), pid=9688, uid=null, gid=null, cwd=E:\WebstormProjects\app-backend-test, execPath=C:\Program Files\nodejs\node.exe, version=v12.13.1, argv=[C:\Program Files\nodejs\node.exe, E:\WebstormProjects\app-backend-test\server.js], rss=93941760, heapTotal=69967872, heapUsed=39791248, external=1547245, loadavg=[0, 0, 0], uptime=8632, trace=[column=18, file=internal/modules/cjs/loader.js, function=Module._compile, line=895, method=_compile, native=false, column=10, file=internal/modules/cjs/loader.js, function=Module._extensions..js, line=995, method=.js, native=false, column=32, file=internal/modules/cjs/loader.js, function=Module.load, line=815, method=load, native=false, column=14, file=internal/modules/cjs/loader.js, function=Module._load, line=727, method=_load, native=false, column=19, file=internal/modules/cjs/loader.js, function=Module.require, line=852, method=require, native=false, column=18, file=internal/modules/cjs/helpers.js, function=require, line=74, method=null, native=false, column=23, file=E:\WebstormProjects\app-backend-test\server\routes\member.js, function=null, line=5, method=null, native=false, column=30, file=internal/modules/cjs/loader.js, function=Module._compile, line=959, method=_compile, native=false, column=10, file=internal/modules/cjs/loader.js, function=Module._extensions..js, line=995, method=.js, native=false, column=32, file=internal/modules/cjs/loader.js, function=Module.load, line=815, method=load, native=false, column=14, file=internal/modules/cjs/loader.js, function=Module._load, line=727, method=_load, native=false, column=19, file=internal/modules/cjs/loader.js, function=Module.require, line=852, method=require, native=false, column=18, file=internal/modules/cjs/helpers.js, function=require, line=74, method=null, native=false, column=28, file=E:\WebstormProjects\app-backend-test\server\config\route-config.js, function=Object.routeConfig.init, line=6, method=init, native=false, column=17, file=E:\WebstormProjects\app-backend-test\server\app.js, function=null, line=40, method=null, native=false, column=3, file=E:\WebstormProjects\app-backend-test\server\app.js, function=null, line=45, method=null, native=false], stack=[E:\WebstormProjects\app-backend-test\server\middleware\SMS.js:65, const sms,       ^^^, , SyntaxError: Missing initializer in const declaration,     at Module._compile (internal/modules/cjs/loader.js:895:18),     at Object.Module._extensions..js (internal/modules/cjs/loader.js:995:10),     at Module.load (internal/modules/cjs/loader.js:815:32),     at Function.Module._load (internal/modules/cjs/loader.js:727:14),     at Module.require (internal/modules/cjs/loader.js:852:19),     at require (internal/modules/cjs/helpers.js:74:18),     at Object.<anonymous> (E:\WebstormProjects\app-backend-test\server\routes\member.js:5:23),     at Module._compile (internal/modules/cjs/loader.js:959:30),     at Object.Module._extensions..js (internal/modules/cjs/loader.js:995:10),     at Module.load (internal/modules/cjs/loader.js:815:32),     at Function.Module._load (internal/modules/cjs/loader.js:727:14),     at Module.require (internal/modules/cjs/loader.js:852:19),     at require (internal/modules/cjs/helpers.js:74:18),     at Object.routeConfig.init (E:\WebstormProjects\app-backend-test\server\config\route-config.js:6:28),     at E:\WebstormProjects\app-backend-test\server\app.js:40:17,     at Object.<anonymous> (E:\WebstormProjects\app-backend-test\server\app.js:45:3)]
2019-12-30T07:14:13.943Z - info: GET /api/member/login 404 55 - 8.758 ms
2019-12-30T07:14:52.750Z - info: GET /api/member/login 404 55 - 4.260 ms
2019-12-30T07:15:09.186Z - error: uncaughtException: await is only valid in async function date=Mon Dec 30 2019 15:15:09 GMT+0800 (GMT+08:00), pid=1796, uid=null, gid=null, cwd=E:\WebstormProjects\app-backend-test, execPath=C:\Program Files\nodejs\node.exe, version=v12.13.1, argv=[C:\Program Files\nodejs\node.exe, E:\WebstormProjects\app-backend-test\server.js], rss=85536768, heapTotal=63152128, heapUsed=42432600, external=1916528, loadavg=[0, 0, 0], uptime=20761, trace=[column=18, file=internal/modules/cjs/loader.js, function=Module._compile, line=895, method=_compile, native=false, column=10, file=internal/modules/cjs/loader.js, function=Module._extensions..js, line=995, method=.js, native=false, column=32, file=internal/modules/cjs/loader.js, function=Module.load, line=815, method=load, native=false, column=14, file=internal/modules/cjs/loader.js, function=Module._load, line=727, method=_load, native=false, column=19, file=internal/modules/cjs/loader.js, function=Module.require, line=852, method=require, native=false, column=18, file=internal/modules/cjs/helpers.js, function=require, line=74, method=null, native=false, column=39, file=E:\WebstormProjects\app-backend-test\server\routes\member.js, function=null, line=5, method=null, native=false, column=30, file=internal/modules/cjs/loader.js, function=Module._compile, line=959, method=_compile, native=false, column=10, file=internal/modules/cjs/loader.js, function=Module._extensions..js, line=995, method=.js, native=false, column=32, file=internal/modules/cjs/loader.js, function=Module.load, line=815, method=load, native=false, column=14, file=internal/modules/cjs/loader.js, function=Module._load, line=727, method=_load, native=false, column=19, file=internal/modules/cjs/loader.js, function=Module.require, line=852, method=require, native=false, column=18, file=internal/modules/cjs/helpers.js, function=require, line=74, method=null, native=false, column=28, file=E:\WebstormProjects\app-backend-test\server\config\route-config.js, function=Object.routeConfig.init, line=6, method=init, native=false, column=17, file=E:\WebstormProjects\app-backend-test\server\app.js, function=null, line=40, method=null, native=false, column=3, file=E:\WebstormProjects\app-backend-test\server\app.js, function=null, line=45, method=null, native=false], stack=[E:\WebstormProjects\app-backend-test\server\middleware\SMS.js:68,     let result = await redis.get(`sms_${phone}`),                  ^^^^^, , SyntaxError: await is only valid in async function,     at Module._compile (internal/modules/cjs/loader.js:895:18),     at Object.Module._extensions..js (internal/modules/cjs/loader.js:995:10),     at Module.load (internal/modules/cjs/loader.js:815:32),     at Function.Module._load (internal/modules/cjs/loader.js:727:14),     at Module.require (internal/modules/cjs/loader.js:852:19),     at require (internal/modules/cjs/helpers.js:74:18),     at Object.<anonymous> (E:\WebstormProjects\app-backend-test\server\routes\member.js:5:39),     at Module._compile (internal/modules/cjs/loader.js:959:30),     at Object.Module._extensions..js (internal/modules/cjs/loader.js:995:10),     at Module.load (internal/modules/cjs/loader.js:815:32),     at Function.Module._load (internal/modules/cjs/loader.js:727:14),     at Module.require (internal/modules/cjs/loader.js:852:19),     at require (internal/modules/cjs/helpers.js:74:18),     at Object.routeConfig.init (E:\WebstormProjects\app-backend-test\server\config\route-config.js:6:28),     at E:\WebstormProjects\app-backend-test\server\app.js:40:17,     at Object.<anonymous> (E:\WebstormProjects\app-backend-test\server\app.js:45:3)]
2019-12-30T07:15:22.340Z - info: POST /api/member/login 200 41 - 4.401 ms
2019-12-30T07:16:14.398Z - info: GET /api/member/sms/send 500 62 - 213.394 ms
2019-12-30T07:16:37.454Z - info: GET /api/member/sms/send?phone=182770305020 500 62 - 163.224 ms
2019-12-30T07:16:47.597Z - info: GET /api/member/sms/send?phone=18277305020 200 54 - 325.922 ms
2019-12-30T07:17:59.589Z - info: POST /api/member/login 500 45 - 128.767 ms
2019-12-30T07:18:25.099Z - info: POST /api/member/login 500 45 - 74.158 ms
2019-12-30T07:19:38.019Z - info: POST /api/member/login 200 428 - 85.325 ms
2019-12-30T07:26:53.754Z - info: POST /api/member/list 401 40 - 5.537 ms
2019-12-30T07:27:17.193Z - info: POST /api/member/list 401 40 - 1.201 ms
2019-12-30T07:27:24.537Z - info: POST /api/member/login 200 41 - 2.288 ms
2019-12-30T07:27:36.977Z - info: GET /api/member/sms/send?phone=18277305020 200 54 - 432.804 ms
2019-12-30T07:27:50.819Z - info: POST /api/member/login 200 428 - 86.088 ms
2019-12-30T07:28:04.621Z - info: POST /api/member/list 401 40 - 6.647 ms
2019-12-30T07:28:13.714Z - info: POST /api/member/list 401 40 - 4.040 ms
2019-12-30T07:29:43.759Z - info: POST /api/member/list 401 40 - 5.835 ms
2019-12-30T07:30:09.324Z - info: POST /api/member/list 401 40 - 4.821 ms
2019-12-30T07:31:03.484Z - info: POST /api/member/list 401 40 - 7.450 ms
2019-12-30T07:32:12.231Z - info: POST /api/member/list 401 40 - 4.913 ms
2019-12-30T07:32:15.842Z - info: POST /api/member/list 401 40 - 2.209 ms
2019-12-30T07:32:30.960Z - info: POST /api/member/list 401 40 - 4.798 ms
2019-12-30T07:33:16.609Z - info: POST /api/member/list 401 40 - 6.334 ms
2019-12-30T07:33:58.932Z - info: POST /api/member/list 401 40 - 5.611 ms
2019-12-30T07:34:13.539Z - info: POST /api/member/list 401 40 - 4.137 ms
2019-12-30T07:34:21.628Z - info: POST /api/member/list 401 40 - 23.378 ms
2019-12-30T07:36:12.053Z - error: uncaughtException: Unexpected token 'else' date=Mon Dec 30 2019 15:36:12 GMT+0800 (GMT+08:00), pid=6400, uid=null, gid=null, cwd=E:\WebstormProjects\app-backend-test, execPath=C:\Program Files\nodejs\node.exe, version=v12.13.1, argv=[C:\Program Files\nodejs\node.exe, E:\WebstormProjects\app-backend-test\server.js], rss=76775424, heapTotal=59199488, heapUsed=35035824, external=1388933, loadavg=[0, 0, 0], uptime=22024, trace=[column=18, file=internal/modules/cjs/loader.js, function=Module._compile, line=895, method=_compile, native=false, column=10, file=internal/modules/cjs/loader.js, function=Module._extensions..js, line=995, method=.js, native=false, column=32, file=internal/modules/cjs/loader.js, function=Module.load, line=815, method=load, native=false, column=14, file=internal/modules/cjs/loader.js, function=Module._load, line=727, method=_load, native=false, column=19, file=internal/modules/cjs/loader.js, function=Module.require, line=852, method=require, native=false, column=18, file=internal/modules/cjs/helpers.js, function=require, line=74, method=null, native=false, column=19, file=E:\WebstormProjects\app-backend-test\server\controller\MemberController.js, function=null, line=2, method=null, native=false, column=30, file=internal/modules/cjs/loader.js, function=Module._compile, line=959, method=_compile, native=false, column=10, file=internal/modules/cjs/loader.js, function=Module._extensions..js, line=995, method=.js, native=false, column=32, file=internal/modules/cjs/loader.js, function=Module.load, line=815, method=load, native=false], stack=[E:\WebstormProjects\app-backend-test\server\lib\CryptUtil.js:40,   else return payload;,   ^^^^, , SyntaxError: Unexpected token 'else',     at Module._compile (internal/modules/cjs/loader.js:895:18),     at Object.Module._extensions..js (internal/modules/cjs/loader.js:995:10),     at Module.load (internal/modules/cjs/loader.js:815:32),     at Function.Module._load (internal/modules/cjs/loader.js:727:14),     at Module.require (internal/modules/cjs/loader.js:852:19),     at require (internal/modules/cjs/helpers.js:74:18),     at Object.<anonymous> (E:\WebstormProjects\app-backend-test\server\controller\MemberController.js:2:19),     at Module._compile (internal/modules/cjs/loader.js:959:30),     at Object.Module._extensions..js (internal/modules/cjs/loader.js:995:10),     at Module.load (internal/modules/cjs/loader.js:815:32)]
2019-12-30T07:36:47.905Z - error: uncaughtException: Unexpected token 'else' date=Mon Dec 30 2019 15:36:47 GMT+0800 (GMT+08:00), pid=4832, uid=null, gid=null, cwd=E:\WebstormProjects\app-backend-test, execPath=C:\Program Files\nodejs\node.exe, version=v12.13.1, argv=[C:\Program Files\nodejs\node.exe, E:\WebstormProjects\app-backend-test\server.js], rss=76853248, heapTotal=59199488, heapUsed=35077800, external=1388933, loadavg=[0, 0, 0], uptime=22060, trace=[column=18, file=internal/modules/cjs/loader.js, function=Module._compile, line=895, method=_compile, native=false, column=10, file=internal/modules/cjs/loader.js, function=Module._extensions..js, line=995, method=.js, native=false, column=32, file=internal/modules/cjs/loader.js, function=Module.load, line=815, method=load, native=false, column=14, file=internal/modules/cjs/loader.js, function=Module._load, line=727, method=_load, native=false, column=19, file=internal/modules/cjs/loader.js, function=Module.require, line=852, method=require, native=false, column=18, file=internal/modules/cjs/helpers.js, function=require, line=74, method=null, native=false, column=19, file=E:\WebstormProjects\app-backend-test\server\controller\MemberController.js, function=null, line=2, method=null, native=false, column=30, file=internal/modules/cjs/loader.js, function=Module._compile, line=959, method=_compile, native=false, column=10, file=internal/modules/cjs/loader.js, function=Module._extensions..js, line=995, method=.js, native=false, column=32, file=internal/modules/cjs/loader.js, function=Module.load, line=815, method=load, native=false], stack=[E:\WebstormProjects\app-backend-test\server\lib\CryptUtil.js:40,   else return payload;,   ^^^^, , SyntaxError: Unexpected token 'else',     at Module._compile (internal/modules/cjs/loader.js:895:18),     at Object.Module._extensions..js (internal/modules/cjs/loader.js:995:10),     at Module.load (internal/modules/cjs/loader.js:815:32),     at Function.Module._load (internal/modules/cjs/loader.js:727:14),     at Module.require (internal/modules/cjs/loader.js:852:19),     at require (internal/modules/cjs/helpers.js:74:18),     at Object.<anonymous> (E:\WebstormProjects\app-backend-test\server\controller\MemberController.js:2:19),     at Module._compile (internal/modules/cjs/loader.js:959:30),     at Object.Module._extensions..js (internal/modules/cjs/loader.js:995:10),     at Module.load (internal/modules/cjs/loader.js:815:32)]
2019-12-30T07:36:59.367Z - error: uncaughtException: Unexpected token 'else' date=Mon Dec 30 2019 15:36:59 GMT+0800 (GMT+08:00), pid=9424, uid=null, gid=null, cwd=E:\WebstormProjects\app-backend-test, execPath=C:\Program Files\nodejs\node.exe, version=v12.13.1, argv=[C:\Program Files\nodejs\node.exe, E:\WebstormProjects\app-backend-test\server.js], rss=76824576, heapTotal=59199488, heapUsed=35003792, external=1388933, loadavg=[0, 0, 0], uptime=22071, trace=[column=18, file=internal/modules/cjs/loader.js, function=Module._compile, line=895, method=_compile, native=false, column=10, file=internal/modules/cjs/loader.js, function=Module._extensions..js, line=995, method=.js, native=false, column=32, file=internal/modules/cjs/loader.js, function=Module.load, line=815, method=load, native=false, column=14, file=internal/modules/cjs/loader.js, function=Module._load, line=727, method=_load, native=false, column=19, file=internal/modules/cjs/loader.js, function=Module.require, line=852, method=require, native=false, column=18, file=internal/modules/cjs/helpers.js, function=require, line=74, method=null, native=false, column=19, file=E:\WebstormProjects\app-backend-test\server\controller\MemberController.js, function=null, line=2, method=null, native=false, column=30, file=internal/modules/cjs/loader.js, function=Module._compile, line=959, method=_compile, native=false, column=10, file=internal/modules/cjs/loader.js, function=Module._extensions..js, line=995, method=.js, native=false, column=32, file=internal/modules/cjs/loader.js, function=Module.load, line=815, method=load, native=false], stack=[E:\WebstormProjects\app-backend-test\server\lib\CryptUtil.js:41,   else return payload;,   ^^^^, , SyntaxError: Unexpected token 'else',     at Module._compile (internal/modules/cjs/loader.js:895:18),     at Object.Module._extensions..js (internal/modules/cjs/loader.js:995:10),     at Module.load (internal/modules/cjs/loader.js:815:32),     at Function.Module._load (internal/modules/cjs/loader.js:727:14),     at Module.require (internal/modules/cjs/loader.js:852:19),     at require (internal/modules/cjs/helpers.js:74:18),     at Object.<anonymous> (E:\WebstormProjects\app-backend-test\server\controller\MemberController.js:2:19),     at Module._compile (internal/modules/cjs/loader.js:959:30),     at Object.Module._extensions..js (internal/modules/cjs/loader.js:995:10),     at Module.load (internal/modules/cjs/loader.js:815:32)]
2019-12-30T07:37:47.500Z - info: POST /api/member/list 401 40 - 4.891 ms
2019-12-30T07:38:02.846Z - info: POST /api/member/list 401 40 - 7.097 ms
2019-12-30T07:39:08.796Z - info: POST /api/member/list 401 40 - 4.827 ms
2019-12-30T07:40:05.683Z - info: GET /api/member/sms/send?phone=18277305020 200 54 - 369.863 ms
2019-12-30T07:40:19.323Z - info: POST /api/member/login 200 428 - 90.955 ms
2019-12-30T07:44:16.368Z - info: POST /api/member/list 401 40 - 4.176 ms
2019-12-30T08:30:20.497Z - info: POST /api/member/list 401 40 - 6.181 ms
2019-12-30T08:30:23.477Z - info: POST /api/member/list 401 40 - 1.777 ms
2019-12-30T08:31:02.511Z - info: POST /api/member/list 401 40 - 6.340 ms
2019-12-30T08:38:02.325Z - info: POST /api/member/list   -  ms
