2020-01-14T03:03:02.295Z - error: uncaughtException: update is not defined date=Tue Jan 14 2020 11:03:02 GMT+0800 (GMT+08:00), pid=17740, uid=null, gid=null, cwd=E:\WebstormProjects\app-backend-test1, execPath=C:\Program Files\nodejs\node.exe, version=v12.13.1, argv=[C:\Program Files\nodejs\node.exe, E:\WebstormProjects\app-backend-test1\server.js], rss=96587776, heapTotal=72069120, heapUsed=51943552, external=2306801, loadavg=[0, 0, 0], uptime=868391, trace=[column=5, file=E:\WebstormProjects\app-backend-test1\server\controller\DepartmentController.js, function=null, line=35, method=null, native=false, column=30, file=internal/modules/cjs/loader.js, function=Module._compile, line=959, method=_compile, native=false, column=10, file=internal/modules/cjs/loader.js, function=Module._extensions..js, line=995, method=.js, native=false, column=32, file=internal/modules/cjs/loader.js, function=Module.load, line=815, method=load, native=false, column=14, file=internal/modules/cjs/loader.js, function=Module._load, line=727, method=_load, native=false, column=19, file=internal/modules/cjs/loader.js, function=Module.require, line=852, method=require, native=false, column=18, file=internal/modules/cjs/helpers.js, function=require, line=74, method=null, native=false, column=42, file=E:\WebstormProjects\app-backend-test1\server\routes\department.js, function=null, line=4, method=null, native=false, column=30, file=internal/modules/cjs/loader.js, function=Module._compile, line=959, method=_compile, native=false, column=10, file=internal/modules/cjs/loader.js, function=Module._extensions..js, line=995, method=.js, native=false, column=32, file=internal/modules/cjs/loader.js, function=Module.load, line=815, method=load, native=false, column=14, file=internal/modules/cjs/loader.js, function=Module._load, line=727, method=_load, native=false, column=19, file=internal/modules/cjs/loader.js, function=Module.require, line=852, method=require, native=false, column=18, file=internal/modules/cjs/helpers.js, function=require, line=74, method=null, native=false, column=32, file=E:\WebstormProjects\app-backend-test1\server\config\route-config.js, function=Object.routeConfig.init, line=7, method=init, native=false, column=17, file=E:\WebstormProjects\app-backend-test1\server\app.js, function=null, line=40, method=null, native=false], stack=[ReferenceError: update is not defined,     at Object.<anonymous> (E:\WebstormProjects\app-backend-test1\server\controller\DepartmentController.js:35:5),     at Module._compile (internal/modules/cjs/loader.js:959:30),     at Object.Module._extensions..js (internal/modules/cjs/loader.js:995:10),     at Module.load (internal/modules/cjs/loader.js:815:32),     at Function.Module._load (internal/modules/cjs/loader.js:727:14),     at Module.require (internal/modules/cjs/loader.js:852:19),     at require (internal/modules/cjs/helpers.js:74:18),     at Object.<anonymous> (E:\WebstormProjects\app-backend-test1\server\routes\department.js:4:42),     at Module._compile (internal/modules/cjs/loader.js:959:30),     at Object.Module._extensions..js (internal/modules/cjs/loader.js:995:10),     at Module.load (internal/modules/cjs/loader.js:815:32),     at Function.Module._load (internal/modules/cjs/loader.js:727:14),     at Module.require (internal/modules/cjs/loader.js:852:19),     at require (internal/modules/cjs/helpers.js:74:18),     at Object.routeConfig.init (E:\WebstormProjects\app-backend-test1\server\config\route-config.js:7:32),     at E:\WebstormProjects\app-backend-test1\server\app.js:40:17]
2020-01-14T03:03:21.080Z - error: uncaughtException: update is not defined date=Tue Jan 14 2020 11:03:21 GMT+0800 (GMT+08:00), pid=19316, uid=null, gid=null, cwd=E:\WebstormProjects\app-backend-test1, execPath=C:\Program Files\nodejs\node.exe, version=v12.13.1, argv=[C:\Program Files\nodejs\node.exe, E:\WebstormProjects\app-backend-test1\server.js], rss=98197504, heapTotal=73641984, heapUsed=48562056, external=2012629, loadavg=[0, 0, 0], uptime=868410, trace=[column=5, file=E:\WebstormProjects\app-backend-test1\server\controller\DepartmentController.js, function=null, line=35, method=null, native=false, column=30, file=internal/modules/cjs/loader.js, function=Module._compile, line=959, method=_compile, native=false, column=10, file=internal/modules/cjs/loader.js, function=Module._extensions..js, line=995, method=.js, native=false, column=32, file=internal/modules/cjs/loader.js, function=Module.load, line=815, method=load, native=false, column=14, file=internal/modules/cjs/loader.js, function=Module._load, line=727, method=_load, native=false, column=19, file=internal/modules/cjs/loader.js, function=Module.require, line=852, method=require, native=false, column=18, file=internal/modules/cjs/helpers.js, function=require, line=74, method=null, native=false, column=42, file=E:\WebstormProjects\app-backend-test1\server\routes\department.js, function=null, line=4, method=null, native=false, column=30, file=internal/modules/cjs/loader.js, function=Module._compile, line=959, method=_compile, native=false, column=10, file=internal/modules/cjs/loader.js, function=Module._extensions..js, line=995, method=.js, native=false, column=32, file=internal/modules/cjs/loader.js, function=Module.load, line=815, method=load, native=false, column=14, file=internal/modules/cjs/loader.js, function=Module._load, line=727, method=_load, native=false, column=19, file=internal/modules/cjs/loader.js, function=Module.require, line=852, method=require, native=false, column=18, file=internal/modules/cjs/helpers.js, function=require, line=74, method=null, native=false, column=32, file=E:\WebstormProjects\app-backend-test1\server\config\route-config.js, function=Object.routeConfig.init, line=7, method=init, native=false, column=17, file=E:\WebstormProjects\app-backend-test1\server\app.js, function=null, line=40, method=null, native=false], stack=[ReferenceError: update is not defined,     at Object.<anonymous> (E:\WebstormProjects\app-backend-test1\server\controller\DepartmentController.js:35:5),     at Module._compile (internal/modules/cjs/loader.js:959:30),     at Object.Module._extensions..js (internal/modules/cjs/loader.js:995:10),     at Module.load (internal/modules/cjs/loader.js:815:32),     at Function.Module._load (internal/modules/cjs/loader.js:727:14),     at Module.require (internal/modules/cjs/loader.js:852:19),     at require (internal/modules/cjs/helpers.js:74:18),     at Object.<anonymous> (E:\WebstormProjects\app-backend-test1\server\routes\department.js:4:42),     at Module._compile (internal/modules/cjs/loader.js:959:30),     at Object.Module._extensions..js (internal/modules/cjs/loader.js:995:10),     at Module.load (internal/modules/cjs/loader.js:815:32),     at Function.Module._load (internal/modules/cjs/loader.js:727:14),     at Module.require (internal/modules/cjs/loader.js:852:19),     at require (internal/modules/cjs/helpers.js:74:18),     at Object.routeConfig.init (E:\WebstormProjects\app-backend-test1\server\config\route-config.js:7:32),     at E:\WebstormProjects\app-backend-test1\server\app.js:40:17]
2020-01-14T03:03:43.949Z - error: uncaughtException: update is not defined date=Tue Jan 14 2020 11:03:43 GMT+0800 (GMT+08:00), pid=16860, uid=null, gid=null, cwd=E:\WebstormProjects\app-backend-test1, execPath=C:\Program Files\nodejs\node.exe, version=v12.13.1, argv=[C:\Program Files\nodejs\node.exe, E:\WebstormProjects\app-backend-test1\server.js], rss=98164736, heapTotal=73904128, heapUsed=48641696, external=1999161, loadavg=[0, 0, 0], uptime=868433, trace=[column=5, file=E:\WebstormProjects\app-backend-test1\server\controller\DepartmentController.js, function=null, line=35, method=null, native=false, column=30, file=internal/modules/cjs/loader.js, function=Module._compile, line=959, method=_compile, native=false, column=10, file=internal/modules/cjs/loader.js, function=Module._extensions..js, line=995, method=.js, native=false, column=32, file=internal/modules/cjs/loader.js, function=Module.load, line=815, method=load, native=false, column=14, file=internal/modules/cjs/loader.js, function=Module._load, line=727, method=_load, native=false, column=19, file=internal/modules/cjs/loader.js, function=Module.require, line=852, method=require, native=false, column=18, file=internal/modules/cjs/helpers.js, function=require, line=74, method=null, native=false, column=42, file=E:\WebstormProjects\app-backend-test1\server\routes\department.js, function=null, line=4, method=null, native=false, column=30, file=internal/modules/cjs/loader.js, function=Module._compile, line=959, method=_compile, native=false, column=10, file=internal/modules/cjs/loader.js, function=Module._extensions..js, line=995, method=.js, native=false, column=32, file=internal/modules/cjs/loader.js, function=Module.load, line=815, method=load, native=false, column=14, file=internal/modules/cjs/loader.js, function=Module._load, line=727, method=_load, native=false, column=19, file=internal/modules/cjs/loader.js, function=Module.require, line=852, method=require, native=false, column=18, file=internal/modules/cjs/helpers.js, function=require, line=74, method=null, native=false, column=32, file=E:\WebstormProjects\app-backend-test1\server\config\route-config.js, function=Object.routeConfig.init, line=7, method=init, native=false, column=17, file=E:\WebstormProjects\app-backend-test1\server\app.js, function=null, line=40, method=null, native=false], stack=[ReferenceError: update is not defined,     at Object.<anonymous> (E:\WebstormProjects\app-backend-test1\server\controller\DepartmentController.js:35:5),     at Module._compile (internal/modules/cjs/loader.js:959:30),     at Object.Module._extensions..js (internal/modules/cjs/loader.js:995:10),     at Module.load (internal/modules/cjs/loader.js:815:32),     at Function.Module._load (internal/modules/cjs/loader.js:727:14),     at Module.require (internal/modules/cjs/loader.js:852:19),     at require (internal/modules/cjs/helpers.js:74:18),     at Object.<anonymous> (E:\WebstormProjects\app-backend-test1\server\routes\department.js:4:42),     at Module._compile (internal/modules/cjs/loader.js:959:30),     at Object.Module._extensions..js (internal/modules/cjs/loader.js:995:10),     at Module.load (internal/modules/cjs/loader.js:815:32),     at Function.Module._load (internal/modules/cjs/loader.js:727:14),     at Module.require (internal/modules/cjs/loader.js:852:19),     at require (internal/modules/cjs/helpers.js:74:18),     at Object.routeConfig.init (E:\WebstormProjects\app-backend-test1\server\config\route-config.js:7:32),     at E:\WebstormProjects\app-backend-test1\server\app.js:40:17]
2020-01-14T03:03:51.037Z - error: uncaughtException: update is not defined date=Tue Jan 14 2020 11:03:51 GMT+0800 (GMT+08:00), pid=16316, uid=null, gid=null, cwd=E:\WebstormProjects\app-backend-test1, execPath=C:\Program Files\nodejs\node.exe, version=v12.13.1, argv=[C:\Program Files\nodejs\node.exe, E:\WebstormProjects\app-backend-test1\server.js], rss=96940032, heapTotal=72069120, heapUsed=51876080, external=2302235, loadavg=[0, 0, 0], uptime=868440, trace=[column=5, file=E:\WebstormProjects\app-backend-test1\server\controller\DepartmentController.js, function=null, line=35, method=null, native=false, column=30, file=internal/modules/cjs/loader.js, function=Module._compile, line=959, method=_compile, native=false, column=10, file=internal/modules/cjs/loader.js, function=Module._extensions..js, line=995, method=.js, native=false, column=32, file=internal/modules/cjs/loader.js, function=Module.load, line=815, method=load, native=false, column=14, file=internal/modules/cjs/loader.js, function=Module._load, line=727, method=_load, native=false, column=19, file=internal/modules/cjs/loader.js, function=Module.require, line=852, method=require, native=false, column=18, file=internal/modules/cjs/helpers.js, function=require, line=74, method=null, native=false, column=42, file=E:\WebstormProjects\app-backend-test1\server\routes\department.js, function=null, line=4, method=null, native=false, column=30, file=internal/modules/cjs/loader.js, function=Module._compile, line=959, method=_compile, native=false, column=10, file=internal/modules/cjs/loader.js, function=Module._extensions..js, line=995, method=.js, native=false, column=32, file=internal/modules/cjs/loader.js, function=Module.load, line=815, method=load, native=false, column=14, file=internal/modules/cjs/loader.js, function=Module._load, line=727, method=_load, native=false, column=19, file=internal/modules/cjs/loader.js, function=Module.require, line=852, method=require, native=false, column=18, file=internal/modules/cjs/helpers.js, function=require, line=74, method=null, native=false, column=32, file=E:\WebstormProjects\app-backend-test1\server\config\route-config.js, function=Object.routeConfig.init, line=7, method=init, native=false, column=17, file=E:\WebstormProjects\app-backend-test1\server\app.js, function=null, line=40, method=null, native=false], stack=[ReferenceError: update is not defined,     at Object.<anonymous> (E:\WebstormProjects\app-backend-test1\server\controller\DepartmentController.js:35:5),     at Module._compile (internal/modules/cjs/loader.js:959:30),     at Object.Module._extensions..js (internal/modules/cjs/loader.js:995:10),     at Module.load (internal/modules/cjs/loader.js:815:32),     at Function.Module._load (internal/modules/cjs/loader.js:727:14),     at Module.require (internal/modules/cjs/loader.js:852:19),     at require (internal/modules/cjs/helpers.js:74:18),     at Object.<anonymous> (E:\WebstormProjects\app-backend-test1\server\routes\department.js:4:42),     at Module._compile (internal/modules/cjs/loader.js:959:30),     at Object.Module._extensions..js (internal/modules/cjs/loader.js:995:10),     at Module.load (internal/modules/cjs/loader.js:815:32),     at Function.Module._load (internal/modules/cjs/loader.js:727:14),     at Module.require (internal/modules/cjs/loader.js:852:19),     at require (internal/modules/cjs/helpers.js:74:18),     at Object.routeConfig.init (E:\WebstormProjects\app-backend-test1\server\config\route-config.js:7:32),     at E:\WebstormProjects\app-backend-test1\server\app.js:40:17]
2020-01-14T03:04:06.166Z - error: uncaughtException: update is not defined date=Tue Jan 14 2020 11:04:06 GMT+0800 (GMT+08:00), pid=18716, uid=null, gid=null, cwd=E:\WebstormProjects\app-backend-test1, execPath=C:\Program Files\nodejs\node.exe, version=v12.13.1, argv=[C:\Program Files\nodejs\node.exe, E:\WebstormProjects\app-backend-test1\server.js], rss=98312192, heapTotal=73904128, heapUsed=48570312, external=1999161, loadavg=[0, 0, 0], uptime=868455, trace=[column=5, file=E:\WebstormProjects\app-backend-test1\server\controller\DepartmentController.js, function=null, line=35, method=null, native=false, column=30, file=internal/modules/cjs/loader.js, function=Module._compile, line=959, method=_compile, native=false, column=10, file=internal/modules/cjs/loader.js, function=Module._extensions..js, line=995, method=.js, native=false, column=32, file=internal/modules/cjs/loader.js, function=Module.load, line=815, method=load, native=false, column=14, file=internal/modules/cjs/loader.js, function=Module._load, line=727, method=_load, native=false, column=19, file=internal/modules/cjs/loader.js, function=Module.require, line=852, method=require, native=false, column=18, file=internal/modules/cjs/helpers.js, function=require, line=74, method=null, native=false, column=42, file=E:\WebstormProjects\app-backend-test1\server\routes\department.js, function=null, line=4, method=null, native=false, column=30, file=internal/modules/cjs/loader.js, function=Module._compile, line=959, method=_compile, native=false, column=10, file=internal/modules/cjs/loader.js, function=Module._extensions..js, line=995, method=.js, native=false, column=32, file=internal/modules/cjs/loader.js, function=Module.load, line=815, method=load, native=false, column=14, file=internal/modules/cjs/loader.js, function=Module._load, line=727, method=_load, native=false, column=19, file=internal/modules/cjs/loader.js, function=Module.require, line=852, method=require, native=false, column=18, file=internal/modules/cjs/helpers.js, function=require, line=74, method=null, native=false, column=32, file=E:\WebstormProjects\app-backend-test1\server\config\route-config.js, function=Object.routeConfig.init, line=7, method=init, native=false, column=17, file=E:\WebstormProjects\app-backend-test1\server\app.js, function=null, line=40, method=null, native=false], stack=[ReferenceError: update is not defined,     at Object.<anonymous> (E:\WebstormProjects\app-backend-test1\server\controller\DepartmentController.js:35:5),     at Module._compile (internal/modules/cjs/loader.js:959:30),     at Object.Module._extensions..js (internal/modules/cjs/loader.js:995:10),     at Module.load (internal/modules/cjs/loader.js:815:32),     at Function.Module._load (internal/modules/cjs/loader.js:727:14),     at Module.require (internal/modules/cjs/loader.js:852:19),     at require (internal/modules/cjs/helpers.js:74:18),     at Object.<anonymous> (E:\WebstormProjects\app-backend-test1\server\routes\department.js:4:42),     at Module._compile (internal/modules/cjs/loader.js:959:30),     at Object.Module._extensions..js (internal/modules/cjs/loader.js:995:10),     at Module.load (internal/modules/cjs/loader.js:815:32),     at Function.Module._load (internal/modules/cjs/loader.js:727:14),     at Module.require (internal/modules/cjs/loader.js:852:19),     at require (internal/modules/cjs/helpers.js:74:18),     at Object.routeConfig.init (E:\WebstormProjects\app-backend-test1\server\config\route-config.js:7:32),     at E:\WebstormProjects\app-backend-test1\server\app.js:40:17]
2020-01-14T03:06:39.866Z - error: uncaughtException: Identifier 'findLibrary' has already been declared date=Tue Jan 14 2020 11:06:39 GMT+0800 (GMT+08:00), pid=124, uid=null, gid=null, cwd=E:\WebstormProjects\app-backend-test1, execPath=C:\Program Files\nodejs\node.exe, version=v12.13.1, argv=[C:\Program Files\nodejs\node.exe, E:\WebstormProjects\app-backend-test1\server.js], rss=98467840, heapTotal=73904128, heapUsed=48641400, external=2007353, loadavg=[0, 0, 0], uptime=868609, trace=[column=18, file=internal/modules/cjs/loader.js, function=Module._compile, line=895, method=_compile, native=false, column=10, file=internal/modules/cjs/loader.js, function=Module._extensions..js, line=995, method=.js, native=false, column=32, file=internal/modules/cjs/loader.js, function=Module.load, line=815, method=load, native=false, column=14, file=internal/modules/cjs/loader.js, function=Module._load, line=727, method=_load, native=false, column=19, file=internal/modules/cjs/loader.js, function=Module.require, line=852, method=require, native=false, column=18, file=internal/modules/cjs/helpers.js, function=require, line=74, method=null, native=false, column=18, file=E:\WebstormProjects\app-backend-test1\server\routes\library.js, function=null, line=4, method=null, native=false, column=30, file=internal/modules/cjs/loader.js, function=Module._compile, line=959, method=_compile, native=false, column=10, file=internal/modules/cjs/loader.js, function=Module._extensions..js, line=995, method=.js, native=false, column=32, file=internal/modules/cjs/loader.js, function=Module.load, line=815, method=load, native=false, column=14, file=internal/modules/cjs/loader.js, function=Module._load, line=727, method=_load, native=false, column=19, file=internal/modules/cjs/loader.js, function=Module.require, line=852, method=require, native=false, column=18, file=internal/modules/cjs/helpers.js, function=require, line=74, method=null, native=false, column=29, file=E:\WebstormProjects\app-backend-test1\server\config\route-config.js, function=Object.routeConfig.init, line=8, method=init, native=false, column=17, file=E:\WebstormProjects\app-backend-test1\server\app.js, function=null, line=40, method=null, native=false, column=3, file=E:\WebstormProjects\app-backend-test1\server\app.js, function=null, line=45, method=null, native=false], stack=[E:\WebstormProjects\app-backend-test1\server\controller\LibraryController.js:3, const {findLibrary} = require("../model/LibraryModel");,        ^, , SyntaxError: Identifier 'findLibrary' has already been declared,     at Module._compile (internal/modules/cjs/loader.js:895:18),     at Object.Module._extensions..js (internal/modules/cjs/loader.js:995:10),     at Module.load (internal/modules/cjs/loader.js:815:32),     at Function.Module._load (internal/modules/cjs/loader.js:727:14),     at Module.require (internal/modules/cjs/loader.js:852:19),     at require (internal/modules/cjs/helpers.js:74:18),     at Object.<anonymous> (E:\WebstormProjects\app-backend-test1\server\routes\library.js:4:18),     at Module._compile (internal/modules/cjs/loader.js:959:30),     at Object.Module._extensions..js (internal/modules/cjs/loader.js:995:10),     at Module.load (internal/modules/cjs/loader.js:815:32),     at Function.Module._load (internal/modules/cjs/loader.js:727:14),     at Module.require (internal/modules/cjs/loader.js:852:19),     at require (internal/modules/cjs/helpers.js:74:18),     at Object.routeConfig.init (E:\WebstormProjects\app-backend-test1\server\config\route-config.js:8:29),     at E:\WebstormProjects\app-backend-test1\server\app.js:40:17,     at Object.<anonymous> (E:\WebstormProjects\app-backend-test1\server\app.js:45:3)]
2020-01-14T03:17:11.995Z - error: uncaughtException: Invalid or unexpected token date=Tue Jan 14 2020 11:17:11 GMT+0800 (GMT+08:00), pid=13488, uid=null, gid=null, cwd=E:\WebstormProjects\app-backend-test1, execPath=C:\Program Files\nodejs\node.exe, version=v12.13.1, argv=[C:\Program Files\nodejs\node.exe, E:\WebstormProjects\app-backend-test1\server.js], rss=125083648, heapTotal=95854592, heapUsed=70129080, external=7120727, loadavg=[0, 0, 0], uptime=869241, trace=[column=18, file=internal/modules/cjs/loader.js, function=Module._compile, line=895, method=_compile, native=false, column=10, file=internal/modules/cjs/loader.js, function=Module._extensions..js, line=995, method=.js, native=false, column=32, file=internal/modules/cjs/loader.js, function=Module.load, line=815, method=load, native=false, column=14, file=internal/modules/cjs/loader.js, function=Module._load, line=727, method=_load, native=false, column=19, file=internal/modules/cjs/loader.js, function=Module.require, line=852, method=require, native=false, column=18, file=internal/modules/cjs/helpers.js, function=require, line=74, method=null, native=false, column=17, file=E:\WebstormProjects\app-backend-test1\server\controller\LibraryController.js, function=null, line=6, method=null, native=false, column=30, file=internal/modules/cjs/loader.js, function=Module._compile, line=959, method=_compile, native=false, column=10, file=internal/modules/cjs/loader.js, function=Module._extensions..js, line=995, method=.js, native=false, column=32, file=internal/modules/cjs/loader.js, function=Module.load, line=815, method=load, native=false, column=14, file=internal/modules/cjs/loader.js, function=Module._load, line=727, method=_load, native=false, column=19, file=internal/modules/cjs/loader.js, function=Module.require, line=852, method=require, native=false, column=18, file=internal/modules/cjs/helpers.js, function=require, line=74, method=null, native=false, column=26, file=E:\WebstormProjects\app-backend-test1\server\routes\library.js, function=null, line=4, method=null, native=false, column=30, file=internal/modules/cjs/loader.js, function=Module._compile, line=959, method=_compile, native=false, column=10, file=internal/modules/cjs/loader.js, function=Module._extensions..js, line=995, method=.js, native=false], stack=[E:\WebstormProjects\app-backend-test1\liebiao\内地女歌手.xlsx:1, PK,   ^, , SyntaxError: Invalid or unexpected token,     at Module._compile (internal/modules/cjs/loader.js:895:18),     at Object.Module._extensions..js (internal/modules/cjs/loader.js:995:10),     at Module.load (internal/modules/cjs/loader.js:815:32),     at Function.Module._load (internal/modules/cjs/loader.js:727:14),     at Module.require (internal/modules/cjs/loader.js:852:19),     at require (internal/modules/cjs/helpers.js:74:18),     at Object.<anonymous> (E:\WebstormProjects\app-backend-test1\server\controller\LibraryController.js:6:17),     at Module._compile (internal/modules/cjs/loader.js:959:30),     at Object.Module._extensions..js (internal/modules/cjs/loader.js:995:10),     at Module.load (internal/modules/cjs/loader.js:815:32),     at Function.Module._load (internal/modules/cjs/loader.js:727:14),     at Module.require (internal/modules/cjs/loader.js:852:19),     at require (internal/modules/cjs/helpers.js:74:18),     at Object.<anonymous> (E:\WebstormProjects\app-backend-test1\server\routes\library.js:4:26),     at Module._compile (internal/modules/cjs/loader.js:959:30),     at Object.Module._extensions..js (internal/modules/cjs/loader.js:995:10)]
2020-01-14T03:17:18.872Z - error: uncaughtException: Invalid or unexpected token date=Tue Jan 14 2020 11:17:18 GMT+0800 (GMT+08:00), pid=17000, uid=null, gid=null, cwd=E:\WebstormProjects\app-backend-test1, execPath=C:\Program Files\nodejs\node.exe, version=v12.13.1, argv=[C:\Program Files\nodejs\node.exe, E:\WebstormProjects\app-backend-test1\server.js], rss=122515456, heapTotal=93339648, heapUsed=65012008, external=7112535, loadavg=[0, 0, 0], uptime=869248, trace=[column=18, file=internal/modules/cjs/loader.js, function=Module._compile, line=895, method=_compile, native=false, column=10, file=internal/modules/cjs/loader.js, function=Module._extensions..js, line=995, method=.js, native=false, column=32, file=internal/modules/cjs/loader.js, function=Module.load, line=815, method=load, native=false, column=14, file=internal/modules/cjs/loader.js, function=Module._load, line=727, method=_load, native=false, column=19, file=internal/modules/cjs/loader.js, function=Module.require, line=852, method=require, native=false, column=18, file=internal/modules/cjs/helpers.js, function=require, line=74, method=null, native=false, column=17, file=E:\WebstormProjects\app-backend-test1\server\controller\LibraryController.js, function=null, line=6, method=null, native=false, column=30, file=internal/modules/cjs/loader.js, function=Module._compile, line=959, method=_compile, native=false, column=10, file=internal/modules/cjs/loader.js, function=Module._extensions..js, line=995, method=.js, native=false, column=32, file=internal/modules/cjs/loader.js, function=Module.load, line=815, method=load, native=false, column=14, file=internal/modules/cjs/loader.js, function=Module._load, line=727, method=_load, native=false, column=19, file=internal/modules/cjs/loader.js, function=Module.require, line=852, method=require, native=false, column=18, file=internal/modules/cjs/helpers.js, function=require, line=74, method=null, native=false, column=26, file=E:\WebstormProjects\app-backend-test1\server\routes\library.js, function=null, line=4, method=null, native=false, column=30, file=internal/modules/cjs/loader.js, function=Module._compile, line=959, method=_compile, native=false, column=10, file=internal/modules/cjs/loader.js, function=Module._extensions..js, line=995, method=.js, native=false], stack=[E:\WebstormProjects\app-backend-test1\liebiao\内地女歌手.xlsx:1, PK,   ^, , SyntaxError: Invalid or unexpected token,     at Module._compile (internal/modules/cjs/loader.js:895:18),     at Object.Module._extensions..js (internal/modules/cjs/loader.js:995:10),     at Module.load (internal/modules/cjs/loader.js:815:32),     at Function.Module._load (internal/modules/cjs/loader.js:727:14),     at Module.require (internal/modules/cjs/loader.js:852:19),     at require (internal/modules/cjs/helpers.js:74:18),     at Object.<anonymous> (E:\WebstormProjects\app-backend-test1\server\controller\LibraryController.js:6:17),     at Module._compile (internal/modules/cjs/loader.js:959:30),     at Object.Module._extensions..js (internal/modules/cjs/loader.js:995:10),     at Module.load (internal/modules/cjs/loader.js:815:32),     at Function.Module._load (internal/modules/cjs/loader.js:727:14),     at Module.require (internal/modules/cjs/loader.js:852:19),     at require (internal/modules/cjs/helpers.js:74:18),     at Object.<anonymous> (E:\WebstormProjects\app-backend-test1\server\routes\library.js:4:26),     at Module._compile (internal/modules/cjs/loader.js:959:30),     at Object.Module._extensions..js (internal/modules/cjs/loader.js:995:10)]
2020-01-14T03:17:59.546Z - error: uncaughtException: Invalid or unexpected token date=Tue Jan 14 2020 11:17:59 GMT+0800 (GMT+08:00), pid=19272, uid=null, gid=null, cwd=E:\WebstormProjects\app-backend-test1, execPath=C:\Program Files\nodejs\node.exe, version=v12.13.1, argv=[C:\Program Files\nodejs\node.exe, E:\WebstormProjects\app-backend-test1\server.js], rss=124936192, heapTotal=95854592, heapUsed=70284152, external=7120727, loadavg=[0, 0, 0], uptime=869289, trace=[column=18, file=internal/modules/cjs/loader.js, function=Module._compile, line=895, method=_compile, native=false, column=10, file=internal/modules/cjs/loader.js, function=Module._extensions..js, line=995, method=.js, native=false, column=32, file=internal/modules/cjs/loader.js, function=Module.load, line=815, method=load, native=false, column=14, file=internal/modules/cjs/loader.js, function=Module._load, line=727, method=_load, native=false, column=19, file=internal/modules/cjs/loader.js, function=Module.require, line=852, method=require, native=false, column=18, file=internal/modules/cjs/helpers.js, function=require, line=74, method=null, native=false, column=17, file=E:\WebstormProjects\app-backend-test1\server\controller\LibraryController.js, function=null, line=6, method=null, native=false, column=30, file=internal/modules/cjs/loader.js, function=Module._compile, line=959, method=_compile, native=false, column=10, file=internal/modules/cjs/loader.js, function=Module._extensions..js, line=995, method=.js, native=false, column=32, file=internal/modules/cjs/loader.js, function=Module.load, line=815, method=load, native=false, column=14, file=internal/modules/cjs/loader.js, function=Module._load, line=727, method=_load, native=false, column=19, file=internal/modules/cjs/loader.js, function=Module.require, line=852, method=require, native=false, column=18, file=internal/modules/cjs/helpers.js, function=require, line=74, method=null, native=false, column=26, file=E:\WebstormProjects\app-backend-test1\server\routes\library.js, function=null, line=4, method=null, native=false, column=30, file=internal/modules/cjs/loader.js, function=Module._compile, line=959, method=_compile, native=false, column=10, file=internal/modules/cjs/loader.js, function=Module._extensions..js, line=995, method=.js, native=false], stack=[E:\WebstormProjects\app-backend-test1\liebiao\内地女歌手.xlsx:1, PK,   ^, , SyntaxError: Invalid or unexpected token,     at Module._compile (internal/modules/cjs/loader.js:895:18),     at Object.Module._extensions..js (internal/modules/cjs/loader.js:995:10),     at Module.load (internal/modules/cjs/loader.js:815:32),     at Function.Module._load (internal/modules/cjs/loader.js:727:14),     at Module.require (internal/modules/cjs/loader.js:852:19),     at require (internal/modules/cjs/helpers.js:74:18),     at Object.<anonymous> (E:\WebstormProjects\app-backend-test1\server\controller\LibraryController.js:6:17),     at Module._compile (internal/modules/cjs/loader.js:959:30),     at Object.Module._extensions..js (internal/modules/cjs/loader.js:995:10),     at Module.load (internal/modules/cjs/loader.js:815:32),     at Function.Module._load (internal/modules/cjs/loader.js:727:14),     at Module.require (internal/modules/cjs/loader.js:852:19),     at require (internal/modules/cjs/helpers.js:74:18),     at Object.<anonymous> (E:\WebstormProjects\app-backend-test1\server\routes\library.js:4:26),     at Module._compile (internal/modules/cjs/loader.js:959:30),     at Object.Module._extensions..js (internal/modules/cjs/loader.js:995:10)]
2020-01-14T03:19:15.306Z - error: uncaughtException: Invalid or unexpected token date=Tue Jan 14 2020 11:19:15 GMT+0800 (GMT+08:00), pid=19392, uid=null, gid=null, cwd=E:\WebstormProjects\app-backend-test1, execPath=C:\Program Files\nodejs\node.exe, version=v12.13.1, argv=[C:\Program Files\nodejs\node.exe, E:\WebstormProjects\app-backend-test1\server.js], rss=124571648, heapTotal=95592448, heapUsed=70347952, external=7120727, loadavg=[0, 0, 0], uptime=869364, trace=[column=18, file=internal/modules/cjs/loader.js, function=Module._compile, line=895, method=_compile, native=false, column=10, file=internal/modules/cjs/loader.js, function=Module._extensions..js, line=995, method=.js, native=false, column=32, file=internal/modules/cjs/loader.js, function=Module.load, line=815, method=load, native=false, column=14, file=internal/modules/cjs/loader.js, function=Module._load, line=727, method=_load, native=false, column=19, file=internal/modules/cjs/loader.js, function=Module.require, line=852, method=require, native=false, column=18, file=internal/modules/cjs/helpers.js, function=require, line=74, method=null, native=false, column=17, file=E:\WebstormProjects\app-backend-test1\server\controller\LibraryController.js, function=null, line=6, method=null, native=false, column=30, file=internal/modules/cjs/loader.js, function=Module._compile, line=959, method=_compile, native=false, column=10, file=internal/modules/cjs/loader.js, function=Module._extensions..js, line=995, method=.js, native=false, column=32, file=internal/modules/cjs/loader.js, function=Module.load, line=815, method=load, native=false, column=14, file=internal/modules/cjs/loader.js, function=Module._load, line=727, method=_load, native=false, column=19, file=internal/modules/cjs/loader.js, function=Module.require, line=852, method=require, native=false, column=18, file=internal/modules/cjs/helpers.js, function=require, line=74, method=null, native=false, column=26, file=E:\WebstormProjects\app-backend-test1\server\routes\library.js, function=null, line=4, method=null, native=false, column=30, file=internal/modules/cjs/loader.js, function=Module._compile, line=959, method=_compile, native=false, column=10, file=internal/modules/cjs/loader.js, function=Module._extensions..js, line=995, method=.js, native=false], stack=[E:\WebstormProjects\app-backend-test1\liebiao\内地女歌手.xlsx:1, PK,   ^, , SyntaxError: Invalid or unexpected token,     at Module._compile (internal/modules/cjs/loader.js:895:18),     at Object.Module._extensions..js (internal/modules/cjs/loader.js:995:10),     at Module.load (internal/modules/cjs/loader.js:815:32),     at Function.Module._load (internal/modules/cjs/loader.js:727:14),     at Module.require (internal/modules/cjs/loader.js:852:19),     at require (internal/modules/cjs/helpers.js:74:18),     at Object.<anonymous> (E:\WebstormProjects\app-backend-test1\server\controller\LibraryController.js:6:17),     at Module._compile (internal/modules/cjs/loader.js:959:30),     at Object.Module._extensions..js (internal/modules/cjs/loader.js:995:10),     at Module.load (internal/modules/cjs/loader.js:815:32),     at Function.Module._load (internal/modules/cjs/loader.js:727:14),     at Module.require (internal/modules/cjs/loader.js:852:19),     at require (internal/modules/cjs/helpers.js:74:18),     at Object.<anonymous> (E:\WebstormProjects\app-backend-test1\server\routes\library.js:4:26),     at Module._compile (internal/modules/cjs/loader.js:959:30),     at Object.Module._extensions..js (internal/modules/cjs/loader.js:995:10)]
2020-01-14T03:19:53.801Z - error: uncaughtException: Invalid or unexpected token date=Tue Jan 14 2020 11:19:53 GMT+0800 (GMT+08:00), pid=19348, uid=null, gid=null, cwd=E:\WebstormProjects\app-backend-test1, execPath=C:\Program Files\nodejs\node.exe, version=v12.13.1, argv=[C:\Program Files\nodejs\node.exe, E:\WebstormProjects\app-backend-test1\server.js], rss=124637184, heapTotal=95854592, heapUsed=70267392, external=7120727, loadavg=[0, 0, 0], uptime=869403, trace=[column=18, file=internal/modules/cjs/loader.js, function=Module._compile, line=895, method=_compile, native=false, column=10, file=internal/modules/cjs/loader.js, function=Module._extensions..js, line=995, method=.js, native=false, column=32, file=internal/modules/cjs/loader.js, function=Module.load, line=815, method=load, native=false, column=14, file=internal/modules/cjs/loader.js, function=Module._load, line=727, method=_load, native=false, column=19, file=internal/modules/cjs/loader.js, function=Module.require, line=852, method=require, native=false, column=18, file=internal/modules/cjs/helpers.js, function=require, line=74, method=null, native=false, column=17, file=E:\WebstormProjects\app-backend-test1\server\controller\LibraryController.js, function=null, line=6, method=null, native=false, column=30, file=internal/modules/cjs/loader.js, function=Module._compile, line=959, method=_compile, native=false, column=10, file=internal/modules/cjs/loader.js, function=Module._extensions..js, line=995, method=.js, native=false, column=32, file=internal/modules/cjs/loader.js, function=Module.load, line=815, method=load, native=false, column=14, file=internal/modules/cjs/loader.js, function=Module._load, line=727, method=_load, native=false, column=19, file=internal/modules/cjs/loader.js, function=Module.require, line=852, method=require, native=false, column=18, file=internal/modules/cjs/helpers.js, function=require, line=74, method=null, native=false, column=26, file=E:\WebstormProjects\app-backend-test1\server\routes\library.js, function=null, line=4, method=null, native=false, column=30, file=internal/modules/cjs/loader.js, function=Module._compile, line=959, method=_compile, native=false, column=10, file=internal/modules/cjs/loader.js, function=Module._extensions..js, line=995, method=.js, native=false], stack=[E:\WebstormProjects\app-backend-test1\liebiao\内地女歌手.xlsx:1, PK,   ^, , SyntaxError: Invalid or unexpected token,     at Module._compile (internal/modules/cjs/loader.js:895:18),     at Object.Module._extensions..js (internal/modules/cjs/loader.js:995:10),     at Module.load (internal/modules/cjs/loader.js:815:32),     at Function.Module._load (internal/modules/cjs/loader.js:727:14),     at Module.require (internal/modules/cjs/loader.js:852:19),     at require (internal/modules/cjs/helpers.js:74:18),     at Object.<anonymous> (E:\WebstormProjects\app-backend-test1\server\controller\LibraryController.js:6:17),     at Module._compile (internal/modules/cjs/loader.js:959:30),     at Object.Module._extensions..js (internal/modules/cjs/loader.js:995:10),     at Module.load (internal/modules/cjs/loader.js:815:32),     at Function.Module._load (internal/modules/cjs/loader.js:727:14),     at Module.require (internal/modules/cjs/loader.js:852:19),     at require (internal/modules/cjs/helpers.js:74:18),     at Object.<anonymous> (E:\WebstormProjects\app-backend-test1\server\routes\library.js:4:26),     at Module._compile (internal/modules/cjs/loader.js:959:30),     at Object.Module._extensions..js (internal/modules/cjs/loader.js:995:10)]
2020-01-14T03:21:58.434Z - error: uncaughtException: Invalid or unexpected token date=Tue Jan 14 2020 11:21:58 GMT+0800 (GMT+08:00), pid=17652, uid=null, gid=null, cwd=E:\WebstormProjects\app-backend-test1, execPath=C:\Program Files\nodejs\node.exe, version=v12.13.1, argv=[C:\Program Files\nodejs\node.exe, E:\WebstormProjects\app-backend-test1\server.js], rss=122798080, heapTotal=93601792, heapUsed=65067184, external=7112535, loadavg=[0, 0, 0], uptime=869527, trace=[column=18, file=internal/modules/cjs/loader.js, function=Module._compile, line=895, method=_compile, native=false, column=10, file=internal/modules/cjs/loader.js, function=Module._extensions..js, line=995, method=.js, native=false, column=32, file=internal/modules/cjs/loader.js, function=Module.load, line=815, method=load, native=false, column=14, file=internal/modules/cjs/loader.js, function=Module._load, line=727, method=_load, native=false, column=19, file=internal/modules/cjs/loader.js, function=Module.require, line=852, method=require, native=false, column=18, file=internal/modules/cjs/helpers.js, function=require, line=74, method=null, native=false, column=17, file=E:\WebstormProjects\app-backend-test1\server\controller\LibraryController.js, function=null, line=6, method=null, native=false, column=30, file=internal/modules/cjs/loader.js, function=Module._compile, line=959, method=_compile, native=false, column=10, file=internal/modules/cjs/loader.js, function=Module._extensions..js, line=995, method=.js, native=false, column=32, file=internal/modules/cjs/loader.js, function=Module.load, line=815, method=load, native=false, column=14, file=internal/modules/cjs/loader.js, function=Module._load, line=727, method=_load, native=false, column=19, file=internal/modules/cjs/loader.js, function=Module.require, line=852, method=require, native=false, column=18, file=internal/modules/cjs/helpers.js, function=require, line=74, method=null, native=false, column=26, file=E:\WebstormProjects\app-backend-test1\server\routes\library.js, function=null, line=4, method=null, native=false, column=30, file=internal/modules/cjs/loader.js, function=Module._compile, line=959, method=_compile, native=false, column=10, file=internal/modules/cjs/loader.js, function=Module._extensions..js, line=995, method=.js, native=false], stack=[E:\WebstormProjects\app-backend-test1\liebiao\1.xlsx:1, PK,   ^, , SyntaxError: Invalid or unexpected token,     at Module._compile (internal/modules/cjs/loader.js:895:18),     at Object.Module._extensions..js (internal/modules/cjs/loader.js:995:10),     at Module.load (internal/modules/cjs/loader.js:815:32),     at Function.Module._load (internal/modules/cjs/loader.js:727:14),     at Module.require (internal/modules/cjs/loader.js:852:19),     at require (internal/modules/cjs/helpers.js:74:18),     at Object.<anonymous> (E:\WebstormProjects\app-backend-test1\server\controller\LibraryController.js:6:17),     at Module._compile (internal/modules/cjs/loader.js:959:30),     at Object.Module._extensions..js (internal/modules/cjs/loader.js:995:10),     at Module.load (internal/modules/cjs/loader.js:815:32),     at Function.Module._load (internal/modules/cjs/loader.js:727:14),     at Module.require (internal/modules/cjs/loader.js:852:19),     at require (internal/modules/cjs/helpers.js:74:18),     at Object.<anonymous> (E:\WebstormProjects\app-backend-test1\server\routes\library.js:4:26),     at Module._compile (internal/modules/cjs/loader.js:959:30),     at Object.Module._extensions..js (internal/modules/cjs/loader.js:995:10)]
2020-01-14T03:30:15.907Z - error: uncaughtException: Unexpected token ')' date=Tue Jan 14 2020 11:30:15 GMT+0800 (GMT+08:00), pid=15824, uid=null, gid=null, cwd=E:\WebstormProjects\app-backend-test1, execPath=C:\Program Files\nodejs\node.exe, version=v12.13.1, argv=[C:\Program Files\nodejs\node.exe, E:\WebstormProjects\app-backend-test1\server.js], rss=96772096, heapTotal=72331264, heapUsed=51835632, external=2310427, loadavg=[0, 0, 0], uptime=870025, trace=[column=18, file=internal/modules/cjs/loader.js, function=Module._compile, line=895, method=_compile, native=false, column=10, file=internal/modules/cjs/loader.js, function=Module._extensions..js, line=995, method=.js, native=false, column=32, file=internal/modules/cjs/loader.js, function=Module.load, line=815, method=load, native=false, column=14, file=internal/modules/cjs/loader.js, function=Module._load, line=727, method=_load, native=false, column=19, file=internal/modules/cjs/loader.js, function=Module.require, line=852, method=require, native=false, column=18, file=internal/modules/cjs/helpers.js, function=require, line=74, method=null, native=false, column=26, file=E:\WebstormProjects\app-backend-test1\server\routes\library.js, function=null, line=4, method=null, native=false, column=30, file=internal/modules/cjs/loader.js, function=Module._compile, line=959, method=_compile, native=false, column=10, file=internal/modules/cjs/loader.js, function=Module._extensions..js, line=995, method=.js, native=false, column=32, file=internal/modules/cjs/loader.js, function=Module.load, line=815, method=load, native=false, column=14, file=internal/modules/cjs/loader.js, function=Module._load, line=727, method=_load, native=false, column=19, file=internal/modules/cjs/loader.js, function=Module.require, line=852, method=require, native=false, column=18, file=internal/modules/cjs/helpers.js, function=require, line=74, method=null, native=false, column=29, file=E:\WebstormProjects\app-backend-test1\server\config\route-config.js, function=Object.routeConfig.init, line=8, method=init, native=false, column=17, file=E:\WebstormProjects\app-backend-test1\server\app.js, function=null, line=40, method=null, native=false, column=3, file=E:\WebstormProjects\app-backend-test1\server\app.js, function=null, line=45, method=null, native=false], stack=[E:\WebstormProjects\app-backend-test1\server\controller\LibraryController.js:40,     });,      ^, , SyntaxError: Unexpected token ')',     at Module._compile (internal/modules/cjs/loader.js:895:18),     at Object.Module._extensions..js (internal/modules/cjs/loader.js:995:10),     at Module.load (internal/modules/cjs/loader.js:815:32),     at Function.Module._load (internal/modules/cjs/loader.js:727:14),     at Module.require (internal/modules/cjs/loader.js:852:19),     at require (internal/modules/cjs/helpers.js:74:18),     at Object.<anonymous> (E:\WebstormProjects\app-backend-test1\server\routes\library.js:4:26),     at Module._compile (internal/modules/cjs/loader.js:959:30),     at Object.Module._extensions..js (internal/modules/cjs/loader.js:995:10),     at Module.load (internal/modules/cjs/loader.js:815:32),     at Function.Module._load (internal/modules/cjs/loader.js:727:14),     at Module.require (internal/modules/cjs/loader.js:852:19),     at require (internal/modules/cjs/helpers.js:74:18),     at Object.routeConfig.init (E:\WebstormProjects\app-backend-test1\server\config\route-config.js:8:29),     at E:\WebstormProjects\app-backend-test1\server\app.js:40:17,     at Object.<anonymous> (E:\WebstormProjects\app-backend-test1\server\app.js:45:3)]
2020-01-14T03:44:03.996Z - error: uncaughtException: Unexpected token '}' date=Tue Jan 14 2020 11:44:03 GMT+0800 (GMT+08:00), pid=2960, uid=null, gid=null, cwd=E:\WebstormProjects\app-backend-test1, execPath=C:\Program Files\nodejs\node.exe, version=v12.13.1, argv=[C:\Program Files\nodejs\node.exe, E:\WebstormProjects\app-backend-test1\server.js], rss=98312192, heapTotal=73641984, heapUsed=48667784, external=1907611, loadavg=[0, 0, 0], uptime=870853, trace=[column=18, file=internal/modules/cjs/loader.js, function=Module._compile, line=895, method=_compile, native=false, column=10, file=internal/modules/cjs/loader.js, function=Module._extensions..js, line=995, method=.js, native=false, column=32, file=internal/modules/cjs/loader.js, function=Module.load, line=815, method=load, native=false, column=14, file=internal/modules/cjs/loader.js, function=Module._load, line=727, method=_load, native=false, column=19, file=internal/modules/cjs/loader.js, function=Module.require, line=852, method=require, native=false, column=18, file=internal/modules/cjs/helpers.js, function=require, line=74, method=null, native=false, column=26, file=E:\WebstormProjects\app-backend-test1\server\routes\library.js, function=null, line=4, method=null, native=false, column=30, file=internal/modules/cjs/loader.js, function=Module._compile, line=959, method=_compile, native=false, column=10, file=internal/modules/cjs/loader.js, function=Module._extensions..js, line=995, method=.js, native=false, column=32, file=internal/modules/cjs/loader.js, function=Module.load, line=815, method=load, native=false, column=14, file=internal/modules/cjs/loader.js, function=Module._load, line=727, method=_load, native=false, column=19, file=internal/modules/cjs/loader.js, function=Module.require, line=852, method=require, native=false, column=18, file=internal/modules/cjs/helpers.js, function=require, line=74, method=null, native=false, column=29, file=E:\WebstormProjects\app-backend-test1\server\config\route-config.js, function=Object.routeConfig.init, line=8, method=init, native=false, column=17, file=E:\WebstormProjects\app-backend-test1\server\app.js, function=null, line=40, method=null, native=false, column=3, file=E:\WebstormProjects\app-backend-test1\server\app.js, function=null, line=45, method=null, native=false], stack=[E:\WebstormProjects\app-backend-test1\server\controller\LibraryController.js:48,         }),         ^, , SyntaxError: Unexpected token '}',     at Module._compile (internal/modules/cjs/loader.js:895:18),     at Object.Module._extensions..js (internal/modules/cjs/loader.js:995:10),     at Module.load (internal/modules/cjs/loader.js:815:32),     at Function.Module._load (internal/modules/cjs/loader.js:727:14),     at Module.require (internal/modules/cjs/loader.js:852:19),     at require (internal/modules/cjs/helpers.js:74:18),     at Object.<anonymous> (E:\WebstormProjects\app-backend-test1\server\routes\library.js:4:26),     at Module._compile (internal/modules/cjs/loader.js:959:30),     at Object.Module._extensions..js (internal/modules/cjs/loader.js:995:10),     at Module.load (internal/modules/cjs/loader.js:815:32),     at Function.Module._load (internal/modules/cjs/loader.js:727:14),     at Module.require (internal/modules/cjs/loader.js:852:19),     at require (internal/modules/cjs/helpers.js:74:18),     at Object.routeConfig.init (E:\WebstormProjects\app-backend-test1\server\config\route-config.js:8:29),     at E:\WebstormProjects\app-backend-test1\server\app.js:40:17,     at Object.<anonymous> (E:\WebstormProjects\app-backend-test1\server\app.js:45:3)]
2020-01-14T03:49:07.539Z - error: uncaughtException: Identifier 'score' has already been declared date=Tue Jan 14 2020 11:49:07 GMT+0800 (GMT+08:00), pid=17368, uid=null, gid=null, cwd=E:\WebstormProjects\app-backend-test1, execPath=C:\Program Files\nodejs\node.exe, version=v12.13.1, argv=[C:\Program Files\nodejs\node.exe, E:\WebstormProjects\app-backend-test1\server.js], rss=97296384, heapTotal=72593408, heapUsed=52040648, external=2314993, loadavg=[0, 0, 0], uptime=871157, trace=[column=18, file=internal/modules/cjs/loader.js, function=Module._compile, line=895, method=_compile, native=false, column=10, file=internal/modules/cjs/loader.js, function=Module._extensions..js, line=995, method=.js, native=false, column=32, file=internal/modules/cjs/loader.js, function=Module.load, line=815, method=load, native=false, column=14, file=internal/modules/cjs/loader.js, function=Module._load, line=727, method=_load, native=false, column=19, file=internal/modules/cjs/loader.js, function=Module.require, line=852, method=require, native=false, column=18, file=internal/modules/cjs/helpers.js, function=require, line=74, method=null, native=false, column=26, file=E:\WebstormProjects\app-backend-test1\server\routes\library.js, function=null, line=4, method=null, native=false, column=30, file=internal/modules/cjs/loader.js, function=Module._compile, line=959, method=_compile, native=false, column=10, file=internal/modules/cjs/loader.js, function=Module._extensions..js, line=995, method=.js, native=false, column=32, file=internal/modules/cjs/loader.js, function=Module.load, line=815, method=load, native=false, column=14, file=internal/modules/cjs/loader.js, function=Module._load, line=727, method=_load, native=false, column=19, file=internal/modules/cjs/loader.js, function=Module.require, line=852, method=require, native=false, column=18, file=internal/modules/cjs/helpers.js, function=require, line=74, method=null, native=false, column=29, file=E:\WebstormProjects\app-backend-test1\server\config\route-config.js, function=Object.routeConfig.init, line=8, method=init, native=false, column=17, file=E:\WebstormProjects\app-backend-test1\server\app.js, function=null, line=40, method=null, native=false, column=3, file=E:\WebstormProjects\app-backend-test1\server\app.js, function=null, line=45, method=null, native=false], stack=[E:\WebstormProjects\app-backend-test1\server\controller\LibraryController.js:46,         let score = list[i][2] === '有' ? 1 : 0,             ^, , SyntaxError: Identifier 'score' has already been declared,     at Module._compile (internal/modules/cjs/loader.js:895:18),     at Object.Module._extensions..js (internal/modules/cjs/loader.js:995:10),     at Module.load (internal/modules/cjs/loader.js:815:32),     at Function.Module._load (internal/modules/cjs/loader.js:727:14),     at Module.require (internal/modules/cjs/loader.js:852:19),     at require (internal/modules/cjs/helpers.js:74:18),     at Object.<anonymous> (E:\WebstormProjects\app-backend-test1\server\routes\library.js:4:26),     at Module._compile (internal/modules/cjs/loader.js:959:30),     at Object.Module._extensions..js (internal/modules/cjs/loader.js:995:10),     at Module.load (internal/modules/cjs/loader.js:815:32),     at Function.Module._load (internal/modules/cjs/loader.js:727:14),     at Module.require (internal/modules/cjs/loader.js:852:19),     at require (internal/modules/cjs/helpers.js:74:18),     at Object.routeConfig.init (E:\WebstormProjects\app-backend-test1\server\config\route-config.js:8:29),     at E:\WebstormProjects\app-backend-test1\server\app.js:40:17,     at Object.<anonymous> (E:\WebstormProjects\app-backend-test1\server\app.js:45:3)]
2020-01-14T03:49:20.846Z - error: uncaughtException: Identifier 'score' has already been declared date=Tue Jan 14 2020 11:49:20 GMT+0800 (GMT+08:00), pid=4960, uid=null, gid=null, cwd=E:\WebstormProjects\app-backend-test1, execPath=C:\Program Files\nodejs\node.exe, version=v12.13.1, argv=[C:\Program Files\nodejs\node.exe, E:\WebstormProjects\app-backend-test1\server.js], rss=98426880, heapTotal=73641984, heapUsed=48911872, external=2026024, loadavg=[0, 0, 0], uptime=871170, trace=[column=18, file=internal/modules/cjs/loader.js, function=Module._compile, line=895, method=_compile, native=false, column=10, file=internal/modules/cjs/loader.js, function=Module._extensions..js, line=995, method=.js, native=false, column=32, file=internal/modules/cjs/loader.js, function=Module.load, line=815, method=load, native=false, column=14, file=internal/modules/cjs/loader.js, function=Module._load, line=727, method=_load, native=false, column=19, file=internal/modules/cjs/loader.js, function=Module.require, line=852, method=require, native=false, column=18, file=internal/modules/cjs/helpers.js, function=require, line=74, method=null, native=false, column=26, file=E:\WebstormProjects\app-backend-test1\server\routes\library.js, function=null, line=4, method=null, native=false, column=30, file=internal/modules/cjs/loader.js, function=Module._compile, line=959, method=_compile, native=false, column=10, file=internal/modules/cjs/loader.js, function=Module._extensions..js, line=995, method=.js, native=false, column=32, file=internal/modules/cjs/loader.js, function=Module.load, line=815, method=load, native=false, column=14, file=internal/modules/cjs/loader.js, function=Module._load, line=727, method=_load, native=false, column=19, file=internal/modules/cjs/loader.js, function=Module.require, line=852, method=require, native=false, column=18, file=internal/modules/cjs/helpers.js, function=require, line=74, method=null, native=false, column=29, file=E:\WebstormProjects\app-backend-test1\server\config\route-config.js, function=Object.routeConfig.init, line=8, method=init, native=false, column=17, file=E:\WebstormProjects\app-backend-test1\server\app.js, function=null, line=40, method=null, native=false, column=3, file=E:\WebstormProjects\app-backend-test1\server\app.js, function=null, line=45, method=null, native=false], stack=[E:\WebstormProjects\app-backend-test1\server\controller\LibraryController.js:47,         let score = list[i][2] === '有' ? 1 : 0,             ^, , SyntaxError: Identifier 'score' has already been declared,     at Module._compile (internal/modules/cjs/loader.js:895:18),     at Object.Module._extensions..js (internal/modules/cjs/loader.js:995:10),     at Module.load (internal/modules/cjs/loader.js:815:32),     at Function.Module._load (internal/modules/cjs/loader.js:727:14),     at Module.require (internal/modules/cjs/loader.js:852:19),     at require (internal/modules/cjs/helpers.js:74:18),     at Object.<anonymous> (E:\WebstormProjects\app-backend-test1\server\routes\library.js:4:26),     at Module._compile (internal/modules/cjs/loader.js:959:30),     at Object.Module._extensions..js (internal/modules/cjs/loader.js:995:10),     at Module.load (internal/modules/cjs/loader.js:815:32),     at Function.Module._load (internal/modules/cjs/loader.js:727:14),     at Module.require (internal/modules/cjs/loader.js:852:19),     at require (internal/modules/cjs/helpers.js:74:18),     at Object.routeConfig.init (E:\WebstormProjects\app-backend-test1\server\config\route-config.js:8:29),     at E:\WebstormProjects\app-backend-test1\server\app.js:40:17,     at Object.<anonymous> (E:\WebstormProjects\app-backend-test1\server\app.js:45:3)]
2020-01-14T03:49:30.644Z - error: uncaughtException: Identifier 'score' has already been declared date=Tue Jan 14 2020 11:49:30 GMT+0800 (GMT+08:00), pid=6768, uid=null, gid=null, cwd=E:\WebstormProjects\app-backend-test1, execPath=C:\Program Files\nodejs\node.exe, version=v12.13.1, argv=[C:\Program Files\nodejs\node.exe, E:\WebstormProjects\app-backend-test1\server.js], rss=98377728, heapTotal=73904128, heapUsed=48683296, external=2007353, loadavg=[0, 0, 0], uptime=871180, trace=[column=18, file=internal/modules/cjs/loader.js, function=Module._compile, line=895, method=_compile, native=false, column=10, file=internal/modules/cjs/loader.js, function=Module._extensions..js, line=995, method=.js, native=false, column=32, file=internal/modules/cjs/loader.js, function=Module.load, line=815, method=load, native=false, column=14, file=internal/modules/cjs/loader.js, function=Module._load, line=727, method=_load, native=false, column=19, file=internal/modules/cjs/loader.js, function=Module.require, line=852, method=require, native=false, column=18, file=internal/modules/cjs/helpers.js, function=require, line=74, method=null, native=false, column=26, file=E:\WebstormProjects\app-backend-test1\server\routes\library.js, function=null, line=4, method=null, native=false, column=30, file=internal/modules/cjs/loader.js, function=Module._compile, line=959, method=_compile, native=false, column=10, file=internal/modules/cjs/loader.js, function=Module._extensions..js, line=995, method=.js, native=false, column=32, file=internal/modules/cjs/loader.js, function=Module.load, line=815, method=load, native=false, column=14, file=internal/modules/cjs/loader.js, function=Module._load, line=727, method=_load, native=false, column=19, file=internal/modules/cjs/loader.js, function=Module.require, line=852, method=require, native=false, column=18, file=internal/modules/cjs/helpers.js, function=require, line=74, method=null, native=false, column=29, file=E:\WebstormProjects\app-backend-test1\server\config\route-config.js, function=Object.routeConfig.init, line=8, method=init, native=false, column=17, file=E:\WebstormProjects\app-backend-test1\server\app.js, function=null, line=40, method=null, native=false, column=3, file=E:\WebstormProjects\app-backend-test1\server\app.js, function=null, line=45, method=null, native=false], stack=[E:\WebstormProjects\app-backend-test1\server\controller\LibraryController.js:47,         let score = list[i][2] === '有' ? 1 : 0,             ^, , SyntaxError: Identifier 'score' has already been declared,     at Module._compile (internal/modules/cjs/loader.js:895:18),     at Object.Module._extensions..js (internal/modules/cjs/loader.js:995:10),     at Module.load (internal/modules/cjs/loader.js:815:32),     at Function.Module._load (internal/modules/cjs/loader.js:727:14),     at Module.require (internal/modules/cjs/loader.js:852:19),     at require (internal/modules/cjs/helpers.js:74:18),     at Object.<anonymous> (E:\WebstormProjects\app-backend-test1\server\routes\library.js:4:26),     at Module._compile (internal/modules/cjs/loader.js:959:30),     at Object.Module._extensions..js (internal/modules/cjs/loader.js:995:10),     at Module.load (internal/modules/cjs/loader.js:815:32),     at Function.Module._load (internal/modules/cjs/loader.js:727:14),     at Module.require (internal/modules/cjs/loader.js:852:19),     at require (internal/modules/cjs/helpers.js:74:18),     at Object.routeConfig.init (E:\WebstormProjects\app-backend-test1\server\config\route-config.js:8:29),     at E:\WebstormProjects\app-backend-test1\server\app.js:40:17,     at Object.<anonymous> (E:\WebstormProjects\app-backend-test1\server\app.js:45:3)]
2020-01-14T03:49:39.529Z - error: uncaughtException: Identifier 'score' has already been declared date=Tue Jan 14 2020 11:49:39 GMT+0800 (GMT+08:00), pid=17128, uid=null, gid=null, cwd=E:\WebstormProjects\app-backend-test1, execPath=C:\Program Files\nodejs\node.exe, version=v12.13.1, argv=[C:\Program Files\nodejs\node.exe, E:\WebstormProjects\app-backend-test1\server.js], rss=98283520, heapTotal=73641984, heapUsed=48676784, external=2020821, loadavg=[0, 0, 0], uptime=871189, trace=[column=18, file=internal/modules/cjs/loader.js, function=Module._compile, line=895, method=_compile, native=false, column=10, file=internal/modules/cjs/loader.js, function=Module._extensions..js, line=995, method=.js, native=false, column=32, file=internal/modules/cjs/loader.js, function=Module.load, line=815, method=load, native=false, column=14, file=internal/modules/cjs/loader.js, function=Module._load, line=727, method=_load, native=false, column=19, file=internal/modules/cjs/loader.js, function=Module.require, line=852, method=require, native=false, column=18, file=internal/modules/cjs/helpers.js, function=require, line=74, method=null, native=false, column=26, file=E:\WebstormProjects\app-backend-test1\server\routes\library.js, function=null, line=4, method=null, native=false, column=30, file=internal/modules/cjs/loader.js, function=Module._compile, line=959, method=_compile, native=false, column=10, file=internal/modules/cjs/loader.js, function=Module._extensions..js, line=995, method=.js, native=false, column=32, file=internal/modules/cjs/loader.js, function=Module.load, line=815, method=load, native=false, column=14, file=internal/modules/cjs/loader.js, function=Module._load, line=727, method=_load, native=false, column=19, file=internal/modules/cjs/loader.js, function=Module.require, line=852, method=require, native=false, column=18, file=internal/modules/cjs/helpers.js, function=require, line=74, method=null, native=false, column=29, file=E:\WebstormProjects\app-backend-test1\server\config\route-config.js, function=Object.routeConfig.init, line=8, method=init, native=false, column=17, file=E:\WebstormProjects\app-backend-test1\server\app.js, function=null, line=40, method=null, native=false, column=3, file=E:\WebstormProjects\app-backend-test1\server\app.js, function=null, line=45, method=null, native=false], stack=[E:\WebstormProjects\app-backend-test1\server\controller\LibraryController.js:48,         let score = list[i][2] === '有' ? 1 : 0,             ^, , SyntaxError: Identifier 'score' has already been declared,     at Module._compile (internal/modules/cjs/loader.js:895:18),     at Object.Module._extensions..js (internal/modules/cjs/loader.js:995:10),     at Module.load (internal/modules/cjs/loader.js:815:32),     at Function.Module._load (internal/modules/cjs/loader.js:727:14),     at Module.require (internal/modules/cjs/loader.js:852:19),     at require (internal/modules/cjs/helpers.js:74:18),     at Object.<anonymous> (E:\WebstormProjects\app-backend-test1\server\routes\library.js:4:26),     at Module._compile (internal/modules/cjs/loader.js:959:30),     at Object.Module._extensions..js (internal/modules/cjs/loader.js:995:10),     at Module.load (internal/modules/cjs/loader.js:815:32),     at Function.Module._load (internal/modules/cjs/loader.js:727:14),     at Module.require (internal/modules/cjs/loader.js:852:19),     at require (internal/modules/cjs/helpers.js:74:18),     at Object.routeConfig.init (E:\WebstormProjects\app-backend-test1\server\config\route-config.js:8:29),     at E:\WebstormProjects\app-backend-test1\server\app.js:40:17,     at Object.<anonymous> (E:\WebstormProjects\app-backend-test1\server\app.js:45:3)]
2020-01-14T03:52:57.992Z - error: Error: Not Found
    at E:\WebstormProjects\app-backend-test1\server\config\error-config.js:10:19
    at Layer.handle [as handle_request] (E:\WebstormProjects\app-backend-test1\node_modules\express\lib\router\layer.js:95:5)
    at trim_prefix (E:\WebstormProjects\app-backend-test1\node_modules\express\lib\router\index.js:317:13)
    at E:\WebstormProjects\app-backend-test1\node_modules\express\lib\router\index.js:284:7
    at Function.process_params (E:\WebstormProjects\app-backend-test1\node_modules\express\lib\router\index.js:335:12)
    at next (E:\WebstormProjects\app-backend-test1\node_modules\express\lib\router\index.js:275:10)
    at E:\WebstormProjects\app-backend-test1\node_modules\express\lib\router\index.js:635:15
    at next (E:\WebstormProjects\app-backend-test1\node_modules\express\lib\router\index.js:260:14)
    at Function.handle (E:\WebstormProjects\app-backend-test1\node_modules\express\lib\router\index.js:174:3)
    at router (E:\WebstormProjects\app-backend-test1\node_modules\express\lib\router\index.js:47:12)
    at Layer.handle [as handle_request] (E:\WebstormProjects\app-backend-test1\node_modules\express\lib\router\layer.js:95:5)
    at trim_prefix (E:\WebstormProjects\app-backend-test1\node_modules\express\lib\router\index.js:317:13)
    at E:\WebstormProjects\app-backend-test1\node_modules\express\lib\router\index.js:284:7
    at Function.process_params (E:\WebstormProjects\app-backend-test1\node_modules\express\lib\router\index.js:335:12)
    at next (E:\WebstormProjects\app-backend-test1\node_modules\express\lib\router\index.js:275:10)
    at E:\WebstormProjects\app-backend-test1\node_modules\express\lib\router\index.js:635:15 {
  status: 404
} filePath=E:\WebstormProjects\app-backend-test1\server\config\error-config.js, lineNumber=16
2020-01-14T03:53:00.291Z - error: Error: Not Found
    at E:\WebstormProjects\app-backend-test1\server\config\error-config.js:10:19
    at Layer.handle [as handle_request] (E:\WebstormProjects\app-backend-test1\node_modules\express\lib\router\layer.js:95:5)
    at trim_prefix (E:\WebstormProjects\app-backend-test1\node_modules\express\lib\router\index.js:317:13)
    at E:\WebstormProjects\app-backend-test1\node_modules\express\lib\router\index.js:284:7
    at Function.process_params (E:\WebstormProjects\app-backend-test1\node_modules\express\lib\router\index.js:335:12)
    at next (E:\WebstormProjects\app-backend-test1\node_modules\express\lib\router\index.js:275:10)
    at E:\WebstormProjects\app-backend-test1\node_modules\express\lib\router\index.js:635:15
    at next (E:\WebstormProjects\app-backend-test1\node_modules\express\lib\router\index.js:260:14)
    at Function.handle (E:\WebstormProjects\app-backend-test1\node_modules\express\lib\router\index.js:174:3)
    at router (E:\WebstormProjects\app-backend-test1\node_modules\express\lib\router\index.js:47:12)
    at Layer.handle [as handle_request] (E:\WebstormProjects\app-backend-test1\node_modules\express\lib\router\layer.js:95:5)
    at trim_prefix (E:\WebstormProjects\app-backend-test1\node_modules\express\lib\router\index.js:317:13)
    at E:\WebstormProjects\app-backend-test1\node_modules\express\lib\router\index.js:284:7
    at Function.process_params (E:\WebstormProjects\app-backend-test1\node_modules\express\lib\router\index.js:335:12)
    at next (E:\WebstormProjects\app-backend-test1\node_modules\express\lib\router\index.js:275:10)
    at E:\WebstormProjects\app-backend-test1\node_modules\express\lib\router\index.js:635:15 {
  status: 404
} filePath=E:\WebstormProjects\app-backend-test1\server\config\error-config.js, lineNumber=16
2020-01-14T03:54:46.705Z - error: uncaughtException: Unexpected token ')' date=Tue Jan 14 2020 11:54:46 GMT+0800 (GMT+08:00), pid=18568, uid=null, gid=null, cwd=E:\WebstormProjects\app-backend-test1, execPath=C:\Program Files\nodejs\node.exe, version=v12.13.1, argv=[C:\Program Files\nodejs\node.exe, E:\WebstormProjects\app-backend-test1\server.js], rss=98328576, heapTotal=73641984, heapUsed=48614296, external=1907611, loadavg=[0, 0, 0], uptime=871496, trace=[column=18, file=internal/modules/cjs/loader.js, function=Module._compile, line=895, method=_compile, native=false, column=10, file=internal/modules/cjs/loader.js, function=Module._extensions..js, line=995, method=.js, native=false, column=32, file=internal/modules/cjs/loader.js, function=Module.load, line=815, method=load, native=false, column=14, file=internal/modules/cjs/loader.js, function=Module._load, line=727, method=_load, native=false, column=19, file=internal/modules/cjs/loader.js, function=Module.require, line=852, method=require, native=false, column=18, file=internal/modules/cjs/helpers.js, function=require, line=74, method=null, native=false, column=26, file=E:\WebstormProjects\app-backend-test1\server\routes\library.js, function=null, line=4, method=null, native=false, column=30, file=internal/modules/cjs/loader.js, function=Module._compile, line=959, method=_compile, native=false, column=10, file=internal/modules/cjs/loader.js, function=Module._extensions..js, line=995, method=.js, native=false, column=32, file=internal/modules/cjs/loader.js, function=Module.load, line=815, method=load, native=false, column=14, file=internal/modules/cjs/loader.js, function=Module._load, line=727, method=_load, native=false, column=19, file=internal/modules/cjs/loader.js, function=Module.require, line=852, method=require, native=false, column=18, file=internal/modules/cjs/helpers.js, function=require, line=74, method=null, native=false, column=29, file=E:\WebstormProjects\app-backend-test1\server\config\route-config.js, function=Object.routeConfig.init, line=8, method=init, native=false, column=17, file=E:\WebstormProjects\app-backend-test1\server\app.js, function=null, line=40, method=null, native=false, column=3, file=E:\WebstormProjects\app-backend-test1\server\app.js, function=null, line=45, method=null, native=false], stack=[E:\WebstormProjects\app-backend-test1\server\controller\LibraryController.js:64,         if(i === ){,                  ^, , SyntaxError: Unexpected token ')',     at Module._compile (internal/modules/cjs/loader.js:895:18),     at Object.Module._extensions..js (internal/modules/cjs/loader.js:995:10),     at Module.load (internal/modules/cjs/loader.js:815:32),     at Function.Module._load (internal/modules/cjs/loader.js:727:14),     at Module.require (internal/modules/cjs/loader.js:852:19),     at require (internal/modules/cjs/helpers.js:74:18),     at Object.<anonymous> (E:\WebstormProjects\app-backend-test1\server\routes\library.js:4:26),     at Module._compile (internal/modules/cjs/loader.js:959:30),     at Object.Module._extensions..js (internal/modules/cjs/loader.js:995:10),     at Module.load (internal/modules/cjs/loader.js:815:32),     at Function.Module._load (internal/modules/cjs/loader.js:727:14),     at Module.require (internal/modules/cjs/loader.js:852:19),     at require (internal/modules/cjs/helpers.js:74:18),     at Object.routeConfig.init (E:\WebstormProjects\app-backend-test1\server\config\route-config.js:8:29),     at E:\WebstormProjects\app-backend-test1\server\app.js:40:17,     at Object.<anonymous> (E:\WebstormProjects\app-backend-test1\server\app.js:45:3)]
2020-01-14T06:29:53.767Z - error: uncaughtException: Unexpected token '}' date=Tue Jan 14 2020 14:29:53 GMT+0800 (GMT+08:00), pid=9764, uid=null, gid=null, cwd=E:\WebstormProjects\app-backend-test1, execPath=C:\Program Files\nodejs\node.exe, version=v12.13.1, argv=[C:\Program Files\nodejs\node.exe, E:\WebstormProjects\app-backend-test1\server.js], rss=98078720, heapTotal=73641984, heapUsed=48682584, external=2007353, loadavg=[0, 0, 0], uptime=5815, trace=[column=18, file=internal/modules/cjs/loader.js, function=Module._compile, line=895, method=_compile, native=false, column=10, file=internal/modules/cjs/loader.js, function=Module._extensions..js, line=995, method=.js, native=false, column=32, file=internal/modules/cjs/loader.js, function=Module.load, line=815, method=load, native=false, column=14, file=internal/modules/cjs/loader.js, function=Module._load, line=727, method=_load, native=false, column=19, file=internal/modules/cjs/loader.js, function=Module.require, line=852, method=require, native=false, column=18, file=internal/modules/cjs/helpers.js, function=require, line=74, method=null, native=false, column=26, file=E:\WebstormProjects\app-backend-test1\server\routes\library.js, function=null, line=4, method=null, native=false, column=30, file=internal/modules/cjs/loader.js, function=Module._compile, line=959, method=_compile, native=false, column=10, file=internal/modules/cjs/loader.js, function=Module._extensions..js, line=995, method=.js, native=false, column=32, file=internal/modules/cjs/loader.js, function=Module.load, line=815, method=load, native=false, column=14, file=internal/modules/cjs/loader.js, function=Module._load, line=727, method=_load, native=false, column=19, file=internal/modules/cjs/loader.js, function=Module.require, line=852, method=require, native=false, column=18, file=internal/modules/cjs/helpers.js, function=require, line=74, method=null, native=false, column=29, file=E:\WebstormProjects\app-backend-test1\server\config\route-config.js, function=Object.routeConfig.init, line=8, method=init, native=false, column=17, file=E:\WebstormProjects\app-backend-test1\server\app.js, function=null, line=40, method=null, native=false, column=3, file=E:\WebstormProjects\app-backend-test1\server\app.js, function=null, line=45, method=null, native=false], stack=[E:\WebstormProjects\app-backend-test1\server\controller\LibraryController.js:74, }, ^, , SyntaxError: Unexpected token '}',     at Module._compile (internal/modules/cjs/loader.js:895:18),     at Object.Module._extensions..js (internal/modules/cjs/loader.js:995:10),     at Module.load (internal/modules/cjs/loader.js:815:32),     at Function.Module._load (internal/modules/cjs/loader.js:727:14),     at Module.require (internal/modules/cjs/loader.js:852:19),     at require (internal/modules/cjs/helpers.js:74:18),     at Object.<anonymous> (E:\WebstormProjects\app-backend-test1\server\routes\library.js:4:26),     at Module._compile (internal/modules/cjs/loader.js:959:30),     at Object.Module._extensions..js (internal/modules/cjs/loader.js:995:10),     at Module.load (internal/modules/cjs/loader.js:815:32),     at Function.Module._load (internal/modules/cjs/loader.js:727:14),     at Module.require (internal/modules/cjs/loader.js:852:19),     at require (internal/modules/cjs/helpers.js:74:18),     at Object.routeConfig.init (E:\WebstormProjects\app-backend-test1\server\config\route-config.js:8:29),     at E:\WebstormProjects\app-backend-test1\server\app.js:40:17,     at Object.<anonymous> (E:\WebstormProjects\app-backend-test1\server\app.js:45:3)]
2020-01-14T06:30:37.634Z - error: uncaughtException: Unexpected token '}' date=Tue Jan 14 2020 14:30:37 GMT+0800 (GMT+08:00), pid=1328, uid=null, gid=null, cwd=E:\WebstormProjects\app-backend-test1, execPath=C:\Program Files\nodejs\node.exe, version=v12.13.1, argv=[C:\Program Files\nodejs\node.exe, E:\WebstormProjects\app-backend-test1\server.js], rss=97202176, heapTotal=72593408, heapUsed=52027656, external=2310427, loadavg=[0, 0, 0], uptime=5859, trace=[column=18, file=internal/modules/cjs/loader.js, function=Module._compile, line=895, method=_compile, native=false, column=10, file=internal/modules/cjs/loader.js, function=Module._extensions..js, line=995, method=.js, native=false, column=32, file=internal/modules/cjs/loader.js, function=Module.load, line=815, method=load, native=false, column=14, file=internal/modules/cjs/loader.js, function=Module._load, line=727, method=_load, native=false, column=19, file=internal/modules/cjs/loader.js, function=Module.require, line=852, method=require, native=false, column=18, file=internal/modules/cjs/helpers.js, function=require, line=74, method=null, native=false, column=26, file=E:\WebstormProjects\app-backend-test1\server\routes\library.js, function=null, line=4, method=null, native=false, column=30, file=internal/modules/cjs/loader.js, function=Module._compile, line=959, method=_compile, native=false, column=10, file=internal/modules/cjs/loader.js, function=Module._extensions..js, line=995, method=.js, native=false, column=32, file=internal/modules/cjs/loader.js, function=Module.load, line=815, method=load, native=false, column=14, file=internal/modules/cjs/loader.js, function=Module._load, line=727, method=_load, native=false, column=19, file=internal/modules/cjs/loader.js, function=Module.require, line=852, method=require, native=false, column=18, file=internal/modules/cjs/helpers.js, function=require, line=74, method=null, native=false, column=29, file=E:\WebstormProjects\app-backend-test1\server\config\route-config.js, function=Object.routeConfig.init, line=8, method=init, native=false, column=17, file=E:\WebstormProjects\app-backend-test1\server\app.js, function=null, line=40, method=null, native=false, column=3, file=E:\WebstormProjects\app-backend-test1\server\app.js, function=null, line=45, method=null, native=false], stack=[E:\WebstormProjects\app-backend-test1\server\controller\LibraryController.js:73, }, ^, , SyntaxError: Unexpected token '}',     at Module._compile (internal/modules/cjs/loader.js:895:18),     at Object.Module._extensions..js (internal/modules/cjs/loader.js:995:10),     at Module.load (internal/modules/cjs/loader.js:815:32),     at Function.Module._load (internal/modules/cjs/loader.js:727:14),     at Module.require (internal/modules/cjs/loader.js:852:19),     at require (internal/modules/cjs/helpers.js:74:18),     at Object.<anonymous> (E:\WebstormProjects\app-backend-test1\server\routes\library.js:4:26),     at Module._compile (internal/modules/cjs/loader.js:959:30),     at Object.Module._extensions..js (internal/modules/cjs/loader.js:995:10),     at Module.load (internal/modules/cjs/loader.js:815:32),     at Function.Module._load (internal/modules/cjs/loader.js:727:14),     at Module.require (internal/modules/cjs/loader.js:852:19),     at require (internal/modules/cjs/helpers.js:74:18),     at Object.routeConfig.init (E:\WebstormProjects\app-backend-test1\server\config\route-config.js:8:29),     at E:\WebstormProjects\app-backend-test1\server\app.js:40:17,     at Object.<anonymous> (E:\WebstormProjects\app-backend-test1\server\app.js:45:3)]
2020-01-14T06:30:50.303Z - error: uncaughtException: Unexpected token '}' date=Tue Jan 14 2020 14:30:50 GMT+0800 (GMT+08:00), pid=3944, uid=null, gid=null, cwd=E:\WebstormProjects\app-backend-test1, execPath=C:\Program Files\nodejs\node.exe, version=v12.13.1, argv=[C:\Program Files\nodejs\node.exe, E:\WebstormProjects\app-backend-test1\server.js], rss=97140736, heapTotal=72069120, heapUsed=52030992, external=2314993, loadavg=[0, 0, 0], uptime=5871, trace=[column=18, file=internal/modules/cjs/loader.js, function=Module._compile, line=895, method=_compile, native=false, column=10, file=internal/modules/cjs/loader.js, function=Module._extensions..js, line=995, method=.js, native=false, column=32, file=internal/modules/cjs/loader.js, function=Module.load, line=815, method=load, native=false, column=14, file=internal/modules/cjs/loader.js, function=Module._load, line=727, method=_load, native=false, column=19, file=internal/modules/cjs/loader.js, function=Module.require, line=852, method=require, native=false, column=18, file=internal/modules/cjs/helpers.js, function=require, line=74, method=null, native=false, column=26, file=E:\WebstormProjects\app-backend-test1\server\routes\library.js, function=null, line=4, method=null, native=false, column=30, file=internal/modules/cjs/loader.js, function=Module._compile, line=959, method=_compile, native=false, column=10, file=internal/modules/cjs/loader.js, function=Module._extensions..js, line=995, method=.js, native=false, column=32, file=internal/modules/cjs/loader.js, function=Module.load, line=815, method=load, native=false, column=14, file=internal/modules/cjs/loader.js, function=Module._load, line=727, method=_load, native=false, column=19, file=internal/modules/cjs/loader.js, function=Module.require, line=852, method=require, native=false, column=18, file=internal/modules/cjs/helpers.js, function=require, line=74, method=null, native=false, column=29, file=E:\WebstormProjects\app-backend-test1\server\config\route-config.js, function=Object.routeConfig.init, line=8, method=init, native=false, column=17, file=E:\WebstormProjects\app-backend-test1\server\app.js, function=null, line=40, method=null, native=false, column=3, file=E:\WebstormProjects\app-backend-test1\server\app.js, function=null, line=45, method=null, native=false], stack=[E:\WebstormProjects\app-backend-test1\server\controller\LibraryController.js:73, }, ^, , SyntaxError: Unexpected token '}',     at Module._compile (internal/modules/cjs/loader.js:895:18),     at Object.Module._extensions..js (internal/modules/cjs/loader.js:995:10),     at Module.load (internal/modules/cjs/loader.js:815:32),     at Function.Module._load (internal/modules/cjs/loader.js:727:14),     at Module.require (internal/modules/cjs/loader.js:852:19),     at require (internal/modules/cjs/helpers.js:74:18),     at Object.<anonymous> (E:\WebstormProjects\app-backend-test1\server\routes\library.js:4:26),     at Module._compile (internal/modules/cjs/loader.js:959:30),     at Object.Module._extensions..js (internal/modules/cjs/loader.js:995:10),     at Module.load (internal/modules/cjs/loader.js:815:32),     at Function.Module._load (internal/modules/cjs/loader.js:727:14),     at Module.require (internal/modules/cjs/loader.js:852:19),     at require (internal/modules/cjs/helpers.js:74:18),     at Object.routeConfig.init (E:\WebstormProjects\app-backend-test1\server\config\route-config.js:8:29),     at E:\WebstormProjects\app-backend-test1\server\app.js:40:17,     at Object.<anonymous> (E:\WebstormProjects\app-backend-test1\server\app.js:45:3)]
2020-01-14T06:31:07.181Z - error: uncaughtException: Unexpected token '}' date=Tue Jan 14 2020 14:31:07 GMT+0800 (GMT+08:00), pid=2360, uid=null, gid=null, cwd=E:\WebstormProjects\app-backend-test1, execPath=C:\Program Files\nodejs\node.exe, version=v12.13.1, argv=[C:\Program Files\nodejs\node.exe, E:\WebstormProjects\app-backend-test1\server.js], rss=97308672, heapTotal=72331264, heapUsed=51978896, external=2323185, loadavg=[0, 0, 0], uptime=5888, trace=[column=18, file=internal/modules/cjs/loader.js, function=Module._compile, line=895, method=_compile, native=false, column=10, file=internal/modules/cjs/loader.js, function=Module._extensions..js, line=995, method=.js, native=false, column=32, file=internal/modules/cjs/loader.js, function=Module.load, line=815, method=load, native=false, column=14, file=internal/modules/cjs/loader.js, function=Module._load, line=727, method=_load, native=false, column=19, file=internal/modules/cjs/loader.js, function=Module.require, line=852, method=require, native=false, column=18, file=internal/modules/cjs/helpers.js, function=require, line=74, method=null, native=false, column=26, file=E:\WebstormProjects\app-backend-test1\server\routes\library.js, function=null, line=4, method=null, native=false, column=30, file=internal/modules/cjs/loader.js, function=Module._compile, line=959, method=_compile, native=false, column=10, file=internal/modules/cjs/loader.js, function=Module._extensions..js, line=995, method=.js, native=false, column=32, file=internal/modules/cjs/loader.js, function=Module.load, line=815, method=load, native=false, column=14, file=internal/modules/cjs/loader.js, function=Module._load, line=727, method=_load, native=false, column=19, file=internal/modules/cjs/loader.js, function=Module.require, line=852, method=require, native=false, column=18, file=internal/modules/cjs/helpers.js, function=require, line=74, method=null, native=false, column=29, file=E:\WebstormProjects\app-backend-test1\server\config\route-config.js, function=Object.routeConfig.init, line=8, method=init, native=false, column=17, file=E:\WebstormProjects\app-backend-test1\server\app.js, function=null, line=40, method=null, native=false, column=3, file=E:\WebstormProjects\app-backend-test1\server\app.js, function=null, line=45, method=null, native=false], stack=[E:\WebstormProjects\app-backend-test1\server\controller\LibraryController.js:73, }, ^, , SyntaxError: Unexpected token '}',     at Module._compile (internal/modules/cjs/loader.js:895:18),     at Object.Module._extensions..js (internal/modules/cjs/loader.js:995:10),     at Module.load (internal/modules/cjs/loader.js:815:32),     at Function.Module._load (internal/modules/cjs/loader.js:727:14),     at Module.require (internal/modules/cjs/loader.js:852:19),     at require (internal/modules/cjs/helpers.js:74:18),     at Object.<anonymous> (E:\WebstormProjects\app-backend-test1\server\routes\library.js:4:26),     at Module._compile (internal/modules/cjs/loader.js:959:30),     at Object.Module._extensions..js (internal/modules/cjs/loader.js:995:10),     at Module.load (internal/modules/cjs/loader.js:815:32),     at Function.Module._load (internal/modules/cjs/loader.js:727:14),     at Module.require (internal/modules/cjs/loader.js:852:19),     at require (internal/modules/cjs/helpers.js:74:18),     at Object.routeConfig.init (E:\WebstormProjects\app-backend-test1\server\config\route-config.js:8:29),     at E:\WebstormProjects\app-backend-test1\server\app.js:40:17,     at Object.<anonymous> (E:\WebstormProjects\app-backend-test1\server\app.js:45:3)]
2020-01-14T06:44:08.573Z - error: uncaughtException: Unexpected token '}' date=Tue Jan 14 2020 14:44:08 GMT+0800 (GMT+08:00), pid=4144, uid=null, gid=null, cwd=E:\WebstormProjects\app-backend-test1, execPath=C:\Program Files\nodejs\node.exe, version=v12.13.1, argv=[C:\Program Files\nodejs\node.exe, E:\WebstormProjects\app-backend-test1\server.js], rss=97153024, heapTotal=72593408, heapUsed=52037696, external=2323185, loadavg=[0, 0, 0], uptime=6670, trace=[column=18, file=internal/modules/cjs/loader.js, function=Module._compile, line=895, method=_compile, native=false, column=10, file=internal/modules/cjs/loader.js, function=Module._extensions..js, line=995, method=.js, native=false, column=32, file=internal/modules/cjs/loader.js, function=Module.load, line=815, method=load, native=false, column=14, file=internal/modules/cjs/loader.js, function=Module._load, line=727, method=_load, native=false, column=19, file=internal/modules/cjs/loader.js, function=Module.require, line=852, method=require, native=false, column=18, file=internal/modules/cjs/helpers.js, function=require, line=74, method=null, native=false, column=26, file=E:\WebstormProjects\app-backend-test1\server\routes\library.js, function=null, line=4, method=null, native=false, column=30, file=internal/modules/cjs/loader.js, function=Module._compile, line=959, method=_compile, native=false, column=10, file=internal/modules/cjs/loader.js, function=Module._extensions..js, line=995, method=.js, native=false, column=32, file=internal/modules/cjs/loader.js, function=Module.load, line=815, method=load, native=false, column=14, file=internal/modules/cjs/loader.js, function=Module._load, line=727, method=_load, native=false, column=19, file=internal/modules/cjs/loader.js, function=Module.require, line=852, method=require, native=false, column=18, file=internal/modules/cjs/helpers.js, function=require, line=74, method=null, native=false, column=29, file=E:\WebstormProjects\app-backend-test1\server\config\route-config.js, function=Object.routeConfig.init, line=8, method=init, native=false, column=17, file=E:\WebstormProjects\app-backend-test1\server\app.js, function=null, line=40, method=null, native=false, column=3, file=E:\WebstormProjects\app-backend-test1\server\app.js, function=null, line=45, method=null, native=false], stack=[E:\WebstormProjects\app-backend-test1\server\controller\LibraryController.js:65, }, ^, , SyntaxError: Unexpected token '}',     at Module._compile (internal/modules/cjs/loader.js:895:18),     at Object.Module._extensions..js (internal/modules/cjs/loader.js:995:10),     at Module.load (internal/modules/cjs/loader.js:815:32),     at Function.Module._load (internal/modules/cjs/loader.js:727:14),     at Module.require (internal/modules/cjs/loader.js:852:19),     at require (internal/modules/cjs/helpers.js:74:18),     at Object.<anonymous> (E:\WebstormProjects\app-backend-test1\server\routes\library.js:4:26),     at Module._compile (internal/modules/cjs/loader.js:959:30),     at Object.Module._extensions..js (internal/modules/cjs/loader.js:995:10),     at Module.load (internal/modules/cjs/loader.js:815:32),     at Function.Module._load (internal/modules/cjs/loader.js:727:14),     at Module.require (internal/modules/cjs/loader.js:852:19),     at require (internal/modules/cjs/helpers.js:74:18),     at Object.routeConfig.init (E:\WebstormProjects\app-backend-test1\server\config\route-config.js:8:29),     at E:\WebstormProjects\app-backend-test1\server\app.js:40:17,     at Object.<anonymous> (E:\WebstormProjects\app-backend-test1\server\app.js:45:3)]
2020-01-14T06:46:17.444Z - error: uncaughtException: missing ) after argument list date=Tue Jan 14 2020 14:46:17 GMT+0800 (GMT+08:00), pid=9400, uid=null, gid=null, cwd=E:\WebstormProjects\app-backend-test1, execPath=C:\Program Files\nodejs\node.exe, version=v12.13.1, argv=[C:\Program Files\nodejs\node.exe, E:\WebstormProjects\app-backend-test1\server.js], rss=96530432, heapTotal=72069120, heapUsed=52012960, external=2314993, loadavg=[0, 0, 0], uptime=6798, trace=[column=18, file=internal/modules/cjs/loader.js, function=Module._compile, line=895, method=_compile, native=false, column=10, file=internal/modules/cjs/loader.js, function=Module._extensions..js, line=995, method=.js, native=false, column=32, file=internal/modules/cjs/loader.js, function=Module.load, line=815, method=load, native=false, column=14, file=internal/modules/cjs/loader.js, function=Module._load, line=727, method=_load, native=false, column=19, file=internal/modules/cjs/loader.js, function=Module.require, line=852, method=require, native=false, column=18, file=internal/modules/cjs/helpers.js, function=require, line=74, method=null, native=false, column=26, file=E:\WebstormProjects\app-backend-test1\server\routes\library.js, function=null, line=4, method=null, native=false, column=30, file=internal/modules/cjs/loader.js, function=Module._compile, line=959, method=_compile, native=false, column=10, file=internal/modules/cjs/loader.js, function=Module._extensions..js, line=995, method=.js, native=false, column=32, file=internal/modules/cjs/loader.js, function=Module.load, line=815, method=load, native=false, column=14, file=internal/modules/cjs/loader.js, function=Module._load, line=727, method=_load, native=false, column=19, file=internal/modules/cjs/loader.js, function=Module.require, line=852, method=require, native=false, column=18, file=internal/modules/cjs/helpers.js, function=require, line=74, method=null, native=false, column=29, file=E:\WebstormProjects\app-backend-test1\server\config\route-config.js, function=Object.routeConfig.init, line=8, method=init, native=false, column=17, file=E:\WebstormProjects\app-backend-test1\server\app.js, function=null, line=40, method=null, native=false, column=3, file=E:\WebstormProjects\app-backend-test1\server\app.js, function=null, line=45, method=null, native=false], stack=[E:\WebstormProjects\app-backend-test1\server\controller\LibraryController.js:41,     });,      ^, , SyntaxError: missing ) after argument list,     at Module._compile (internal/modules/cjs/loader.js:895:18),     at Object.Module._extensions..js (internal/modules/cjs/loader.js:995:10),     at Module.load (internal/modules/cjs/loader.js:815:32),     at Function.Module._load (internal/modules/cjs/loader.js:727:14),     at Module.require (internal/modules/cjs/loader.js:852:19),     at require (internal/modules/cjs/helpers.js:74:18),     at Object.<anonymous> (E:\WebstormProjects\app-backend-test1\server\routes\library.js:4:26),     at Module._compile (internal/modules/cjs/loader.js:959:30),     at Object.Module._extensions..js (internal/modules/cjs/loader.js:995:10),     at Module.load (internal/modules/cjs/loader.js:815:32),     at Function.Module._load (internal/modules/cjs/loader.js:727:14),     at Module.require (internal/modules/cjs/loader.js:852:19),     at require (internal/modules/cjs/helpers.js:74:18),     at Object.routeConfig.init (E:\WebstormProjects\app-backend-test1\server\config\route-config.js:8:29),     at E:\WebstormProjects\app-backend-test1\server\app.js:40:17,     at Object.<anonymous> (E:\WebstormProjects\app-backend-test1\server\app.js:45:3)]
2020-01-14T06:53:22.438Z - error: uncaughtException: missing ) after argument list date=Tue Jan 14 2020 14:53:22 GMT+0800 (GMT+08:00), pid=1564, uid=null, gid=null, cwd=E:\WebstormProjects\app-backend-test1, execPath=C:\Program Files\nodejs\node.exe, version=v12.13.1, argv=[C:\Program Files\nodejs\node.exe, E:\WebstormProjects\app-backend-test1\server.js], rss=97906688, heapTotal=73904128, heapUsed=48664480, external=1907611, loadavg=[0, 0, 0], uptime=7223, trace=[column=18, file=internal/modules/cjs/loader.js, function=Module._compile, line=895, method=_compile, native=false, column=10, file=internal/modules/cjs/loader.js, function=Module._extensions..js, line=995, method=.js, native=false, column=32, file=internal/modules/cjs/loader.js, function=Module.load, line=815, method=load, native=false, column=14, file=internal/modules/cjs/loader.js, function=Module._load, line=727, method=_load, native=false, column=19, file=internal/modules/cjs/loader.js, function=Module.require, line=852, method=require, native=false, column=18, file=internal/modules/cjs/helpers.js, function=require, line=74, method=null, native=false, column=26, file=E:\WebstormProjects\app-backend-test1\server\routes\library.js, function=null, line=4, method=null, native=false, column=30, file=internal/modules/cjs/loader.js, function=Module._compile, line=959, method=_compile, native=false, column=10, file=internal/modules/cjs/loader.js, function=Module._extensions..js, line=995, method=.js, native=false, column=32, file=internal/modules/cjs/loader.js, function=Module.load, line=815, method=load, native=false, column=14, file=internal/modules/cjs/loader.js, function=Module._load, line=727, method=_load, native=false, column=19, file=internal/modules/cjs/loader.js, function=Module.require, line=852, method=require, native=false, column=18, file=internal/modules/cjs/helpers.js, function=require, line=74, method=null, native=false, column=29, file=E:\WebstormProjects\app-backend-test1\server\config\route-config.js, function=Object.routeConfig.init, line=8, method=init, native=false, column=17, file=E:\WebstormProjects\app-backend-test1\server\app.js, function=null, line=40, method=null, native=false, column=3, file=E:\WebstormProjects\app-backend-test1\server\app.js, function=null, line=45, method=null, native=false], stack=[E:\WebstormProjects\app-backend-test1\server\controller\LibraryController.js:36,     fs.readdirSync(path.join(__dirname, `../../LibraryFile/`),                                                             ^, , SyntaxError: missing ) after argument list,     at Module._compile (internal/modules/cjs/loader.js:895:18),     at Object.Module._extensions..js (internal/modules/cjs/loader.js:995:10),     at Module.load (internal/modules/cjs/loader.js:815:32),     at Function.Module._load (internal/modules/cjs/loader.js:727:14),     at Module.require (internal/modules/cjs/loader.js:852:19),     at require (internal/modules/cjs/helpers.js:74:18),     at Object.<anonymous> (E:\WebstormProjects\app-backend-test1\server\routes\library.js:4:26),     at Module._compile (internal/modules/cjs/loader.js:959:30),     at Object.Module._extensions..js (internal/modules/cjs/loader.js:995:10),     at Module.load (internal/modules/cjs/loader.js:815:32),     at Function.Module._load (internal/modules/cjs/loader.js:727:14),     at Module.require (internal/modules/cjs/loader.js:852:19),     at require (internal/modules/cjs/helpers.js:74:18),     at Object.routeConfig.init (E:\WebstormProjects\app-backend-test1\server\config\route-config.js:8:29),     at E:\WebstormProjects\app-backend-test1\server\app.js:40:17,     at Object.<anonymous> (E:\WebstormProjects\app-backend-test1\server\app.js:45:3)]
2020-01-14T06:53:34.631Z - error: uncaughtException: missing ) after argument list date=Tue Jan 14 2020 14:53:34 GMT+0800 (GMT+08:00), pid=7804, uid=null, gid=null, cwd=E:\WebstormProjects\app-backend-test1, execPath=C:\Program Files\nodejs\node.exe, version=v12.13.1, argv=[C:\Program Files\nodejs\node.exe, E:\WebstormProjects\app-backend-test1\server.js], rss=98045952, heapTotal=73641984, heapUsed=48667752, external=2007353, loadavg=[0, 0, 0], uptime=7236, trace=[column=18, file=internal/modules/cjs/loader.js, function=Module._compile, line=895, method=_compile, native=false, column=10, file=internal/modules/cjs/loader.js, function=Module._extensions..js, line=995, method=.js, native=false, column=32, file=internal/modules/cjs/loader.js, function=Module.load, line=815, method=load, native=false, column=14, file=internal/modules/cjs/loader.js, function=Module._load, line=727, method=_load, native=false, column=19, file=internal/modules/cjs/loader.js, function=Module.require, line=852, method=require, native=false, column=18, file=internal/modules/cjs/helpers.js, function=require, line=74, method=null, native=false, column=26, file=E:\WebstormProjects\app-backend-test1\server\routes\library.js, function=null, line=4, method=null, native=false, column=30, file=internal/modules/cjs/loader.js, function=Module._compile, line=959, method=_compile, native=false, column=10, file=internal/modules/cjs/loader.js, function=Module._extensions..js, line=995, method=.js, native=false, column=32, file=internal/modules/cjs/loader.js, function=Module.load, line=815, method=load, native=false, column=14, file=internal/modules/cjs/loader.js, function=Module._load, line=727, method=_load, native=false, column=19, file=internal/modules/cjs/loader.js, function=Module.require, line=852, method=require, native=false, column=18, file=internal/modules/cjs/helpers.js, function=require, line=74, method=null, native=false, column=29, file=E:\WebstormProjects\app-backend-test1\server\config\route-config.js, function=Object.routeConfig.init, line=8, method=init, native=false, column=17, file=E:\WebstormProjects\app-backend-test1\server\app.js, function=null, line=40, method=null, native=false, column=3, file=E:\WebstormProjects\app-backend-test1\server\app.js, function=null, line=45, method=null, native=false], stack=[E:\WebstormProjects\app-backend-test1\server\controller\LibraryController.js:36,     var files = fs.readdirSync(path.join(__dirname, `../../LibraryFile/`),                                                                         ^, , SyntaxError: missing ) after argument list,     at Module._compile (internal/modules/cjs/loader.js:895:18),     at Object.Module._extensions..js (internal/modules/cjs/loader.js:995:10),     at Module.load (internal/modules/cjs/loader.js:815:32),     at Function.Module._load (internal/modules/cjs/loader.js:727:14),     at Module.require (internal/modules/cjs/loader.js:852:19),     at require (internal/modules/cjs/helpers.js:74:18),     at Object.<anonymous> (E:\WebstormProjects\app-backend-test1\server\routes\library.js:4:26),     at Module._compile (internal/modules/cjs/loader.js:959:30),     at Object.Module._extensions..js (internal/modules/cjs/loader.js:995:10),     at Module.load (internal/modules/cjs/loader.js:815:32),     at Function.Module._load (internal/modules/cjs/loader.js:727:14),     at Module.require (internal/modules/cjs/loader.js:852:19),     at require (internal/modules/cjs/helpers.js:74:18),     at Object.routeConfig.init (E:\WebstormProjects\app-backend-test1\server\config\route-config.js:8:29),     at E:\WebstormProjects\app-backend-test1\server\app.js:40:17,     at Object.<anonymous> (E:\WebstormProjects\app-backend-test1\server\app.js:45:3)]
2020-01-14T06:53:40.978Z - error: uncaughtException: missing ) after argument list date=Tue Jan 14 2020 14:53:40 GMT+0800 (GMT+08:00), pid=2312, uid=null, gid=null, cwd=E:\WebstormProjects\app-backend-test1, execPath=C:\Program Files\nodejs\node.exe, version=v12.13.1, argv=[C:\Program Files\nodejs\node.exe, E:\WebstormProjects\app-backend-test1\server.js], rss=96743424, heapTotal=72069120, heapUsed=52227600, external=2341913, loadavg=[0, 0, 0], uptime=7242, trace=[column=18, file=internal/modules/cjs/loader.js, function=Module._compile, line=895, method=_compile, native=false, column=10, file=internal/modules/cjs/loader.js, function=Module._extensions..js, line=995, method=.js, native=false, column=32, file=internal/modules/cjs/loader.js, function=Module.load, line=815, method=load, native=false, column=14, file=internal/modules/cjs/loader.js, function=Module._load, line=727, method=_load, native=false, column=19, file=internal/modules/cjs/loader.js, function=Module.require, line=852, method=require, native=false, column=18, file=internal/modules/cjs/helpers.js, function=require, line=74, method=null, native=false, column=26, file=E:\WebstormProjects\app-backend-test1\server\routes\library.js, function=null, line=4, method=null, native=false, column=30, file=internal/modules/cjs/loader.js, function=Module._compile, line=959, method=_compile, native=false, column=10, file=internal/modules/cjs/loader.js, function=Module._extensions..js, line=995, method=.js, native=false, column=32, file=internal/modules/cjs/loader.js, function=Module.load, line=815, method=load, native=false, column=14, file=internal/modules/cjs/loader.js, function=Module._load, line=727, method=_load, native=false, column=19, file=internal/modules/cjs/loader.js, function=Module.require, line=852, method=require, native=false, column=18, file=internal/modules/cjs/helpers.js, function=require, line=74, method=null, native=false, column=29, file=E:\WebstormProjects\app-backend-test1\server\config\route-config.js, function=Object.routeConfig.init, line=8, method=init, native=false, column=17, file=E:\WebstormProjects\app-backend-test1\server\app.js, function=null, line=40, method=null, native=false, column=3, file=E:\WebstormProjects\app-backend-test1\server\app.js, function=null, line=45, method=null, native=false], stack=[E:\WebstormProjects\app-backend-test1\server\controller\LibraryController.js:36,     var files = fs.readdirSync(path.join(__dirname, `../../LibraryFile`),                                                                        ^, , SyntaxError: missing ) after argument list,     at Module._compile (internal/modules/cjs/loader.js:895:18),     at Object.Module._extensions..js (internal/modules/cjs/loader.js:995:10),     at Module.load (internal/modules/cjs/loader.js:815:32),     at Function.Module._load (internal/modules/cjs/loader.js:727:14),     at Module.require (internal/modules/cjs/loader.js:852:19),     at require (internal/modules/cjs/helpers.js:74:18),     at Object.<anonymous> (E:\WebstormProjects\app-backend-test1\server\routes\library.js:4:26),     at Module._compile (internal/modules/cjs/loader.js:959:30),     at Object.Module._extensions..js (internal/modules/cjs/loader.js:995:10),     at Module.load (internal/modules/cjs/loader.js:815:32),     at Function.Module._load (internal/modules/cjs/loader.js:727:14),     at Module.require (internal/modules/cjs/loader.js:852:19),     at require (internal/modules/cjs/helpers.js:74:18),     at Object.routeConfig.init (E:\WebstormProjects\app-backend-test1\server\config\route-config.js:8:29),     at E:\WebstormProjects\app-backend-test1\server\app.js:40:17,     at Object.<anonymous> (E:\WebstormProjects\app-backend-test1\server\app.js:45:3)]
2020-01-14T06:53:47.040Z - error: uncaughtException: missing ) after argument list date=Tue Jan 14 2020 14:53:47 GMT+0800 (GMT+08:00), pid=8140, uid=null, gid=null, cwd=E:\WebstormProjects\app-backend-test1, execPath=C:\Program Files\nodejs\node.exe, version=v12.13.1, argv=[C:\Program Files\nodejs\node.exe, E:\WebstormProjects\app-backend-test1\server.js], rss=97288192, heapTotal=72331264, heapUsed=52028400, external=2314993, loadavg=[0, 0, 0], uptime=7248, trace=[column=18, file=internal/modules/cjs/loader.js, function=Module._compile, line=895, method=_compile, native=false, column=10, file=internal/modules/cjs/loader.js, function=Module._extensions..js, line=995, method=.js, native=false, column=32, file=internal/modules/cjs/loader.js, function=Module.load, line=815, method=load, native=false, column=14, file=internal/modules/cjs/loader.js, function=Module._load, line=727, method=_load, native=false, column=19, file=internal/modules/cjs/loader.js, function=Module.require, line=852, method=require, native=false, column=18, file=internal/modules/cjs/helpers.js, function=require, line=74, method=null, native=false, column=26, file=E:\WebstormProjects\app-backend-test1\server\routes\library.js, function=null, line=4, method=null, native=false, column=30, file=internal/modules/cjs/loader.js, function=Module._compile, line=959, method=_compile, native=false, column=10, file=internal/modules/cjs/loader.js, function=Module._extensions..js, line=995, method=.js, native=false, column=32, file=internal/modules/cjs/loader.js, function=Module.load, line=815, method=load, native=false, column=14, file=internal/modules/cjs/loader.js, function=Module._load, line=727, method=_load, native=false, column=19, file=internal/modules/cjs/loader.js, function=Module.require, line=852, method=require, native=false, column=18, file=internal/modules/cjs/helpers.js, function=require, line=74, method=null, native=false, column=29, file=E:\WebstormProjects\app-backend-test1\server\config\route-config.js, function=Object.routeConfig.init, line=8, method=init, native=false, column=17, file=E:\WebstormProjects\app-backend-test1\server\app.js, function=null, line=40, method=null, native=false, column=3, file=E:\WebstormProjects\app-backend-test1\server\app.js, function=null, line=45, method=null, native=false], stack=[E:\WebstormProjects\app-backend-test1\server\controller\LibraryController.js:36,     var files = fs.readdirSync(path.join(__dirname, `../../LibraryFile/`),                                                                         ^, , SyntaxError: missing ) after argument list,     at Module._compile (internal/modules/cjs/loader.js:895:18),     at Object.Module._extensions..js (internal/modules/cjs/loader.js:995:10),     at Module.load (internal/modules/cjs/loader.js:815:32),     at Function.Module._load (internal/modules/cjs/loader.js:727:14),     at Module.require (internal/modules/cjs/loader.js:852:19),     at require (internal/modules/cjs/helpers.js:74:18),     at Object.<anonymous> (E:\WebstormProjects\app-backend-test1\server\routes\library.js:4:26),     at Module._compile (internal/modules/cjs/loader.js:959:30),     at Object.Module._extensions..js (internal/modules/cjs/loader.js:995:10),     at Module.load (internal/modules/cjs/loader.js:815:32),     at Function.Module._load (internal/modules/cjs/loader.js:727:14),     at Module.require (internal/modules/cjs/loader.js:852:19),     at require (internal/modules/cjs/helpers.js:74:18),     at Object.routeConfig.init (E:\WebstormProjects\app-backend-test1\server\config\route-config.js:8:29),     at E:\WebstormProjects\app-backend-test1\server\app.js:40:17,     at Object.<anonymous> (E:\WebstormProjects\app-backend-test1\server\app.js:45:3)]
