2019-12-30T01:55:47.320Z - error: uncaughtException: Cannot find module '../routes/member'
Require stack:
- E:\WebstormProjects\app-backend-test\server\config\route-config.js
- E:\WebstormProjects\app-backend-test\server\app.js
- E:\WebstormProjects\app-backend-test\server.js date=Mon Dec 30 2019 09:55:47 GMT+0800 (GMT+08:00), pid=1152, uid=null, gid=null, cwd=E:\WebstormProjects\app-backend-test, execPath=C:\Program Files\nodejs\node.exe, version=v12.13.1, argv=[C:\Program Files\nodejs\node.exe, E:\WebstormProjects\app-backend-test\server.js, PROT=3000, NODE_ENV=production], rss=76050432, heapTotal=59461632, heapUsed=34720928, external=1372493, loadavg=[0, 0, 0], uptime=1599, trace=[column=15, file=internal/modules/cjs/loader.js, function=Module._resolveFilename, line=797, method=_resolveFilename, native=false, column=27, file=internal/modules/cjs/loader.js, function=Module._load, line=690, method=_load, native=false, column=19, file=internal/modules/cjs/loader.js, function=Module.require, line=852, method=require, native=false, column=18, file=internal/modules/cjs/helpers.js, function=require, line=74, method=null, native=false, column=22, file=E:\WebstormProjects\app-backend-test\server\config\route-config.js, function=Object.routeConfig.init, line=6, method=init, native=false, column=17, file=E:\WebstormProjects\app-backend-test\server\app.js, function=null, line=40, method=null, native=false, column=3, file=E:\WebstormProjects\app-backend-test\server\app.js, function=null, line=45, method=null, native=false, column=30, file=internal/modules/cjs/loader.js, function=Module._compile, line=959, method=_compile, native=false, column=10, file=internal/modules/cjs/loader.js, function=Module._extensions..js, line=995, method=.js, native=false, column=32, file=internal/modules/cjs/loader.js, function=Module.load, line=815, method=load, native=false], stack=[Error: Cannot find module '../routes/member', Require stack:, - E:\WebstormProjects\app-backend-test\server\config\route-config.js, - E:\WebstormProjects\app-backend-test\server\app.js, - E:\WebstormProjects\app-backend-test\server.js,     at Function.Module._resolveFilename (internal/modules/cjs/loader.js:797:15),     at Function.Module._load (internal/modules/cjs/loader.js:690:27),     at Module.require (internal/modules/cjs/loader.js:852:19),     at require (internal/modules/cjs/helpers.js:74:18),     at Object.routeConfig.init (E:\WebstormProjects\app-backend-test\server\config\route-config.js:6:22),     at E:\WebstormProjects\app-backend-test\server\app.js:40:17,     at Object.<anonymous> (E:\WebstormProjects\app-backend-test\server\app.js:45:3),     at Module._compile (internal/modules/cjs/loader.js:959:30),     at Object.Module._extensions..js (internal/modules/cjs/loader.js:995:10),     at Module.load (internal/modules/cjs/loader.js:815:32)]
2019-12-30T01:56:45.942Z - error: uncaughtException: Cannot find module '../routes/member'
Require stack:
- E:\WebstormProjects\app-backend-test\server\config\route-config.js
- E:\WebstormProjects\app-backend-test\server\app.js
- E:\WebstormProjects\app-backend-test\server.js date=Mon Dec 30 2019 09:56:45 GMT+0800 (GMT+08:00), pid=4232, uid=null, gid=null, cwd=E:\WebstormProjects\app-backend-test, execPath=C:\Program Files\nodejs\node.exe, version=v12.13.1, argv=[C:\Program Files\nodejs\node.exe, E:\WebstormProjects\app-backend-test\server.js, PROT=3000, NODE_ENV=production], rss=75997184, heapTotal=59199488, heapUsed=34973152, external=1405712, loadavg=[0, 0, 0], uptime=1658, trace=[column=15, file=internal/modules/cjs/loader.js, function=Module._resolveFilename, line=797, method=_resolveFilename, native=false, column=27, file=internal/modules/cjs/loader.js, function=Module._load, line=690, method=_load, native=false, column=19, file=internal/modules/cjs/loader.js, function=Module.require, line=852, method=require, native=false, column=18, file=internal/modules/cjs/helpers.js, function=require, line=74, method=null, native=false, column=24, file=E:\WebstormProjects\app-backend-test\server\config\route-config.js, function=Object.routeConfig.init, line=7, method=init, native=false, column=17, file=E:\WebstormProjects\app-backend-test\server\app.js, function=null, line=40, method=null, native=false, column=3, file=E:\WebstormProjects\app-backend-test\server\app.js, function=null, line=45, method=null, native=false, column=30, file=internal/modules/cjs/loader.js, function=Module._compile, line=959, method=_compile, native=false, column=10, file=internal/modules/cjs/loader.js, function=Module._extensions..js, line=995, method=.js, native=false, column=32, file=internal/modules/cjs/loader.js, function=Module.load, line=815, method=load, native=false], stack=[Error: Cannot find module '../routes/member', Require stack:, - E:\WebstormProjects\app-backend-test\server\config\route-config.js, - E:\WebstormProjects\app-backend-test\server\app.js, - E:\WebstormProjects\app-backend-test\server.js,     at Function.Module._resolveFilename (internal/modules/cjs/loader.js:797:15),     at Function.Module._load (internal/modules/cjs/loader.js:690:27),     at Module.require (internal/modules/cjs/loader.js:852:19),     at require (internal/modules/cjs/helpers.js:74:18),     at Object.routeConfig.init (E:\WebstormProjects\app-backend-test\server\config\route-config.js:7:24),     at E:\WebstormProjects\app-backend-test\server\app.js:40:17,     at Object.<anonymous> (E:\WebstormProjects\app-backend-test\server\app.js:45:3),     at Module._compile (internal/modules/cjs/loader.js:959:30),     at Object.Module._extensions..js (internal/modules/cjs/loader.js:995:10),     at Module.load (internal/modules/cjs/loader.js:815:32)]
2019-12-30T01:59:11.177Z - error: uncaughtException: Cannot find module '../routes/member'
Require stack:
- E:\WebstormProjects\app-backend-test\server\config\route-config.js
- E:\WebstormProjects\app-backend-test\server\app.js
- E:\WebstormProjects\app-backend-test\server.js date=Mon Dec 30 2019 09:59:11 GMT+0800 (GMT+08:00), pid=852, uid=null, gid=null, cwd=E:\WebstormProjects\app-backend-test, execPath=C:\Program Files\nodejs\node.exe, version=v12.13.1, argv=[C:\Program Files\nodejs\node.exe, E:\WebstormProjects\app-backend-test\server.js], rss=75669504, heapTotal=59461632, heapUsed=34668528, external=1372493, loadavg=[0, 0, 0], uptime=1803, trace=[column=15, file=internal/modules/cjs/loader.js, function=Module._resolveFilename, line=797, method=_resolveFilename, native=false, column=27, file=internal/modules/cjs/loader.js, function=Module._load, line=690, method=_load, native=false, column=19, file=internal/modules/cjs/loader.js, function=Module.require, line=852, method=require, native=false, column=18, file=internal/modules/cjs/helpers.js, function=require, line=74, method=null, native=false, column=28, file=E:\WebstormProjects\app-backend-test\server\config\route-config.js, function=Object.routeConfig.init, line=6, method=init, native=false, column=17, file=E:\WebstormProjects\app-backend-test\server\app.js, function=null, line=40, method=null, native=false, column=3, file=E:\WebstormProjects\app-backend-test\server\app.js, function=null, line=45, method=null, native=false, column=30, file=internal/modules/cjs/loader.js, function=Module._compile, line=959, method=_compile, native=false, column=10, file=internal/modules/cjs/loader.js, function=Module._extensions..js, line=995, method=.js, native=false, column=32, file=internal/modules/cjs/loader.js, function=Module.load, line=815, method=load, native=false], stack=[Error: Cannot find module '../routes/member', Require stack:, - E:\WebstormProjects\app-backend-test\server\config\route-config.js, - E:\WebstormProjects\app-backend-test\server\app.js, - E:\WebstormProjects\app-backend-test\server.js,     at Function.Module._resolveFilename (internal/modules/cjs/loader.js:797:15),     at Function.Module._load (internal/modules/cjs/loader.js:690:27),     at Module.require (internal/modules/cjs/loader.js:852:19),     at require (internal/modules/cjs/helpers.js:74:18),     at Object.routeConfig.init (E:\WebstormProjects\app-backend-test\server\config\route-config.js:6:28),     at E:\WebstormProjects\app-backend-test\server\app.js:40:17,     at Object.<anonymous> (E:\WebstormProjects\app-backend-test\server\app.js:45:3),     at Module._compile (internal/modules/cjs/loader.js:959:30),     at Object.Module._extensions..js (internal/modules/cjs/loader.js:995:10),     at Module.load (internal/modules/cjs/loader.js:815:32)]
2019-12-30T02:01:09.613Z - error: uncaughtException: Cannot find module '../routes/index'
Require stack:
- E:\WebstormProjects\app-backend-test\server\config\route-config.js
- E:\WebstormProjects\app-backend-test\server\app.js
- E:\WebstormProjects\app-backend-test\server.js date=Mon Dec 30 2019 10:01:09 GMT+0800 (GMT+08:00), pid=3348, uid=null, gid=null, cwd=E:\WebstormProjects\app-backend-test, execPath=C:\Program Files\nodejs\node.exe, version=v12.13.1, argv=[C:\Program Files\nodejs\node.exe, E:\WebstormProjects\app-backend-test\server.js], rss=75677696, heapTotal=59199488, heapUsed=34756248, external=1372493, loadavg=[0, 0, 0], uptime=1922, trace=[column=15, file=internal/modules/cjs/loader.js, function=Module._resolveFilename, line=797, method=_resolveFilename, native=false, column=27, file=internal/modules/cjs/loader.js, function=Module._load, line=690, method=_load, native=false, column=19, file=internal/modules/cjs/loader.js, function=Module.require, line=852, method=require, native=false, column=18, file=internal/modules/cjs/helpers.js, function=require, line=74, method=null, native=false, column=22, file=E:\WebstormProjects\app-backend-test\server\config\route-config.js, function=Object.routeConfig.init, line=5, method=init, native=false, column=17, file=E:\WebstormProjects\app-backend-test\server\app.js, function=null, line=40, method=null, native=false, column=3, file=E:\WebstormProjects\app-backend-test\server\app.js, function=null, line=45, method=null, native=false, column=30, file=internal/modules/cjs/loader.js, function=Module._compile, line=959, method=_compile, native=false, column=10, file=internal/modules/cjs/loader.js, function=Module._extensions..js, line=995, method=.js, native=false, column=32, file=internal/modules/cjs/loader.js, function=Module.load, line=815, method=load, native=false], stack=[Error: Cannot find module '../routes/index', Require stack:, - E:\WebstormProjects\app-backend-test\server\config\route-config.js, - E:\WebstormProjects\app-backend-test\server\app.js, - E:\WebstormProjects\app-backend-test\server.js,     at Function.Module._resolveFilename (internal/modules/cjs/loader.js:797:15),     at Function.Module._load (internal/modules/cjs/loader.js:690:27),     at Module.require (internal/modules/cjs/loader.js:852:19),     at require (internal/modules/cjs/helpers.js:74:18),     at Object.routeConfig.init (E:\WebstormProjects\app-backend-test\server\config\route-config.js:5:22),     at E:\WebstormProjects\app-backend-test\server\app.js:40:17,     at Object.<anonymous> (E:\WebstormProjects\app-backend-test\server\app.js:45:3),     at Module._compile (internal/modules/cjs/loader.js:959:30),     at Object.Module._extensions..js (internal/modules/cjs/loader.js:995:10),     at Module.load (internal/modules/cjs/loader.js:815:32)]
2019-12-30T02:03:22.587Z - error: uncaughtException: Cannot find module '../routes/index'
Require stack:
- E:\WebstormProjects\app-backend-test\server\config\route-config.js
- E:\WebstormProjects\app-backend-test\server\app.js
- E:\WebstormProjects\app-backend-test\server.js date=Mon Dec 30 2019 10:03:22 GMT+0800 (GMT+08:00), pid=988, uid=null, gid=null, cwd=E:\WebstormProjects\app-backend-test, execPath=C:\Program Files\nodejs\node.exe, version=v12.13.1, argv=[C:\Program Files\nodejs\node.exe, E:\WebstormProjects\app-backend-test\server.js], rss=70373376, heapTotal=58413056, heapUsed=37071824, external=2010853, loadavg=[0, 0, 0], uptime=2055, trace=[column=15, file=internal/modules/cjs/loader.js, function=Module._resolveFilename, line=797, method=_resolveFilename, native=false, column=27, file=internal/modules/cjs/loader.js, function=Module._load, line=690, method=_load, native=false, column=19, file=internal/modules/cjs/loader.js, function=Module.require, line=852, method=require, native=false, column=18, file=internal/modules/cjs/helpers.js, function=require, line=74, method=null, native=false, column=22, file=E:\WebstormProjects\app-backend-test\server\config\route-config.js, function=Object.routeConfig.init, line=5, method=init, native=false, column=17, file=E:\WebstormProjects\app-backend-test\server\app.js, function=null, line=40, method=null, native=false, column=3, file=E:\WebstormProjects\app-backend-test\server\app.js, function=null, line=45, method=null, native=false, column=30, file=internal/modules/cjs/loader.js, function=Module._compile, line=959, method=_compile, native=false, column=10, file=internal/modules/cjs/loader.js, function=Module._extensions..js, line=995, method=.js, native=false, column=32, file=internal/modules/cjs/loader.js, function=Module.load, line=815, method=load, native=false], stack=[Error: Cannot find module '../routes/index', Require stack:, - E:\WebstormProjects\app-backend-test\server\config\route-config.js, - E:\WebstormProjects\app-backend-test\server\app.js, - E:\WebstormProjects\app-backend-test\server.js,     at Function.Module._resolveFilename (internal/modules/cjs/loader.js:797:15),     at Function.Module._load (internal/modules/cjs/loader.js:690:27),     at Module.require (internal/modules/cjs/loader.js:852:19),     at require (internal/modules/cjs/helpers.js:74:18),     at Object.routeConfig.init (E:\WebstormProjects\app-backend-test\server\config\route-config.js:5:22),     at E:\WebstormProjects\app-backend-test\server\app.js:40:17,     at Object.<anonymous> (E:\WebstormProjects\app-backend-test\server\app.js:45:3),     at Module._compile (internal/modules/cjs/loader.js:959:30),     at Object.Module._extensions..js (internal/modules/cjs/loader.js:995:10),     at Module.load (internal/modules/cjs/loader.js:815:32)]
2019-12-30T02:03:24.454Z - error: uncaughtException: Cannot find module '../routes/index'
Require stack:
- E:\WebstormProjects\app-backend-test\server\config\route-config.js
- E:\WebstormProjects\app-backend-test\server\app.js
- E:\WebstormProjects\app-backend-test\server.js date=Mon Dec 30 2019 10:03:24 GMT+0800 (GMT+08:00), pid=6772, uid=null, gid=null, cwd=E:\WebstormProjects\app-backend-test, execPath=C:\Program Files\nodejs\node.exe, version=v12.13.1, argv=[C:\Program Files\nodejs\node.exe, E:\WebstormProjects\app-backend-test\server.js], rss=75542528, heapTotal=59723776, heapUsed=34755560, external=1372493, loadavg=[0, 0, 0], uptime=2056, trace=[column=15, file=internal/modules/cjs/loader.js, function=Module._resolveFilename, line=797, method=_resolveFilename, native=false, column=27, file=internal/modules/cjs/loader.js, function=Module._load, line=690, method=_load, native=false, column=19, file=internal/modules/cjs/loader.js, function=Module.require, line=852, method=require, native=false, column=18, file=internal/modules/cjs/helpers.js, function=require, line=74, method=null, native=false, column=22, file=E:\WebstormProjects\app-backend-test\server\config\route-config.js, function=Object.routeConfig.init, line=5, method=init, native=false, column=17, file=E:\WebstormProjects\app-backend-test\server\app.js, function=null, line=40, method=null, native=false, column=3, file=E:\WebstormProjects\app-backend-test\server\app.js, function=null, line=45, method=null, native=false, column=30, file=internal/modules/cjs/loader.js, function=Module._compile, line=959, method=_compile, native=false, column=10, file=internal/modules/cjs/loader.js, function=Module._extensions..js, line=995, method=.js, native=false, column=32, file=internal/modules/cjs/loader.js, function=Module.load, line=815, method=load, native=false], stack=[Error: Cannot find module '../routes/index', Require stack:, - E:\WebstormProjects\app-backend-test\server\config\route-config.js, - E:\WebstormProjects\app-backend-test\server\app.js, - E:\WebstormProjects\app-backend-test\server.js,     at Function.Module._resolveFilename (internal/modules/cjs/loader.js:797:15),     at Function.Module._load (internal/modules/cjs/loader.js:690:27),     at Module.require (internal/modules/cjs/loader.js:852:19),     at require (internal/modules/cjs/helpers.js:74:18),     at Object.routeConfig.init (E:\WebstormProjects\app-backend-test\server\config\route-config.js:5:22),     at E:\WebstormProjects\app-backend-test\server\app.js:40:17,     at Object.<anonymous> (E:\WebstormProjects\app-backend-test\server\app.js:45:3),     at Module._compile (internal/modules/cjs/loader.js:959:30),     at Object.Module._extensions..js (internal/modules/cjs/loader.js:995:10),     at Module.load (internal/modules/cjs/loader.js:815:32)]
2019-12-30T02:04:23.226Z - error: uncaughtException: Cannot find module '../routes/index'
Require stack:
- E:\WebstormProjects\app-backend-test\server\config\route-config.js
- E:\WebstormProjects\app-backend-test\server\app.js
- E:\WebstormProjects\app-backend-test\server.js date=Mon Dec 30 2019 10:04:23 GMT+0800 (GMT+08:00), pid=5036, uid=null, gid=null, cwd=E:\WebstormProjects\app-backend-test, execPath=C:\Program Files\nodejs\node.exe, version=v12.13.1, argv=[C:\Program Files\nodejs\node.exe, E:\WebstormProjects\app-backend-test\server.js], rss=75771904, heapTotal=59199488, heapUsed=34678000, external=1372493, loadavg=[0, 0, 0], uptime=2115, trace=[column=15, file=internal/modules/cjs/loader.js, function=Module._resolveFilename, line=797, method=_resolveFilename, native=false, column=27, file=internal/modules/cjs/loader.js, function=Module._load, line=690, method=_load, native=false, column=19, file=internal/modules/cjs/loader.js, function=Module.require, line=852, method=require, native=false, column=18, file=internal/modules/cjs/helpers.js, function=require, line=74, method=null, native=false, column=22, file=E:\WebstormProjects\app-backend-test\server\config\route-config.js, function=Object.routeConfig.init, line=5, method=init, native=false, column=17, file=E:\WebstormProjects\app-backend-test\server\app.js, function=null, line=40, method=null, native=false, column=3, file=E:\WebstormProjects\app-backend-test\server\app.js, function=null, line=45, method=null, native=false, column=30, file=internal/modules/cjs/loader.js, function=Module._compile, line=959, method=_compile, native=false, column=10, file=internal/modules/cjs/loader.js, function=Module._extensions..js, line=995, method=.js, native=false, column=32, file=internal/modules/cjs/loader.js, function=Module.load, line=815, method=load, native=false], stack=[Error: Cannot find module '../routes/index', Require stack:, - E:\WebstormProjects\app-backend-test\server\config\route-config.js, - E:\WebstormProjects\app-backend-test\server\app.js, - E:\WebstormProjects\app-backend-test\server.js,     at Function.Module._resolveFilename (internal/modules/cjs/loader.js:797:15),     at Function.Module._load (internal/modules/cjs/loader.js:690:27),     at Module.require (internal/modules/cjs/loader.js:852:19),     at require (internal/modules/cjs/helpers.js:74:18),     at Object.routeConfig.init (E:\WebstormProjects\app-backend-test\server\config\route-config.js:5:22),     at E:\WebstormProjects\app-backend-test\server\app.js:40:17,     at Object.<anonymous> (E:\WebstormProjects\app-backend-test\server\app.js:45:3),     at Module._compile (internal/modules/cjs/loader.js:959:30),     at Object.Module._extensions..js (internal/modules/cjs/loader.js:995:10),     at Module.load (internal/modules/cjs/loader.js:815:32)]
2019-12-30T02:06:48.414Z - error: uncaughtException: Cannot find module '../model/UserModel'
Require stack:
- E:\WebstormProjects\app-backend-test\server\middleware\AuthenticatedMiddleware.js
- E:\WebstormProjects\app-backend-test\server\routes\member.js
- E:\WebstormProjects\app-backend-test\server\config\route-config.js
- E:\WebstormProjects\app-backend-test\server\app.js
- E:\WebstormProjects\app-backend-test\server.js date=Mon Dec 30 2019 10:06:48 GMT+0800 (GMT+08:00), pid=2376, uid=null, gid=null, cwd=E:\WebstormProjects\app-backend-test, execPath=C:\Program Files\nodejs\node.exe, version=v12.13.1, argv=[C:\Program Files\nodejs\node.exe, E:\WebstormProjects\app-backend-test\server.js], rss=75321344, heapTotal=59461632, heapUsed=34526576, external=1350822, loadavg=[0, 0, 0], uptime=2260, trace=[column=15, file=internal/modules/cjs/loader.js, function=Module._resolveFilename, line=797, method=_resolveFilename, native=false, column=27, file=internal/modules/cjs/loader.js, function=Module._load, line=690, method=_load, native=false, column=19, file=internal/modules/cjs/loader.js, function=Module.require, line=852, method=require, native=false, column=18, file=internal/modules/cjs/helpers.js, function=require, line=74, method=null, native=false, column=19, file=E:\WebstormProjects\app-backend-test\server\middleware\AuthenticatedMiddleware.js, function=null, line=1, method=null, native=false, column=30, file=internal/modules/cjs/loader.js, function=Module._compile, line=959, method=_compile, native=false, column=10, file=internal/modules/cjs/loader.js, function=Module._extensions..js, line=995, method=.js, native=false, column=32, file=internal/modules/cjs/loader.js, function=Module.load, line=815, method=load, native=false, column=14, file=internal/modules/cjs/loader.js, function=Module._load, line=727, method=_load, native=false, column=19, file=internal/modules/cjs/loader.js, function=Module.require, line=852, method=require, native=false], stack=[Error: Cannot find module '../model/UserModel', Require stack:, - E:\WebstormProjects\app-backend-test\server\middleware\AuthenticatedMiddleware.js, - E:\WebstormProjects\app-backend-test\server\routes\member.js, - E:\WebstormProjects\app-backend-test\server\config\route-config.js, - E:\WebstormProjects\app-backend-test\server\app.js, - E:\WebstormProjects\app-backend-test\server.js,     at Function.Module._resolveFilename (internal/modules/cjs/loader.js:797:15),     at Function.Module._load (internal/modules/cjs/loader.js:690:27),     at Module.require (internal/modules/cjs/loader.js:852:19),     at require (internal/modules/cjs/helpers.js:74:18),     at Object.<anonymous> (E:\WebstormProjects\app-backend-test\server\middleware\AuthenticatedMiddleware.js:1:19),     at Module._compile (internal/modules/cjs/loader.js:959:30),     at Object.Module._extensions..js (internal/modules/cjs/loader.js:995:10),     at Module.load (internal/modules/cjs/loader.js:815:32),     at Function.Module._load (internal/modules/cjs/loader.js:727:14),     at Module.require (internal/modules/cjs/loader.js:852:19)]
2019-12-30T02:06:50.677Z - error: uncaughtException: Cannot find module '../model/UserModel'
Require stack:
- E:\WebstormProjects\app-backend-test\server\middleware\AuthenticatedMiddleware.js
- E:\WebstormProjects\app-backend-test\server\routes\member.js
- E:\WebstormProjects\app-backend-test\server\config\route-config.js
- E:\WebstormProjects\app-backend-test\server\app.js
- E:\WebstormProjects\app-backend-test\server.js date=Mon Dec 30 2019 10:06:50 GMT+0800 (GMT+08:00), pid=4780, uid=null, gid=null, cwd=E:\WebstormProjects\app-backend-test, execPath=C:\Program Files\nodejs\node.exe, version=v12.13.1, argv=[C:\Program Files\nodejs\node.exe, E:\WebstormProjects\app-backend-test\server.js], rss=75866112, heapTotal=59461632, heapUsed=34715000, external=1375398, loadavg=[0, 0, 0], uptime=2263, trace=[column=15, file=internal/modules/cjs/loader.js, function=Module._resolveFilename, line=797, method=_resolveFilename, native=false, column=27, file=internal/modules/cjs/loader.js, function=Module._load, line=690, method=_load, native=false, column=19, file=internal/modules/cjs/loader.js, function=Module.require, line=852, method=require, native=false, column=18, file=internal/modules/cjs/helpers.js, function=require, line=74, method=null, native=false, column=19, file=E:\WebstormProjects\app-backend-test\server\middleware\AuthenticatedMiddleware.js, function=null, line=1, method=null, native=false, column=30, file=internal/modules/cjs/loader.js, function=Module._compile, line=959, method=_compile, native=false, column=10, file=internal/modules/cjs/loader.js, function=Module._extensions..js, line=995, method=.js, native=false, column=32, file=internal/modules/cjs/loader.js, function=Module.load, line=815, method=load, native=false, column=14, file=internal/modules/cjs/loader.js, function=Module._load, line=727, method=_load, native=false, column=19, file=internal/modules/cjs/loader.js, function=Module.require, line=852, method=require, native=false], stack=[Error: Cannot find module '../model/UserModel', Require stack:, - E:\WebstormProjects\app-backend-test\server\middleware\AuthenticatedMiddleware.js, - E:\WebstormProjects\app-backend-test\server\routes\member.js, - E:\WebstormProjects\app-backend-test\server\config\route-config.js, - E:\WebstormProjects\app-backend-test\server\app.js, - E:\WebstormProjects\app-backend-test\server.js,     at Function.Module._resolveFilename (internal/modules/cjs/loader.js:797:15),     at Function.Module._load (internal/modules/cjs/loader.js:690:27),     at Module.require (internal/modules/cjs/loader.js:852:19),     at require (internal/modules/cjs/helpers.js:74:18),     at Object.<anonymous> (E:\WebstormProjects\app-backend-test\server\middleware\AuthenticatedMiddleware.js:1:19),     at Module._compile (internal/modules/cjs/loader.js:959:30),     at Object.Module._extensions..js (internal/modules/cjs/loader.js:995:10),     at Module.load (internal/modules/cjs/loader.js:815:32),     at Function.Module._load (internal/modules/cjs/loader.js:727:14),     at Module.require (internal/modules/cjs/loader.js:852:19)]
2019-12-30T02:07:38.221Z - error: uncaughtException: Cannot find module '../model/UserModel'
Require stack:
- E:\WebstormProjects\app-backend-test\server\controller\MemberController.js
- E:\WebstormProjects\app-backend-test\server\routes\member.js
- E:\WebstormProjects\app-backend-test\server\config\route-config.js
- E:\WebstormProjects\app-backend-test\server\app.js
- E:\WebstormProjects\app-backend-test\server.js date=Mon Dec 30 2019 10:07:38 GMT+0800 (GMT+08:00), pid=7328, uid=null, gid=null, cwd=E:\WebstormProjects\app-backend-test, execPath=C:\Program Files\nodejs\node.exe, version=v12.13.1, argv=[C:\Program Files\nodejs\node.exe, E:\WebstormProjects\app-backend-test\server.js], rss=93925376, heapTotal=69685248, heapUsed=43242728, external=1845558, loadavg=[0, 0, 0], uptime=2310, trace=[column=15, file=internal/modules/cjs/loader.js, function=Module._resolveFilename, line=797, method=_resolveFilename, native=false, column=27, file=internal/modules/cjs/loader.js, function=Module._load, line=690, method=_load, native=false, column=19, file=internal/modules/cjs/loader.js, function=Module.require, line=852, method=require, native=false, column=18, file=internal/modules/cjs/helpers.js, function=require, line=74, method=null, native=false, column=19, file=E:\WebstormProjects\app-backend-test\server\controller\MemberController.js, function=null, line=10, method=null, native=false, column=30, file=internal/modules/cjs/loader.js, function=Module._compile, line=959, method=_compile, native=false, column=10, file=internal/modules/cjs/loader.js, function=Module._extensions..js, line=995, method=.js, native=false, column=32, file=internal/modules/cjs/loader.js, function=Module.load, line=815, method=load, native=false, column=14, file=internal/modules/cjs/loader.js, function=Module._load, line=727, method=_load, native=false, column=19, file=internal/modules/cjs/loader.js, function=Module.require, line=852, method=require, native=false], stack=[Error: Cannot find module '../model/UserModel', Require stack:, - E:\WebstormProjects\app-backend-test\server\controller\MemberController.js, - E:\WebstormProjects\app-backend-test\server\routes\member.js, - E:\WebstormProjects\app-backend-test\server\config\route-config.js, - E:\WebstormProjects\app-backend-test\server\app.js, - E:\WebstormProjects\app-backend-test\server.js,     at Function.Module._resolveFilename (internal/modules/cjs/loader.js:797:15),     at Function.Module._load (internal/modules/cjs/loader.js:690:27),     at Module.require (internal/modules/cjs/loader.js:852:19),     at require (internal/modules/cjs/helpers.js:74:18),     at Object.<anonymous> (E:\WebstormProjects\app-backend-test\server\controller\MemberController.js:10:19),     at Module._compile (internal/modules/cjs/loader.js:959:30),     at Object.Module._extensions..js (internal/modules/cjs/loader.js:995:10),     at Module.load (internal/modules/cjs/loader.js:815:32),     at Function.Module._load (internal/modules/cjs/loader.js:727:14),     at Module.require (internal/modules/cjs/loader.js:852:19)]
2019-12-30T02:08:00.063Z - error: uncaughtException: Cannot find module '../model/UserModel'
Require stack:
- E:\WebstormProjects\app-backend-test\server\controller\MemberController.js
- E:\WebstormProjects\app-backend-test\server\routes\member.js
- E:\WebstormProjects\app-backend-test\server\config\route-config.js
- E:\WebstormProjects\app-backend-test\server\app.js
- E:\WebstormProjects\app-backend-test\server.js date=Mon Dec 30 2019 10:08:00 GMT+0800 (GMT+08:00), pid=4076, uid=null, gid=null, cwd=E:\WebstormProjects\app-backend-test, execPath=C:\Program Files\nodejs\node.exe, version=v12.13.1, argv=[C:\Program Files\nodejs\node.exe, E:\WebstormProjects\app-backend-test\server.js], rss=94355456, heapTotal=69947392, heapUsed=43290680, external=1845558, loadavg=[0, 0, 0], uptime=2332, trace=[column=15, file=internal/modules/cjs/loader.js, function=Module._resolveFilename, line=797, method=_resolveFilename, native=false, column=27, file=internal/modules/cjs/loader.js, function=Module._load, line=690, method=_load, native=false, column=19, file=internal/modules/cjs/loader.js, function=Module.require, line=852, method=require, native=false, column=18, file=internal/modules/cjs/helpers.js, function=require, line=74, method=null, native=false, column=19, file=E:\WebstormProjects\app-backend-test\server\controller\MemberController.js, function=null, line=10, method=null, native=false, column=30, file=internal/modules/cjs/loader.js, function=Module._compile, line=959, method=_compile, native=false, column=10, file=internal/modules/cjs/loader.js, function=Module._extensions..js, line=995, method=.js, native=false, column=32, file=internal/modules/cjs/loader.js, function=Module.load, line=815, method=load, native=false, column=14, file=internal/modules/cjs/loader.js, function=Module._load, line=727, method=_load, native=false, column=19, file=internal/modules/cjs/loader.js, function=Module.require, line=852, method=require, native=false], stack=[Error: Cannot find module '../model/UserModel', Require stack:, - E:\WebstormProjects\app-backend-test\server\controller\MemberController.js, - E:\WebstormProjects\app-backend-test\server\routes\member.js, - E:\WebstormProjects\app-backend-test\server\config\route-config.js, - E:\WebstormProjects\app-backend-test\server\app.js, - E:\WebstormProjects\app-backend-test\server.js,     at Function.Module._resolveFilename (internal/modules/cjs/loader.js:797:15),     at Function.Module._load (internal/modules/cjs/loader.js:690:27),     at Module.require (internal/modules/cjs/loader.js:852:19),     at require (internal/modules/cjs/helpers.js:74:18),     at Object.<anonymous> (E:\WebstormProjects\app-backend-test\server\controller\MemberController.js:10:19),     at Module._compile (internal/modules/cjs/loader.js:959:30),     at Object.Module._extensions..js (internal/modules/cjs/loader.js:995:10),     at Module.load (internal/modules/cjs/loader.js:815:32),     at Function.Module._load (internal/modules/cjs/loader.js:727:14),     at Module.require (internal/modules/cjs/loader.js:852:19)]
2019-12-30T02:09:44.777Z - error: uncaughtException: Cannot find module '../model/UserModel'
Require stack:
- E:\WebstormProjects\app-backend-test\server\controller\MemberController.js
- E:\WebstormProjects\app-backend-test\server\routes\member.js
- E:\WebstormProjects\app-backend-test\server\config\route-config.js
- E:\WebstormProjects\app-backend-test\server\app.js
- E:\WebstormProjects\app-backend-test\server.js date=Mon Dec 30 2019 10:09:44 GMT+0800 (GMT+08:00), pid=7492, uid=null, gid=null, cwd=E:\WebstormProjects\app-backend-test, execPath=C:\Program Files\nodejs\node.exe, version=v12.13.1, argv=[C:\Program Files\nodejs\node.exe, E:\WebstormProjects\app-backend-test\server.js], rss=93679616, heapTotal=69685248, heapUsed=43423168, external=1875739, loadavg=[0, 0, 0], uptime=2437, trace=[column=15, file=internal/modules/cjs/loader.js, function=Module._resolveFilename, line=797, method=_resolveFilename, native=false, column=27, file=internal/modules/cjs/loader.js, function=Module._load, line=690, method=_load, native=false, column=19, file=internal/modules/cjs/loader.js, function=Module.require, line=852, method=require, native=false, column=18, file=internal/modules/cjs/helpers.js, function=require, line=74, method=null, native=false, column=19, file=E:\WebstormProjects\app-backend-test\server\controller\MemberController.js, function=null, line=10, method=null, native=false, column=30, file=internal/modules/cjs/loader.js, function=Module._compile, line=959, method=_compile, native=false, column=10, file=internal/modules/cjs/loader.js, function=Module._extensions..js, line=995, method=.js, native=false, column=32, file=internal/modules/cjs/loader.js, function=Module.load, line=815, method=load, native=false, column=14, file=internal/modules/cjs/loader.js, function=Module._load, line=727, method=_load, native=false, column=19, file=internal/modules/cjs/loader.js, function=Module.require, line=852, method=require, native=false], stack=[Error: Cannot find module '../model/UserModel', Require stack:, - E:\WebstormProjects\app-backend-test\server\controller\MemberController.js, - E:\WebstormProjects\app-backend-test\server\routes\member.js, - E:\WebstormProjects\app-backend-test\server\config\route-config.js, - E:\WebstormProjects\app-backend-test\server\app.js, - E:\WebstormProjects\app-backend-test\server.js,     at Function.Module._resolveFilename (internal/modules/cjs/loader.js:797:15),     at Function.Module._load (internal/modules/cjs/loader.js:690:27),     at Module.require (internal/modules/cjs/loader.js:852:19),     at require (internal/modules/cjs/helpers.js:74:18),     at Object.<anonymous> (E:\WebstormProjects\app-backend-test\server\controller\MemberController.js:10:19),     at Module._compile (internal/modules/cjs/loader.js:959:30),     at Object.Module._extensions..js (internal/modules/cjs/loader.js:995:10),     at Module.load (internal/modules/cjs/loader.js:815:32),     at Function.Module._load (internal/modules/cjs/loader.js:727:14),     at Module.require (internal/modules/cjs/loader.js:852:19)]
2019-12-30T02:13:00.561Z - error: uncaughtException: Cannot find module '../model/UserModel'
Require stack:
- E:\WebstormProjects\app-backend-test\server\controller\MemberController.js
- E:\WebstormProjects\app-backend-test\server\routes\member.js
- E:\WebstormProjects\app-backend-test\server\config\route-config.js
- E:\WebstormProjects\app-backend-test\server\app.js
- E:\WebstormProjects\app-backend-test\server.js date=Mon Dec 30 2019 10:13:00 GMT+0800 (GMT+08:00), pid=7500, uid=null, gid=null, cwd=E:\WebstormProjects\app-backend-test, execPath=C:\Program Files\nodejs\node.exe, version=v12.13.1, argv=[C:\Program Files\nodejs\node.exe, E:\WebstormProjects\app-backend-test\server.js], rss=94330880, heapTotal=70733824, heapUsed=40387680, external=1440397, loadavg=[0, 0, 0], uptime=2633, trace=[column=15, file=internal/modules/cjs/loader.js, function=Module._resolveFilename, line=797, method=_resolveFilename, native=false, column=27, file=internal/modules/cjs/loader.js, function=Module._load, line=690, method=_load, native=false, column=19, file=internal/modules/cjs/loader.js, function=Module.require, line=852, method=require, native=false, column=18, file=internal/modules/cjs/helpers.js, function=require, line=74, method=null, native=false, column=19, file=E:\WebstormProjects\app-backend-test\server\controller\MemberController.js, function=null, line=10, method=null, native=false, column=30, file=internal/modules/cjs/loader.js, function=Module._compile, line=959, method=_compile, native=false, column=10, file=internal/modules/cjs/loader.js, function=Module._extensions..js, line=995, method=.js, native=false, column=32, file=internal/modules/cjs/loader.js, function=Module.load, line=815, method=load, native=false, column=14, file=internal/modules/cjs/loader.js, function=Module._load, line=727, method=_load, native=false, column=19, file=internal/modules/cjs/loader.js, function=Module.require, line=852, method=require, native=false], stack=[Error: Cannot find module '../model/UserModel', Require stack:, - E:\WebstormProjects\app-backend-test\server\controller\MemberController.js, - E:\WebstormProjects\app-backend-test\server\routes\member.js, - E:\WebstormProjects\app-backend-test\server\config\route-config.js, - E:\WebstormProjects\app-backend-test\server\app.js, - E:\WebstormProjects\app-backend-test\server.js,     at Function.Module._resolveFilename (internal/modules/cjs/loader.js:797:15),     at Function.Module._load (internal/modules/cjs/loader.js:690:27),     at Module.require (internal/modules/cjs/loader.js:852:19),     at require (internal/modules/cjs/helpers.js:74:18),     at Object.<anonymous> (E:\WebstormProjects\app-backend-test\server\controller\MemberController.js:10:19),     at Module._compile (internal/modules/cjs/loader.js:959:30),     at Object.Module._extensions..js (internal/modules/cjs/loader.js:995:10),     at Module.load (internal/modules/cjs/loader.js:815:32),     at Function.Module._load (internal/modules/cjs/loader.js:727:14),     at Module.require (internal/modules/cjs/loader.js:852:19)]
2019-12-30T02:15:09.395Z - error: uncaughtException: Cannot find module '../model/UserModel'
Require stack:
- E:\WebstormProjects\app-backend-test\server\controller\MemberController.js
- E:\WebstormProjects\app-backend-test\server\routes\member.js
- E:\WebstormProjects\app-backend-test\server\config\route-config.js
- E:\WebstormProjects\app-backend-test\server\app.js
- E:\WebstormProjects\app-backend-test\server.js date=Mon Dec 30 2019 10:15:09 GMT+0800 (GMT+08:00), pid=2444, uid=null, gid=null, cwd=E:\WebstormProjects\app-backend-test, execPath=C:\Program Files\nodejs\node.exe, version=v12.13.1, argv=[C:\Program Files\nodejs\node.exe, E:\WebstormProjects\app-backend-test\server.js], rss=94781440, heapTotal=70733824, heapUsed=40473928, external=1440397, loadavg=[0, 0, 0], uptime=2761, trace=[column=15, file=internal/modules/cjs/loader.js, function=Module._resolveFilename, line=797, method=_resolveFilename, native=false, column=27, file=internal/modules/cjs/loader.js, function=Module._load, line=690, method=_load, native=false, column=19, file=internal/modules/cjs/loader.js, function=Module.require, line=852, method=require, native=false, column=18, file=internal/modules/cjs/helpers.js, function=require, line=74, method=null, native=false, column=19, file=E:\WebstormProjects\app-backend-test\server\controller\MemberController.js, function=null, line=10, method=null, native=false, column=30, file=internal/modules/cjs/loader.js, function=Module._compile, line=959, method=_compile, native=false, column=10, file=internal/modules/cjs/loader.js, function=Module._extensions..js, line=995, method=.js, native=false, column=32, file=internal/modules/cjs/loader.js, function=Module.load, line=815, method=load, native=false, column=14, file=internal/modules/cjs/loader.js, function=Module._load, line=727, method=_load, native=false, column=19, file=internal/modules/cjs/loader.js, function=Module.require, line=852, method=require, native=false], stack=[Error: Cannot find module '../model/UserModel', Require stack:, - E:\WebstormProjects\app-backend-test\server\controller\MemberController.js, - E:\WebstormProjects\app-backend-test\server\routes\member.js, - E:\WebstormProjects\app-backend-test\server\config\route-config.js, - E:\WebstormProjects\app-backend-test\server\app.js, - E:\WebstormProjects\app-backend-test\server.js,     at Function.Module._resolveFilename (internal/modules/cjs/loader.js:797:15),     at Function.Module._load (internal/modules/cjs/loader.js:690:27),     at Module.require (internal/modules/cjs/loader.js:852:19),     at require (internal/modules/cjs/helpers.js:74:18),     at Object.<anonymous> (E:\WebstormProjects\app-backend-test\server\controller\MemberController.js:10:19),     at Module._compile (internal/modules/cjs/loader.js:959:30),     at Object.Module._extensions..js (internal/modules/cjs/loader.js:995:10),     at Module.load (internal/modules/cjs/loader.js:815:32),     at Function.Module._load (internal/modules/cjs/loader.js:727:14),     at Module.require (internal/modules/cjs/loader.js:852:19)]
2019-12-30T02:15:36.691Z - error: uncaughtException: Cannot find module '../model/UserModel'
Require stack:
- E:\WebstormProjects\app-backend-test\server\controller\MemberController.js
- E:\WebstormProjects\app-backend-test\server\routes\member.js
- E:\WebstormProjects\app-backend-test\server\config\route-config.js
- E:\WebstormProjects\app-backend-test\server\app.js
- E:\WebstormProjects\app-backend-test\server.js date=Mon Dec 30 2019 10:15:36 GMT+0800 (GMT+08:00), pid=3516, uid=null, gid=null, cwd=E:\WebstormProjects\app-backend-test, execPath=C:\Program Files\nodejs\node.exe, version=v12.13.1, argv=[C:\Program Files\nodejs\node.exe, E:\WebstormProjects\app-backend-test\server.js], rss=94531584, heapTotal=71258112, heapUsed=40407696, external=1440397, loadavg=[0, 0, 0], uptime=2789, trace=[column=15, file=internal/modules/cjs/loader.js, function=Module._resolveFilename, line=797, method=_resolveFilename, native=false, column=27, file=internal/modules/cjs/loader.js, function=Module._load, line=690, method=_load, native=false, column=19, file=internal/modules/cjs/loader.js, function=Module.require, line=852, method=require, native=false, column=18, file=internal/modules/cjs/helpers.js, function=require, line=74, method=null, native=false, column=19, file=E:\WebstormProjects\app-backend-test\server\controller\MemberController.js, function=null, line=10, method=null, native=false, column=30, file=internal/modules/cjs/loader.js, function=Module._compile, line=959, method=_compile, native=false, column=10, file=internal/modules/cjs/loader.js, function=Module._extensions..js, line=995, method=.js, native=false, column=32, file=internal/modules/cjs/loader.js, function=Module.load, line=815, method=load, native=false, column=14, file=internal/modules/cjs/loader.js, function=Module._load, line=727, method=_load, native=false, column=19, file=internal/modules/cjs/loader.js, function=Module.require, line=852, method=require, native=false], stack=[Error: Cannot find module '../model/UserModel', Require stack:, - E:\WebstormProjects\app-backend-test\server\controller\MemberController.js, - E:\WebstormProjects\app-backend-test\server\routes\member.js, - E:\WebstormProjects\app-backend-test\server\config\route-config.js, - E:\WebstormProjects\app-backend-test\server\app.js, - E:\WebstormProjects\app-backend-test\server.js,     at Function.Module._resolveFilename (internal/modules/cjs/loader.js:797:15),     at Function.Module._load (internal/modules/cjs/loader.js:690:27),     at Module.require (internal/modules/cjs/loader.js:852:19),     at require (internal/modules/cjs/helpers.js:74:18),     at Object.<anonymous> (E:\WebstormProjects\app-backend-test\server\controller\MemberController.js:10:19),     at Module._compile (internal/modules/cjs/loader.js:959:30),     at Object.Module._extensions..js (internal/modules/cjs/loader.js:995:10),     at Module.load (internal/modules/cjs/loader.js:815:32),     at Function.Module._load (internal/modules/cjs/loader.js:727:14),     at Module.require (internal/modules/cjs/loader.js:852:19)]
2019-12-30T02:18:39.010Z - error: uncaughtException: Cannot find module '../model/UserModel'
Require stack:
- E:\WebstormProjects\app-backend-test\server\controller\MemberController.js
- E:\WebstormProjects\app-backend-test\server\routes\member.js
- E:\WebstormProjects\app-backend-test\server\config\route-config.js
- E:\WebstormProjects\app-backend-test\server\app.js
- E:\WebstormProjects\app-backend-test\server.js date=Mon Dec 30 2019 10:18:38 GMT+0800 (GMT+08:00), pid=3956, uid=null, gid=null, cwd=E:\WebstormProjects\app-backend-test, execPath=C:\Program Files\nodejs\node.exe, version=v12.13.1, argv=[C:\Program Files\nodejs\node.exe, E:\WebstormProjects\app-backend-test\server.js], rss=94060544, heapTotal=69685248, heapUsed=43293912, external=1853750, loadavg=[0, 0, 0], uptime=2971, trace=[column=15, file=internal/modules/cjs/loader.js, function=Module._resolveFilename, line=797, method=_resolveFilename, native=false, column=27, file=internal/modules/cjs/loader.js, function=Module._load, line=690, method=_load, native=false, column=19, file=internal/modules/cjs/loader.js, function=Module.require, line=852, method=require, native=false, column=18, file=internal/modules/cjs/helpers.js, function=require, line=74, method=null, native=false, column=19, file=E:\WebstormProjects\app-backend-test\server\controller\MemberController.js, function=null, line=10, method=null, native=false, column=30, file=internal/modules/cjs/loader.js, function=Module._compile, line=959, method=_compile, native=false, column=10, file=internal/modules/cjs/loader.js, function=Module._extensions..js, line=995, method=.js, native=false, column=32, file=internal/modules/cjs/loader.js, function=Module.load, line=815, method=load, native=false, column=14, file=internal/modules/cjs/loader.js, function=Module._load, line=727, method=_load, native=false, column=19, file=internal/modules/cjs/loader.js, function=Module.require, line=852, method=require, native=false], stack=[Error: Cannot find module '../model/UserModel', Require stack:, - E:\WebstormProjects\app-backend-test\server\controller\MemberController.js, - E:\WebstormProjects\app-backend-test\server\routes\member.js, - E:\WebstormProjects\app-backend-test\server\config\route-config.js, - E:\WebstormProjects\app-backend-test\server\app.js, - E:\WebstormProjects\app-backend-test\server.js,     at Function.Module._resolveFilename (internal/modules/cjs/loader.js:797:15),     at Function.Module._load (internal/modules/cjs/loader.js:690:27),     at Module.require (internal/modules/cjs/loader.js:852:19),     at require (internal/modules/cjs/helpers.js:74:18),     at Object.<anonymous> (E:\WebstormProjects\app-backend-test\server\controller\MemberController.js:10:19),     at Module._compile (internal/modules/cjs/loader.js:959:30),     at Object.Module._extensions..js (internal/modules/cjs/loader.js:995:10),     at Module.load (internal/modules/cjs/loader.js:815:32),     at Function.Module._load (internal/modules/cjs/loader.js:727:14),     at Module.require (internal/modules/cjs/loader.js:852:19)]
2019-12-30T02:19:03.544Z - error: uncaughtException: Cannot find module '../model/UserModel'
Require stack:
- E:\WebstormProjects\app-backend-test\server\controller\MemberController.js
- E:\WebstormProjects\app-backend-test\server\routes\member.js
- E:\WebstormProjects\app-backend-test\server\config\route-config.js
- E:\WebstormProjects\app-backend-test\server\app.js
- E:\WebstormProjects\app-backend-test\server.js date=Mon Dec 30 2019 10:19:03 GMT+0800 (GMT+08:00), pid=4220, uid=null, gid=null, cwd=E:\WebstormProjects\app-backend-test, execPath=C:\Program Files\nodejs\node.exe, version=v12.13.1, argv=[C:\Program Files\nodejs\node.exe, E:\WebstormProjects\app-backend-test\server.js], rss=94511104, heapTotal=70733824, heapUsed=40546120, external=1440397, loadavg=[0, 0, 0], uptime=2996, trace=[column=15, file=internal/modules/cjs/loader.js, function=Module._resolveFilename, line=797, method=_resolveFilename, native=false, column=27, file=internal/modules/cjs/loader.js, function=Module._load, line=690, method=_load, native=false, column=19, file=internal/modules/cjs/loader.js, function=Module.require, line=852, method=require, native=false, column=18, file=internal/modules/cjs/helpers.js, function=require, line=74, method=null, native=false, column=19, file=E:\WebstormProjects\app-backend-test\server\controller\MemberController.js, function=null, line=10, method=null, native=false, column=30, file=internal/modules/cjs/loader.js, function=Module._compile, line=959, method=_compile, native=false, column=10, file=internal/modules/cjs/loader.js, function=Module._extensions..js, line=995, method=.js, native=false, column=32, file=internal/modules/cjs/loader.js, function=Module.load, line=815, method=load, native=false, column=14, file=internal/modules/cjs/loader.js, function=Module._load, line=727, method=_load, native=false, column=19, file=internal/modules/cjs/loader.js, function=Module.require, line=852, method=require, native=false], stack=[Error: Cannot find module '../model/UserModel', Require stack:, - E:\WebstormProjects\app-backend-test\server\controller\MemberController.js, - E:\WebstormProjects\app-backend-test\server\routes\member.js, - E:\WebstormProjects\app-backend-test\server\config\route-config.js, - E:\WebstormProjects\app-backend-test\server\app.js, - E:\WebstormProjects\app-backend-test\server.js,     at Function.Module._resolveFilename (internal/modules/cjs/loader.js:797:15),     at Function.Module._load (internal/modules/cjs/loader.js:690:27),     at Module.require (internal/modules/cjs/loader.js:852:19),     at require (internal/modules/cjs/helpers.js:74:18),     at Object.<anonymous> (E:\WebstormProjects\app-backend-test\server\controller\MemberController.js:10:19),     at Module._compile (internal/modules/cjs/loader.js:959:30),     at Object.Module._extensions..js (internal/modules/cjs/loader.js:995:10),     at Module.load (internal/modules/cjs/loader.js:815:32),     at Function.Module._load (internal/modules/cjs/loader.js:727:14),     at Module.require (internal/modules/cjs/loader.js:852:19)]
2019-12-30T02:19:51.178Z - error: uncaughtException: Cannot find module '../model/UserModel'
Require stack:
- E:\WebstormProjects\app-backend-test\server\controller\MemberController.js
- E:\WebstormProjects\app-backend-test\server\routes\member.js
- E:\WebstormProjects\app-backend-test\server\config\route-config.js
- E:\WebstormProjects\app-backend-test\server\app.js
- E:\WebstormProjects\app-backend-test\server.js date=Mon Dec 30 2019 10:19:51 GMT+0800 (GMT+08:00), pid=1856, uid=null, gid=null, cwd=E:\WebstormProjects\app-backend-test, execPath=C:\Program Files\nodejs\node.exe, version=v12.13.1, argv=[C:\Program Files\nodejs\node.exe, E:\WebstormProjects\app-backend-test\server.js], rss=94138368, heapTotal=69947392, heapUsed=43367680, external=1853750, loadavg=[0, 0, 0], uptime=3043, trace=[column=15, file=internal/modules/cjs/loader.js, function=Module._resolveFilename, line=797, method=_resolveFilename, native=false, column=27, file=internal/modules/cjs/loader.js, function=Module._load, line=690, method=_load, native=false, column=19, file=internal/modules/cjs/loader.js, function=Module.require, line=852, method=require, native=false, column=18, file=internal/modules/cjs/helpers.js, function=require, line=74, method=null, native=false, column=19, file=E:\WebstormProjects\app-backend-test\server\controller\MemberController.js, function=null, line=10, method=null, native=false, column=30, file=internal/modules/cjs/loader.js, function=Module._compile, line=959, method=_compile, native=false, column=10, file=internal/modules/cjs/loader.js, function=Module._extensions..js, line=995, method=.js, native=false, column=32, file=internal/modules/cjs/loader.js, function=Module.load, line=815, method=load, native=false, column=14, file=internal/modules/cjs/loader.js, function=Module._load, line=727, method=_load, native=false, column=19, file=internal/modules/cjs/loader.js, function=Module.require, line=852, method=require, native=false], stack=[Error: Cannot find module '../model/UserModel', Require stack:, - E:\WebstormProjects\app-backend-test\server\controller\MemberController.js, - E:\WebstormProjects\app-backend-test\server\routes\member.js, - E:\WebstormProjects\app-backend-test\server\config\route-config.js, - E:\WebstormProjects\app-backend-test\server\app.js, - E:\WebstormProjects\app-backend-test\server.js,     at Function.Module._resolveFilename (internal/modules/cjs/loader.js:797:15),     at Function.Module._load (internal/modules/cjs/loader.js:690:27),     at Module.require (internal/modules/cjs/loader.js:852:19),     at require (internal/modules/cjs/helpers.js:74:18),     at Object.<anonymous> (E:\WebstormProjects\app-backend-test\server\controller\MemberController.js:10:19),     at Module._compile (internal/modules/cjs/loader.js:959:30),     at Object.Module._extensions..js (internal/modules/cjs/loader.js:995:10),     at Module.load (internal/modules/cjs/loader.js:815:32),     at Function.Module._load (internal/modules/cjs/loader.js:727:14),     at Module.require (internal/modules/cjs/loader.js:852:19)]
2019-12-30T02:20:10.896Z - error: uncaughtException: Cannot find module '../model/UserModel'
Require stack:
- E:\WebstormProjects\app-backend-test\server\controller\MemberController.js
- E:\WebstormProjects\app-backend-test\server\routes\member.js
- E:\WebstormProjects\app-backend-test\server\config\route-config.js
- E:\WebstormProjects\app-backend-test\server\app.js
- E:\WebstormProjects\app-backend-test\server.js date=Mon Dec 30 2019 10:20:10 GMT+0800 (GMT+08:00), pid=7316, uid=null, gid=null, cwd=E:\WebstormProjects\app-backend-test, execPath=C:\Program Files\nodejs\node.exe, version=v12.13.1, argv=[C:\Program Files\nodejs\node.exe, E:\WebstormProjects\app-backend-test\server.js], rss=93831168, heapTotal=69685248, heapUsed=43192544, external=1836017, loadavg=[0, 0, 0], uptime=3063, trace=[column=15, file=internal/modules/cjs/loader.js, function=Module._resolveFilename, line=797, method=_resolveFilename, native=false, column=27, file=internal/modules/cjs/loader.js, function=Module._load, line=690, method=_load, native=false, column=19, file=internal/modules/cjs/loader.js, function=Module.require, line=852, method=require, native=false, column=18, file=internal/modules/cjs/helpers.js, function=require, line=74, method=null, native=false, column=19, file=E:\WebstormProjects\app-backend-test\server\controller\MemberController.js, function=null, line=10, method=null, native=false, column=30, file=internal/modules/cjs/loader.js, function=Module._compile, line=959, method=_compile, native=false, column=10, file=internal/modules/cjs/loader.js, function=Module._extensions..js, line=995, method=.js, native=false, column=32, file=internal/modules/cjs/loader.js, function=Module.load, line=815, method=load, native=false, column=14, file=internal/modules/cjs/loader.js, function=Module._load, line=727, method=_load, native=false, column=19, file=internal/modules/cjs/loader.js, function=Module.require, line=852, method=require, native=false], stack=[Error: Cannot find module '../model/UserModel', Require stack:, - E:\WebstormProjects\app-backend-test\server\controller\MemberController.js, - E:\WebstormProjects\app-backend-test\server\routes\member.js, - E:\WebstormProjects\app-backend-test\server\config\route-config.js, - E:\WebstormProjects\app-backend-test\server\app.js, - E:\WebstormProjects\app-backend-test\server.js,     at Function.Module._resolveFilename (internal/modules/cjs/loader.js:797:15),     at Function.Module._load (internal/modules/cjs/loader.js:690:27),     at Module.require (internal/modules/cjs/loader.js:852:19),     at require (internal/modules/cjs/helpers.js:74:18),     at Object.<anonymous> (E:\WebstormProjects\app-backend-test\server\controller\MemberController.js:10:19),     at Module._compile (internal/modules/cjs/loader.js:959:30),     at Object.Module._extensions..js (internal/modules/cjs/loader.js:995:10),     at Module.load (internal/modules/cjs/loader.js:815:32),     at Function.Module._load (internal/modules/cjs/loader.js:727:14),     at Module.require (internal/modules/cjs/loader.js:852:19)]
2019-12-30T02:22:55.191Z - error: uncaughtException: Cannot find module '../model/UserModel'
Require stack:
- E:\WebstormProjects\app-backend-test\server\controller\MemberController.js
- E:\WebstormProjects\app-backend-test\server\routes\member.js
- E:\WebstormProjects\app-backend-test\server\config\route-config.js
- E:\WebstormProjects\app-backend-test\server\app.js
- E:\WebstormProjects\app-backend-test\server.js date=Mon Dec 30 2019 10:22:55 GMT+0800 (GMT+08:00), pid=5788, uid=null, gid=null, cwd=E:\WebstormProjects\app-backend-test, execPath=C:\Program Files\nodejs\node.exe, version=v12.13.1, argv=[C:\Program Files\nodejs\node.exe, E:\WebstormProjects\app-backend-test\server.js], rss=93454336, heapTotal=69423104, heapUsed=43290712, external=1875739, loadavg=[0, 0, 0], uptime=3227, trace=[column=15, file=internal/modules/cjs/loader.js, function=Module._resolveFilename, line=797, method=_resolveFilename, native=false, column=27, file=internal/modules/cjs/loader.js, function=Module._load, line=690, method=_load, native=false, column=19, file=internal/modules/cjs/loader.js, function=Module.require, line=852, method=require, native=false, column=18, file=internal/modules/cjs/helpers.js, function=require, line=74, method=null, native=false, column=19, file=E:\WebstormProjects\app-backend-test\server\controller\MemberController.js, function=null, line=10, method=null, native=false, column=30, file=internal/modules/cjs/loader.js, function=Module._compile, line=959, method=_compile, native=false, column=10, file=internal/modules/cjs/loader.js, function=Module._extensions..js, line=995, method=.js, native=false, column=32, file=internal/modules/cjs/loader.js, function=Module.load, line=815, method=load, native=false, column=14, file=internal/modules/cjs/loader.js, function=Module._load, line=727, method=_load, native=false, column=19, file=internal/modules/cjs/loader.js, function=Module.require, line=852, method=require, native=false], stack=[Error: Cannot find module '../model/UserModel', Require stack:, - E:\WebstormProjects\app-backend-test\server\controller\MemberController.js, - E:\WebstormProjects\app-backend-test\server\routes\member.js, - E:\WebstormProjects\app-backend-test\server\config\route-config.js, - E:\WebstormProjects\app-backend-test\server\app.js, - E:\WebstormProjects\app-backend-test\server.js,     at Function.Module._resolveFilename (internal/modules/cjs/loader.js:797:15),     at Function.Module._load (internal/modules/cjs/loader.js:690:27),     at Module.require (internal/modules/cjs/loader.js:852:19),     at require (internal/modules/cjs/helpers.js:74:18),     at Object.<anonymous> (E:\WebstormProjects\app-backend-test\server\controller\MemberController.js:10:19),     at Module._compile (internal/modules/cjs/loader.js:959:30),     at Object.Module._extensions..js (internal/modules/cjs/loader.js:995:10),     at Module.load (internal/modules/cjs/loader.js:815:32),     at Function.Module._load (internal/modules/cjs/loader.js:727:14),     at Module.require (internal/modules/cjs/loader.js:852:19)]
2019-12-30T02:23:35.325Z - error: uncaughtException: Cannot find module '../model/UserModel'
Require stack:
- E:\WebstormProjects\app-backend-test\server\controller\MemberController.js
- E:\WebstormProjects\app-backend-test\server\routes\member.js
- E:\WebstormProjects\app-backend-test\server\config\route-config.js
- E:\WebstormProjects\app-backend-test\server\app.js
- E:\WebstormProjects\app-backend-test\server.js date=Mon Dec 30 2019 10:23:35 GMT+0800 (GMT+08:00), pid=8708, uid=null, gid=null, cwd=E:\WebstormProjects\app-backend-test, execPath=C:\Program Files\nodejs\node.exe, version=v12.13.1, argv=[C:\Program Files\nodejs\node.exe, E:\WebstormProjects\app-backend-test\server.js], rss=93650944, heapTotal=69423104, heapUsed=43250432, external=1845558, loadavg=[0, 0, 0], uptime=3267, trace=[column=15, file=internal/modules/cjs/loader.js, function=Module._resolveFilename, line=797, method=_resolveFilename, native=false, column=27, file=internal/modules/cjs/loader.js, function=Module._load, line=690, method=_load, native=false, column=19, file=internal/modules/cjs/loader.js, function=Module.require, line=852, method=require, native=false, column=18, file=internal/modules/cjs/helpers.js, function=require, line=74, method=null, native=false, column=19, file=E:\WebstormProjects\app-backend-test\server\controller\MemberController.js, function=null, line=10, method=null, native=false, column=30, file=internal/modules/cjs/loader.js, function=Module._compile, line=959, method=_compile, native=false, column=10, file=internal/modules/cjs/loader.js, function=Module._extensions..js, line=995, method=.js, native=false, column=32, file=internal/modules/cjs/loader.js, function=Module.load, line=815, method=load, native=false, column=14, file=internal/modules/cjs/loader.js, function=Module._load, line=727, method=_load, native=false, column=19, file=internal/modules/cjs/loader.js, function=Module.require, line=852, method=require, native=false], stack=[Error: Cannot find module '../model/UserModel', Require stack:, - E:\WebstormProjects\app-backend-test\server\controller\MemberController.js, - E:\WebstormProjects\app-backend-test\server\routes\member.js, - E:\WebstormProjects\app-backend-test\server\config\route-config.js, - E:\WebstormProjects\app-backend-test\server\app.js, - E:\WebstormProjects\app-backend-test\server.js,     at Function.Module._resolveFilename (internal/modules/cjs/loader.js:797:15),     at Function.Module._load (internal/modules/cjs/loader.js:690:27),     at Module.require (internal/modules/cjs/loader.js:852:19),     at require (internal/modules/cjs/helpers.js:74:18),     at Object.<anonymous> (E:\WebstormProjects\app-backend-test\server\controller\MemberController.js:10:19),     at Module._compile (internal/modules/cjs/loader.js:959:30),     at Object.Module._extensions..js (internal/modules/cjs/loader.js:995:10),     at Module.load (internal/modules/cjs/loader.js:815:32),     at Function.Module._load (internal/modules/cjs/loader.js:727:14),     at Module.require (internal/modules/cjs/loader.js:852:19)]
2019-12-30T02:24:06.013Z - error: uncaughtException: Cannot find module '../model/UserModel'
Require stack:
- E:\WebstormProjects\app-backend-test\server\controller\MemberController.js
- E:\WebstormProjects\app-backend-test\server\routes\member.js
- E:\WebstormProjects\app-backend-test\server\config\route-config.js
- E:\WebstormProjects\app-backend-test\server\app.js
- E:\WebstormProjects\app-backend-test\server.js date=Mon Dec 30 2019 10:24:05 GMT+0800 (GMT+08:00), pid=2108, uid=null, gid=null, cwd=E:\WebstormProjects\app-backend-test, execPath=C:\Program Files\nodejs\node.exe, version=v12.13.1, argv=[C:\Program Files\nodejs\node.exe, E:\WebstormProjects\app-backend-test\server.js], rss=93360128, heapTotal=69423104, heapUsed=43296272, external=1853750, loadavg=[0, 0, 0], uptime=3298, trace=[column=15, file=internal/modules/cjs/loader.js, function=Module._resolveFilename, line=797, method=_resolveFilename, native=false, column=27, file=internal/modules/cjs/loader.js, function=Module._load, line=690, method=_load, native=false, column=19, file=internal/modules/cjs/loader.js, function=Module.require, line=852, method=require, native=false, column=18, file=internal/modules/cjs/helpers.js, function=require, line=74, method=null, native=false, column=19, file=E:\WebstormProjects\app-backend-test\server\controller\MemberController.js, function=null, line=10, method=null, native=false, column=30, file=internal/modules/cjs/loader.js, function=Module._compile, line=959, method=_compile, native=false, column=10, file=internal/modules/cjs/loader.js, function=Module._extensions..js, line=995, method=.js, native=false, column=32, file=internal/modules/cjs/loader.js, function=Module.load, line=815, method=load, native=false, column=14, file=internal/modules/cjs/loader.js, function=Module._load, line=727, method=_load, native=false, column=19, file=internal/modules/cjs/loader.js, function=Module.require, line=852, method=require, native=false], stack=[Error: Cannot find module '../model/UserModel', Require stack:, - E:\WebstormProjects\app-backend-test\server\controller\MemberController.js, - E:\WebstormProjects\app-backend-test\server\routes\member.js, - E:\WebstormProjects\app-backend-test\server\config\route-config.js, - E:\WebstormProjects\app-backend-test\server\app.js, - E:\WebstormProjects\app-backend-test\server.js,     at Function.Module._resolveFilename (internal/modules/cjs/loader.js:797:15),     at Function.Module._load (internal/modules/cjs/loader.js:690:27),     at Module.require (internal/modules/cjs/loader.js:852:19),     at require (internal/modules/cjs/helpers.js:74:18),     at Object.<anonymous> (E:\WebstormProjects\app-backend-test\server\controller\MemberController.js:10:19),     at Module._compile (internal/modules/cjs/loader.js:959:30),     at Object.Module._extensions..js (internal/modules/cjs/loader.js:995:10),     at Module.load (internal/modules/cjs/loader.js:815:32),     at Function.Module._load (internal/modules/cjs/loader.js:727:14),     at Module.require (internal/modules/cjs/loader.js:852:19)]
2019-12-30T02:26:32.855Z - error: uncaughtException: Cannot find module '../model/UserModel'
Require stack:
- E:\WebstormProjects\app-backend-test\server\controller\MemberController.js
- E:\WebstormProjects\app-backend-test\server\routes\member.js
- E:\WebstormProjects\app-backend-test\server\config\route-config.js
- E:\WebstormProjects\app-backend-test\server\app.js
- E:\WebstormProjects\app-backend-test\server.js date=Mon Dec 30 2019 10:26:32 GMT+0800 (GMT+08:00), pid=3660, uid=null, gid=null, cwd=E:\WebstormProjects\app-backend-test, execPath=C:\Program Files\nodejs\node.exe, version=v12.13.1, argv=[C:\Program Files\nodejs\node.exe, E:\WebstormProjects\app-backend-test\server.js], rss=94019584, heapTotal=69947392, heapUsed=43287584, external=1845558, loadavg=[0, 0, 0], uptime=3445, trace=[column=15, file=internal/modules/cjs/loader.js, function=Module._resolveFilename, line=797, method=_resolveFilename, native=false, column=27, file=internal/modules/cjs/loader.js, function=Module._load, line=690, method=_load, native=false, column=19, file=internal/modules/cjs/loader.js, function=Module.require, line=852, method=require, native=false, column=18, file=internal/modules/cjs/helpers.js, function=require, line=74, method=null, native=false, column=19, file=E:\WebstormProjects\app-backend-test\server\controller\MemberController.js, function=null, line=10, method=null, native=false, column=30, file=internal/modules/cjs/loader.js, function=Module._compile, line=959, method=_compile, native=false, column=10, file=internal/modules/cjs/loader.js, function=Module._extensions..js, line=995, method=.js, native=false, column=32, file=internal/modules/cjs/loader.js, function=Module.load, line=815, method=load, native=false, column=14, file=internal/modules/cjs/loader.js, function=Module._load, line=727, method=_load, native=false, column=19, file=internal/modules/cjs/loader.js, function=Module.require, line=852, method=require, native=false], stack=[Error: Cannot find module '../model/UserModel', Require stack:, - E:\WebstormProjects\app-backend-test\server\controller\MemberController.js, - E:\WebstormProjects\app-backend-test\server\routes\member.js, - E:\WebstormProjects\app-backend-test\server\config\route-config.js, - E:\WebstormProjects\app-backend-test\server\app.js, - E:\WebstormProjects\app-backend-test\server.js,     at Function.Module._resolveFilename (internal/modules/cjs/loader.js:797:15),     at Function.Module._load (internal/modules/cjs/loader.js:690:27),     at Module.require (internal/modules/cjs/loader.js:852:19),     at require (internal/modules/cjs/helpers.js:74:18),     at Object.<anonymous> (E:\WebstormProjects\app-backend-test\server\controller\MemberController.js:10:19),     at Module._compile (internal/modules/cjs/loader.js:959:30),     at Object.Module._extensions..js (internal/modules/cjs/loader.js:995:10),     at Module.load (internal/modules/cjs/loader.js:815:32),     at Function.Module._load (internal/modules/cjs/loader.js:727:14),     at Module.require (internal/modules/cjs/loader.js:852:19)]
2019-12-30T02:30:02.213Z - error: uncaughtException: Cannot find module '../model/UserModel'
Require stack:
- E:\WebstormProjects\app-backend-test\server\controller\MemberController.js
- E:\WebstormProjects\app-backend-test\server\routes\member.js
- E:\WebstormProjects\app-backend-test\server\config\route-config.js
- E:\WebstormProjects\app-backend-test\server\app.js
- E:\WebstormProjects\app-backend-test\server.js date=Mon Dec 30 2019 10:30:02 GMT+0800 (GMT+08:00), pid=3920, uid=null, gid=null, cwd=E:\WebstormProjects\app-backend-test, execPath=C:\Program Files\nodejs\node.exe, version=v12.13.1, argv=[C:\Program Files\nodejs\node.exe, E:\WebstormProjects\app-backend-test\server.js], rss=93728768, heapTotal=69947392, heapUsed=43180608, external=1853750, loadavg=[0, 0, 0], uptime=3654, trace=[column=15, file=internal/modules/cjs/loader.js, function=Module._resolveFilename, line=797, method=_resolveFilename, native=false, column=27, file=internal/modules/cjs/loader.js, function=Module._load, line=690, method=_load, native=false, column=19, file=internal/modules/cjs/loader.js, function=Module.require, line=852, method=require, native=false, column=18, file=internal/modules/cjs/helpers.js, function=require, line=74, method=null, native=false, column=19, file=E:\WebstormProjects\app-backend-test\server\controller\MemberController.js, function=null, line=10, method=null, native=false, column=30, file=internal/modules/cjs/loader.js, function=Module._compile, line=959, method=_compile, native=false, column=10, file=internal/modules/cjs/loader.js, function=Module._extensions..js, line=995, method=.js, native=false, column=32, file=internal/modules/cjs/loader.js, function=Module.load, line=815, method=load, native=false, column=14, file=internal/modules/cjs/loader.js, function=Module._load, line=727, method=_load, native=false, column=19, file=internal/modules/cjs/loader.js, function=Module.require, line=852, method=require, native=false], stack=[Error: Cannot find module '../model/UserModel', Require stack:, - E:\WebstormProjects\app-backend-test\server\controller\MemberController.js, - E:\WebstormProjects\app-backend-test\server\routes\member.js, - E:\WebstormProjects\app-backend-test\server\config\route-config.js, - E:\WebstormProjects\app-backend-test\server\app.js, - E:\WebstormProjects\app-backend-test\server.js,     at Function.Module._resolveFilename (internal/modules/cjs/loader.js:797:15),     at Function.Module._load (internal/modules/cjs/loader.js:690:27),     at Module.require (internal/modules/cjs/loader.js:852:19),     at require (internal/modules/cjs/helpers.js:74:18),     at Object.<anonymous> (E:\WebstormProjects\app-backend-test\server\controller\MemberController.js:10:19),     at Module._compile (internal/modules/cjs/loader.js:959:30),     at Object.Module._extensions..js (internal/modules/cjs/loader.js:995:10),     at Module.load (internal/modules/cjs/loader.js:815:32),     at Function.Module._load (internal/modules/cjs/loader.js:727:14),     at Module.require (internal/modules/cjs/loader.js:852:19)]
2019-12-30T02:30:05.221Z - error: uncaughtException: Cannot find module '../model/UserModel'
Require stack:
- E:\WebstormProjects\app-backend-test\server\controller\MemberController.js
- E:\WebstormProjects\app-backend-test\server\routes\member.js
- E:\WebstormProjects\app-backend-test\server\config\route-config.js
- E:\WebstormProjects\app-backend-test\server\app.js
- E:\WebstormProjects\app-backend-test\server.js date=Mon Dec 30 2019 10:30:05 GMT+0800 (GMT+08:00), pid=3212, uid=null, gid=null, cwd=E:\WebstormProjects\app-backend-test, execPath=C:\Program Files\nodejs\node.exe, version=v12.13.1, argv=[C:\Program Files\nodejs\node.exe, E:\WebstormProjects\app-backend-test\server.js], rss=93839360, heapTotal=69685248, heapUsed=43280496, external=1853750, loadavg=[0, 0, 0], uptime=3657, trace=[column=15, file=internal/modules/cjs/loader.js, function=Module._resolveFilename, line=797, method=_resolveFilename, native=false, column=27, file=internal/modules/cjs/loader.js, function=Module._load, line=690, method=_load, native=false, column=19, file=internal/modules/cjs/loader.js, function=Module.require, line=852, method=require, native=false, column=18, file=internal/modules/cjs/helpers.js, function=require, line=74, method=null, native=false, column=19, file=E:\WebstormProjects\app-backend-test\server\controller\MemberController.js, function=null, line=10, method=null, native=false, column=30, file=internal/modules/cjs/loader.js, function=Module._compile, line=959, method=_compile, native=false, column=10, file=internal/modules/cjs/loader.js, function=Module._extensions..js, line=995, method=.js, native=false, column=32, file=internal/modules/cjs/loader.js, function=Module.load, line=815, method=load, native=false, column=14, file=internal/modules/cjs/loader.js, function=Module._load, line=727, method=_load, native=false, column=19, file=internal/modules/cjs/loader.js, function=Module.require, line=852, method=require, native=false], stack=[Error: Cannot find module '../model/UserModel', Require stack:, - E:\WebstormProjects\app-backend-test\server\controller\MemberController.js, - E:\WebstormProjects\app-backend-test\server\routes\member.js, - E:\WebstormProjects\app-backend-test\server\config\route-config.js, - E:\WebstormProjects\app-backend-test\server\app.js, - E:\WebstormProjects\app-backend-test\server.js,     at Function.Module._resolveFilename (internal/modules/cjs/loader.js:797:15),     at Function.Module._load (internal/modules/cjs/loader.js:690:27),     at Module.require (internal/modules/cjs/loader.js:852:19),     at require (internal/modules/cjs/helpers.js:74:18),     at Object.<anonymous> (E:\WebstormProjects\app-backend-test\server\controller\MemberController.js:10:19),     at Module._compile (internal/modules/cjs/loader.js:959:30),     at Object.Module._extensions..js (internal/modules/cjs/loader.js:995:10),     at Module.load (internal/modules/cjs/loader.js:815:32),     at Function.Module._load (internal/modules/cjs/loader.js:727:14),     at Module.require (internal/modules/cjs/loader.js:852:19)]
2019-12-30T02:33:28.150Z - error: uncaughtException: Identifier 'createMember' has already been declared date=Mon Dec 30 2019 10:33:28 GMT+0800 (GMT+08:00), pid=8276, uid=null, gid=null, cwd=E:\WebstormProjects\app-backend-test, execPath=C:\Program Files\nodejs\node.exe, version=v12.13.1, argv=[C:\Program Files\nodejs\node.exe, E:\WebstormProjects\app-backend-test\server.js], rss=70905856, heapTotal=58675200, heapUsed=37420712, external=2034760, loadavg=[0, 0, 0], uptime=3860, trace=[column=18, file=internal/modules/cjs/loader.js, function=Module._compile, line=895, method=_compile, native=false, column=10, file=internal/modules/cjs/loader.js, function=Module._extensions..js, line=995, method=.js, native=false, column=32, file=internal/modules/cjs/loader.js, function=Module.load, line=815, method=load, native=false, column=14, file=internal/modules/cjs/loader.js, function=Module._load, line=727, method=_load, native=false, column=19, file=internal/modules/cjs/loader.js, function=Module.require, line=852, method=require, native=false, column=18, file=internal/modules/cjs/helpers.js, function=require, line=74, method=null, native=false, column=24, file=E:\WebstormProjects\app-backend-test\server\routes\member.js, function=null, line=5, method=null, native=false, column=30, file=internal/modules/cjs/loader.js, function=Module._compile, line=959, method=_compile, native=false, column=10, file=internal/modules/cjs/loader.js, function=Module._extensions..js, line=995, method=.js, native=false, column=32, file=internal/modules/cjs/loader.js, function=Module.load, line=815, method=load, native=false], stack=[E:\WebstormProjects\app-backend-test\server\controller\MemberController.js:403, async function createMember(req, res) {, ^, , SyntaxError: Identifier 'createMember' has already been declared,     at Module._compile (internal/modules/cjs/loader.js:895:18),     at Object.Module._extensions..js (internal/modules/cjs/loader.js:995:10),     at Module.load (internal/modules/cjs/loader.js:815:32),     at Function.Module._load (internal/modules/cjs/loader.js:727:14),     at Module.require (internal/modules/cjs/loader.js:852:19),     at require (internal/modules/cjs/helpers.js:74:18),     at Object.<anonymous> (E:\WebstormProjects\app-backend-test\server\routes\member.js:5:24),     at Module._compile (internal/modules/cjs/loader.js:959:30),     at Object.Module._extensions..js (internal/modules/cjs/loader.js:995:10),     at Module.load (internal/modules/cjs/loader.js:815:32)]
2019-12-30T02:34:50.247Z - error: uncaughtException: Identifier 'createMember' has already been declared date=Mon Dec 30 2019 10:34:50 GMT+0800 (GMT+08:00), pid=8648, uid=null, gid=null, cwd=E:\WebstormProjects\app-backend-test, execPath=C:\Program Files\nodejs\node.exe, version=v12.13.1, argv=[C:\Program Files\nodejs\node.exe, E:\WebstormProjects\app-backend-test\server.js], rss=76066816, heapTotal=59199488, heapUsed=34769248, external=1396390, loadavg=[0, 0, 0], uptime=3942, trace=[column=18, file=internal/modules/cjs/loader.js, function=Module._compile, line=895, method=_compile, native=false, column=10, file=internal/modules/cjs/loader.js, function=Module._extensions..js, line=995, method=.js, native=false, column=32, file=internal/modules/cjs/loader.js, function=Module.load, line=815, method=load, native=false, column=14, file=internal/modules/cjs/loader.js, function=Module._load, line=727, method=_load, native=false, column=19, file=internal/modules/cjs/loader.js, function=Module.require, line=852, method=require, native=false, column=18, file=internal/modules/cjs/helpers.js, function=require, line=74, method=null, native=false, column=24, file=E:\WebstormProjects\app-backend-test\server\routes\member.js, function=null, line=5, method=null, native=false, column=30, file=internal/modules/cjs/loader.js, function=Module._compile, line=959, method=_compile, native=false, column=10, file=internal/modules/cjs/loader.js, function=Module._extensions..js, line=995, method=.js, native=false, column=32, file=internal/modules/cjs/loader.js, function=Module.load, line=815, method=load, native=false], stack=[E:\WebstormProjects\app-backend-test\server\controller\MemberController.js:399, async function createMember(req, res) {, ^, , SyntaxError: Identifier 'createMember' has already been declared,     at Module._compile (internal/modules/cjs/loader.js:895:18),     at Object.Module._extensions..js (internal/modules/cjs/loader.js:995:10),     at Module.load (internal/modules/cjs/loader.js:815:32),     at Function.Module._load (internal/modules/cjs/loader.js:727:14),     at Module.require (internal/modules/cjs/loader.js:852:19),     at require (internal/modules/cjs/helpers.js:74:18),     at Object.<anonymous> (E:\WebstormProjects\app-backend-test\server\routes\member.js:5:24),     at Module._compile (internal/modules/cjs/loader.js:959:30),     at Object.Module._extensions..js (internal/modules/cjs/loader.js:995:10),     at Module.load (internal/modules/cjs/loader.js:815:32)]
2019-12-30T02:37:55.181Z - error: uncaughtException: Identifier 'createMember' has already been declared date=Mon Dec 30 2019 10:37:55 GMT+0800 (GMT+08:00), pid=6484, uid=null, gid=null, cwd=E:\WebstormProjects\app-backend-test, execPath=C:\Program Files\nodejs\node.exe, version=v12.13.1, argv=[C:\Program Files\nodejs\node.exe, E:\WebstormProjects\app-backend-test\server.js], rss=75792384, heapTotal=59199488, heapUsed=34858240, external=1391335, loadavg=[0, 0, 0], uptime=4127, trace=[column=18, file=internal/modules/cjs/loader.js, function=Module._compile, line=895, method=_compile, native=false, column=10, file=internal/modules/cjs/loader.js, function=Module._extensions..js, line=995, method=.js, native=false, column=32, file=internal/modules/cjs/loader.js, function=Module.load, line=815, method=load, native=false, column=14, file=internal/modules/cjs/loader.js, function=Module._load, line=727, method=_load, native=false, column=19, file=internal/modules/cjs/loader.js, function=Module.require, line=852, method=require, native=false, column=18, file=internal/modules/cjs/helpers.js, function=require, line=74, method=null, native=false, column=24, file=E:\WebstormProjects\app-backend-test\server\routes\member.js, function=null, line=5, method=null, native=false, column=30, file=internal/modules/cjs/loader.js, function=Module._compile, line=959, method=_compile, native=false, column=10, file=internal/modules/cjs/loader.js, function=Module._extensions..js, line=995, method=.js, native=false, column=32, file=internal/modules/cjs/loader.js, function=Module.load, line=815, method=load, native=false], stack=[E:\WebstormProjects\app-backend-test\server\controller\MemberController.js:215, async function createMember(req, res) {, ^, , SyntaxError: Identifier 'createMember' has already been declared,     at Module._compile (internal/modules/cjs/loader.js:895:18),     at Object.Module._extensions..js (internal/modules/cjs/loader.js:995:10),     at Module.load (internal/modules/cjs/loader.js:815:32),     at Function.Module._load (internal/modules/cjs/loader.js:727:14),     at Module.require (internal/modules/cjs/loader.js:852:19),     at require (internal/modules/cjs/helpers.js:74:18),     at Object.<anonymous> (E:\WebstormProjects\app-backend-test\server\routes\member.js:5:24),     at Module._compile (internal/modules/cjs/loader.js:959:30),     at Object.Module._extensions..js (internal/modules/cjs/loader.js:995:10),     at Module.load (internal/modules/cjs/loader.js:815:32)]
2019-12-30T02:37:59.514Z - error: uncaughtException: Identifier 'createMember' has already been declared date=Mon Dec 30 2019 10:37:59 GMT+0800 (GMT+08:00), pid=4076, uid=null, gid=null, cwd=E:\WebstormProjects\app-backend-test, execPath=C:\Program Files\nodejs\node.exe, version=v12.13.1, argv=[C:\Program Files\nodejs\node.exe, E:\WebstormProjects\app-backend-test\server.js], rss=70438912, heapTotal=58413056, heapUsed=37220632, external=2029691, loadavg=[0, 0, 0], uptime=4132, trace=[column=18, file=internal/modules/cjs/loader.js, function=Module._compile, line=895, method=_compile, native=false, column=10, file=internal/modules/cjs/loader.js, function=Module._extensions..js, line=995, method=.js, native=false, column=32, file=internal/modules/cjs/loader.js, function=Module.load, line=815, method=load, native=false, column=14, file=internal/modules/cjs/loader.js, function=Module._load, line=727, method=_load, native=false, column=19, file=internal/modules/cjs/loader.js, function=Module.require, line=852, method=require, native=false, column=18, file=internal/modules/cjs/helpers.js, function=require, line=74, method=null, native=false, column=24, file=E:\WebstormProjects\app-backend-test\server\routes\member.js, function=null, line=5, method=null, native=false, column=30, file=internal/modules/cjs/loader.js, function=Module._compile, line=959, method=_compile, native=false, column=10, file=internal/modules/cjs/loader.js, function=Module._extensions..js, line=995, method=.js, native=false, column=32, file=internal/modules/cjs/loader.js, function=Module.load, line=815, method=load, native=false], stack=[E:\WebstormProjects\app-backend-test\server\controller\MemberController.js:215, async function createMember(req, res) {, ^, , SyntaxError: Identifier 'createMember' has already been declared,     at Module._compile (internal/modules/cjs/loader.js:895:18),     at Object.Module._extensions..js (internal/modules/cjs/loader.js:995:10),     at Module.load (internal/modules/cjs/loader.js:815:32),     at Function.Module._load (internal/modules/cjs/loader.js:727:14),     at Module.require (internal/modules/cjs/loader.js:852:19),     at require (internal/modules/cjs/helpers.js:74:18),     at Object.<anonymous> (E:\WebstormProjects\app-backend-test\server\routes\member.js:5:24),     at Module._compile (internal/modules/cjs/loader.js:959:30),     at Object.Module._extensions..js (internal/modules/cjs/loader.js:995:10),     at Module.load (internal/modules/cjs/loader.js:815:32)]
2019-12-30T02:38:22.760Z - error: uncaughtException: Identifier 'createMember' has already been declared date=Mon Dec 30 2019 10:38:22 GMT+0800 (GMT+08:00), pid=6404, uid=null, gid=null, cwd=E:\WebstormProjects\app-backend-test, execPath=C:\Program Files\nodejs\node.exe, version=v12.13.1, argv=[C:\Program Files\nodejs\node.exe, E:\WebstormProjects\app-backend-test\server.js], rss=70397952, heapTotal=58413056, heapUsed=37269600, external=2029701, loadavg=[0, 0, 0], uptime=4155, trace=[column=18, file=internal/modules/cjs/loader.js, function=Module._compile, line=895, method=_compile, native=false, column=10, file=internal/modules/cjs/loader.js, function=Module._extensions..js, line=995, method=.js, native=false, column=32, file=internal/modules/cjs/loader.js, function=Module.load, line=815, method=load, native=false, column=14, file=internal/modules/cjs/loader.js, function=Module._load, line=727, method=_load, native=false, column=19, file=internal/modules/cjs/loader.js, function=Module.require, line=852, method=require, native=false, column=18, file=internal/modules/cjs/helpers.js, function=require, line=74, method=null, native=false, column=24, file=E:\WebstormProjects\app-backend-test\server\routes\member.js, function=null, line=5, method=null, native=false, column=30, file=internal/modules/cjs/loader.js, function=Module._compile, line=959, method=_compile, native=false, column=10, file=internal/modules/cjs/loader.js, function=Module._extensions..js, line=995, method=.js, native=false, column=32, file=internal/modules/cjs/loader.js, function=Module.load, line=815, method=load, native=false], stack=[E:\WebstormProjects\app-backend-test\server\controller\MemberController.js:216, async function createMember(req, res) {, ^, , SyntaxError: Identifier 'createMember' has already been declared,     at Module._compile (internal/modules/cjs/loader.js:895:18),     at Object.Module._extensions..js (internal/modules/cjs/loader.js:995:10),     at Module.load (internal/modules/cjs/loader.js:815:32),     at Function.Module._load (internal/modules/cjs/loader.js:727:14),     at Module.require (internal/modules/cjs/loader.js:852:19),     at require (internal/modules/cjs/helpers.js:74:18),     at Object.<anonymous> (E:\WebstormProjects\app-backend-test\server\routes\member.js:5:24),     at Module._compile (internal/modules/cjs/loader.js:959:30),     at Object.Module._extensions..js (internal/modules/cjs/loader.js:995:10),     at Module.load (internal/modules/cjs/loader.js:815:32)]
2019-12-30T02:39:19.059Z - error: uncaughtException: Identifier 'createMember' has already been declared date=Mon Dec 30 2019 10:39:19 GMT+0800 (GMT+08:00), pid=6820, uid=null, gid=null, cwd=E:\WebstormProjects\app-backend-test, execPath=C:\Program Files\nodejs\node.exe, version=v12.13.1, argv=[C:\Program Files\nodejs\node.exe, E:\WebstormProjects\app-backend-test\server.js], rss=75907072, heapTotal=59199488, heapUsed=34864960, external=1391341, loadavg=[0, 0, 0], uptime=4211, trace=[column=18, file=internal/modules/cjs/loader.js, function=Module._compile, line=895, method=_compile, native=false, column=10, file=internal/modules/cjs/loader.js, function=Module._extensions..js, line=995, method=.js, native=false, column=32, file=internal/modules/cjs/loader.js, function=Module.load, line=815, method=load, native=false, column=14, file=internal/modules/cjs/loader.js, function=Module._load, line=727, method=_load, native=false, column=19, file=internal/modules/cjs/loader.js, function=Module.require, line=852, method=require, native=false, column=18, file=internal/modules/cjs/helpers.js, function=require, line=74, method=null, native=false, column=24, file=E:\WebstormProjects\app-backend-test\server\routes\member.js, function=null, line=5, method=null, native=false, column=30, file=internal/modules/cjs/loader.js, function=Module._compile, line=959, method=_compile, native=false, column=10, file=internal/modules/cjs/loader.js, function=Module._extensions..js, line=995, method=.js, native=false, column=32, file=internal/modules/cjs/loader.js, function=Module.load, line=815, method=load, native=false], stack=[E:\WebstormProjects\app-backend-test\server\controller\MemberController.js:216, async function createMember(req, res) {, ^, , SyntaxError: Identifier 'createMember' has already been declared,     at Module._compile (internal/modules/cjs/loader.js:895:18),     at Object.Module._extensions..js (internal/modules/cjs/loader.js:995:10),     at Module.load (internal/modules/cjs/loader.js:815:32),     at Function.Module._load (internal/modules/cjs/loader.js:727:14),     at Module.require (internal/modules/cjs/loader.js:852:19),     at require (internal/modules/cjs/helpers.js:74:18),     at Object.<anonymous> (E:\WebstormProjects\app-backend-test\server\routes\member.js:5:24),     at Module._compile (internal/modules/cjs/loader.js:959:30),     at Object.Module._extensions..js (internal/modules/cjs/loader.js:995:10),     at Module.load (internal/modules/cjs/loader.js:815:32)]
2019-12-30T02:40:05.834Z - error: uncaughtException: Identifier 'createMember' has already been declared date=Mon Dec 30 2019 10:40:05 GMT+0800 (GMT+08:00), pid=4120, uid=null, gid=null, cwd=E:\WebstormProjects\app-backend-test, execPath=C:\Program Files\nodejs\node.exe, version=v12.13.1, argv=[C:\Program Files\nodejs\node.exe, E:\WebstormProjects\app-backend-test\server.js], rss=70709248, heapTotal=58675200, heapUsed=37396192, external=2029661, loadavg=[0, 0, 0], uptime=4258, trace=[column=18, file=internal/modules/cjs/loader.js, function=Module._compile, line=895, method=_compile, native=false, column=10, file=internal/modules/cjs/loader.js, function=Module._extensions..js, line=995, method=.js, native=false, column=32, file=internal/modules/cjs/loader.js, function=Module.load, line=815, method=load, native=false, column=14, file=internal/modules/cjs/loader.js, function=Module._load, line=727, method=_load, native=false, column=19, file=internal/modules/cjs/loader.js, function=Module.require, line=852, method=require, native=false, column=18, file=internal/modules/cjs/helpers.js, function=require, line=74, method=null, native=false, column=24, file=E:\WebstormProjects\app-backend-test\server\routes\member.js, function=null, line=5, method=null, native=false, column=30, file=internal/modules/cjs/loader.js, function=Module._compile, line=959, method=_compile, native=false, column=10, file=internal/modules/cjs/loader.js, function=Module._extensions..js, line=995, method=.js, native=false, column=32, file=internal/modules/cjs/loader.js, function=Module.load, line=815, method=load, native=false], stack=[E:\WebstormProjects\app-backend-test\server\controller\MemberController.js:214, async function createMember(req, res) {, ^, , SyntaxError: Identifier 'createMember' has already been declared,     at Module._compile (internal/modules/cjs/loader.js:895:18),     at Object.Module._extensions..js (internal/modules/cjs/loader.js:995:10),     at Module.load (internal/modules/cjs/loader.js:815:32),     at Function.Module._load (internal/modules/cjs/loader.js:727:14),     at Module.require (internal/modules/cjs/loader.js:852:19),     at require (internal/modules/cjs/helpers.js:74:18),     at Object.<anonymous> (E:\WebstormProjects\app-backend-test\server\routes\member.js:5:24),     at Module._compile (internal/modules/cjs/loader.js:959:30),     at Object.Module._extensions..js (internal/modules/cjs/loader.js:995:10),     at Module.load (internal/modules/cjs/loader.js:815:32)]
2019-12-30T02:40:35.201Z - error: uncaughtException: Identifier 'createMember' has already been declared date=Mon Dec 30 2019 10:40:35 GMT+0800 (GMT+08:00), pid=1752, uid=null, gid=null, cwd=E:\WebstormProjects\app-backend-test, execPath=C:\Program Files\nodejs\node.exe, version=v12.13.1, argv=[C:\Program Files\nodejs\node.exe, E:\WebstormProjects\app-backend-test\server.js], rss=75935744, heapTotal=59461632, heapUsed=34811480, external=1391294, loadavg=[0, 0, 0], uptime=4287, trace=[column=18, file=internal/modules/cjs/loader.js, function=Module._compile, line=895, method=_compile, native=false, column=10, file=internal/modules/cjs/loader.js, function=Module._extensions..js, line=995, method=.js, native=false, column=32, file=internal/modules/cjs/loader.js, function=Module.load, line=815, method=load, native=false, column=14, file=internal/modules/cjs/loader.js, function=Module._load, line=727, method=_load, native=false, column=19, file=internal/modules/cjs/loader.js, function=Module.require, line=852, method=require, native=false, column=18, file=internal/modules/cjs/helpers.js, function=require, line=74, method=null, native=false, column=24, file=E:\WebstormProjects\app-backend-test\server\routes\member.js, function=null, line=5, method=null, native=false, column=30, file=internal/modules/cjs/loader.js, function=Module._compile, line=959, method=_compile, native=false, column=10, file=internal/modules/cjs/loader.js, function=Module._extensions..js, line=995, method=.js, native=false, column=32, file=internal/modules/cjs/loader.js, function=Module.load, line=815, method=load, native=false], stack=[E:\WebstormProjects\app-backend-test\server\controller\MemberController.js:214, async function createMember(req, res) {, ^, , SyntaxError: Identifier 'createMember' has already been declared,     at Module._compile (internal/modules/cjs/loader.js:895:18),     at Object.Module._extensions..js (internal/modules/cjs/loader.js:995:10),     at Module.load (internal/modules/cjs/loader.js:815:32),     at Function.Module._load (internal/modules/cjs/loader.js:727:14),     at Module.require (internal/modules/cjs/loader.js:852:19),     at require (internal/modules/cjs/helpers.js:74:18),     at Object.<anonymous> (E:\WebstormProjects\app-backend-test\server\routes\member.js:5:24),     at Module._compile (internal/modules/cjs/loader.js:959:30),     at Object.Module._extensions..js (internal/modules/cjs/loader.js:995:10),     at Module.load (internal/modules/cjs/loader.js:815:32)]
2019-12-30T02:45:51.245Z - error: uncaughtException: Identifier 'createMember' has already been declared date=Mon Dec 30 2019 10:45:51 GMT+0800 (GMT+08:00), pid=6820, uid=null, gid=null, cwd=E:\WebstormProjects\app-backend-test, execPath=C:\Program Files\nodejs\node.exe, version=v12.13.1, argv=[C:\Program Files\nodejs\node.exe, E:\WebstormProjects\app-backend-test\server.js], rss=76070912, heapTotal=59199488, heapUsed=34746864, external=1391225, loadavg=[0, 0, 0], uptime=4603, trace=[column=18, file=internal/modules/cjs/loader.js, function=Module._compile, line=895, method=_compile, native=false, column=10, file=internal/modules/cjs/loader.js, function=Module._extensions..js, line=995, method=.js, native=false, column=32, file=internal/modules/cjs/loader.js, function=Module.load, line=815, method=load, native=false, column=14, file=internal/modules/cjs/loader.js, function=Module._load, line=727, method=_load, native=false, column=19, file=internal/modules/cjs/loader.js, function=Module.require, line=852, method=require, native=false, column=18, file=internal/modules/cjs/helpers.js, function=require, line=74, method=null, native=false, column=24, file=E:\WebstormProjects\app-backend-test\server\routes\member.js, function=null, line=5, method=null, native=false, column=30, file=internal/modules/cjs/loader.js, function=Module._compile, line=959, method=_compile, native=false, column=10, file=internal/modules/cjs/loader.js, function=Module._extensions..js, line=995, method=.js, native=false, column=32, file=internal/modules/cjs/loader.js, function=Module.load, line=815, method=load, native=false], stack=[E:\WebstormProjects\app-backend-test\server\controller\MemberController.js:211, async function createMember(req, res) {, ^, , SyntaxError: Identifier 'createMember' has already been declared,     at Module._compile (internal/modules/cjs/loader.js:895:18),     at Object.Module._extensions..js (internal/modules/cjs/loader.js:995:10),     at Module.load (internal/modules/cjs/loader.js:815:32),     at Function.Module._load (internal/modules/cjs/loader.js:727:14),     at Module.require (internal/modules/cjs/loader.js:852:19),     at require (internal/modules/cjs/helpers.js:74:18),     at Object.<anonymous> (E:\WebstormProjects\app-backend-test\server\routes\member.js:5:24),     at Module._compile (internal/modules/cjs/loader.js:959:30),     at Object.Module._extensions..js (internal/modules/cjs/loader.js:995:10),     at Module.load (internal/modules/cjs/loader.js:815:32)]
2019-12-30T02:48:59.423Z - error: uncaughtException: Identifier 'createMember' has already been declared date=Mon Dec 30 2019 10:48:59 GMT+0800 (GMT+08:00), pid=3252, uid=null, gid=null, cwd=E:\WebstormProjects\app-backend-test, execPath=C:\Program Files\nodejs\node.exe, version=v12.13.1, argv=[C:\Program Files\nodejs\node.exe, E:\WebstormProjects\app-backend-test\server.js], rss=75751424, heapTotal=59199488, heapUsed=34902424, external=1390871, loadavg=[0, 0, 0], uptime=4791, trace=[column=18, file=internal/modules/cjs/loader.js, function=Module._compile, line=895, method=_compile, native=false, column=10, file=internal/modules/cjs/loader.js, function=Module._extensions..js, line=995, method=.js, native=false, column=32, file=internal/modules/cjs/loader.js, function=Module.load, line=815, method=load, native=false, column=14, file=internal/modules/cjs/loader.js, function=Module._load, line=727, method=_load, native=false, column=19, file=internal/modules/cjs/loader.js, function=Module.require, line=852, method=require, native=false, column=18, file=internal/modules/cjs/helpers.js, function=require, line=74, method=null, native=false, column=24, file=E:\WebstormProjects\app-backend-test\server\routes\member.js, function=null, line=5, method=null, native=false, column=30, file=internal/modules/cjs/loader.js, function=Module._compile, line=959, method=_compile, native=false, column=10, file=internal/modules/cjs/loader.js, function=Module._extensions..js, line=995, method=.js, native=false, column=32, file=internal/modules/cjs/loader.js, function=Module.load, line=815, method=load, native=false], stack=[E:\WebstormProjects\app-backend-test\server\controller\MemberController.js:198, async function createMember(req, res) {, ^, , SyntaxError: Identifier 'createMember' has already been declared,     at Module._compile (internal/modules/cjs/loader.js:895:18),     at Object.Module._extensions..js (internal/modules/cjs/loader.js:995:10),     at Module.load (internal/modules/cjs/loader.js:815:32),     at Function.Module._load (internal/modules/cjs/loader.js:727:14),     at Module.require (internal/modules/cjs/loader.js:852:19),     at require (internal/modules/cjs/helpers.js:74:18),     at Object.<anonymous> (E:\WebstormProjects\app-backend-test\server\routes\member.js:5:24),     at Module._compile (internal/modules/cjs/loader.js:959:30),     at Object.Module._extensions..js (internal/modules/cjs/loader.js:995:10),     at Module.load (internal/modules/cjs/loader.js:815:32)]
2019-12-30T02:50:11.731Z - error: uncaughtException: Identifier 'createMember' has already been declared date=Mon Dec 30 2019 10:50:11 GMT+0800 (GMT+08:00), pid=4496, uid=null, gid=null, cwd=E:\WebstormProjects\app-backend-test, execPath=C:\Program Files\nodejs\node.exe, version=v12.13.1, argv=[C:\Program Files\nodejs\node.exe, E:\WebstormProjects\app-backend-test\server.js], rss=76152832, heapTotal=59461632, heapUsed=34849496, external=1390899, loadavg=[0, 0, 0], uptime=4864, trace=[column=18, file=internal/modules/cjs/loader.js, function=Module._compile, line=895, method=_compile, native=false, column=10, file=internal/modules/cjs/loader.js, function=Module._extensions..js, line=995, method=.js, native=false, column=32, file=internal/modules/cjs/loader.js, function=Module.load, line=815, method=load, native=false, column=14, file=internal/modules/cjs/loader.js, function=Module._load, line=727, method=_load, native=false, column=19, file=internal/modules/cjs/loader.js, function=Module.require, line=852, method=require, native=false, column=18, file=internal/modules/cjs/helpers.js, function=require, line=74, method=null, native=false, column=24, file=E:\WebstormProjects\app-backend-test\server\routes\member.js, function=null, line=5, method=null, native=false, column=30, file=internal/modules/cjs/loader.js, function=Module._compile, line=959, method=_compile, native=false, column=10, file=internal/modules/cjs/loader.js, function=Module._extensions..js, line=995, method=.js, native=false, column=32, file=internal/modules/cjs/loader.js, function=Module.load, line=815, method=load, native=false], stack=[E:\WebstormProjects\app-backend-test\server\controller\MemberController.js:198, async function createMember(req, res) {, ^, , SyntaxError: Identifier 'createMember' has already been declared,     at Module._compile (internal/modules/cjs/loader.js:895:18),     at Object.Module._extensions..js (internal/modules/cjs/loader.js:995:10),     at Module.load (internal/modules/cjs/loader.js:815:32),     at Function.Module._load (internal/modules/cjs/loader.js:727:14),     at Module.require (internal/modules/cjs/loader.js:852:19),     at require (internal/modules/cjs/helpers.js:74:18),     at Object.<anonymous> (E:\WebstormProjects\app-backend-test\server\routes\member.js:5:24),     at Module._compile (internal/modules/cjs/loader.js:959:30),     at Object.Module._extensions..js (internal/modules/cjs/loader.js:995:10),     at Module.load (internal/modules/cjs/loader.js:815:32)]
2019-12-30T02:52:50.960Z - error: uncaughtException: Identifier 'createMember' has already been declared date=Mon Dec 30 2019 10:52:50 GMT+0800 (GMT+08:00), pid=3104, uid=null, gid=null, cwd=E:\WebstormProjects\app-backend-test, execPath=C:\Program Files\nodejs\node.exe, version=v12.13.1, argv=[C:\Program Files\nodejs\node.exe, E:\WebstormProjects\app-backend-test\server.js], rss=76046336, heapTotal=59985920, heapUsed=34691640, external=1390393, loadavg=[0, 0, 0], uptime=5023, trace=[column=18, file=internal/modules/cjs/loader.js, function=Module._compile, line=895, method=_compile, native=false, column=10, file=internal/modules/cjs/loader.js, function=Module._extensions..js, line=995, method=.js, native=false, column=32, file=internal/modules/cjs/loader.js, function=Module.load, line=815, method=load, native=false, column=14, file=internal/modules/cjs/loader.js, function=Module._load, line=727, method=_load, native=false, column=19, file=internal/modules/cjs/loader.js, function=Module.require, line=852, method=require, native=false, column=18, file=internal/modules/cjs/helpers.js, function=require, line=74, method=null, native=false, column=24, file=E:\WebstormProjects\app-backend-test\server\routes\member.js, function=null, line=5, method=null, native=false, column=30, file=internal/modules/cjs/loader.js, function=Module._compile, line=959, method=_compile, native=false, column=10, file=internal/modules/cjs/loader.js, function=Module._extensions..js, line=995, method=.js, native=false, column=32, file=internal/modules/cjs/loader.js, function=Module.load, line=815, method=load, native=false], stack=[E:\WebstormProjects\app-backend-test\server\controller\MemberController.js:190, async function createMember(req, res) {, ^, , SyntaxError: Identifier 'createMember' has already been declared,     at Module._compile (internal/modules/cjs/loader.js:895:18),     at Object.Module._extensions..js (internal/modules/cjs/loader.js:995:10),     at Module.load (internal/modules/cjs/loader.js:815:32),     at Function.Module._load (internal/modules/cjs/loader.js:727:14),     at Module.require (internal/modules/cjs/loader.js:852:19),     at require (internal/modules/cjs/helpers.js:74:18),     at Object.<anonymous> (E:\WebstormProjects\app-backend-test\server\routes\member.js:5:24),     at Module._compile (internal/modules/cjs/loader.js:959:30),     at Object.Module._extensions..js (internal/modules/cjs/loader.js:995:10),     at Module.load (internal/modules/cjs/loader.js:815:32)]
2019-12-30T02:54:38.575Z - error: uncaughtException: Identifier 'createMember' has already been declared date=Mon Dec 30 2019 10:54:38 GMT+0800 (GMT+08:00), pid=6820, uid=null, gid=null, cwd=E:\WebstormProjects\app-backend-test, execPath=C:\Program Files\nodejs\node.exe, version=v12.13.1, argv=[C:\Program Files\nodejs\node.exe, E:\WebstormProjects\app-backend-test\server.js], rss=75853824, heapTotal=59461632, heapUsed=34775504, external=1382233, loadavg=[0, 0, 0], uptime=5131, trace=[column=18, file=internal/modules/cjs/loader.js, function=Module._compile, line=895, method=_compile, native=false, column=10, file=internal/modules/cjs/loader.js, function=Module._extensions..js, line=995, method=.js, native=false, column=32, file=internal/modules/cjs/loader.js, function=Module.load, line=815, method=load, native=false, column=14, file=internal/modules/cjs/loader.js, function=Module._load, line=727, method=_load, native=false, column=19, file=internal/modules/cjs/loader.js, function=Module.require, line=852, method=require, native=false, column=18, file=internal/modules/cjs/helpers.js, function=require, line=74, method=null, native=false, column=24, file=E:\WebstormProjects\app-backend-test\server\routes\member.js, function=null, line=5, method=null, native=false, column=30, file=internal/modules/cjs/loader.js, function=Module._compile, line=959, method=_compile, native=false, column=10, file=internal/modules/cjs/loader.js, function=Module._extensions..js, line=995, method=.js, native=false, column=32, file=internal/modules/cjs/loader.js, function=Module.load, line=815, method=load, native=false], stack=[E:\WebstormProjects\app-backend-test\server\controller\MemberController.js:190, async function createMember(req, res) {, ^, , SyntaxError: Identifier 'createMember' has already been declared,     at Module._compile (internal/modules/cjs/loader.js:895:18),     at Object.Module._extensions..js (internal/modules/cjs/loader.js:995:10),     at Module.load (internal/modules/cjs/loader.js:815:32),     at Function.Module._load (internal/modules/cjs/loader.js:727:14),     at Module.require (internal/modules/cjs/loader.js:852:19),     at require (internal/modules/cjs/helpers.js:74:18),     at Object.<anonymous> (E:\WebstormProjects\app-backend-test\server\routes\member.js:5:24),     at Module._compile (internal/modules/cjs/loader.js:959:30),     at Object.Module._extensions..js (internal/modules/cjs/loader.js:995:10),     at Module.load (internal/modules/cjs/loader.js:815:32)]
2019-12-30T02:56:37.974Z - error: uncaughtException: Identifier 'createMember' has already been declared date=Mon Dec 30 2019 10:56:37 GMT+0800 (GMT+08:00), pid=1924, uid=null, gid=null, cwd=E:\WebstormProjects\app-backend-test, execPath=C:\Program Files\nodejs\node.exe, version=v12.13.1, argv=[C:\Program Files\nodejs\node.exe, E:\WebstormProjects\app-backend-test\server.js], rss=75804672, heapTotal=58937344, heapUsed=34871168, external=1390116, loadavg=[0, 0, 0], uptime=5250, trace=[column=18, file=internal/modules/cjs/loader.js, function=Module._compile, line=895, method=_compile, native=false, column=10, file=internal/modules/cjs/loader.js, function=Module._extensions..js, line=995, method=.js, native=false, column=32, file=internal/modules/cjs/loader.js, function=Module.load, line=815, method=load, native=false, column=14, file=internal/modules/cjs/loader.js, function=Module._load, line=727, method=_load, native=false, column=19, file=internal/modules/cjs/loader.js, function=Module.require, line=852, method=require, native=false, column=18, file=internal/modules/cjs/helpers.js, function=require, line=74, method=null, native=false, column=24, file=E:\WebstormProjects\app-backend-test\server\routes\member.js, function=null, line=5, method=null, native=false, column=30, file=internal/modules/cjs/loader.js, function=Module._compile, line=959, method=_compile, native=false, column=10, file=internal/modules/cjs/loader.js, function=Module._extensions..js, line=995, method=.js, native=false, column=32, file=internal/modules/cjs/loader.js, function=Module.load, line=815, method=load, native=false], stack=[E:\WebstormProjects\app-backend-test\server\controller\MemberController.js:175, async function createMember(req, res) {, ^, , SyntaxError: Identifier 'createMember' has already been declared,     at Module._compile (internal/modules/cjs/loader.js:895:18),     at Object.Module._extensions..js (internal/modules/cjs/loader.js:995:10),     at Module.load (internal/modules/cjs/loader.js:815:32),     at Function.Module._load (internal/modules/cjs/loader.js:727:14),     at Module.require (internal/modules/cjs/loader.js:852:19),     at require (internal/modules/cjs/helpers.js:74:18),     at Object.<anonymous> (E:\WebstormProjects\app-backend-test\server\routes\member.js:5:24),     at Module._compile (internal/modules/cjs/loader.js:959:30),     at Object.Module._extensions..js (internal/modules/cjs/loader.js:995:10),     at Module.load (internal/modules/cjs/loader.js:815:32)]
2019-12-30T02:57:01.894Z - error: uncaughtException: Identifier 'createMember' has already been declared date=Mon Dec 30 2019 10:57:01 GMT+0800 (GMT+08:00), pid=8820, uid=null, gid=null, cwd=E:\WebstormProjects\app-backend-test, execPath=C:\Program Files\nodejs\node.exe, version=v12.13.1, argv=[C:\Program Files\nodejs\node.exe, E:\WebstormProjects\app-backend-test\server.js], rss=75935744, heapTotal=59199488, heapUsed=34938280, external=1389960, loadavg=[0, 0, 0], uptime=5274, trace=[column=18, file=internal/modules/cjs/loader.js, function=Module._compile, line=895, method=_compile, native=false, column=10, file=internal/modules/cjs/loader.js, function=Module._extensions..js, line=995, method=.js, native=false, column=32, file=internal/modules/cjs/loader.js, function=Module.load, line=815, method=load, native=false, column=14, file=internal/modules/cjs/loader.js, function=Module._load, line=727, method=_load, native=false, column=19, file=internal/modules/cjs/loader.js, function=Module.require, line=852, method=require, native=false, column=18, file=internal/modules/cjs/helpers.js, function=require, line=74, method=null, native=false, column=24, file=E:\WebstormProjects\app-backend-test\server\routes\member.js, function=null, line=5, method=null, native=false, column=30, file=internal/modules/cjs/loader.js, function=Module._compile, line=959, method=_compile, native=false, column=10, file=internal/modules/cjs/loader.js, function=Module._extensions..js, line=995, method=.js, native=false, column=32, file=internal/modules/cjs/loader.js, function=Module.load, line=815, method=load, native=false], stack=[E:\WebstormProjects\app-backend-test\server\controller\MemberController.js:172, async function createMember(req, res) {, ^, , SyntaxError: Identifier 'createMember' has already been declared,     at Module._compile (internal/modules/cjs/loader.js:895:18),     at Object.Module._extensions..js (internal/modules/cjs/loader.js:995:10),     at Module.load (internal/modules/cjs/loader.js:815:32),     at Function.Module._load (internal/modules/cjs/loader.js:727:14),     at Module.require (internal/modules/cjs/loader.js:852:19),     at require (internal/modules/cjs/helpers.js:74:18),     at Object.<anonymous> (E:\WebstormProjects\app-backend-test\server\routes\member.js:5:24),     at Module._compile (internal/modules/cjs/loader.js:959:30),     at Object.Module._extensions..js (internal/modules/cjs/loader.js:995:10),     at Module.load (internal/modules/cjs/loader.js:815:32)]
2019-12-30T02:59:47.355Z - error: uncaughtException: Identifier 'createMember' has already been declared date=Mon Dec 30 2019 10:59:47 GMT+0800 (GMT+08:00), pid=5980, uid=null, gid=null, cwd=E:\WebstormProjects\app-backend-test, execPath=C:\Program Files\nodejs\node.exe, version=v12.13.1, argv=[C:\Program Files\nodejs\node.exe, E:\WebstormProjects\app-backend-test\server.js], rss=75702272, heapTotal=59199488, heapUsed=34791568, external=1389960, loadavg=[0, 0, 0], uptime=5439, trace=[column=18, file=internal/modules/cjs/loader.js, function=Module._compile, line=895, method=_compile, native=false, column=10, file=internal/modules/cjs/loader.js, function=Module._extensions..js, line=995, method=.js, native=false, column=32, file=internal/modules/cjs/loader.js, function=Module.load, line=815, method=load, native=false, column=14, file=internal/modules/cjs/loader.js, function=Module._load, line=727, method=_load, native=false, column=19, file=internal/modules/cjs/loader.js, function=Module.require, line=852, method=require, native=false, column=18, file=internal/modules/cjs/helpers.js, function=require, line=74, method=null, native=false, column=24, file=E:\WebstormProjects\app-backend-test\server\routes\member.js, function=null, line=5, method=null, native=false, column=30, file=internal/modules/cjs/loader.js, function=Module._compile, line=959, method=_compile, native=false, column=10, file=internal/modules/cjs/loader.js, function=Module._extensions..js, line=995, method=.js, native=false, column=32, file=internal/modules/cjs/loader.js, function=Module.load, line=815, method=load, native=false], stack=[E:\WebstormProjects\app-backend-test\server\controller\MemberController.js:172, async function createMember(req, res) {, ^, , SyntaxError: Identifier 'createMember' has already been declared,     at Module._compile (internal/modules/cjs/loader.js:895:18),     at Object.Module._extensions..js (internal/modules/cjs/loader.js:995:10),     at Module.load (internal/modules/cjs/loader.js:815:32),     at Function.Module._load (internal/modules/cjs/loader.js:727:14),     at Module.require (internal/modules/cjs/loader.js:852:19),     at require (internal/modules/cjs/helpers.js:74:18),     at Object.<anonymous> (E:\WebstormProjects\app-backend-test\server\routes\member.js:5:24),     at Module._compile (internal/modules/cjs/loader.js:959:30),     at Object.Module._extensions..js (internal/modules/cjs/loader.js:995:10),     at Module.load (internal/modules/cjs/loader.js:815:32)]
2019-12-30T03:01:12.228Z - error: uncaughtException: Identifier 'createMember' has already been declared date=Mon Dec 30 2019 11:01:12 GMT+0800 (GMT+08:00), pid=5344, uid=null, gid=null, cwd=E:\WebstormProjects\app-backend-test, execPath=C:\Program Files\nodejs\node.exe, version=v12.13.1, argv=[C:\Program Files\nodejs\node.exe, E:\WebstormProjects\app-backend-test\server.js], rss=75853824, heapTotal=59461632, heapUsed=34820184, external=1389951, loadavg=[0, 0, 0], uptime=5524, trace=[column=18, file=internal/modules/cjs/loader.js, function=Module._compile, line=895, method=_compile, native=false, column=10, file=internal/modules/cjs/loader.js, function=Module._extensions..js, line=995, method=.js, native=false, column=32, file=internal/modules/cjs/loader.js, function=Module.load, line=815, method=load, native=false, column=14, file=internal/modules/cjs/loader.js, function=Module._load, line=727, method=_load, native=false, column=19, file=internal/modules/cjs/loader.js, function=Module.require, line=852, method=require, native=false, column=18, file=internal/modules/cjs/helpers.js, function=require, line=74, method=null, native=false, column=24, file=E:\WebstormProjects\app-backend-test\server\routes\member.js, function=null, line=5, method=null, native=false, column=30, file=internal/modules/cjs/loader.js, function=Module._compile, line=959, method=_compile, native=false, column=10, file=internal/modules/cjs/loader.js, function=Module._extensions..js, line=995, method=.js, native=false, column=32, file=internal/modules/cjs/loader.js, function=Module.load, line=815, method=load, native=false], stack=[E:\WebstormProjects\app-backend-test\server\controller\MemberController.js:172, async function createMember(req, res) {, ^, , SyntaxError: Identifier 'createMember' has already been declared,     at Module._compile (internal/modules/cjs/loader.js:895:18),     at Object.Module._extensions..js (internal/modules/cjs/loader.js:995:10),     at Module.load (internal/modules/cjs/loader.js:815:32),     at Function.Module._load (internal/modules/cjs/loader.js:727:14),     at Module.require (internal/modules/cjs/loader.js:852:19),     at require (internal/modules/cjs/helpers.js:74:18),     at Object.<anonymous> (E:\WebstormProjects\app-backend-test\server\routes\member.js:5:24),     at Module._compile (internal/modules/cjs/loader.js:959:30),     at Object.Module._extensions..js (internal/modules/cjs/loader.js:995:10),     at Module.load (internal/modules/cjs/loader.js:815:32)]
2019-12-30T03:01:22.745Z - error: uncaughtException: Identifier 'createMember' has already been declared date=Mon Dec 30 2019 11:01:22 GMT+0800 (GMT+08:00), pid=2572, uid=null, gid=null, cwd=E:\WebstormProjects\app-backend-test, execPath=C:\Program Files\nodejs\node.exe, version=v12.13.1, argv=[C:\Program Files\nodejs\node.exe, E:\WebstormProjects\app-backend-test\server.js], rss=75780096, heapTotal=59199488, heapUsed=34715872, external=1381759, loadavg=[0, 0, 0], uptime=5535, trace=[column=18, file=internal/modules/cjs/loader.js, function=Module._compile, line=895, method=_compile, native=false, column=10, file=internal/modules/cjs/loader.js, function=Module._extensions..js, line=995, method=.js, native=false, column=32, file=internal/modules/cjs/loader.js, function=Module.load, line=815, method=load, native=false, column=14, file=internal/modules/cjs/loader.js, function=Module._load, line=727, method=_load, native=false, column=19, file=internal/modules/cjs/loader.js, function=Module.require, line=852, method=require, native=false, column=18, file=internal/modules/cjs/helpers.js, function=require, line=74, method=null, native=false, column=24, file=E:\WebstormProjects\app-backend-test\server\routes\member.js, function=null, line=5, method=null, native=false, column=30, file=internal/modules/cjs/loader.js, function=Module._compile, line=959, method=_compile, native=false, column=10, file=internal/modules/cjs/loader.js, function=Module._extensions..js, line=995, method=.js, native=false, column=32, file=internal/modules/cjs/loader.js, function=Module.load, line=815, method=load, native=false], stack=[E:\WebstormProjects\app-backend-test\server\controller\MemberController.js:172, async function createMember(req, res) {, ^, , SyntaxError: Identifier 'createMember' has already been declared,     at Module._compile (internal/modules/cjs/loader.js:895:18),     at Object.Module._extensions..js (internal/modules/cjs/loader.js:995:10),     at Module.load (internal/modules/cjs/loader.js:815:32),     at Function.Module._load (internal/modules/cjs/loader.js:727:14),     at Module.require (internal/modules/cjs/loader.js:852:19),     at require (internal/modules/cjs/helpers.js:74:18),     at Object.<anonymous> (E:\WebstormProjects\app-backend-test\server\routes\member.js:5:24),     at Module._compile (internal/modules/cjs/loader.js:959:30),     at Object.Module._extensions..js (internal/modules/cjs/loader.js:995:10),     at Module.load (internal/modules/cjs/loader.js:815:32)]
2019-12-30T03:01:38.823Z - error: uncaughtException: Identifier 'createMember' has already been declared date=Mon Dec 30 2019 11:01:38 GMT+0800 (GMT+08:00), pid=6676, uid=null, gid=null, cwd=E:\WebstormProjects\app-backend-test, execPath=C:\Program Files\nodejs\node.exe, version=v12.13.1, argv=[C:\Program Files\nodejs\node.exe, E:\WebstormProjects\app-backend-test\server.js], rss=75722752, heapTotal=59199488, heapUsed=34820448, external=1389951, loadavg=[0, 0, 0], uptime=5551, trace=[column=18, file=internal/modules/cjs/loader.js, function=Module._compile, line=895, method=_compile, native=false, column=10, file=internal/modules/cjs/loader.js, function=Module._extensions..js, line=995, method=.js, native=false, column=32, file=internal/modules/cjs/loader.js, function=Module.load, line=815, method=load, native=false, column=14, file=internal/modules/cjs/loader.js, function=Module._load, line=727, method=_load, native=false, column=19, file=internal/modules/cjs/loader.js, function=Module.require, line=852, method=require, native=false, column=18, file=internal/modules/cjs/helpers.js, function=require, line=74, method=null, native=false, column=24, file=E:\WebstormProjects\app-backend-test\server\routes\member.js, function=null, line=5, method=null, native=false, column=30, file=internal/modules/cjs/loader.js, function=Module._compile, line=959, method=_compile, native=false, column=10, file=internal/modules/cjs/loader.js, function=Module._extensions..js, line=995, method=.js, native=false, column=32, file=internal/modules/cjs/loader.js, function=Module.load, line=815, method=load, native=false], stack=[E:\WebstormProjects\app-backend-test\server\controller\MemberController.js:172, async function createMember(req, res) {, ^, , SyntaxError: Identifier 'createMember' has already been declared,     at Module._compile (internal/modules/cjs/loader.js:895:18),     at Object.Module._extensions..js (internal/modules/cjs/loader.js:995:10),     at Module.load (internal/modules/cjs/loader.js:815:32),     at Function.Module._load (internal/modules/cjs/loader.js:727:14),     at Module.require (internal/modules/cjs/loader.js:852:19),     at require (internal/modules/cjs/helpers.js:74:18),     at Object.<anonymous> (E:\WebstormProjects\app-backend-test\server\routes\member.js:5:24),     at Module._compile (internal/modules/cjs/loader.js:959:30),     at Object.Module._extensions..js (internal/modules/cjs/loader.js:995:10),     at Module.load (internal/modules/cjs/loader.js:815:32)]
2019-12-30T03:01:49.177Z - error: uncaughtException: Identifier 'createMember' has already been declared date=Mon Dec 30 2019 11:01:49 GMT+0800 (GMT+08:00), pid=972, uid=null, gid=null, cwd=E:\WebstormProjects\app-backend-test, execPath=C:\Program Files\nodejs\node.exe, version=v12.13.1, argv=[C:\Program Files\nodejs\node.exe, E:\WebstormProjects\app-backend-test\server.js], rss=70451200, heapTotal=58413056, heapUsed=37389016, external=2028311, loadavg=[0, 0, 0], uptime=5561, trace=[column=18, file=internal/modules/cjs/loader.js, function=Module._compile, line=895, method=_compile, native=false, column=10, file=internal/modules/cjs/loader.js, function=Module._extensions..js, line=995, method=.js, native=false, column=32, file=internal/modules/cjs/loader.js, function=Module.load, line=815, method=load, native=false, column=14, file=internal/modules/cjs/loader.js, function=Module._load, line=727, method=_load, native=false, column=19, file=internal/modules/cjs/loader.js, function=Module.require, line=852, method=require, native=false, column=18, file=internal/modules/cjs/helpers.js, function=require, line=74, method=null, native=false, column=24, file=E:\WebstormProjects\app-backend-test\server\routes\member.js, function=null, line=5, method=null, native=false, column=30, file=internal/modules/cjs/loader.js, function=Module._compile, line=959, method=_compile, native=false, column=10, file=internal/modules/cjs/loader.js, function=Module._extensions..js, line=995, method=.js, native=false, column=32, file=internal/modules/cjs/loader.js, function=Module.load, line=815, method=load, native=false], stack=[E:\WebstormProjects\app-backend-test\server\controller\MemberController.js:172, async function createMember(req, res) {, ^, , SyntaxError: Identifier 'createMember' has already been declared,     at Module._compile (internal/modules/cjs/loader.js:895:18),     at Object.Module._extensions..js (internal/modules/cjs/loader.js:995:10),     at Module.load (internal/modules/cjs/loader.js:815:32),     at Function.Module._load (internal/modules/cjs/loader.js:727:14),     at Module.require (internal/modules/cjs/loader.js:852:19),     at require (internal/modules/cjs/helpers.js:74:18),     at Object.<anonymous> (E:\WebstormProjects\app-backend-test\server\routes\member.js:5:24),     at Module._compile (internal/modules/cjs/loader.js:959:30),     at Object.Module._extensions..js (internal/modules/cjs/loader.js:995:10),     at Module.load (internal/modules/cjs/loader.js:815:32)]
2019-12-30T03:02:54.244Z - error: uncaughtException: Identifier 'createMember' has already been declared date=Mon Dec 30 2019 11:02:54 GMT+0800 (GMT+08:00), pid=3252, uid=null, gid=null, cwd=E:\WebstormProjects\app-backend-test, execPath=C:\Program Files\nodejs\node.exe, version=v12.13.1, argv=[C:\Program Files\nodejs\node.exe, E:\WebstormProjects\app-backend-test\server.js], rss=75694080, heapTotal=59461632, heapUsed=34604944, external=1376472, loadavg=[0, 0, 0], uptime=5626, trace=[column=18, file=internal/modules/cjs/loader.js, function=Module._compile, line=895, method=_compile, native=false, column=10, file=internal/modules/cjs/loader.js, function=Module._extensions..js, line=995, method=.js, native=false, column=32, file=internal/modules/cjs/loader.js, function=Module.load, line=815, method=load, native=false, column=14, file=internal/modules/cjs/loader.js, function=Module._load, line=727, method=_load, native=false, column=19, file=internal/modules/cjs/loader.js, function=Module.require, line=852, method=require, native=false, column=18, file=internal/modules/cjs/helpers.js, function=require, line=74, method=null, native=false, column=24, file=E:\WebstormProjects\app-backend-test\server\routes\member.js, function=null, line=5, method=null, native=false, column=30, file=internal/modules/cjs/loader.js, function=Module._compile, line=959, method=_compile, native=false, column=10, file=internal/modules/cjs/loader.js, function=Module._extensions..js, line=995, method=.js, native=false, column=32, file=internal/modules/cjs/loader.js, function=Module.load, line=815, method=load, native=false], stack=[E:\WebstormProjects\app-backend-test\server\controller\MemberController.js:172, async function createMember(req, res) {, ^, , SyntaxError: Identifier 'createMember' has already been declared,     at Module._compile (internal/modules/cjs/loader.js:895:18),     at Object.Module._extensions..js (internal/modules/cjs/loader.js:995:10),     at Module.load (internal/modules/cjs/loader.js:815:32),     at Function.Module._load (internal/modules/cjs/loader.js:727:14),     at Module.require (internal/modules/cjs/loader.js:852:19),     at require (internal/modules/cjs/helpers.js:74:18),     at Object.<anonymous> (E:\WebstormProjects\app-backend-test\server\routes\member.js:5:24),     at Module._compile (internal/modules/cjs/loader.js:959:30),     at Object.Module._extensions..js (internal/modules/cjs/loader.js:995:10),     at Module.load (internal/modules/cjs/loader.js:815:32)]
2019-12-30T03:06:59.447Z - error: uncaughtException: Identifier 'createMember' has already been declared date=Mon Dec 30 2019 11:06:59 GMT+0800 (GMT+08:00), pid=1184, uid=null, gid=null, cwd=E:\WebstormProjects\app-backend-test, execPath=C:\Program Files\nodejs\node.exe, version=v12.13.1, argv=[C:\Program Files\nodejs\node.exe, E:\WebstormProjects\app-backend-test\server.js], rss=75509760, heapTotal=59199488, heapUsed=34783248, external=1389951, loadavg=[0, 0, 0], uptime=5871, trace=[column=18, file=internal/modules/cjs/loader.js, function=Module._compile, line=895, method=_compile, native=false, column=10, file=internal/modules/cjs/loader.js, function=Module._extensions..js, line=995, method=.js, native=false, column=32, file=internal/modules/cjs/loader.js, function=Module.load, line=815, method=load, native=false, column=14, file=internal/modules/cjs/loader.js, function=Module._load, line=727, method=_load, native=false, column=19, file=internal/modules/cjs/loader.js, function=Module.require, line=852, method=require, native=false, column=18, file=internal/modules/cjs/helpers.js, function=require, line=74, method=null, native=false, column=24, file=E:\WebstormProjects\app-backend-test\server\routes\member.js, function=null, line=5, method=null, native=false, column=30, file=internal/modules/cjs/loader.js, function=Module._compile, line=959, method=_compile, native=false, column=10, file=internal/modules/cjs/loader.js, function=Module._extensions..js, line=995, method=.js, native=false, column=32, file=internal/modules/cjs/loader.js, function=Module.load, line=815, method=load, native=false], stack=[E:\WebstormProjects\app-backend-test\server\controller\MemberController.js:172, async function createMember(req, res) {, ^, , SyntaxError: Identifier 'createMember' has already been declared,     at Module._compile (internal/modules/cjs/loader.js:895:18),     at Object.Module._extensions..js (internal/modules/cjs/loader.js:995:10),     at Module.load (internal/modules/cjs/loader.js:815:32),     at Function.Module._load (internal/modules/cjs/loader.js:727:14),     at Module.require (internal/modules/cjs/loader.js:852:19),     at require (internal/modules/cjs/helpers.js:74:18),     at Object.<anonymous> (E:\WebstormProjects\app-backend-test\server\routes\member.js:5:24),     at Module._compile (internal/modules/cjs/loader.js:959:30),     at Object.Module._extensions..js (internal/modules/cjs/loader.js:995:10),     at Module.load (internal/modules/cjs/loader.js:815:32)]
2019-12-30T03:08:36.857Z - error: uncaughtException: Identifier 'createMember' has already been declared date=Mon Dec 30 2019 11:08:36 GMT+0800 (GMT+08:00), pid=4756, uid=null, gid=null, cwd=E:\WebstormProjects\app-backend-test, execPath=C:\Program Files\nodejs\node.exe, version=v12.13.1, argv=[C:\Program Files\nodejs\node.exe, E:\WebstormProjects\app-backend-test\server.js], rss=70668288, heapTotal=58413056, heapUsed=37225776, external=2028311, loadavg=[0, 0, 0], uptime=5969, trace=[column=18, file=internal/modules/cjs/loader.js, function=Module._compile, line=895, method=_compile, native=false, column=10, file=internal/modules/cjs/loader.js, function=Module._extensions..js, line=995, method=.js, native=false, column=32, file=internal/modules/cjs/loader.js, function=Module.load, line=815, method=load, native=false, column=14, file=internal/modules/cjs/loader.js, function=Module._load, line=727, method=_load, native=false, column=19, file=internal/modules/cjs/loader.js, function=Module.require, line=852, method=require, native=false, column=18, file=internal/modules/cjs/helpers.js, function=require, line=74, method=null, native=false, column=24, file=E:\WebstormProjects\app-backend-test\server\routes\member.js, function=null, line=5, method=null, native=false, column=30, file=internal/modules/cjs/loader.js, function=Module._compile, line=959, method=_compile, native=false, column=10, file=internal/modules/cjs/loader.js, function=Module._extensions..js, line=995, method=.js, native=false, column=32, file=internal/modules/cjs/loader.js, function=Module.load, line=815, method=load, native=false], stack=[E:\WebstormProjects\app-backend-test\server\controller\MemberController.js:172, async function createMember(req, res) {, ^, , SyntaxError: Identifier 'createMember' has already been declared,     at Module._compile (internal/modules/cjs/loader.js:895:18),     at Object.Module._extensions..js (internal/modules/cjs/loader.js:995:10),     at Module.load (internal/modules/cjs/loader.js:815:32),     at Function.Module._load (internal/modules/cjs/loader.js:727:14),     at Module.require (internal/modules/cjs/loader.js:852:19),     at require (internal/modules/cjs/helpers.js:74:18),     at Object.<anonymous> (E:\WebstormProjects\app-backend-test\server\routes\member.js:5:24),     at Module._compile (internal/modules/cjs/loader.js:959:30),     at Object.Module._extensions..js (internal/modules/cjs/loader.js:995:10),     at Module.load (internal/modules/cjs/loader.js:815:32)]
2019-12-30T03:10:55.403Z - error: uncaughtException: Identifier 'createMember' has already been declared date=Mon Dec 30 2019 11:10:55 GMT+0800 (GMT+08:00), pid=6904, uid=null, gid=null, cwd=E:\WebstormProjects\app-backend-test, execPath=C:\Program Files\nodejs\node.exe, version=v12.13.1, argv=[C:\Program Files\nodejs\node.exe, E:\WebstormProjects\app-backend-test\server.js], rss=70381568, heapTotal=58413056, heapUsed=37386880, external=2028302, loadavg=[0, 0, 0], uptime=6107, trace=[column=18, file=internal/modules/cjs/loader.js, function=Module._compile, line=895, method=_compile, native=false, column=10, file=internal/modules/cjs/loader.js, function=Module._extensions..js, line=995, method=.js, native=false, column=32, file=internal/modules/cjs/loader.js, function=Module.load, line=815, method=load, native=false, column=14, file=internal/modules/cjs/loader.js, function=Module._load, line=727, method=_load, native=false, column=19, file=internal/modules/cjs/loader.js, function=Module.require, line=852, method=require, native=false, column=18, file=internal/modules/cjs/helpers.js, function=require, line=74, method=null, native=false, column=24, file=E:\WebstormProjects\app-backend-test\server\routes\member.js, function=null, line=5, method=null, native=false, column=30, file=internal/modules/cjs/loader.js, function=Module._compile, line=959, method=_compile, native=false, column=10, file=internal/modules/cjs/loader.js, function=Module._extensions..js, line=995, method=.js, native=false, column=32, file=internal/modules/cjs/loader.js, function=Module.load, line=815, method=load, native=false], stack=[E:\WebstormProjects\app-backend-test\server\controller\MemberController.js:172, async function createMember(req, res) {, ^, , SyntaxError: Identifier 'createMember' has already been declared,     at Module._compile (internal/modules/cjs/loader.js:895:18),     at Object.Module._extensions..js (internal/modules/cjs/loader.js:995:10),     at Module.load (internal/modules/cjs/loader.js:815:32),     at Function.Module._load (internal/modules/cjs/loader.js:727:14),     at Module.require (internal/modules/cjs/loader.js:852:19),     at require (internal/modules/cjs/helpers.js:74:18),     at Object.<anonymous> (E:\WebstormProjects\app-backend-test\server\routes\member.js:5:24),     at Module._compile (internal/modules/cjs/loader.js:959:30),     at Object.Module._extensions..js (internal/modules/cjs/loader.js:995:10),     at Module.load (internal/modules/cjs/loader.js:815:32)]
2019-12-30T03:11:16.351Z - error: uncaughtException: Identifier 'createMember' has already been declared date=Mon Dec 30 2019 11:11:16 GMT+0800 (GMT+08:00), pid=7620, uid=null, gid=null, cwd=E:\WebstormProjects\app-backend-test, execPath=C:\Program Files\nodejs\node.exe, version=v12.13.1, argv=[C:\Program Files\nodejs\node.exe, E:\WebstormProjects\app-backend-test\server.js], rss=75886592, heapTotal=58937344, heapUsed=34807176, external=1389949, loadavg=[0, 0, 0], uptime=6128, trace=[column=18, file=internal/modules/cjs/loader.js, function=Module._compile, line=895, method=_compile, native=false, column=10, file=internal/modules/cjs/loader.js, function=Module._extensions..js, line=995, method=.js, native=false, column=32, file=internal/modules/cjs/loader.js, function=Module.load, line=815, method=load, native=false, column=14, file=internal/modules/cjs/loader.js, function=Module._load, line=727, method=_load, native=false, column=19, file=internal/modules/cjs/loader.js, function=Module.require, line=852, method=require, native=false, column=18, file=internal/modules/cjs/helpers.js, function=require, line=74, method=null, native=false, column=24, file=E:\WebstormProjects\app-backend-test\server\routes\member.js, function=null, line=5, method=null, native=false, column=30, file=internal/modules/cjs/loader.js, function=Module._compile, line=959, method=_compile, native=false, column=10, file=internal/modules/cjs/loader.js, function=Module._extensions..js, line=995, method=.js, native=false, column=32, file=internal/modules/cjs/loader.js, function=Module.load, line=815, method=load, native=false], stack=[E:\WebstormProjects\app-backend-test\server\controller\MemberController.js:172, async function createMember(req, res) {, ^, , SyntaxError: Identifier 'createMember' has already been declared,     at Module._compile (internal/modules/cjs/loader.js:895:18),     at Object.Module._extensions..js (internal/modules/cjs/loader.js:995:10),     at Module.load (internal/modules/cjs/loader.js:815:32),     at Function.Module._load (internal/modules/cjs/loader.js:727:14),     at Module.require (internal/modules/cjs/loader.js:852:19),     at require (internal/modules/cjs/helpers.js:74:18),     at Object.<anonymous> (E:\WebstormProjects\app-backend-test\server\routes\member.js:5:24),     at Module._compile (internal/modules/cjs/loader.js:959:30),     at Object.Module._extensions..js (internal/modules/cjs/loader.js:995:10),     at Module.load (internal/modules/cjs/loader.js:815:32)]
2019-12-30T03:11:40.388Z - error: uncaughtException: Identifier 'createMember' has already been declared date=Mon Dec 30 2019 11:11:40 GMT+0800 (GMT+08:00), pid=2572, uid=null, gid=null, cwd=E:\WebstormProjects\app-backend-test, execPath=C:\Program Files\nodejs\node.exe, version=v12.13.1, argv=[C:\Program Files\nodejs\node.exe, E:\WebstormProjects\app-backend-test\server.js], rss=75862016, heapTotal=59199488, heapUsed=34813376, external=1389931, loadavg=[0, 0, 0], uptime=6152, trace=[column=18, file=internal/modules/cjs/loader.js, function=Module._compile, line=895, method=_compile, native=false, column=10, file=internal/modules/cjs/loader.js, function=Module._extensions..js, line=995, method=.js, native=false, column=32, file=internal/modules/cjs/loader.js, function=Module.load, line=815, method=load, native=false, column=14, file=internal/modules/cjs/loader.js, function=Module._load, line=727, method=_load, native=false, column=19, file=internal/modules/cjs/loader.js, function=Module.require, line=852, method=require, native=false, column=18, file=internal/modules/cjs/helpers.js, function=require, line=74, method=null, native=false, column=24, file=E:\WebstormProjects\app-backend-test\server\routes\member.js, function=null, line=5, method=null, native=false, column=30, file=internal/modules/cjs/loader.js, function=Module._compile, line=959, method=_compile, native=false, column=10, file=internal/modules/cjs/loader.js, function=Module._extensions..js, line=995, method=.js, native=false, column=32, file=internal/modules/cjs/loader.js, function=Module.load, line=815, method=load, native=false], stack=[E:\WebstormProjects\app-backend-test\server\controller\MemberController.js:171, async function createMember(req, res) {, ^, , SyntaxError: Identifier 'createMember' has already been declared,     at Module._compile (internal/modules/cjs/loader.js:895:18),     at Object.Module._extensions..js (internal/modules/cjs/loader.js:995:10),     at Module.load (internal/modules/cjs/loader.js:815:32),     at Function.Module._load (internal/modules/cjs/loader.js:727:14),     at Module.require (internal/modules/cjs/loader.js:852:19),     at require (internal/modules/cjs/helpers.js:74:18),     at Object.<anonymous> (E:\WebstormProjects\app-backend-test\server\routes\member.js:5:24),     at Module._compile (internal/modules/cjs/loader.js:959:30),     at Object.Module._extensions..js (internal/modules/cjs/loader.js:995:10),     at Module.load (internal/modules/cjs/loader.js:815:32)]
2019-12-30T03:17:35.040Z - error: uncaughtException: Identifier 'createMember' has already been declared date=Mon Dec 30 2019 11:17:35 GMT+0800 (GMT+08:00), pid=5856, uid=null, gid=null, cwd=E:\WebstormProjects\app-backend-test, execPath=C:\Program Files\nodejs\node.exe, version=v12.13.1, argv=[C:\Program Files\nodejs\node.exe, E:\WebstormProjects\app-backend-test\server.js], rss=75595776, heapTotal=59199488, heapUsed=34923936, external=1385065, loadavg=[0, 0, 0], uptime=6507, trace=[column=18, file=internal/modules/cjs/loader.js, function=Module._compile, line=895, method=_compile, native=false, column=10, file=internal/modules/cjs/loader.js, function=Module._extensions..js, line=995, method=.js, native=false, column=32, file=internal/modules/cjs/loader.js, function=Module.load, line=815, method=load, native=false, column=14, file=internal/modules/cjs/loader.js, function=Module._load, line=727, method=_load, native=false, column=19, file=internal/modules/cjs/loader.js, function=Module.require, line=852, method=require, native=false, column=18, file=internal/modules/cjs/helpers.js, function=require, line=74, method=null, native=false, column=24, file=E:\WebstormProjects\app-backend-test\server\routes\member.js, function=null, line=5, method=null, native=false, column=30, file=internal/modules/cjs/loader.js, function=Module._compile, line=959, method=_compile, native=false, column=10, file=internal/modules/cjs/loader.js, function=Module._extensions..js, line=995, method=.js, native=false, column=32, file=internal/modules/cjs/loader.js, function=Module.load, line=815, method=load, native=false], stack=[E:\WebstormProjects\app-backend-test\server\controller\MemberController.js:20, const createMember = async (req, res) => {,       ^, , SyntaxError: Identifier 'createMember' has already been declared,     at Module._compile (internal/modules/cjs/loader.js:895:18),     at Object.Module._extensions..js (internal/modules/cjs/loader.js:995:10),     at Module.load (internal/modules/cjs/loader.js:815:32),     at Function.Module._load (internal/modules/cjs/loader.js:727:14),     at Module.require (internal/modules/cjs/loader.js:852:19),     at require (internal/modules/cjs/helpers.js:74:18),     at Object.<anonymous> (E:\WebstormProjects\app-backend-test\server\routes\member.js:5:24),     at Module._compile (internal/modules/cjs/loader.js:959:30),     at Object.Module._extensions..js (internal/modules/cjs/loader.js:995:10),     at Module.load (internal/modules/cjs/loader.js:815:32)]
2019-12-30T03:19:07.955Z - error: uncaughtException: Identifier 'createMember' has already been declared date=Mon Dec 30 2019 11:19:07 GMT+0800 (GMT+08:00), pid=7056, uid=null, gid=null, cwd=E:\WebstormProjects\app-backend-test, execPath=C:\Program Files\nodejs\node.exe, version=v12.13.1, argv=[C:\Program Files\nodejs\node.exe, E:\WebstormProjects\app-backend-test\server.js], rss=75554816, heapTotal=59723776, heapUsed=34758680, external=1385073, loadavg=[0, 0, 0], uptime=6600, trace=[column=18, file=internal/modules/cjs/loader.js, function=Module._compile, line=895, method=_compile, native=false, column=10, file=internal/modules/cjs/loader.js, function=Module._extensions..js, line=995, method=.js, native=false, column=32, file=internal/modules/cjs/loader.js, function=Module.load, line=815, method=load, native=false, column=14, file=internal/modules/cjs/loader.js, function=Module._load, line=727, method=_load, native=false, column=19, file=internal/modules/cjs/loader.js, function=Module.require, line=852, method=require, native=false, column=18, file=internal/modules/cjs/helpers.js, function=require, line=74, method=null, native=false, column=24, file=E:\WebstormProjects\app-backend-test\server\routes\member.js, function=null, line=5, method=null, native=false, column=30, file=internal/modules/cjs/loader.js, function=Module._compile, line=959, method=_compile, native=false, column=10, file=internal/modules/cjs/loader.js, function=Module._extensions..js, line=995, method=.js, native=false, column=32, file=internal/modules/cjs/loader.js, function=Module.load, line=815, method=load, native=false], stack=[E:\WebstormProjects\app-backend-test\server\controller\MemberController.js:20, const createMember = async (req, res) => {,       ^, , SyntaxError: Identifier 'createMember' has already been declared,     at Module._compile (internal/modules/cjs/loader.js:895:18),     at Object.Module._extensions..js (internal/modules/cjs/loader.js:995:10),     at Module.load (internal/modules/cjs/loader.js:815:32),     at Function.Module._load (internal/modules/cjs/loader.js:727:14),     at Module.require (internal/modules/cjs/loader.js:852:19),     at require (internal/modules/cjs/helpers.js:74:18),     at Object.<anonymous> (E:\WebstormProjects\app-backend-test\server\routes\member.js:5:24),     at Module._compile (internal/modules/cjs/loader.js:959:30),     at Object.Module._extensions..js (internal/modules/cjs/loader.js:995:10),     at Module.load (internal/modules/cjs/loader.js:815:32)]
2019-12-30T03:24:04.362Z - error: uncaughtException: sendSMSCode is not defined date=Mon Dec 30 2019 11:24:04 GMT+0800 (GMT+08:00), pid=4632, uid=null, gid=null, cwd=E:\WebstormProjects\app-backend-test, execPath=C:\Program Files\nodejs\node.exe, version=v12.13.1, argv=[C:\Program Files\nodejs\node.exe, E:\WebstormProjects\app-backend-test\server.js], rss=96960512, heapTotal=72069120, heapUsed=50985368, external=2679017, loadavg=[0, 0, 0], uptime=6896, trace=[column=5, file=E:\WebstormProjects\app-backend-test\server\controller\MemberController.js, function=null, line=167, method=null, native=false, column=30, file=internal/modules/cjs/loader.js, function=Module._compile, line=959, method=_compile, native=false, column=10, file=internal/modules/cjs/loader.js, function=Module._extensions..js, line=995, method=.js, native=false, column=32, file=internal/modules/cjs/loader.js, function=Module.load, line=815, method=load, native=false, column=14, file=internal/modules/cjs/loader.js, function=Module._load, line=727, method=_load, native=false, column=19, file=internal/modules/cjs/loader.js, function=Module.require, line=852, method=require, native=false, column=18, file=internal/modules/cjs/helpers.js, function=require, line=74, method=null, native=false, column=24, file=E:\WebstormProjects\app-backend-test\server\routes\member.js, function=null, line=5, method=null, native=false, column=30, file=internal/modules/cjs/loader.js, function=Module._compile, line=959, method=_compile, native=false, column=10, file=internal/modules/cjs/loader.js, function=Module._extensions..js, line=995, method=.js, native=false, column=32, file=internal/modules/cjs/loader.js, function=Module.load, line=815, method=load, native=false, column=14, file=internal/modules/cjs/loader.js, function=Module._load, line=727, method=_load, native=false, column=19, file=internal/modules/cjs/loader.js, function=Module.require, line=852, method=require, native=false, column=18, file=internal/modules/cjs/helpers.js, function=require, line=74, method=null, native=false, column=28, file=E:\WebstormProjects\app-backend-test\server\config\route-config.js, function=Object.routeConfig.init, line=6, method=init, native=false, column=17, file=E:\WebstormProjects\app-backend-test\server\app.js, function=null, line=40, method=null, native=false], stack=[ReferenceError: sendSMSCode is not defined,     at Object.<anonymous> (E:\WebstormProjects\app-backend-test\server\controller\MemberController.js:167:5),     at Module._compile (internal/modules/cjs/loader.js:959:30),     at Object.Module._extensions..js (internal/modules/cjs/loader.js:995:10),     at Module.load (internal/modules/cjs/loader.js:815:32),     at Function.Module._load (internal/modules/cjs/loader.js:727:14),     at Module.require (internal/modules/cjs/loader.js:852:19),     at require (internal/modules/cjs/helpers.js:74:18),     at Object.<anonymous> (E:\WebstormProjects\app-backend-test\server\routes\member.js:5:24),     at Module._compile (internal/modules/cjs/loader.js:959:30),     at Object.Module._extensions..js (internal/modules/cjs/loader.js:995:10),     at Module.load (internal/modules/cjs/loader.js:815:32),     at Function.Module._load (internal/modules/cjs/loader.js:727:14),     at Module.require (internal/modules/cjs/loader.js:852:19),     at require (internal/modules/cjs/helpers.js:74:18),     at Object.routeConfig.init (E:\WebstormProjects\app-backend-test\server\config\route-config.js:6:28),     at E:\WebstormProjects\app-backend-test\server\app.js:40:17]
2019-12-30T03:24:23.712Z - error: uncaughtException: sendSMSCode is not defined date=Mon Dec 30 2019 11:24:23 GMT+0800 (GMT+08:00), pid=8380, uid=null, gid=null, cwd=E:\WebstormProjects\app-backend-test, execPath=C:\Program Files\nodejs\node.exe, version=v12.13.1, argv=[C:\Program Files\nodejs\node.exe, E:\WebstormProjects\app-backend-test\server.js], rss=97439744, heapTotal=72593408, heapUsed=48922256, external=2481561, loadavg=[0, 0, 0], uptime=6916, trace=[column=5, file=E:\WebstormProjects\app-backend-test\server\controller\MemberController.js, function=null, line=168, method=null, native=false, column=30, file=internal/modules/cjs/loader.js, function=Module._compile, line=959, method=_compile, native=false, column=10, file=internal/modules/cjs/loader.js, function=Module._extensions..js, line=995, method=.js, native=false, column=32, file=internal/modules/cjs/loader.js, function=Module.load, line=815, method=load, native=false, column=14, file=internal/modules/cjs/loader.js, function=Module._load, line=727, method=_load, native=false, column=19, file=internal/modules/cjs/loader.js, function=Module.require, line=852, method=require, native=false, column=18, file=internal/modules/cjs/helpers.js, function=require, line=74, method=null, native=false, column=24, file=E:\WebstormProjects\app-backend-test\server\routes\member.js, function=null, line=5, method=null, native=false, column=30, file=internal/modules/cjs/loader.js, function=Module._compile, line=959, method=_compile, native=false, column=10, file=internal/modules/cjs/loader.js, function=Module._extensions..js, line=995, method=.js, native=false, column=32, file=internal/modules/cjs/loader.js, function=Module.load, line=815, method=load, native=false, column=14, file=internal/modules/cjs/loader.js, function=Module._load, line=727, method=_load, native=false, column=19, file=internal/modules/cjs/loader.js, function=Module.require, line=852, method=require, native=false, column=18, file=internal/modules/cjs/helpers.js, function=require, line=74, method=null, native=false, column=28, file=E:\WebstormProjects\app-backend-test\server\config\route-config.js, function=Object.routeConfig.init, line=6, method=init, native=false, column=17, file=E:\WebstormProjects\app-backend-test\server\app.js, function=null, line=40, method=null, native=false], stack=[ReferenceError: sendSMSCode is not defined,     at Object.<anonymous> (E:\WebstormProjects\app-backend-test\server\controller\MemberController.js:168:5),     at Module._compile (internal/modules/cjs/loader.js:959:30),     at Object.Module._extensions..js (internal/modules/cjs/loader.js:995:10),     at Module.load (internal/modules/cjs/loader.js:815:32),     at Function.Module._load (internal/modules/cjs/loader.js:727:14),     at Module.require (internal/modules/cjs/loader.js:852:19),     at require (internal/modules/cjs/helpers.js:74:18),     at Object.<anonymous> (E:\WebstormProjects\app-backend-test\server\routes\member.js:5:24),     at Module._compile (internal/modules/cjs/loader.js:959:30),     at Object.Module._extensions..js (internal/modules/cjs/loader.js:995:10),     at Module.load (internal/modules/cjs/loader.js:815:32),     at Function.Module._load (internal/modules/cjs/loader.js:727:14),     at Module.require (internal/modules/cjs/loader.js:852:19),     at require (internal/modules/cjs/helpers.js:74:18),     at Object.routeConfig.init (E:\WebstormProjects\app-backend-test\server\config\route-config.js:6:28),     at E:\WebstormProjects\app-backend-test\server\app.js:40:17]
2019-12-30T03:24:28.997Z - error: uncaughtException: sendSMSCode is not defined date=Mon Dec 30 2019 11:24:28 GMT+0800 (GMT+08:00), pid=6576, uid=null, gid=null, cwd=E:\WebstormProjects\app-backend-test, execPath=C:\Program Files\nodejs\node.exe, version=v12.13.1, argv=[C:\Program Files\nodejs\node.exe, E:\WebstormProjects\app-backend-test\server.js], rss=97202176, heapTotal=72331264, heapUsed=51098472, external=2679017, loadavg=[0, 0, 0], uptime=6921, trace=[column=5, file=E:\WebstormProjects\app-backend-test\server\controller\MemberController.js, function=null, line=168, method=null, native=false, column=30, file=internal/modules/cjs/loader.js, function=Module._compile, line=959, method=_compile, native=false, column=10, file=internal/modules/cjs/loader.js, function=Module._extensions..js, line=995, method=.js, native=false, column=32, file=internal/modules/cjs/loader.js, function=Module.load, line=815, method=load, native=false, column=14, file=internal/modules/cjs/loader.js, function=Module._load, line=727, method=_load, native=false, column=19, file=internal/modules/cjs/loader.js, function=Module.require, line=852, method=require, native=false, column=18, file=internal/modules/cjs/helpers.js, function=require, line=74, method=null, native=false, column=24, file=E:\WebstormProjects\app-backend-test\server\routes\member.js, function=null, line=5, method=null, native=false, column=30, file=internal/modules/cjs/loader.js, function=Module._compile, line=959, method=_compile, native=false, column=10, file=internal/modules/cjs/loader.js, function=Module._extensions..js, line=995, method=.js, native=false, column=32, file=internal/modules/cjs/loader.js, function=Module.load, line=815, method=load, native=false, column=14, file=internal/modules/cjs/loader.js, function=Module._load, line=727, method=_load, native=false, column=19, file=internal/modules/cjs/loader.js, function=Module.require, line=852, method=require, native=false, column=18, file=internal/modules/cjs/helpers.js, function=require, line=74, method=null, native=false, column=28, file=E:\WebstormProjects\app-backend-test\server\config\route-config.js, function=Object.routeConfig.init, line=6, method=init, native=false, column=17, file=E:\WebstormProjects\app-backend-test\server\app.js, function=null, line=40, method=null, native=false], stack=[ReferenceError: sendSMSCode is not defined,     at Object.<anonymous> (E:\WebstormProjects\app-backend-test\server\controller\MemberController.js:168:5),     at Module._compile (internal/modules/cjs/loader.js:959:30),     at Object.Module._extensions..js (internal/modules/cjs/loader.js:995:10),     at Module.load (internal/modules/cjs/loader.js:815:32),     at Function.Module._load (internal/modules/cjs/loader.js:727:14),     at Module.require (internal/modules/cjs/loader.js:852:19),     at require (internal/modules/cjs/helpers.js:74:18),     at Object.<anonymous> (E:\WebstormProjects\app-backend-test\server\routes\member.js:5:24),     at Module._compile (internal/modules/cjs/loader.js:959:30),     at Object.Module._extensions..js (internal/modules/cjs/loader.js:995:10),     at Module.load (internal/modules/cjs/loader.js:815:32),     at Function.Module._load (internal/modules/cjs/loader.js:727:14),     at Module.require (internal/modules/cjs/loader.js:852:19),     at require (internal/modules/cjs/helpers.js:74:18),     at Object.routeConfig.init (E:\WebstormProjects\app-backend-test\server\config\route-config.js:6:28),     at E:\WebstormProjects\app-backend-test\server\app.js:40:17]
2019-12-30T03:28:08.313Z - error: uncaughtException: Route.get() requires a callback function but got a [object Undefined] date=Mon Dec 30 2019 11:28:08 GMT+0800 (GMT+08:00), pid=2544, uid=null, gid=null, cwd=E:\WebstormProjects\app-backend-test, execPath=C:\Program Files\nodejs\node.exe, version=v12.13.1, argv=[C:\Program Files\nodejs\node.exe, E:\WebstormProjects\app-backend-test\server.js], rss=93798400, heapTotal=70230016, heapUsed=39418688, external=1503885, loadavg=[0, 0, 0], uptime=7140, trace=[column=15, file=E:\WebstormProjects\app-backend-test\node_modules\express\lib\router\route.js, function=Route.<computed> [as get], line=202, method=<computed> [as get], native=false, column=19, file=E:\WebstormProjects\app-backend-test\node_modules\express\lib\router\index.js, function=Function.proto.<computed> [as get], line=510, method=<computed> [as get], native=false, column=8, file=E:\WebstormProjects\app-backend-test\server\routes\member.js, function=null, line=7, method=null, native=false, column=30, file=internal/modules/cjs/loader.js, function=Module._compile, line=959, method=_compile, native=false, column=10, file=internal/modules/cjs/loader.js, function=Module._extensions..js, line=995, method=.js, native=false, column=32, file=internal/modules/cjs/loader.js, function=Module.load, line=815, method=load, native=false, column=14, file=internal/modules/cjs/loader.js, function=Module._load, line=727, method=_load, native=false, column=19, file=internal/modules/cjs/loader.js, function=Module.require, line=852, method=require, native=false, column=18, file=internal/modules/cjs/helpers.js, function=require, line=74, method=null, native=false, column=28, file=E:\WebstormProjects\app-backend-test\server\config\route-config.js, function=Object.routeConfig.init, line=6, method=init, native=false, column=17, file=E:\WebstormProjects\app-backend-test\server\app.js, function=null, line=40, method=null, native=false, column=3, file=E:\WebstormProjects\app-backend-test\server\app.js, function=null, line=45, method=null, native=false, column=30, file=internal/modules/cjs/loader.js, function=Module._compile, line=959, method=_compile, native=false, column=10, file=internal/modules/cjs/loader.js, function=Module._extensions..js, line=995, method=.js, native=false, column=32, file=internal/modules/cjs/loader.js, function=Module.load, line=815, method=load, native=false, column=14, file=internal/modules/cjs/loader.js, function=Module._load, line=727, method=_load, native=false], stack=[Error: Route.get() requires a callback function but got a [object Undefined],     at Route.<computed> [as get] (E:\WebstormProjects\app-backend-test\node_modules\express\lib\router\route.js:202:15),     at Function.proto.<computed> [as get] (E:\WebstormProjects\app-backend-test\node_modules\express\lib\router\index.js:510:19),     at Object.<anonymous> (E:\WebstormProjects\app-backend-test\server\routes\member.js:7:8),     at Module._compile (internal/modules/cjs/loader.js:959:30),     at Object.Module._extensions..js (internal/modules/cjs/loader.js:995:10),     at Module.load (internal/modules/cjs/loader.js:815:32),     at Function.Module._load (internal/modules/cjs/loader.js:727:14),     at Module.require (internal/modules/cjs/loader.js:852:19),     at require (internal/modules/cjs/helpers.js:74:18),     at Object.routeConfig.init (E:\WebstormProjects\app-backend-test\server\config\route-config.js:6:28),     at E:\WebstormProjects\app-backend-test\server\app.js:40:17,     at Object.<anonymous> (E:\WebstormProjects\app-backend-test\server\app.js:45:3),     at Module._compile (internal/modules/cjs/loader.js:959:30),     at Object.Module._extensions..js (internal/modules/cjs/loader.js:995:10),     at Module.load (internal/modules/cjs/loader.js:815:32),     at Function.Module._load (internal/modules/cjs/loader.js:727:14)]
2019-12-30T03:52:59.636Z - error: uncaughtException: Missing initializer in const declaration date=Mon Dec 30 2019 11:52:59 GMT+0800 (GMT+08:00), pid=9688, uid=null, gid=null, cwd=E:\WebstormProjects\app-backend-test, execPath=C:\Program Files\nodejs\node.exe, version=v12.13.1, argv=[C:\Program Files\nodejs\node.exe, E:\WebstormProjects\app-backend-test\server.js], rss=93356032, heapTotal=69967872, heapUsed=39482968, external=1538997, loadavg=[0, 0, 0], uptime=8632, trace=[column=18, file=internal/modules/cjs/loader.js, function=Module._compile, line=895, method=_compile, native=false, column=10, file=internal/modules/cjs/loader.js, function=Module._extensions..js, line=995, method=.js, native=false, column=32, file=internal/modules/cjs/loader.js, function=Module.load, line=815, method=load, native=false, column=14, file=internal/modules/cjs/loader.js, function=Module._load, line=727, method=_load, native=false, column=19, file=internal/modules/cjs/loader.js, function=Module.require, line=852, method=require, native=false, column=18, file=internal/modules/cjs/helpers.js, function=require, line=74, method=null, native=false, column=23, file=E:\WebstormProjects\app-backend-test\server\routes\member.js, function=null, line=5, method=null, native=false, column=30, file=internal/modules/cjs/loader.js, function=Module._compile, line=959, method=_compile, native=false, column=10, file=internal/modules/cjs/loader.js, function=Module._extensions..js, line=995, method=.js, native=false, column=32, file=internal/modules/cjs/loader.js, function=Module.load, line=815, method=load, native=false, column=14, file=internal/modules/cjs/loader.js, function=Module._load, line=727, method=_load, native=false, column=19, file=internal/modules/cjs/loader.js, function=Module.require, line=852, method=require, native=false, column=18, file=internal/modules/cjs/helpers.js, function=require, line=74, method=null, native=false, column=28, file=E:\WebstormProjects\app-backend-test\server\config\route-config.js, function=Object.routeConfig.init, line=6, method=init, native=false, column=17, file=E:\WebstormProjects\app-backend-test\server\app.js, function=null, line=40, method=null, native=false, column=3, file=E:\WebstormProjects\app-backend-test\server\app.js, function=null, line=45, method=null, native=false], stack=[E:\WebstormProjects\app-backend-test\server\middleware\SMS.js:65, const sms,       ^^^, , SyntaxError: Missing initializer in const declaration,     at Module._compile (internal/modules/cjs/loader.js:895:18),     at Object.Module._extensions..js (internal/modules/cjs/loader.js:995:10),     at Module.load (internal/modules/cjs/loader.js:815:32),     at Function.Module._load (internal/modules/cjs/loader.js:727:14),     at Module.require (internal/modules/cjs/loader.js:852:19),     at require (internal/modules/cjs/helpers.js:74:18),     at Object.<anonymous> (E:\WebstormProjects\app-backend-test\server\routes\member.js:5:23),     at Module._compile (internal/modules/cjs/loader.js:959:30),     at Object.Module._extensions..js (internal/modules/cjs/loader.js:995:10),     at Module.load (internal/modules/cjs/loader.js:815:32),     at Function.Module._load (internal/modules/cjs/loader.js:727:14),     at Module.require (internal/modules/cjs/loader.js:852:19),     at require (internal/modules/cjs/helpers.js:74:18),     at Object.routeConfig.init (E:\WebstormProjects\app-backend-test\server\config\route-config.js:6:28),     at E:\WebstormProjects\app-backend-test\server\app.js:40:17,     at Object.<anonymous> (E:\WebstormProjects\app-backend-test\server\app.js:45:3)]
2019-12-30T07:14:13.934Z - error: Error: Not Found
    at E:\WebstormProjects\app-backend-test\server\config\error-config.js:10:19
    at Layer.handle [as handle_request] (E:\WebstormProjects\app-backend-test\node_modules\express\lib\router\layer.js:95:5)
    at trim_prefix (E:\WebstormProjects\app-backend-test\node_modules\express\lib\router\index.js:317:13)
    at E:\WebstormProjects\app-backend-test\node_modules\express\lib\router\index.js:284:7
    at Function.process_params (E:\WebstormProjects\app-backend-test\node_modules\express\lib\router\index.js:335:12)
    at next (E:\WebstormProjects\app-backend-test\node_modules\express\lib\router\index.js:275:10)
    at E:\WebstormProjects\app-backend-test\node_modules\express\lib\router\index.js:635:15
    at next (E:\WebstormProjects\app-backend-test\node_modules\express\lib\router\index.js:260:14)
    at Function.handle (E:\WebstormProjects\app-backend-test\node_modules\express\lib\router\index.js:174:3)
    at router (E:\WebstormProjects\app-backend-test\node_modules\express\lib\router\index.js:47:12)
    at Layer.handle [as handle_request] (E:\WebstormProjects\app-backend-test\node_modules\express\lib\router\layer.js:95:5)
    at trim_prefix (E:\WebstormProjects\app-backend-test\node_modules\express\lib\router\index.js:317:13)
    at E:\WebstormProjects\app-backend-test\node_modules\express\lib\router\index.js:284:7
    at Function.process_params (E:\WebstormProjects\app-backend-test\node_modules\express\lib\router\index.js:335:12)
    at next (E:\WebstormProjects\app-backend-test\node_modules\express\lib\router\index.js:275:10)
    at E:\WebstormProjects\app-backend-test\node_modules\express\lib\router\index.js:635:15 {
  status: 404
} filePath=E:\WebstormProjects\app-backend-test\server\config\error-config.js, lineNumber=16
2019-12-30T07:14:52.745Z - error: Error: Not Found
    at E:\WebstormProjects\app-backend-test\server\config\error-config.js:10:19
    at Layer.handle [as handle_request] (E:\WebstormProjects\app-backend-test\node_modules\express\lib\router\layer.js:95:5)
    at trim_prefix (E:\WebstormProjects\app-backend-test\node_modules\express\lib\router\index.js:317:13)
    at E:\WebstormProjects\app-backend-test\node_modules\express\lib\router\index.js:284:7
    at Function.process_params (E:\WebstormProjects\app-backend-test\node_modules\express\lib\router\index.js:335:12)
    at next (E:\WebstormProjects\app-backend-test\node_modules\express\lib\router\index.js:275:10)
    at E:\WebstormProjects\app-backend-test\node_modules\express\lib\router\index.js:635:15
    at next (E:\WebstormProjects\app-backend-test\node_modules\express\lib\router\index.js:260:14)
    at Function.handle (E:\WebstormProjects\app-backend-test\node_modules\express\lib\router\index.js:174:3)
    at router (E:\WebstormProjects\app-backend-test\node_modules\express\lib\router\index.js:47:12)
    at Layer.handle [as handle_request] (E:\WebstormProjects\app-backend-test\node_modules\express\lib\router\layer.js:95:5)
    at trim_prefix (E:\WebstormProjects\app-backend-test\node_modules\express\lib\router\index.js:317:13)
    at E:\WebstormProjects\app-backend-test\node_modules\express\lib\router\index.js:284:7
    at Function.process_params (E:\WebstormProjects\app-backend-test\node_modules\express\lib\router\index.js:335:12)
    at next (E:\WebstormProjects\app-backend-test\node_modules\express\lib\router\index.js:275:10)
    at E:\WebstormProjects\app-backend-test\node_modules\express\lib\router\index.js:635:15 {
  status: 404
} filePath=E:\WebstormProjects\app-backend-test\server\config\error-config.js, lineNumber=16
2019-12-30T07:15:09.179Z - error: uncaughtException: await is only valid in async function date=Mon Dec 30 2019 15:15:09 GMT+0800 (GMT+08:00), pid=1796, uid=null, gid=null, cwd=E:\WebstormProjects\app-backend-test, execPath=C:\Program Files\nodejs\node.exe, version=v12.13.1, argv=[C:\Program Files\nodejs\node.exe, E:\WebstormProjects\app-backend-test\server.js], rss=84652032, heapTotal=62889984, heapUsed=42129496, external=1908280, loadavg=[0, 0, 0], uptime=20761, trace=[column=18, file=internal/modules/cjs/loader.js, function=Module._compile, line=895, method=_compile, native=false, column=10, file=internal/modules/cjs/loader.js, function=Module._extensions..js, line=995, method=.js, native=false, column=32, file=internal/modules/cjs/loader.js, function=Module.load, line=815, method=load, native=false, column=14, file=internal/modules/cjs/loader.js, function=Module._load, line=727, method=_load, native=false, column=19, file=internal/modules/cjs/loader.js, function=Module.require, line=852, method=require, native=false, column=18, file=internal/modules/cjs/helpers.js, function=require, line=74, method=null, native=false, column=39, file=E:\WebstormProjects\app-backend-test\server\routes\member.js, function=null, line=5, method=null, native=false, column=30, file=internal/modules/cjs/loader.js, function=Module._compile, line=959, method=_compile, native=false, column=10, file=internal/modules/cjs/loader.js, function=Module._extensions..js, line=995, method=.js, native=false, column=32, file=internal/modules/cjs/loader.js, function=Module.load, line=815, method=load, native=false, column=14, file=internal/modules/cjs/loader.js, function=Module._load, line=727, method=_load, native=false, column=19, file=internal/modules/cjs/loader.js, function=Module.require, line=852, method=require, native=false, column=18, file=internal/modules/cjs/helpers.js, function=require, line=74, method=null, native=false, column=28, file=E:\WebstormProjects\app-backend-test\server\config\route-config.js, function=Object.routeConfig.init, line=6, method=init, native=false, column=17, file=E:\WebstormProjects\app-backend-test\server\app.js, function=null, line=40, method=null, native=false, column=3, file=E:\WebstormProjects\app-backend-test\server\app.js, function=null, line=45, method=null, native=false], stack=[E:\WebstormProjects\app-backend-test\server\middleware\SMS.js:68,     let result = await redis.get(`sms_${phone}`),                  ^^^^^, , SyntaxError: await is only valid in async function,     at Module._compile (internal/modules/cjs/loader.js:895:18),     at Object.Module._extensions..js (internal/modules/cjs/loader.js:995:10),     at Module.load (internal/modules/cjs/loader.js:815:32),     at Function.Module._load (internal/modules/cjs/loader.js:727:14),     at Module.require (internal/modules/cjs/loader.js:852:19),     at require (internal/modules/cjs/helpers.js:74:18),     at Object.<anonymous> (E:\WebstormProjects\app-backend-test\server\routes\member.js:5:39),     at Module._compile (internal/modules/cjs/loader.js:959:30),     at Object.Module._extensions..js (internal/modules/cjs/loader.js:995:10),     at Module.load (internal/modules/cjs/loader.js:815:32),     at Function.Module._load (internal/modules/cjs/loader.js:727:14),     at Module.require (internal/modules/cjs/loader.js:852:19),     at require (internal/modules/cjs/helpers.js:74:18),     at Object.routeConfig.init (E:\WebstormProjects\app-backend-test\server\config\route-config.js:6:28),     at E:\WebstormProjects\app-backend-test\server\app.js:40:17,     at Object.<anonymous> (E:\WebstormProjects\app-backend-test\server\app.js:45:3)]
2019-12-30T07:16:14.391Z - error: send sms user undefined invalid mobile number, URL: http://dysmsapi.aliyuncs.com/?AccessKeyId=LTAIt3ht1QrdpGuK&Action=SendSms&Format=JSON&PhoneNumbers=undefined&SignName=%E5%8D%83%E5%B9%B4%E7%8B%90&SignatureMethod=HMAC-SHA1&SignatureNonce=fb0f74f158f244254b38b4d201db5dca&SignatureVersion=1.0&TemplateCode=SMS_163846521&TemplateParam=%7B%22code%22%3A%22676138%22%7D&Timestamp=2019-12-30T07%3A16%3A14Z&Version=2017-05-25&Signature=Z%2B683ox0VGZZXk%2FEiZakzw0A65w%3D filePath=E:\WebstormProjects\app-backend-test\server\middleware\SMS.js, lineNumber=56
2019-12-30T07:16:37.450Z - error: send sms user 182770305020invalid mobile number, URL: http://dysmsapi.aliyuncs.com/?AccessKeyId=LTAIt3ht1QrdpGuK&Action=SendSms&Format=JSON&PhoneNumbers=182770305020&SignName=%E5%8D%83%E5%B9%B4%E7%8B%90&SignatureMethod=HMAC-SHA1&SignatureNonce=f26240adc4195e01d33ae7820693230c&SignatureVersion=1.0&TemplateCode=SMS_163846521&TemplateParam=%7B%22code%22%3A%22005199%22%7D&Timestamp=2019-12-30T07%3A16%3A37Z&Version=2017-05-25&Signature=xkXXIgEl2WBsYdg4QEYT2FbXZDU%3D filePath=E:\WebstormProjects\app-backend-test\server\middleware\SMS.js, lineNumber=56
2019-12-30T07:17:59.584Z - error: login CryptUtil.findMember is not a function filePath=E:\WebstormProjects\app-backend-test\server\controller\MemberController.js, lineNumber=83
2019-12-30T07:18:25.094Z - error: login CryptUtil.findMember is not a function filePath=E:\WebstormProjects\app-backend-test\server\controller\MemberController.js, lineNumber=84
2019-12-30T07:36:12.047Z - error: uncaughtException: Unexpected token 'else' date=Mon Dec 30 2019 15:36:12 GMT+0800 (GMT+08:00), pid=6400, uid=null, gid=null, cwd=E:\WebstormProjects\app-backend-test, execPath=C:\Program Files\nodejs\node.exe, version=v12.13.1, argv=[C:\Program Files\nodejs\node.exe, E:\WebstormProjects\app-backend-test\server.js], rss=75763712, heapTotal=59199488, heapUsed=34793952, external=1380685, loadavg=[0, 0, 0], uptime=22024, trace=[column=18, file=internal/modules/cjs/loader.js, function=Module._compile, line=895, method=_compile, native=false, column=10, file=internal/modules/cjs/loader.js, function=Module._extensions..js, line=995, method=.js, native=false, column=32, file=internal/modules/cjs/loader.js, function=Module.load, line=815, method=load, native=false, column=14, file=internal/modules/cjs/loader.js, function=Module._load, line=727, method=_load, native=false, column=19, file=internal/modules/cjs/loader.js, function=Module.require, line=852, method=require, native=false, column=18, file=internal/modules/cjs/helpers.js, function=require, line=74, method=null, native=false, column=19, file=E:\WebstormProjects\app-backend-test\server\controller\MemberController.js, function=null, line=2, method=null, native=false, column=30, file=internal/modules/cjs/loader.js, function=Module._compile, line=959, method=_compile, native=false, column=10, file=internal/modules/cjs/loader.js, function=Module._extensions..js, line=995, method=.js, native=false, column=32, file=internal/modules/cjs/loader.js, function=Module.load, line=815, method=load, native=false], stack=[E:\WebstormProjects\app-backend-test\server\lib\CryptUtil.js:40,   else return payload;,   ^^^^, , SyntaxError: Unexpected token 'else',     at Module._compile (internal/modules/cjs/loader.js:895:18),     at Object.Module._extensions..js (internal/modules/cjs/loader.js:995:10),     at Module.load (internal/modules/cjs/loader.js:815:32),     at Function.Module._load (internal/modules/cjs/loader.js:727:14),     at Module.require (internal/modules/cjs/loader.js:852:19),     at require (internal/modules/cjs/helpers.js:74:18),     at Object.<anonymous> (E:\WebstormProjects\app-backend-test\server\controller\MemberController.js:2:19),     at Module._compile (internal/modules/cjs/loader.js:959:30),     at Object.Module._extensions..js (internal/modules/cjs/loader.js:995:10),     at Module.load (internal/modules/cjs/loader.js:815:32)]
2019-12-30T07:36:47.888Z - error: uncaughtException: Unexpected token 'else' date=Mon Dec 30 2019 15:36:47 GMT+0800 (GMT+08:00), pid=4832, uid=null, gid=null, cwd=E:\WebstormProjects\app-backend-test, execPath=C:\Program Files\nodejs\node.exe, version=v12.13.1, argv=[C:\Program Files\nodejs\node.exe, E:\WebstormProjects\app-backend-test\server.js], rss=75825152, heapTotal=59199488, heapUsed=34835848, external=1380685, loadavg=[0, 0, 0], uptime=22060, trace=[column=18, file=internal/modules/cjs/loader.js, function=Module._compile, line=895, method=_compile, native=false, column=10, file=internal/modules/cjs/loader.js, function=Module._extensions..js, line=995, method=.js, native=false, column=32, file=internal/modules/cjs/loader.js, function=Module.load, line=815, method=load, native=false, column=14, file=internal/modules/cjs/loader.js, function=Module._load, line=727, method=_load, native=false, column=19, file=internal/modules/cjs/loader.js, function=Module.require, line=852, method=require, native=false, column=18, file=internal/modules/cjs/helpers.js, function=require, line=74, method=null, native=false, column=19, file=E:\WebstormProjects\app-backend-test\server\controller\MemberController.js, function=null, line=2, method=null, native=false, column=30, file=internal/modules/cjs/loader.js, function=Module._compile, line=959, method=_compile, native=false, column=10, file=internal/modules/cjs/loader.js, function=Module._extensions..js, line=995, method=.js, native=false, column=32, file=internal/modules/cjs/loader.js, function=Module.load, line=815, method=load, native=false], stack=[E:\WebstormProjects\app-backend-test\server\lib\CryptUtil.js:40,   else return payload;,   ^^^^, , SyntaxError: Unexpected token 'else',     at Module._compile (internal/modules/cjs/loader.js:895:18),     at Object.Module._extensions..js (internal/modules/cjs/loader.js:995:10),     at Module.load (internal/modules/cjs/loader.js:815:32),     at Function.Module._load (internal/modules/cjs/loader.js:727:14),     at Module.require (internal/modules/cjs/loader.js:852:19),     at require (internal/modules/cjs/helpers.js:74:18),     at Object.<anonymous> (E:\WebstormProjects\app-backend-test\server\controller\MemberController.js:2:19),     at Module._compile (internal/modules/cjs/loader.js:959:30),     at Object.Module._extensions..js (internal/modules/cjs/loader.js:995:10),     at Module.load (internal/modules/cjs/loader.js:815:32)]
2019-12-30T07:36:59.360Z - error: uncaughtException: Unexpected token 'else' date=Mon Dec 30 2019 15:36:59 GMT+0800 (GMT+08:00), pid=9424, uid=null, gid=null, cwd=E:\WebstormProjects\app-backend-test, execPath=C:\Program Files\nodejs\node.exe, version=v12.13.1, argv=[C:\Program Files\nodejs\node.exe, E:\WebstormProjects\app-backend-test\server.js], rss=75763712, heapTotal=59199488, heapUsed=34762184, external=1380685, loadavg=[0, 0, 0], uptime=22071, trace=[column=18, file=internal/modules/cjs/loader.js, function=Module._compile, line=895, method=_compile, native=false, column=10, file=internal/modules/cjs/loader.js, function=Module._extensions..js, line=995, method=.js, native=false, column=32, file=internal/modules/cjs/loader.js, function=Module.load, line=815, method=load, native=false, column=14, file=internal/modules/cjs/loader.js, function=Module._load, line=727, method=_load, native=false, column=19, file=internal/modules/cjs/loader.js, function=Module.require, line=852, method=require, native=false, column=18, file=internal/modules/cjs/helpers.js, function=require, line=74, method=null, native=false, column=19, file=E:\WebstormProjects\app-backend-test\server\controller\MemberController.js, function=null, line=2, method=null, native=false, column=30, file=internal/modules/cjs/loader.js, function=Module._compile, line=959, method=_compile, native=false, column=10, file=internal/modules/cjs/loader.js, function=Module._extensions..js, line=995, method=.js, native=false, column=32, file=internal/modules/cjs/loader.js, function=Module.load, line=815, method=load, native=false], stack=[E:\WebstormProjects\app-backend-test\server\lib\CryptUtil.js:41,   else return payload;,   ^^^^, , SyntaxError: Unexpected token 'else',     at Module._compile (internal/modules/cjs/loader.js:895:18),     at Object.Module._extensions..js (internal/modules/cjs/loader.js:995:10),     at Module.load (internal/modules/cjs/loader.js:815:32),     at Function.Module._load (internal/modules/cjs/loader.js:727:14),     at Module.require (internal/modules/cjs/loader.js:852:19),     at require (internal/modules/cjs/helpers.js:74:18),     at Object.<anonymous> (E:\WebstormProjects\app-backend-test\server\controller\MemberController.js:2:19),     at Module._compile (internal/modules/cjs/loader.js:959:30),     at Object.Module._extensions..js (internal/modules/cjs/loader.js:995:10),     at Module.load (internal/modules/cjs/loader.js:815:32)]
