2020-01-07T07:39:09.462Z - error: uncaughtException: Cannot find module '../lib/ruleData/Department'
Require stack:
- E:\WebstormProjects\app-backend-test1\server\controller\MemberController.js
- E:\WebstormProjects\app-backend-test1\server\routes\member.js
- E:\WebstormProjects\app-backend-test1\server\config\route-config.js
- E:\WebstormProjects\app-backend-test1\server\app.js
- E:\WebstormProjects\app-backend-test1\server.js date=Tue Jan 07 2020 15:39:09 GMT+0800 (GMT+08:00), pid=11984, uid=null, gid=null, cwd=E:\WebstormProjects\app-backend-test1, execPath=C:\Program Files\nodejs\node.exe, version=v12.13.1, argv=[C:\Program Files\nodejs\node.exe, E:\WebstormProjects\app-backend-test1\server.js], rss=71077888, heapTotal=58675200, heapUsed=37525040, external=2086030, loadavg=[0, 0, 0], uptime=280158, trace=[column=15, file=internal/modules/cjs/loader.js, function=Module._resolveFilename, line=797, method=_resolveFilename, native=false, column=27, file=internal/modules/cjs/loader.js, function=Module._load, line=690, method=_load, native=false, column=19, file=internal/modules/cjs/loader.js, function=Module.require, line=852, method=require, native=false, column=18, file=internal/modules/cjs/helpers.js, function=require, line=74, method=null, native=false, column=18, file=E:\WebstormProjects\app-backend-test1\server\controller\MemberController.js, function=null, line=4, method=null, native=false, column=30, file=internal/modules/cjs/loader.js, function=Module._compile, line=959, method=_compile, native=false, column=10, file=internal/modules/cjs/loader.js, function=Module._extensions..js, line=995, method=.js, native=false, column=32, file=internal/modules/cjs/loader.js, function=Module.load, line=815, method=load, native=false, column=14, file=internal/modules/cjs/loader.js, function=Module._load, line=727, method=_load, native=false, column=19, file=internal/modules/cjs/loader.js, function=Module.require, line=852, method=require, native=false], stack=[Error: Cannot find module '../lib/ruleData/Department', Require stack:, - E:\WebstormProjects\app-backend-test1\server\controller\MemberController.js, - E:\WebstormProjects\app-backend-test1\server\routes\member.js, - E:\WebstormProjects\app-backend-test1\server\config\route-config.js, - E:\WebstormProjects\app-backend-test1\server\app.js, - E:\WebstormProjects\app-backend-test1\server.js,     at Function.Module._resolveFilename (internal/modules/cjs/loader.js:797:15),     at Function.Module._load (internal/modules/cjs/loader.js:690:27),     at Module.require (internal/modules/cjs/loader.js:852:19),     at require (internal/modules/cjs/helpers.js:74:18),     at Object.<anonymous> (E:\WebstormProjects\app-backend-test1\server\controller\MemberController.js:4:18),     at Module._compile (internal/modules/cjs/loader.js:959:30),     at Object.Module._extensions..js (internal/modules/cjs/loader.js:995:10),     at Module.load (internal/modules/cjs/loader.js:815:32),     at Function.Module._load (internal/modules/cjs/loader.js:727:14),     at Module.require (internal/modules/cjs/loader.js:852:19)]
2020-01-07T07:39:45.930Z - error: uncaughtException: Cannot find module '../lib/ruleData/Department'
Require stack:
- E:\WebstormProjects\app-backend-test1\server\controller\MemberController.js
- E:\WebstormProjects\app-backend-test1\server\routes\member.js
- E:\WebstormProjects\app-backend-test1\server\config\route-config.js
- E:\WebstormProjects\app-backend-test1\server\app.js
- E:\WebstormProjects\app-backend-test1\server.js date=Tue Jan 07 2020 15:39:45 GMT+0800 (GMT+08:00), pid=5688, uid=null, gid=null, cwd=E:\WebstormProjects\app-backend-test1, execPath=C:\Program Files\nodejs\node.exe, version=v12.13.1, argv=[C:\Program Files\nodejs\node.exe, E:\WebstormProjects\app-backend-test1\server.js], rss=75911168, heapTotal=59461632, heapUsed=35168392, external=1447670, loadavg=[0, 0, 0], uptime=280195, trace=[column=15, file=internal/modules/cjs/loader.js, function=Module._resolveFilename, line=797, method=_resolveFilename, native=false, column=27, file=internal/modules/cjs/loader.js, function=Module._load, line=690, method=_load, native=false, column=19, file=internal/modules/cjs/loader.js, function=Module.require, line=852, method=require, native=false, column=18, file=internal/modules/cjs/helpers.js, function=require, line=74, method=null, native=false, column=18, file=E:\WebstormProjects\app-backend-test1\server\controller\MemberController.js, function=null, line=4, method=null, native=false, column=30, file=internal/modules/cjs/loader.js, function=Module._compile, line=959, method=_compile, native=false, column=10, file=internal/modules/cjs/loader.js, function=Module._extensions..js, line=995, method=.js, native=false, column=32, file=internal/modules/cjs/loader.js, function=Module.load, line=815, method=load, native=false, column=14, file=internal/modules/cjs/loader.js, function=Module._load, line=727, method=_load, native=false, column=19, file=internal/modules/cjs/loader.js, function=Module.require, line=852, method=require, native=false], stack=[Error: Cannot find module '../lib/ruleData/Department', Require stack:, - E:\WebstormProjects\app-backend-test1\server\controller\MemberController.js, - E:\WebstormProjects\app-backend-test1\server\routes\member.js, - E:\WebstormProjects\app-backend-test1\server\config\route-config.js, - E:\WebstormProjects\app-backend-test1\server\app.js, - E:\WebstormProjects\app-backend-test1\server.js,     at Function.Module._resolveFilename (internal/modules/cjs/loader.js:797:15),     at Function.Module._load (internal/modules/cjs/loader.js:690:27),     at Module.require (internal/modules/cjs/loader.js:852:19),     at require (internal/modules/cjs/helpers.js:74:18),     at Object.<anonymous> (E:\WebstormProjects\app-backend-test1\server\controller\MemberController.js:4:18),     at Module._compile (internal/modules/cjs/loader.js:959:30),     at Object.Module._extensions..js (internal/modules/cjs/loader.js:995:10),     at Module.load (internal/modules/cjs/loader.js:815:32),     at Function.Module._load (internal/modules/cjs/loader.js:727:14),     at Module.require (internal/modules/cjs/loader.js:852:19)]
2020-01-07T07:40:46.577Z - error: uncaughtException: Cannot find module '../lib/ruleData/Department'
Require stack:
- E:\WebstormProjects\app-backend-test1\server\controller\MemberController.js
- E:\WebstormProjects\app-backend-test1\server\routes\member.js
- E:\WebstormProjects\app-backend-test1\server\config\route-config.js
- E:\WebstormProjects\app-backend-test1\server\app.js
- E:\WebstormProjects\app-backend-test1\server.js date=Tue Jan 07 2020 15:40:46 GMT+0800 (GMT+08:00), pid=12076, uid=null, gid=null, cwd=E:\WebstormProjects\app-backend-test1, execPath=C:\Program Files\nodejs\node.exe, version=v12.13.1, argv=[C:\Program Files\nodejs\node.exe, E:\WebstormProjects\app-backend-test1\server.js], rss=76087296, heapTotal=59723776, heapUsed=35106512, external=1447671, loadavg=[0, 0, 0], uptime=280256, trace=[column=15, file=internal/modules/cjs/loader.js, function=Module._resolveFilename, line=797, method=_resolveFilename, native=false, column=27, file=internal/modules/cjs/loader.js, function=Module._load, line=690, method=_load, native=false, column=19, file=internal/modules/cjs/loader.js, function=Module.require, line=852, method=require, native=false, column=18, file=internal/modules/cjs/helpers.js, function=require, line=74, method=null, native=false, column=18, file=E:\WebstormProjects\app-backend-test1\server\controller\MemberController.js, function=null, line=4, method=null, native=false, column=30, file=internal/modules/cjs/loader.js, function=Module._compile, line=959, method=_compile, native=false, column=10, file=internal/modules/cjs/loader.js, function=Module._extensions..js, line=995, method=.js, native=false, column=32, file=internal/modules/cjs/loader.js, function=Module.load, line=815, method=load, native=false, column=14, file=internal/modules/cjs/loader.js, function=Module._load, line=727, method=_load, native=false, column=19, file=internal/modules/cjs/loader.js, function=Module.require, line=852, method=require, native=false], stack=[Error: Cannot find module '../lib/ruleData/Department', Require stack:, - E:\WebstormProjects\app-backend-test1\server\controller\MemberController.js, - E:\WebstormProjects\app-backend-test1\server\routes\member.js, - E:\WebstormProjects\app-backend-test1\server\config\route-config.js, - E:\WebstormProjects\app-backend-test1\server\app.js, - E:\WebstormProjects\app-backend-test1\server.js,     at Function.Module._resolveFilename (internal/modules/cjs/loader.js:797:15),     at Function.Module._load (internal/modules/cjs/loader.js:690:27),     at Module.require (internal/modules/cjs/loader.js:852:19),     at require (internal/modules/cjs/helpers.js:74:18),     at Object.<anonymous> (E:\WebstormProjects\app-backend-test1\server\controller\MemberController.js:4:18),     at Module._compile (internal/modules/cjs/loader.js:959:30),     at Object.Module._extensions..js (internal/modules/cjs/loader.js:995:10),     at Module.load (internal/modules/cjs/loader.js:815:32),     at Function.Module._load (internal/modules/cjs/loader.js:727:14),     at Module.require (internal/modules/cjs/loader.js:852:19)]
2020-01-07T07:41:00.329Z - error: uncaughtException: Cannot find module '../lib/ruleData/Department'
Require stack:
- E:\WebstormProjects\app-backend-test1\server\controller\MemberController.js
- E:\WebstormProjects\app-backend-test1\server\routes\member.js
- E:\WebstormProjects\app-backend-test1\server\config\route-config.js
- E:\WebstormProjects\app-backend-test1\server\app.js
- E:\WebstormProjects\app-backend-test1\server.js date=Tue Jan 07 2020 15:41:00 GMT+0800 (GMT+08:00), pid=13152, uid=null, gid=null, cwd=E:\WebstormProjects\app-backend-test1, execPath=C:\Program Files\nodejs\node.exe, version=v12.13.1, argv=[C:\Program Files\nodejs\node.exe, E:\WebstormProjects\app-backend-test1\server.js], rss=76513280, heapTotal=59461632, heapUsed=35156928, external=1447672, loadavg=[0, 0, 0], uptime=280269, trace=[column=15, file=internal/modules/cjs/loader.js, function=Module._resolveFilename, line=797, method=_resolveFilename, native=false, column=27, file=internal/modules/cjs/loader.js, function=Module._load, line=690, method=_load, native=false, column=19, file=internal/modules/cjs/loader.js, function=Module.require, line=852, method=require, native=false, column=18, file=internal/modules/cjs/helpers.js, function=require, line=74, method=null, native=false, column=18, file=E:\WebstormProjects\app-backend-test1\server\controller\MemberController.js, function=null, line=4, method=null, native=false, column=30, file=internal/modules/cjs/loader.js, function=Module._compile, line=959, method=_compile, native=false, column=10, file=internal/modules/cjs/loader.js, function=Module._extensions..js, line=995, method=.js, native=false, column=32, file=internal/modules/cjs/loader.js, function=Module.load, line=815, method=load, native=false, column=14, file=internal/modules/cjs/loader.js, function=Module._load, line=727, method=_load, native=false, column=19, file=internal/modules/cjs/loader.js, function=Module.require, line=852, method=require, native=false], stack=[Error: Cannot find module '../lib/ruleData/Department', Require stack:, - E:\WebstormProjects\app-backend-test1\server\controller\MemberController.js, - E:\WebstormProjects\app-backend-test1\server\routes\member.js, - E:\WebstormProjects\app-backend-test1\server\config\route-config.js, - E:\WebstormProjects\app-backend-test1\server\app.js, - E:\WebstormProjects\app-backend-test1\server.js,     at Function.Module._resolveFilename (internal/modules/cjs/loader.js:797:15),     at Function.Module._load (internal/modules/cjs/loader.js:690:27),     at Module.require (internal/modules/cjs/loader.js:852:19),     at require (internal/modules/cjs/helpers.js:74:18),     at Object.<anonymous> (E:\WebstormProjects\app-backend-test1\server\controller\MemberController.js:4:18),     at Module._compile (internal/modules/cjs/loader.js:959:30),     at Object.Module._extensions..js (internal/modules/cjs/loader.js:995:10),     at Module.load (internal/modules/cjs/loader.js:815:32),     at Function.Module._load (internal/modules/cjs/loader.js:727:14),     at Module.require (internal/modules/cjs/loader.js:852:19)]
2020-01-07T07:41:36.475Z - error: uncaughtException: Cannot find module '../lib/ruleData/Department'
Require stack:
- E:\WebstormProjects\app-backend-test1\server\controller\MemberController.js
- E:\WebstormProjects\app-backend-test1\server\routes\member.js
- E:\WebstormProjects\app-backend-test1\server\config\route-config.js
- E:\WebstormProjects\app-backend-test1\server\app.js
- E:\WebstormProjects\app-backend-test1\server.js date=Tue Jan 07 2020 15:41:36 GMT+0800 (GMT+08:00), pid=11172, uid=null, gid=null, cwd=E:\WebstormProjects\app-backend-test1, execPath=C:\Program Files\nodejs\node.exe, version=v12.13.1, argv=[C:\Program Files\nodejs\node.exe, E:\WebstormProjects\app-backend-test1\server.js], rss=76046336, heapTotal=59199488, heapUsed=35080136, external=1447672, loadavg=[0, 0, 0], uptime=280305, trace=[column=15, file=internal/modules/cjs/loader.js, function=Module._resolveFilename, line=797, method=_resolveFilename, native=false, column=27, file=internal/modules/cjs/loader.js, function=Module._load, line=690, method=_load, native=false, column=19, file=internal/modules/cjs/loader.js, function=Module.require, line=852, method=require, native=false, column=18, file=internal/modules/cjs/helpers.js, function=require, line=74, method=null, native=false, column=18, file=E:\WebstormProjects\app-backend-test1\server\controller\MemberController.js, function=null, line=4, method=null, native=false, column=30, file=internal/modules/cjs/loader.js, function=Module._compile, line=959, method=_compile, native=false, column=10, file=internal/modules/cjs/loader.js, function=Module._extensions..js, line=995, method=.js, native=false, column=32, file=internal/modules/cjs/loader.js, function=Module.load, line=815, method=load, native=false, column=14, file=internal/modules/cjs/loader.js, function=Module._load, line=727, method=_load, native=false, column=19, file=internal/modules/cjs/loader.js, function=Module.require, line=852, method=require, native=false], stack=[Error: Cannot find module '../lib/ruleData/Department', Require stack:, - E:\WebstormProjects\app-backend-test1\server\controller\MemberController.js, - E:\WebstormProjects\app-backend-test1\server\routes\member.js, - E:\WebstormProjects\app-backend-test1\server\config\route-config.js, - E:\WebstormProjects\app-backend-test1\server\app.js, - E:\WebstormProjects\app-backend-test1\server.js,     at Function.Module._resolveFilename (internal/modules/cjs/loader.js:797:15),     at Function.Module._load (internal/modules/cjs/loader.js:690:27),     at Module.require (internal/modules/cjs/loader.js:852:19),     at require (internal/modules/cjs/helpers.js:74:18),     at Object.<anonymous> (E:\WebstormProjects\app-backend-test1\server\controller\MemberController.js:4:18),     at Module._compile (internal/modules/cjs/loader.js:959:30),     at Object.Module._extensions..js (internal/modules/cjs/loader.js:995:10),     at Module.load (internal/modules/cjs/loader.js:815:32),     at Function.Module._load (internal/modules/cjs/loader.js:727:14),     at Module.require (internal/modules/cjs/loader.js:852:19)]
2020-01-07T07:41:47.959Z - error: uncaughtException: Cannot find module '../lib/ruleData/Department'
Require stack:
- E:\WebstormProjects\app-backend-test1\server\controller\MemberController.js
- E:\WebstormProjects\app-backend-test1\server\routes\member.js
- E:\WebstormProjects\app-backend-test1\server\config\route-config.js
- E:\WebstormProjects\app-backend-test1\server\app.js
- E:\WebstormProjects\app-backend-test1\server.js date=Tue Jan 07 2020 15:41:47 GMT+0800 (GMT+08:00), pid=8392, uid=null, gid=null, cwd=E:\WebstormProjects\app-backend-test1, execPath=C:\Program Files\nodejs\node.exe, version=v12.13.1, argv=[C:\Program Files\nodejs\node.exe, E:\WebstormProjects\app-backend-test1\server.js], rss=70901760, heapTotal=58675200, heapUsed=37675496, external=2086032, loadavg=[0, 0, 0], uptime=280317, trace=[column=15, file=internal/modules/cjs/loader.js, function=Module._resolveFilename, line=797, method=_resolveFilename, native=false, column=27, file=internal/modules/cjs/loader.js, function=Module._load, line=690, method=_load, native=false, column=19, file=internal/modules/cjs/loader.js, function=Module.require, line=852, method=require, native=false, column=18, file=internal/modules/cjs/helpers.js, function=require, line=74, method=null, native=false, column=18, file=E:\WebstormProjects\app-backend-test1\server\controller\MemberController.js, function=null, line=4, method=null, native=false, column=30, file=internal/modules/cjs/loader.js, function=Module._compile, line=959, method=_compile, native=false, column=10, file=internal/modules/cjs/loader.js, function=Module._extensions..js, line=995, method=.js, native=false, column=32, file=internal/modules/cjs/loader.js, function=Module.load, line=815, method=load, native=false, column=14, file=internal/modules/cjs/loader.js, function=Module._load, line=727, method=_load, native=false, column=19, file=internal/modules/cjs/loader.js, function=Module.require, line=852, method=require, native=false], stack=[Error: Cannot find module '../lib/ruleData/Department', Require stack:, - E:\WebstormProjects\app-backend-test1\server\controller\MemberController.js, - E:\WebstormProjects\app-backend-test1\server\routes\member.js, - E:\WebstormProjects\app-backend-test1\server\config\route-config.js, - E:\WebstormProjects\app-backend-test1\server\app.js, - E:\WebstormProjects\app-backend-test1\server.js,     at Function.Module._resolveFilename (internal/modules/cjs/loader.js:797:15),     at Function.Module._load (internal/modules/cjs/loader.js:690:27),     at Module.require (internal/modules/cjs/loader.js:852:19),     at require (internal/modules/cjs/helpers.js:74:18),     at Object.<anonymous> (E:\WebstormProjects\app-backend-test1\server\controller\MemberController.js:4:18),     at Module._compile (internal/modules/cjs/loader.js:959:30),     at Object.Module._extensions..js (internal/modules/cjs/loader.js:995:10),     at Module.load (internal/modules/cjs/loader.js:815:32),     at Function.Module._load (internal/modules/cjs/loader.js:727:14),     at Module.require (internal/modules/cjs/loader.js:852:19)]
2020-01-07T07:44:41.823Z - error: uncaughtException: Cannot find module '../lib/ruleData/Department'
Require stack:
- E:\WebstormProjects\app-backend-test1\server\controller\MemberController.js
- E:\WebstormProjects\app-backend-test1\server\routes\member.js
- E:\WebstormProjects\app-backend-test1\server\config\route-config.js
- E:\WebstormProjects\app-backend-test1\server\app.js
- E:\WebstormProjects\app-backend-test1\server.js date=Tue Jan 07 2020 15:44:41 GMT+0800 (GMT+08:00), pid=8804, uid=null, gid=null, cwd=E:\WebstormProjects\app-backend-test1, execPath=C:\Program Files\nodejs\node.exe, version=v12.13.1, argv=[C:\Program Files\nodejs\node.exe, E:\WebstormProjects\app-backend-test1\server.js], rss=76365824, heapTotal=59461632, heapUsed=35121088, external=1447672, loadavg=[0, 0, 0], uptime=280491, trace=[column=15, file=internal/modules/cjs/loader.js, function=Module._resolveFilename, line=797, method=_resolveFilename, native=false, column=27, file=internal/modules/cjs/loader.js, function=Module._load, line=690, method=_load, native=false, column=19, file=internal/modules/cjs/loader.js, function=Module.require, line=852, method=require, native=false, column=18, file=internal/modules/cjs/helpers.js, function=require, line=74, method=null, native=false, column=18, file=E:\WebstormProjects\app-backend-test1\server\controller\MemberController.js, function=null, line=4, method=null, native=false, column=30, file=internal/modules/cjs/loader.js, function=Module._compile, line=959, method=_compile, native=false, column=10, file=internal/modules/cjs/loader.js, function=Module._extensions..js, line=995, method=.js, native=false, column=32, file=internal/modules/cjs/loader.js, function=Module.load, line=815, method=load, native=false, column=14, file=internal/modules/cjs/loader.js, function=Module._load, line=727, method=_load, native=false, column=19, file=internal/modules/cjs/loader.js, function=Module.require, line=852, method=require, native=false], stack=[Error: Cannot find module '../lib/ruleData/Department', Require stack:, - E:\WebstormProjects\app-backend-test1\server\controller\MemberController.js, - E:\WebstormProjects\app-backend-test1\server\routes\member.js, - E:\WebstormProjects\app-backend-test1\server\config\route-config.js, - E:\WebstormProjects\app-backend-test1\server\app.js, - E:\WebstormProjects\app-backend-test1\server.js,     at Function.Module._resolveFilename (internal/modules/cjs/loader.js:797:15),     at Function.Module._load (internal/modules/cjs/loader.js:690:27),     at Module.require (internal/modules/cjs/loader.js:852:19),     at require (internal/modules/cjs/helpers.js:74:18),     at Object.<anonymous> (E:\WebstormProjects\app-backend-test1\server\controller\MemberController.js:4:18),     at Module._compile (internal/modules/cjs/loader.js:959:30),     at Object.Module._extensions..js (internal/modules/cjs/loader.js:995:10),     at Module.load (internal/modules/cjs/loader.js:815:32),     at Function.Module._load (internal/modules/cjs/loader.js:727:14),     at Module.require (internal/modules/cjs/loader.js:852:19)]
2020-01-07T07:46:10.370Z - error: register error: 关系 "department" 的 "created_mid" 字段不存在
    at Connection.parseE (E:\WebstormProjects\app-backend-test1\node_modules\pg\lib\connection.js:604:13)
    at Connection.parseMessage (E:\WebstormProjects\app-backend-test1\node_modules\pg\lib\connection.js:403:19)
    at Socket.<anonymous> (E:\WebstormProjects\app-backend-test1\node_modules\pg\lib\connection.js:123:22)
    at Socket.emit (events.js:210:5)
    at addChunk (_stream_readable.js:309:12)
    at readableAddChunk (_stream_readable.js:290:11)
    at Socket.Readable.push (_stream_readable.js:224:10)
    at TCP.onStreamRead (internal/stream_base_commons.js:182:23) {
  name: 'error',
  length: 191,
  severity: '错误',
  code: '42703',
  detail: undefined,
  hint: undefined,
  position: '27',
  internalPosition: undefined,
  internalQuery: undefined,
  where: undefined,
  schema: undefined,
  table: undefined,
  column: undefined,
  dataType: undefined,
  constraint: undefined,
  file: 'd:\\pginstaller_12.auto\\postgres.windows-x64\\src\\backend\\parser\\parse_target.c',
  line: '1034',
  routine: 'checkInsertTargets'
} filePath=E:\WebstormProjects\app-backend-test1\server\controller\MemberController.js, lineNumber=66
2020-01-07T07:47:27.494Z - error: GetAllThanksgiving error select * from "department" order by "family" asc limit $1 - 字段 "family" 不存在 filePath=E:\WebstormProjects\app-backend-test1\server\controller\MemberController.js, lineNumber=167
2020-01-07T07:48:18.368Z - error: GetAllThanksgiving error select * from "department" order by "family" asc limit $1 - 字段 "family" 不存在 filePath=E:\WebstormProjects\app-backend-test1\server\controller\MemberController.js, lineNumber=167
2020-01-07T07:59:30.280Z - error: GetAllThanksgiving error select * from "department" inner join "member" on "department"."host_mid" = "member"."mid" order by "number" asc limit $1 - 操作符不存在: character varying = uuid filePath=E:\WebstormProjects\app-backend-test1\server\controller\MemberController.js, lineNumber=167
2020-01-07T07:59:31.428Z - error: GetAllThanksgiving error select * from "department" inner join "member" on "department"."host_mid" = "member"."mid" order by "number" asc limit $1 - 操作符不存在: character varying = uuid filePath=E:\WebstormProjects\app-backend-test1\server\controller\MemberController.js, lineNumber=167
2020-01-07T08:00:24.012Z - error: GetAllThanksgiving error select * from "department" inner join "member" on "department"."host_mid" = "member"."mid" limit $1 - 操作符不存在: character varying = uuid filePath=E:\WebstormProjects\app-backend-test1\server\controller\MemberController.js, lineNumber=167
2020-01-07T08:00:59.626Z - error: GetAllThanksgiving error select * from "department" inner join "member" on "department"."host_mid" = "member"."mid" order by "number" asc limit $1 - 操作符不存在: character varying = uuid filePath=E:\WebstormProjects\app-backend-test1\server\controller\MemberController.js, lineNumber=167
2020-01-07T08:01:18.657Z - error: GetAllThanksgiving error select * from "department" inner join "member" on "department"."host_mid" = "member"."mid" order by "number" asc limit $1 - 操作符不存在: character varying = uuid filePath=E:\WebstormProjects\app-backend-test1\server\controller\MemberController.js, lineNumber=167
2020-01-07T08:01:21.274Z - error: GetAllThanksgiving error select * from "department" inner join "member" on "department"."host_mid" = "member"."mid" order by "number" asc limit $1 - 操作符不存在: character varying = uuid filePath=E:\WebstormProjects\app-backend-test1\server\controller\MemberController.js, lineNumber=167
2020-01-07T08:04:21.864Z - error: GetAllThanksgiving error select * from "member" order by "number" asc limit $1 - 字段 "number" 不存在 filePath=E:\WebstormProjects\app-backend-test1\server\controller\MemberController.js, lineNumber=167
2020-01-07T08:04:22.979Z - error: GetAllThanksgiving error select * from "member" order by "number" asc limit $1 - 字段 "number" 不存在 filePath=E:\WebstormProjects\app-backend-test1\server\controller\MemberController.js, lineNumber=167
2020-01-07T08:06:47.708Z - error: GetAllThanksgiving error select * from "department" order by "family" asc limit $1 - 字段 "family" 不存在 filePath=E:\WebstormProjects\app-backend-test1\server\controller\DepartmentController.js, lineNumber=65
2020-01-07T08:13:04.185Z - error: register Error: Undefined binding(s) detected when compiling SELECT query: select * from "department" where "phone" = ?
    at QueryCompiler_PG.toSQL (E:\WebstormProjects\app-backend-test1\node_modules\knex\lib\query\compiler.js:85:13)
    at Builder.toSQL (E:\WebstormProjects\app-backend-test1\node_modules\knex\lib\query\builder.js:72:44)
    at E:\WebstormProjects\app-backend-test1\node_modules\knex\lib\runner.js:37:34
    at tryCatcher (E:\WebstormProjects\app-backend-test1\node_modules\bluebird\js\release\util.js:16:23)
    at E:\WebstormProjects\app-backend-test1\node_modules\bluebird\js\release\using.js:185:26
    at tryCatcher (E:\WebstormProjects\app-backend-test1\node_modules\bluebird\js\release\util.js:16:23)
    at Promise._settlePromiseFromHandler (E:\WebstormProjects\app-backend-test1\node_modules\bluebird\js\release\promise.js:547:31)
    at Promise._settlePromise (E:\WebstormProjects\app-backend-test1\node_modules\bluebird\js\release\promise.js:604:18)
    at Promise._settlePromise0 (E:\WebstormProjects\app-backend-test1\node_modules\bluebird\js\release\promise.js:649:10)
    at Promise._settlePromises (E:\WebstormProjects\app-backend-test1\node_modules\bluebird\js\release\promise.js:729:18)
    at Promise._fulfill (E:\WebstormProjects\app-backend-test1\node_modules\bluebird\js\release\promise.js:673:18)
    at PromiseArray._resolve (E:\WebstormProjects\app-backend-test1\node_modules\bluebird\js\release\promise_array.js:127:19)
    at PromiseArray._promiseFulfilled (E:\WebstormProjects\app-backend-test1\node_modules\bluebird\js\release\promise_array.js:145:14)
    at Promise._settlePromise (E:\WebstormProjects\app-backend-test1\node_modules\bluebird\js\release\promise.js:609:26)
    at Promise._settlePromise0 (E:\WebstormProjects\app-backend-test1\node_modules\bluebird\js\release\promise.js:649:10)
    at Promise._settlePromises (E:\WebstormProjects\app-backend-test1\node_modules\bluebird\js\release\promise.js:729:18) filePath=E:\WebstormProjects\app-backend-test1\server\controller\DepartmentController.js, lineNumber=25
2020-01-07T08:14:57.800Z - error: register Error: Undefined binding(s) detected when compiling SELECT query: select * from "department" where "phone" = ?
    at QueryCompiler_PG.toSQL (E:\WebstormProjects\app-backend-test1\node_modules\knex\lib\query\compiler.js:85:13)
    at Builder.toSQL (E:\WebstormProjects\app-backend-test1\node_modules\knex\lib\query\builder.js:72:44)
    at E:\WebstormProjects\app-backend-test1\node_modules\knex\lib\runner.js:37:34
    at tryCatcher (E:\WebstormProjects\app-backend-test1\node_modules\bluebird\js\release\util.js:16:23)
    at E:\WebstormProjects\app-backend-test1\node_modules\bluebird\js\release\using.js:185:26
    at tryCatcher (E:\WebstormProjects\app-backend-test1\node_modules\bluebird\js\release\util.js:16:23)
    at Promise._settlePromiseFromHandler (E:\WebstormProjects\app-backend-test1\node_modules\bluebird\js\release\promise.js:547:31)
    at Promise._settlePromise (E:\WebstormProjects\app-backend-test1\node_modules\bluebird\js\release\promise.js:604:18)
    at Promise._settlePromise0 (E:\WebstormProjects\app-backend-test1\node_modules\bluebird\js\release\promise.js:649:10)
    at Promise._settlePromises (E:\WebstormProjects\app-backend-test1\node_modules\bluebird\js\release\promise.js:729:18)
    at Promise._fulfill (E:\WebstormProjects\app-backend-test1\node_modules\bluebird\js\release\promise.js:673:18)
    at PromiseArray._resolve (E:\WebstormProjects\app-backend-test1\node_modules\bluebird\js\release\promise_array.js:127:19)
    at PromiseArray._promiseFulfilled (E:\WebstormProjects\app-backend-test1\node_modules\bluebird\js\release\promise_array.js:145:14)
    at Promise._settlePromise (E:\WebstormProjects\app-backend-test1\node_modules\bluebird\js\release\promise.js:609:26)
    at Promise._settlePromise0 (E:\WebstormProjects\app-backend-test1\node_modules\bluebird\js\release\promise.js:649:10)
    at Promise._settlePromises (E:\WebstormProjects\app-backend-test1\node_modules\bluebird\js\release\promise.js:729:18) filePath=E:\WebstormProjects\app-backend-test1\server\controller\DepartmentController.js, lineNumber=25
2020-01-07T08:16:45.346Z - error: register error: 关系 "department" 的 "_index" 字段不存在
    at Connection.parseE (E:\WebstormProjects\app-backend-test1\node_modules\pg\lib\connection.js:604:13)
    at Connection.parseMessage (E:\WebstormProjects\app-backend-test1\node_modules\pg\lib\connection.js:403:19)
    at Socket.<anonymous> (E:\WebstormProjects\app-backend-test1\node_modules\pg\lib\connection.js:123:22)
    at Socket.emit (events.js:210:5)
    at addChunk (_stream_readable.js:309:12)
    at readableAddChunk (_stream_readable.js:290:11)
    at Socket.Readable.push (_stream_readable.js:224:10)
    at TCP.onStreamRead (internal/stream_base_commons.js:182:23) {
  name: 'error',
  length: 186,
  severity: '错误',
  code: '42703',
  detail: undefined,
  hint: undefined,
  position: '27',
  internalPosition: undefined,
  internalQuery: undefined,
  where: undefined,
  schema: undefined,
  table: undefined,
  column: undefined,
  dataType: undefined,
  constraint: undefined,
  file: 'd:\\pginstaller_12.auto\\postgres.windows-x64\\src\\backend\\parser\\parse_target.c',
  line: '1034',
  routine: 'checkInsertTargets'
} filePath=E:\WebstormProjects\app-backend-test1\server\controller\DepartmentController.js, lineNumber=25
2020-01-07T08:28:40.297Z - error: register error: 关系 "department" 的 "create_did" 字段不存在
    at Connection.parseE (E:\WebstormProjects\app-backend-test1\node_modules\pg\lib\connection.js:604:13)
    at Connection.parseMessage (E:\WebstormProjects\app-backend-test1\node_modules\pg\lib\connection.js:403:19)
    at Socket.<anonymous> (E:\WebstormProjects\app-backend-test1\node_modules\pg\lib\connection.js:123:22)
    at Socket.emit (events.js:210:5)
    at addChunk (_stream_readable.js:309:12)
    at readableAddChunk (_stream_readable.js:290:11)
    at Socket.Readable.push (_stream_readable.js:224:10)
    at TCP.onStreamRead (internal/stream_base_commons.js:182:23) {
  name: 'error',
  length: 190,
  severity: '错误',
  code: '42703',
  detail: undefined,
  hint: undefined,
  position: '27',
  internalPosition: undefined,
  internalQuery: undefined,
  where: undefined,
  schema: undefined,
  table: undefined,
  column: undefined,
  dataType: undefined,
  constraint: undefined,
  file: 'd:\\pginstaller_12.auto\\postgres.windows-x64\\src\\backend\\parser\\parse_target.c',
  line: '1034',
  routine: 'checkInsertTargets'
} filePath=E:\WebstormProjects\app-backend-test1\server\controller\DepartmentController.js, lineNumber=26
2020-01-07T08:32:51.985Z - error: uncaughtException: Unexpected token '}' date=Tue Jan 07 2020 16:32:51 GMT+0800 (GMT+08:00), pid=12872, uid=null, gid=null, cwd=E:\WebstormProjects\app-backend-test1, execPath=C:\Program Files\nodejs\node.exe, version=v12.13.1, argv=[C:\Program Files\nodejs\node.exe, E:\WebstormProjects\app-backend-test1\server.js], rss=96845824, heapTotal=72069120, heapUsed=51847328, external=2302235, loadavg=[0, 0, 0], uptime=283381, trace=[column=18, file=internal/modules/cjs/loader.js, function=Module._compile, line=895, method=_compile, native=false, column=10, file=internal/modules/cjs/loader.js, function=Module._extensions..js, line=995, method=.js, native=false, column=32, file=internal/modules/cjs/loader.js, function=Module.load, line=815, method=load, native=false, column=14, file=internal/modules/cjs/loader.js, function=Module._load, line=727, method=_load, native=false, column=19, file=internal/modules/cjs/loader.js, function=Module.require, line=852, method=require, native=false, column=18, file=internal/modules/cjs/helpers.js, function=require, line=74, method=null, native=false, column=36, file=E:\WebstormProjects\app-backend-test1\server\routes\department.js, function=null, line=4, method=null, native=false, column=30, file=internal/modules/cjs/loader.js, function=Module._compile, line=959, method=_compile, native=false, column=10, file=internal/modules/cjs/loader.js, function=Module._extensions..js, line=995, method=.js, native=false, column=32, file=internal/modules/cjs/loader.js, function=Module.load, line=815, method=load, native=false, column=14, file=internal/modules/cjs/loader.js, function=Module._load, line=727, method=_load, native=false, column=19, file=internal/modules/cjs/loader.js, function=Module.require, line=852, method=require, native=false, column=18, file=internal/modules/cjs/helpers.js, function=require, line=74, method=null, native=false, column=32, file=E:\WebstormProjects\app-backend-test1\server\config\route-config.js, function=Object.routeConfig.init, line=7, method=init, native=false, column=17, file=E:\WebstormProjects\app-backend-test1\server\app.js, function=null, line=40, method=null, native=false, column=3, file=E:\WebstormProjects\app-backend-test1\server\app.js, function=null, line=45, method=null, native=false], stack=[E:\WebstormProjects\app-backend-test1\server\controller\DepartmentController.js:58,             const create_info = await findMember({mid: item.}),                                                             ^, , SyntaxError: Unexpected token '}',     at Module._compile (internal/modules/cjs/loader.js:895:18),     at Object.Module._extensions..js (internal/modules/cjs/loader.js:995:10),     at Module.load (internal/modules/cjs/loader.js:815:32),     at Function.Module._load (internal/modules/cjs/loader.js:727:14),     at Module.require (internal/modules/cjs/loader.js:852:19),     at require (internal/modules/cjs/helpers.js:74:18),     at Object.<anonymous> (E:\WebstormProjects\app-backend-test1\server\routes\department.js:4:36),     at Module._compile (internal/modules/cjs/loader.js:959:30),     at Object.Module._extensions..js (internal/modules/cjs/loader.js:995:10),     at Module.load (internal/modules/cjs/loader.js:815:32),     at Function.Module._load (internal/modules/cjs/loader.js:727:14),     at Module.require (internal/modules/cjs/loader.js:852:19),     at require (internal/modules/cjs/helpers.js:74:18),     at Object.routeConfig.init (E:\WebstormProjects\app-backend-test1\server\config\route-config.js:7:32),     at E:\WebstormProjects\app-backend-test1\server\app.js:40:17,     at Object.<anonymous> (E:\WebstormProjects\app-backend-test1\server\app.js:45:3)]
